Copyright 1986-2021 Xilinx, Inc. All Rights Reserved.
------------------------------------------------------------------------------------------
| Tool Version : Vivado v.2021.2 (lin64) Build 3367213 Tue Oct 19 02:47:39 MDT 2021
| Date         : Fri Sep 15 14:15:43 2023
| Host         : picu running 64-bit Ubuntu 20.04.1 LTS
| Command      : report_utilization -slr -file slr_util_routed.rpt -pb slr_util_routed.pb
| Design       : pfm_top_wrapper
| Device       : xcu280-fsvh2892-2L-e
| Speed File   : -2L
| Design State : Routed
------------------------------------------------------------------------------------------

Utilization Design Information

Table of Contents
-----------------
1. SLR Connectivity
2. SLR Connectivity Matrix
3. SLR CLB Logic and Dedicated Block Utilization
4. SLR IO Utilization

1. SLR Connectivity
-------------------

+----------------------------------+------+-------+-----------+-------+
|                                  | Used | Fixed | Available | Util% |
+----------------------------------+------+-------+-----------+-------+
| SLR2 <-> SLR1                    | 3956 |       |     23040 | 17.17 |
|   SLR1 -> SLR2                   | 2082 |       |           |  9.04 |
|     Using TX_REG only            |  287 |     1 |           |       |
|     Using RX_REG only            |  304 |    18 |           |       |
|     Using Both TX_REG and RX_REG |  287 |     1 |           |       |
|   SLR2 -> SLR1                   | 1874 |       |           |  8.13 |
|     Using TX_REG only            |  407 |     0 |           |       |
|     Using RX_REG only            |  412 |     4 |           |       |
|     Using Both TX_REG and RX_REG |  407 |     0 |           |       |
| SLR1 <-> SLR0                    | 2531 |       |     23040 | 10.99 |
|   SLR0 -> SLR1                   | 1135 |       |           |  4.93 |
|     Using TX_REG only            |  371 |    71 |           |       |
|     Using RX_REG only            |  361 |    61 |           |       |
|     Using Both TX_REG and RX_REG |  355 |    55 |           |       |
|   SLR1 -> SLR0                   | 1396 |       |           |  6.06 |
|     Using TX_REG only            |  441 |    62 |           |       |
|     Using RX_REG only            |  452 |    71 |           |       |
|     Using Both TX_REG and RX_REG |  439 |    60 |           |       |
+----------------------------------+------+-------+-----------+-------+
| Total SLLs Used                  | 6487 |       |           |       |
+----------------------------------+------+-------+-----------+-------+


2. SLR Connectivity Matrix
--------------------------

+-----------+------+------+------+
| FROM \ TO | SLR2 | SLR1 | SLR0 |
+-----------+------+------+------+
| SLR2      |    0 | 1680 |  194 |
| SLR1      | 1940 |    0 | 1202 |
| SLR0      |  142 |  993 |    0 |
+-----------+------+------+------+


3. SLR CLB Logic and Dedicated Block Utilization
------------------------------------------------

+----------------------------+--------+-------+-------+--------+--------+--------+
|          Site Type         |  SLR0  |  SLR1 |  SLR2 | SLR0 % | SLR1 % | SLR2 % |
+----------------------------+--------+-------+-------+--------+--------+--------+
| CLB                        |  16360 |  6826 |  8063 |  29.77 |  12.64 |  14.93 |
|   CLBL                     |   8430 |  3446 |  4128 |  28.79 |  11.77 |  14.10 |
|   CLBM                     |   7930 |  3380 |  3935 |  30.88 |  13.67 |  15.92 |
| CLB LUTs                   |  74604 | 47529 | 35422 |  16.97 |  11.00 |   8.20 |
|   LUT as Logic             |  64249 | 43591 | 32350 |  14.61 |  10.09 |   7.49 |
|     using O5 output only   |    856 |   284 |  1008 |   0.19 |   0.07 |   0.23 |
|     using O6 output only   |  43240 | 34194 | 19534 |   9.83 |   7.92 |   4.52 |
|     using O5 and O6        |  20153 |  9113 | 11808 |   4.58 |   2.11 |   2.73 |
|   LUT as Memory            |  10355 |  3938 |  3072 |   5.04 |   1.99 |   1.55 |
|     LUT as Distributed RAM |   6664 |  3837 |  1660 |   3.24 |   1.94 |   0.84 |
|       using O5 output only |      0 |     0 |     0 |   0.00 |   0.00 |   0.00 |
|       using O6 output only |   4832 |   215 |    84 |   2.35 |   0.11 |   0.04 |
|       using O5 and O6      |   1832 |  3622 |  1576 |   0.89 |   1.83 |   0.80 |
|     LUT as Shift Register  |   3691 |   101 |  1412 |   1.80 |   0.05 |   0.71 |
|       using O5 output only |      0 |     0 |     0 |   0.00 |   0.00 |   0.00 |
|       using O6 output only |   2359 |   101 |  1282 |   1.15 |   0.05 |   0.65 |
|       using O5 and O6      |   1332 |     0 |   130 |   0.65 |   0.00 |   0.07 |
| CLB Registers              | 106852 | 46205 | 60817 |  12.15 |   5.35 |   7.04 |
| CARRY8                     |   1186 |   473 |   313 |   2.16 |   0.88 |   0.58 |
| F7 Muxes                   |   2539 |   651 |  1054 |   1.15 |   0.30 |   0.49 |
| F8 Muxes                   |    330 |   141 |    47 |   0.30 |   0.13 |   0.04 |
| F9 Muxes                   |      0 |     0 |     0 |   0.00 |   0.00 |   0.00 |
| Block RAM Tile             |     52 |  80.5 |    94 |   7.74 |  11.98 |  13.99 |
|   RAMB36/FIFO              |     41 |    80 |    92 |   6.10 |  11.90 |  13.69 |
|     RAMB36E2 only          |     41 |    80 |    92 |   6.10 |  11.90 |  13.69 |
|   RAMB18                   |     22 |     1 |     4 |   1.64 |   0.07 |   0.30 |
|     RAMB18E2 only          |     22 |     1 |     4 |   1.64 |   0.07 |   0.30 |
| URAM                       |      0 |     0 |     0 |   0.00 |   0.00 |   0.00 |
| DSPs                       |    121 |     0 |     4 |   4.20 |   0.00 |   0.13 |
| Unique Control Sets        |   3123 |  1497 |  2726 |   2.84 |   1.39 |   2.52 |
+----------------------------+--------+-------+-------+--------+--------+--------+
* Note: Available Control Sets based on CLB Registers / 8


4. SLR IO Utilization
---------------------

+-----------+-----------+---------+------------+----------+------------+----------+-----+
| SLR Index | Used IOBs | (%)IOBs | Used IPADs | (%)IPADs | Used OPADs | (%)OPADs | GTs |
+-----------+-----------+---------+------------+----------+------------+----------+-----+
| SLR2      |        18 |    8.65 |          0 |     0.00 |          0 |     0.00 |   0 |
| SLR1      |         0 |    0.00 |          0 |     0.00 |          0 |     0.00 |   0 |
| SLR0      |         1 |    0.48 |          0 |     0.00 |          0 |     0.00 |  16 |
+-----------+-----------+---------+------------+----------+------------+----------+-----+
| Total     |        19 |         |          0 |          |          0 |          |  16 |
+-----------+-----------+---------+------------+----------+------------+----------+-----+


