Copyright 1986-2021 Xilinx, Inc. All Rights Reserved.
---------------------------------------------------------------------------------------------------------------------------------------------------------------------------------
| Tool Version : Vivado v.2021.2 (lin64) Build 3367213 Tue Oct 19 02:47:39 MDT 2021
| Date         : Fri Sep 15 11:42:40 2023
| Host         : picu running 64-bit Ubuntu 20.04.1 LTS
| Command      : report_accelerator_utilization -kernels { k_sign:pfm_top_i/dynamic_region/k_sign_1/inst:k_sign_1} -file kernel_util_synthed.rpt -name kernel_util_synthed -json
| Design       : pfm_top_wrapper
| Device       : xcu280
| Design State : Synthesized
---------------------------------------------------------------------------------------------------------------------------------------------------------------------------------

Accelerator Utilization Design Information

Table of Contents
-----------------
1. System Utilization

1. System Utilization
---------------------

+---------------------+-------------------+------------------+-------------------+----------------+---------------+----------------+
| Name                | LUT               | LUTAsMem         | REG               | BRAM           | URAM          | DSP            |
+---------------------+-------------------+------------------+-------------------+----------------+---------------+----------------+
| Platform            |  123952 [  9.51%] |  14009 [  2.33%] |  167694 [  6.43%] |  202 [ 10.02%] |   0 [  0.00%] |    4 [  0.04%] |
| User Budget         | 1178768 [100.00%] | 586471 [100.00%] | 2439666 [100.00%] | 1814 [100.00%] | 960 [100.00%] | 9020 [100.00%] |
|    Used Resources   |  128826 [ 10.93%] |  25977 [  4.43%] |  150657 [  6.18%] |  184 [ 10.14%] |   0 [  0.00%] |  486 [  5.39%] |
|    Unused Resources | 1049942 [ 89.07%] | 560494 [ 95.57%] | 2289009 [ 93.82%] | 1630 [ 89.86%] | 960 [100.00%] | 8534 [ 94.61%] |
| k_sign              |  128826 [ 10.93%] |  25977 [  4.43%] |  150657 [  6.18%] |  184 [ 10.14%] |   0 [  0.00%] |  486 [  5.39%] |
|    k_sign_1         |  128826 [ 10.93%] |  25977 [  4.43%] |  150657 [  6.18%] |  184 [ 10.14%] |   0 [  0.00%] |  486 [  5.39%] |
+---------------------+-------------------+------------------+-------------------+----------------+---------------+----------------+


