INFO: [v++ 60-1306] Additional information associated with this v++ link can be found at:
	Reports: /home/xcarril/dilithium-update/ML-KEM/encapsulation/xout/hw.2/.temps/reports/link
	Log files: /home/xcarril/dilithium-update/ML-KEM/encapsulation/xout/hw.2/.temps/logs/link
INFO: [v++ 60-1548] Creating build summary session with primary output /home/xcarril/dilithium-update/ML-KEM/encapsulation/xout/hw.2/xclbin/k_kem_enc.hw.2.xclbin.link_summary, at Mon Sep  4 19:56:06 2023
INFO: [v++ 60-1316] Initiating connection to rulecheck server, at Mon Sep  4 19:56:06 2023
INFO: [v++ 60-1315] Creating rulecheck session with output '/home/xcarril/dilithium-update/ML-KEM/encapsulation/xout/hw.2/.temps/reports/link/v++_link_k_kem_enc.hw.2_guidance.html', at Mon Sep  4 19:56:07 2023
INFO: [v++ 60-895]   Target platform: /opt/xilinx/platforms/xilinx_u280_xdma_201920_3/xilinx_u280_xdma_201920_3.xpfm
INFO: [v++ 60-1578]   This platform contains Xilinx Shell Archive '/opt/xilinx/platforms/xilinx_u280_xdma_201920_3/hw/xilinx_u280_xdma_201920_3.xsa'
INFO: [v++ 74-78] Compiler Version string: 2021.2
INFO: [v++ 60-1302] Platform 'xilinx_u280_xdma_201920_3.xpfm' has been explicitly enabled for this release.
INFO: [v++ 60-629] Linking for hardware target
INFO: [v++ 60-423]   Target device: xilinx_u280_xdma_201920_3
INFO: [v++ 60-1332] Run 'run_link' status: Not started
INFO: [v++ 60-1443] [19:56:14] Run run_link: Step system_link: Started
INFO: [v++ 60-1453] Command Line: system_link --xo /home/xcarril/dilithium-update/ML-KEM/encapsulation/xout/hw.2/xobj/k_kem_enc.hw.2.xo --config /home/xcarril/dilithium-update/ML-KEM/encapsulation/xout/hw.2/.temps/link/int/syslinkConfig.ini --xpfm /opt/xilinx/platforms/xilinx_u280_xdma_201920_3/xilinx_u280_xdma_201920_3.xpfm --target hw --output_dir /home/xcarril/dilithium-update/ML-KEM/encapsulation/xout/hw.2/.temps/link/int --temp_dir /home/xcarril/dilithium-update/ML-KEM/encapsulation/xout/hw.2/.temps/link/sys_link
INFO: [v++ 60-1454] Run Directory: /home/xcarril/dilithium-update/ML-KEM/encapsulation/xout/hw.2/.temps/link/run_link
INFO: [SYSTEM_LINK 60-1316] Initiating connection to rulecheck server, at Mon Sep  4 19:56:16 2023
INFO: [SYSTEM_LINK 82-70] Extracting xo v3 file /home/xcarril/dilithium-update/ML-KEM/encapsulation/xout/hw.2/xobj/k_kem_enc.hw.2.xo
INFO: [SYSTEM_LINK 82-53] Creating IP database /home/xcarril/dilithium-update/ML-KEM/encapsulation/xout/hw.2/.temps/link/sys_link/_sysl/.cdb/xd_ip_db.xml
INFO: [SYSTEM_LINK 82-38] [19:56:18] build_xd_ip_db started: /opt/Xilinx/Vitis/2021.2/bin/build_xd_ip_db -ip_search 0  -sds-pf /home/xcarril/dilithium-update/ML-KEM/encapsulation/xout/hw.2/.temps/link/sys_link/xilinx_u280_xdma_201920_3.hpfm -clkid 0 -ip /home/xcarril/dilithium-update/ML-KEM/encapsulation/xout/hw.2/.temps/link/sys_link/iprepo/xilinx_com_hls_k_kem_enc_0_0,k_kem_enc -o /home/xcarril/dilithium-update/ML-KEM/encapsulation/xout/hw.2/.temps/link/sys_link/_sysl/.cdb/xd_ip_db.xml
INFO: [SYSTEM_LINK 82-37] [19:56:21] build_xd_ip_db finished successfully
Time (s): cpu = 00:00:03 ; elapsed = 00:00:03 . Memory (MB): peak = 2167.438 ; gain = 0.000 ; free physical = 123538 ; free virtual = 249681
INFO: [SYSTEM_LINK 82-51] Create system connectivity graph
INFO: [SYSTEM_LINK 82-102] Applying explicit connections to the system connectivity graph: /home/xcarril/dilithium-update/ML-KEM/encapsulation/xout/hw.2/.temps/link/sys_link/cfgraph/cfgen_cfgraph.xml
INFO: [SYSTEM_LINK 82-38] [19:56:21] cfgen started: /opt/Xilinx/Vitis/2021.2/bin/cfgen  -sp k_kem_enc_1.m_axi_gmemct:HBM[0] -sp k_kem_enc_1.m_axi_gmemss:HBM[1] -sp k_kem_enc_1.m_axi_gmembuf:HBM[2] -sp k_kem_enc_1.m_axi_gmempk:HBM[3] -dmclkid 0 -r /home/xcarril/dilithium-update/ML-KEM/encapsulation/xout/hw.2/.temps/link/sys_link/_sysl/.cdb/xd_ip_db.xml -o /home/xcarril/dilithium-update/ML-KEM/encapsulation/xout/hw.2/.temps/link/sys_link/cfgraph/cfgen_cfgraph.xml
INFO: [CFGEN 83-0] Kernel Specs: 
INFO: [CFGEN 83-0]   kernel: k_kem_enc, num: 1  {k_kem_enc_1}
INFO: [CFGEN 83-0] Port Specs: 
INFO: [CFGEN 83-0]   kernel: k_kem_enc_1, k_port: m_axi_gmemct, sptag: HBM[0]
INFO: [CFGEN 83-0]   kernel: k_kem_enc_1, k_port: m_axi_gmemss, sptag: HBM[1]
INFO: [CFGEN 83-0]   kernel: k_kem_enc_1, k_port: m_axi_gmembuf, sptag: HBM[2]
INFO: [CFGEN 83-0]   kernel: k_kem_enc_1, k_port: m_axi_gmempk, sptag: HBM[3]
INFO: [CFGEN 83-2228] Creating mapping for argument k_kem_enc_1.ct to HBM[0] for directive k_kem_enc_1.m_axi_gmemct:HBM[0]
INFO: [CFGEN 83-2228] Creating mapping for argument k_kem_enc_1.ss to HBM[1] for directive k_kem_enc_1.m_axi_gmemss:HBM[1]
INFO: [CFGEN 83-2228] Creating mapping for argument k_kem_enc_1.buf to HBM[2] for directive k_kem_enc_1.m_axi_gmembuf:HBM[2]
INFO: [CFGEN 83-2228] Creating mapping for argument k_kem_enc_1.pk to HBM[3] for directive k_kem_enc_1.m_axi_gmempk:HBM[3]
INFO: [SYSTEM_LINK 82-37] [19:56:27] cfgen finished successfully
Time (s): cpu = 00:00:05 ; elapsed = 00:00:05 . Memory (MB): peak = 2167.438 ; gain = 0.000 ; free physical = 123537 ; free virtual = 249680
INFO: [SYSTEM_LINK 82-52] Create top-level block diagram
INFO: [SYSTEM_LINK 82-38] [19:56:27] cf2bd started: /opt/Xilinx/Vitis/2021.2/bin/cf2bd  --linux --trace_buffer 1024 --input_file /home/xcarril/dilithium-update/ML-KEM/encapsulation/xout/hw.2/.temps/link/sys_link/cfgraph/cfgen_cfgraph.xml --ip_db /home/xcarril/dilithium-update/ML-KEM/encapsulation/xout/hw.2/.temps/link/sys_link/_sysl/.cdb/xd_ip_db.xml --cf_name dr --working_dir /home/xcarril/dilithium-update/ML-KEM/encapsulation/xout/hw.2/.temps/link/sys_link/_sysl/.xsd --temp_dir /home/xcarril/dilithium-update/ML-KEM/encapsulation/xout/hw.2/.temps/link/sys_link --output_dir /home/xcarril/dilithium-update/ML-KEM/encapsulation/xout/hw.2/.temps/link/int --target_bd pfm_dynamic.bd
INFO: [CF2BD 82-31] Launching cf2xd: cf2xd -linux -trace-buffer 1024 -i /home/xcarril/dilithium-update/ML-KEM/encapsulation/xout/hw.2/.temps/link/sys_link/cfgraph/cfgen_cfgraph.xml -r /home/xcarril/dilithium-update/ML-KEM/encapsulation/xout/hw.2/.temps/link/sys_link/_sysl/.cdb/xd_ip_db.xml -o dr.xml
INFO: [CF2BD 82-28] cf2xd finished successfully
INFO: [CF2BD 82-31] Launching cf_xsd: cf_xsd -disable-address-gen -bd pfm_dynamic.bd -dn dr -dp /home/xcarril/dilithium-update/ML-KEM/encapsulation/xout/hw.2/.temps/link/sys_link/_sysl/.xsd
INFO: [CF2BD 82-28] cf_xsd finished successfully
INFO: [SYSTEM_LINK 82-37] [19:56:29] cf2bd finished successfully
Time (s): cpu = 00:00:02 ; elapsed = 00:00:02 . Memory (MB): peak = 2167.438 ; gain = 0.000 ; free physical = 123530 ; free virtual = 249677
INFO: [v++ 60-1441] [19:56:29] Run run_link: Step system_link: Completed
Time (s): cpu = 00:00:13 ; elapsed = 00:00:14 . Memory (MB): peak = 2063.160 ; gain = 0.000 ; free physical = 123584 ; free virtual = 249726
INFO: [v++ 60-1443] [19:56:29] Run run_link: Step cf2sw: Started
INFO: [v++ 60-1453] Command Line: cf2sw -sdsl /home/xcarril/dilithium-update/ML-KEM/encapsulation/xout/hw.2/.temps/link/int/sdsl.dat -rtd /home/xcarril/dilithium-update/ML-KEM/encapsulation/xout/hw.2/.temps/link/int/cf2sw.rtd -nofilter /home/xcarril/dilithium-update/ML-KEM/encapsulation/xout/hw.2/.temps/link/int/cf2sw_full.rtd -xclbin /home/xcarril/dilithium-update/ML-KEM/encapsulation/xout/hw.2/.temps/link/int/xclbin_orig.xml -o /home/xcarril/dilithium-update/ML-KEM/encapsulation/xout/hw.2/.temps/link/int/xclbin_orig.1.xml
INFO: [v++ 60-1454] Run Directory: /home/xcarril/dilithium-update/ML-KEM/encapsulation/xout/hw.2/.temps/link/run_link
INFO: [v++ 60-1441] [19:56:32] Run run_link: Step cf2sw: Completed
Time (s): cpu = 00:00:03 ; elapsed = 00:00:03 . Memory (MB): peak = 2063.160 ; gain = 0.000 ; free physical = 123585 ; free virtual = 249728
INFO: [v++ 60-1443] [19:56:32] Run run_link: Step rtd2_system_diagram: Started
INFO: [v++ 60-1453] Command Line: rtd2SystemDiagram
INFO: [v++ 60-1454] Run Directory: /home/xcarril/dilithium-update/ML-KEM/encapsulation/xout/hw.2/.temps/link/run_link
INFO: [v++ 60-1441] [19:56:32] Run run_link: Step rtd2_system_diagram: Completed
Time (s): cpu = 00:00:00.01 ; elapsed = 00:00:00.39 . Memory (MB): peak = 2063.160 ; gain = 0.000 ; free physical = 123573 ; free virtual = 249716
INFO: [v++ 60-1443] [19:56:32] Run run_link: Step vpl: Started
INFO: [v++ 60-1453] Command Line: vpl -t hw -f xilinx_u280_xdma_201920_3 --remote_ip_cache /home/xcarril/dilithium-update/ML-KEM/encapsulation/.ipcache --output_dir /home/xcarril/dilithium-update/ML-KEM/encapsulation/xout/hw.2/.temps/link/int --log_dir /home/xcarril/dilithium-update/ML-KEM/encapsulation/xout/hw.2/.temps/logs/link --report_dir /home/xcarril/dilithium-update/ML-KEM/encapsulation/xout/hw.2/.temps/reports/link --config /home/xcarril/dilithium-update/ML-KEM/encapsulation/xout/hw.2/.temps/link/int/vplConfig.ini -k /home/xcarril/dilithium-update/ML-KEM/encapsulation/xout/hw.2/.temps/link/int/kernel_info.dat --webtalk_flag Vitis --temp_dir /home/xcarril/dilithium-update/ML-KEM/encapsulation/xout/hw.2/.temps/link --no-info --iprepo /home/xcarril/dilithium-update/ML-KEM/encapsulation/xout/hw.2/.temps/link/int/xo/ip_repo/xilinx_com_hls_k_kem_enc_0_0 --messageDb /home/xcarril/dilithium-update/ML-KEM/encapsulation/xout/hw.2/.temps/link/run_link/vpl.pb /home/xcarril/dilithium-update/ML-KEM/encapsulation/xout/hw.2/.temps/link/int/dr.bd.tcl
INFO: [v++ 60-1454] Run Directory: /home/xcarril/dilithium-update/ML-KEM/encapsulation/xout/hw.2/.temps/link/run_link

****** vpl v2021.2 (64-bit)
  **** SW Build 3363252 on 2021-10-14-04:41:01
    ** Copyright 1986-2020 Xilinx, Inc. All Rights Reserved.

INFO: [VPL 60-839] Read in kernel information from file '/home/xcarril/dilithium-update/ML-KEM/encapsulation/xout/hw.2/.temps/link/int/kernel_info.dat'.
INFO: [VPL 74-78] Compiler Version string: 2021.2
INFO: [VPL 60-423]   Target device: xilinx_u280_xdma_201920_3
INFO: [VPL 60-1032] Extracting hardware platform to /home/xcarril/dilithium-update/ML-KEM/encapsulation/xout/hw.2/.temps/link/vivado/vpl/.local/hw_platform
[19:57:12] Run vpl: Step create_project: Started
Creating Vivado project.
[19:57:16] Run vpl: Step create_project: Completed
[19:57:16] Run vpl: Step create_bd: Started
[19:58:07] Run vpl: Step create_bd: Completed
[19:58:07] Run vpl: Step update_bd: Started
[19:58:08] Run vpl: Step update_bd: Completed
[19:58:08] Run vpl: Step generate_target: Started
[19:58:40] Run vpl: Step generate_target: Completed
[19:58:40] Run vpl: Step config_hw_runs: Started
[19:58:47] Run vpl: Step config_hw_runs: Completed
[19:58:47] Run vpl: Step synth: Started
[19:59:19] Block-level synthesis in progress, 0 of 60 jobs complete, 8 jobs running.
[19:59:50] Block-level synthesis in progress, 7 of 60 jobs complete, 2 jobs running.
[20:00:20] Block-level synthesis in progress, 9 of 60 jobs complete, 7 jobs running.
[20:00:51] Block-level synthesis in progress, 14 of 60 jobs complete, 7 jobs running.
[20:01:22] Block-level synthesis in progress, 18 of 60 jobs complete, 8 jobs running.
[20:01:53] Block-level synthesis in progress, 23 of 60 jobs complete, 7 jobs running.
[20:02:23] Block-level synthesis in progress, 28 of 60 jobs complete, 5 jobs running.
[20:02:54] Block-level synthesis in progress, 33 of 60 jobs complete, 6 jobs running.
[20:03:25] Block-level synthesis in progress, 39 of 60 jobs complete, 8 jobs running.
[20:03:56] Block-level synthesis in progress, 46 of 60 jobs complete, 5 jobs running.
[20:04:26] Block-level synthesis in progress, 50 of 60 jobs complete, 7 jobs running.
[20:04:57] Block-level synthesis in progress, 55 of 60 jobs complete, 3 jobs running.
[20:05:29] Block-level synthesis in progress, 59 of 60 jobs complete, 1 job running.
[20:05:59] Block-level synthesis in progress, 59 of 60 jobs complete, 1 job running.
[20:06:30] Block-level synthesis in progress, 59 of 60 jobs complete, 1 job running.
[20:07:01] Block-level synthesis in progress, 59 of 60 jobs complete, 1 job running.
[20:07:32] Block-level synthesis in progress, 59 of 60 jobs complete, 1 job running.
[20:08:02] Block-level synthesis in progress, 59 of 60 jobs complete, 1 job running.
[20:08:33] Block-level synthesis in progress, 59 of 60 jobs complete, 1 job running.
[20:09:04] Block-level synthesis in progress, 59 of 60 jobs complete, 1 job running.
[20:09:35] Block-level synthesis in progress, 59 of 60 jobs complete, 1 job running.
[20:10:06] Block-level synthesis in progress, 59 of 60 jobs complete, 1 job running.
[20:10:36] Block-level synthesis in progress, 60 of 60 jobs complete, 0 jobs running.
[20:11:07] Top-level synthesis in progress.
[20:11:32] Run vpl: Step synth: Completed
[20:11:32] Run vpl: Step impl: Started
[20:16:41] Finished 2nd of 6 tasks (FPGA linking synthesized kernels to platform). Elapsed time: 00h 20m 07s 

[20:16:41] Starting logic optimization..
[20:17:42] Phase 1 Retarget
[20:17:42] Phase 2 Constant propagation
[20:17:42] Phase 3 Sweep
[20:18:13] Phase 4 BUFG optimization
[20:18:13] Phase 5 Shift Register Optimization
[20:18:13] Phase 6 Post Processing Netlist
[20:19:46] Finished 3rd of 6 tasks (FPGA logic optimization). Elapsed time: 00h 03m 04s 

[20:19:46] Starting logic placement..
[20:20:16] Phase 1 Placer Initialization
[20:20:16] Phase 1.1 Placer Initialization Netlist Sorting
[20:23:21] Phase 1.2 IO Placement/ Clock Placement/ Build Placer Device
[20:23:52] Phase 1.3 Build Placer Netlist Model
[20:24:54] Phase 1.4 Constrain Clocks/Macros
[20:24:54] Phase 2 Global Placement
[20:24:54] Phase 2.1 Floorplanning
[20:25:24] Phase 2.1.1 Partition Driven Placement
[20:25:24] Phase 2.1.1.1 PBP: Partition Driven Placement
[20:25:24] Phase 2.1.1.2 PBP: Clock Region Placement
[20:25:55] Phase 2.1.1.3 PBP: Compute Congestion
[20:26:26] Phase 2.1.1.4 PBP: UpdateTiming
[20:26:26] Phase 2.1.1.5 PBP: Add part constraints
[20:26:26] Phase 2.2 Physical Synthesis After Floorplan
[20:26:26] Phase 2.3 Update Timing before SLR Path Opt
[20:26:57] Phase 2.4 Post-Processing in Floorplanning
[20:26:57] Phase 2.5 Global Placement Core
[20:32:37] Phase 2.5.1 Physical Synthesis In Placer
[20:34:09] Phase 3 Detail Placement
[20:34:09] Phase 3.1 Commit Multi Column Macros
[20:34:09] Phase 3.2 Commit Most Macros & LUTRAMs
[20:34:40] Phase 3.3 Small Shape DP
[20:34:40] Phase 3.3.1 Small Shape Clustering
[20:35:11] Phase 3.3.2 Flow Legalize Slice Clusters
[20:35:11] Phase 3.3.3 Slice Area Swap
[20:35:42] Phase 3.4 Place Remaining
[20:35:42] Phase 3.5 Re-assign LUT pins
[20:35:42] Phase 3.6 Pipeline Register Optimization
[20:35:42] Phase 3.7 Fast Optimization
[20:36:12] Phase 4 Post Placement Optimization and Clean-Up
[20:36:43] Phase 4.1 Post Commit Optimization
[20:37:14] Phase 4.1.1 Post Placement Optimization
[20:37:14] Phase 4.1.1.1 BUFG Insertion
[20:37:14] Phase 1 Physical Synthesis Initialization
[20:37:45] Phase 4.1.1.2 BUFG Replication
[20:37:45] Phase 4.1.1.3 Post Placement Timing Optimization
[20:40:19] Phase 4.1.1.4 Replication
[20:41:21] Phase 4.2 Post Placement Cleanup
[20:41:21] Phase 4.3 Placer Reporting
[20:41:21] Phase 4.3.1 Print Estimated Congestion
[20:41:21] Phase 4.4 Final Placement Cleanup
[20:43:24] Finished 4th of 6 tasks (FPGA logic placement). Elapsed time: 00h 23m 38s 

[20:43:24] Starting logic routing..
[20:43:55] Phase 1 Build RT Design
[20:44:57] Phase 2 Router Initialization
[20:44:57] Phase 2.1 Fix Topology Constraints
[20:44:57] Phase 2.2 Pre Route Cleanup
[20:45:28] Phase 2.3 Global Clock Net Routing
[20:45:28] Phase 2.4 Update Timing
[20:46:30] Phase 2.5 Update Timing for Bus Skew
[20:46:30] Phase 2.5.1 Update Timing
[20:47:01] Phase 3 Initial Routing
[20:47:01] Phase 3.1 Global Routing
[20:48:02] Phase 4 Rip-up And Reroute
[20:48:02] Phase 4.1 Global Iteration 0
[20:53:42] Phase 4.2 Global Iteration 1
[20:55:14] Phase 4.3 Global Iteration 2
[20:56:16] Phase 5 Delay and Skew Optimization
[20:56:16] Phase 5.1 Delay CleanUp
[20:56:16] Phase 5.1.1 Update Timing
[20:56:47] Phase 5.2 Clock Skew Optimization
[20:57:18] Phase 6 Post Hold Fix
[20:57:18] Phase 6.1 Hold Fix Iter
[20:57:18] Phase 6.1.1 Update Timing
[20:57:49] Phase 6.1.2 Lut RouteThru Assignment for hold
[20:57:49] Phase 6.2 Additional Hold Fix
[20:58:50] Phase 7 Leaf Clock Prog Delay Opt
[20:59:21] Phase 8 Route finalize
[20:59:21] Phase 9 Verifying routed nets
[20:59:21] Phase 10 Depositing Routes
[20:59:52] Phase 11 Resolve XTalk
[20:59:52] Phase 12 Post Router Timing
[21:00:23] Finished 5th of 6 tasks (FPGA routing). Elapsed time: 00h 16m 58s 

[21:00:23] Starting bitstream generation..
[21:06:35] Creating bitmap...
[21:09:41] Writing bitstream ./pfm_top_i_dynamic_region_my_rm_partial.bit...
[21:09:58] Run vpl: Step impl: Completed
[21:09:58] Finished 6th of 6 tasks (FPGA bitstream generation). Elapsed time: 00h 09m 34s 
[21:09:58] Run vpl: FINISHED. Run Status: impl Complete!
INFO: [v++ 60-1441] [21:10:00] Run run_link: Step vpl: Completed
Time (s): cpu = 00:00:47 ; elapsed = 01:13:29 . Memory (MB): peak = 2063.160 ; gain = 0.000 ; free physical = 120220 ; free virtual = 247686
INFO: [v++ 60-1443] [21:10:00] Run run_link: Step rtdgen: Started
INFO: [v++ 60-1453] Command Line: rtdgen
INFO: [v++ 60-1454] Run Directory: /home/xcarril/dilithium-update/ML-KEM/encapsulation/xout/hw.2/.temps/link/run_link
INFO: [v++ 60-991] clock name 'clkwiz_kernel_clk_out1' (clock ID '0') is being mapped to clock name 'DATA_CLK' in the xclbin
INFO: [v++ 60-991] clock name 'clkwiz_kernel2_clk_out1' (clock ID '1') is being mapped to clock name 'KERNEL_CLK' in the xclbin
INFO: [v++ 60-991] clock name 'clk_out1_pfm_top_clkwiz_hbm_aclk_0' (clock ID '') is being mapped to clock name 'clk_out1_pfm_top_clkwiz_hbm_aclk_0' in the xclbin
INFO: [v++ 60-1230] The compiler selected the following frequencies for the runtime controllable kernel clock(s) and scalable system clock(s): System (SYSTEM) clock: clk_out1_pfm_top_clkwiz_hbm_aclk_0 = 450, Kernel (DATA) clock: clkwiz_kernel_clk_out1 = 300, Kernel (KERNEL) clock: clkwiz_kernel2_clk_out1 = 500
INFO: [v++ 60-1453] Command Line: cf2sw -a /home/xcarril/dilithium-update/ML-KEM/encapsulation/xout/hw.2/.temps/link/int/address_map.xml -sdsl /home/xcarril/dilithium-update/ML-KEM/encapsulation/xout/hw.2/.temps/link/int/sdsl.dat -xclbin /home/xcarril/dilithium-update/ML-KEM/encapsulation/xout/hw.2/.temps/link/int/xclbin_orig.xml -rtd /home/xcarril/dilithium-update/ML-KEM/encapsulation/xout/hw.2/.temps/link/int/k_kem_enc.hw.2.rtd -o /home/xcarril/dilithium-update/ML-KEM/encapsulation/xout/hw.2/.temps/link/int/k_kem_enc.hw.2.xml
INFO: [v++ 60-1652] Cf2sw returned exit code: 0
INFO: [v++ 60-1441] [21:10:03] Run run_link: Step rtdgen: Completed
Time (s): cpu = 00:00:02 ; elapsed = 00:00:02 . Memory (MB): peak = 2063.160 ; gain = 0.000 ; free physical = 122313 ; free virtual = 249779
INFO: [v++ 60-1443] [21:10:03] Run run_link: Step xclbinutil: Started
INFO: [v++ 60-1453] Command Line: xclbinutil --add-section DEBUG_IP_LAYOUT:JSON:/home/xcarril/dilithium-update/ML-KEM/encapsulation/xout/hw.2/.temps/link/int/debug_ip_layout.rtd --add-section BITSTREAM:RAW:/home/xcarril/dilithium-update/ML-KEM/encapsulation/xout/hw.2/.temps/link/int/partial.bit --force --target hw --key-value SYS:dfx_enable:true --add-section :JSON:/home/xcarril/dilithium-update/ML-KEM/encapsulation/xout/hw.2/.temps/link/int/k_kem_enc.hw.2.rtd --append-section :JSON:/home/xcarril/dilithium-update/ML-KEM/encapsulation/xout/hw.2/.temps/link/int/appendSection.rtd --add-section CLOCK_FREQ_TOPOLOGY:JSON:/home/xcarril/dilithium-update/ML-KEM/encapsulation/xout/hw.2/.temps/link/int/k_kem_enc.hw.2_xml.rtd --add-section BUILD_METADATA:JSON:/home/xcarril/dilithium-update/ML-KEM/encapsulation/xout/hw.2/.temps/link/int/k_kem_enc.hw.2_build.rtd --add-section EMBEDDED_METADATA:RAW:/home/xcarril/dilithium-update/ML-KEM/encapsulation/xout/hw.2/.temps/link/int/k_kem_enc.hw.2.xml --add-section SYSTEM_METADATA:RAW:/home/xcarril/dilithium-update/ML-KEM/encapsulation/xout/hw.2/.temps/link/int/systemDiagramModelSlrBaseAddress.json --output /home/xcarril/dilithium-update/ML-KEM/encapsulation/xout/hw.2/xclbin/k_kem_enc.hw.2.xclbin
INFO: [v++ 60-1454] Run Directory: /home/xcarril/dilithium-update/ML-KEM/encapsulation/xout/hw.2/.temps/link/run_link
XRT Build Version: 2.8.0 (master)
       Build Date: 2020-10-07 18:28:36
          Hash ID: 1f714c4db4541b793423d51cf78ffa2bb4f3797c
Creating a default 'in-memory' xclbin image.

Section: 'DEBUG_IP_LAYOUT'(9) was successfully added.
Size   : 296 bytes
Format : JSON
File   : '/home/xcarril/dilithium-update/ML-KEM/encapsulation/xout/hw.2/.temps/link/int/debug_ip_layout.rtd'

Section: 'BITSTREAM'(0) was successfully added.
Size   : 45650939 bytes
Format : RAW
File   : '/home/xcarril/dilithium-update/ML-KEM/encapsulation/xout/hw.2/.temps/link/int/partial.bit'

Section: 'MEM_TOPOLOGY'(6) was successfully added.
Format : JSON
File   : 'mem_topology'

Section: 'IP_LAYOUT'(8) was successfully added.
Format : JSON
File   : 'ip_layout'

Section: 'CONNECTIVITY'(7) was successfully added.
Format : JSON
File   : 'connectivity'

Section: 'CLOCK_FREQ_TOPOLOGY'(11) was successfully added.
Size   : 410 bytes
Format : JSON
File   : '/home/xcarril/dilithium-update/ML-KEM/encapsulation/xout/hw.2/.temps/link/int/k_kem_enc.hw.2_xml.rtd'

Section: 'BUILD_METADATA'(14) was successfully added.
Size   : 3544 bytes
Format : JSON
File   : '/home/xcarril/dilithium-update/ML-KEM/encapsulation/xout/hw.2/.temps/link/int/k_kem_enc.hw.2_build.rtd'

Section: 'EMBEDDED_METADATA'(2) was successfully added.
Size   : 129614 bytes
Format : RAW
File   : '/home/xcarril/dilithium-update/ML-KEM/encapsulation/xout/hw.2/.temps/link/int/k_kem_enc.hw.2.xml'

Section: 'SYSTEM_METADATA'(22) was successfully added.
Size   : 16674 bytes
Format : RAW
File   : '/home/xcarril/dilithium-update/ML-KEM/encapsulation/xout/hw.2/.temps/link/int/systemDiagramModelSlrBaseAddress.json'

Section: 'IP_LAYOUT'(8) was successfully appended to.
Format : JSON
File   : 'ip_layout'
Successfully wrote (45827376 bytes) to the output file: /home/xcarril/dilithium-update/ML-KEM/encapsulation/xout/hw.2/xclbin/k_kem_enc.hw.2.xclbin
Leaving xclbinutil.
INFO: [v++ 60-1441] [21:10:03] Run run_link: Step xclbinutil: Completed
Time (s): cpu = 00:00:00.08 ; elapsed = 00:00:00.52 . Memory (MB): peak = 2063.160 ; gain = 0.000 ; free physical = 122269 ; free virtual = 249778
INFO: [v++ 60-1443] [21:10:03] Run run_link: Step xclbinutilinfo: Started
INFO: [v++ 60-1453] Command Line: xclbinutil --quiet --force --info /home/xcarril/dilithium-update/ML-KEM/encapsulation/xout/hw.2/xclbin/k_kem_enc.hw.2.xclbin.info --input /home/xcarril/dilithium-update/ML-KEM/encapsulation/xout/hw.2/xclbin/k_kem_enc.hw.2.xclbin
INFO: [v++ 60-1454] Run Directory: /home/xcarril/dilithium-update/ML-KEM/encapsulation/xout/hw.2/.temps/link/run_link
INFO: [v++ 60-1441] [21:10:04] Run run_link: Step xclbinutilinfo: Completed
Time (s): cpu = 00:00:00.31 ; elapsed = 00:00:00.36 . Memory (MB): peak = 2063.160 ; gain = 0.000 ; free physical = 122271 ; free virtual = 249780
INFO: [v++ 60-1443] [21:10:04] Run run_link: Step generate_sc_driver: Started
INFO: [v++ 60-1453] Command Line: 
INFO: [v++ 60-1454] Run Directory: /home/xcarril/dilithium-update/ML-KEM/encapsulation/xout/hw.2/.temps/link/run_link
INFO: [v++ 60-1441] [21:10:04] Run run_link: Step generate_sc_driver: Completed
Time (s): cpu = 00:00:00 ; elapsed = 00:00:00 . Memory (MB): peak = 2063.160 ; gain = 0.000 ; free physical = 122271 ; free virtual = 249780
INFO: [v++ 60-244] Generating system estimate report...
INFO: [v++ 60-1092] Generated system estimate report: /home/xcarril/dilithium-update/ML-KEM/encapsulation/xout/hw.2/.temps/reports/link/system_estimate_k_kem_enc.hw.2.xtxt
INFO: [v++ 60-586] Created /home/xcarril/dilithium-update/ML-KEM/encapsulation/xout/hw.2/xclbin/k_kem_enc.hw.2.ltx
INFO: [v++ 60-586] Created xout/hw.2/xclbin/k_kem_enc.hw.2.xclbin
INFO: [v++ 60-1307] Run completed. Additional information can be found in:
	Guidance: /home/xcarril/dilithium-update/ML-KEM/encapsulation/xout/hw.2/.temps/reports/link/v++_link_k_kem_enc.hw.2_guidance.html
	Timing Report: /home/xcarril/dilithium-update/ML-KEM/encapsulation/xout/hw.2/.temps/reports/link/imp/impl_1_xilinx_u280_xdma_201920_3_bb_locked_timing_summary_routed.rpt
	Vivado Log: /home/xcarril/dilithium-update/ML-KEM/encapsulation/xout/hw.2/.temps/logs/link/vivado.log
	Steps Log File: /home/xcarril/dilithium-update/ML-KEM/encapsulation/xout/hw.2/.temps/logs/link/link.steps.log

INFO: [v++ 60-2343] Use the vitis_analyzer tool to visualize and navigate the relevant reports. Run the following command. 
    vitis_analyzer /home/xcarril/dilithium-update/ML-KEM/encapsulation/xout/hw.2/xclbin/k_kem_enc.hw.2.xclbin.link_summary 
INFO: [v++ 60-791] Total elapsed time: 1h 14m 10s
