
*** Running vivado
    with args -log pfm_dynamic_psreset_gate_pr_kernel2_1.vds -m64 -product Vivado -mode batch -messageDb vivado.pb -notrace -source pfm_dynamic_psreset_gate_pr_kernel2_1.tcl


****** Vivado v2021.2 (64-bit)
  **** SW Build 3367213 on Tue Oct 19 02:47:39 MDT 2021
  **** IP Build 3369179 on Thu Oct 21 08:25:16 MDT 2021
    ** Copyright 1986-2021 Xilinx, Inc. All Rights Reserved.

source pfm_dynamic_psreset_gate_pr_kernel2_1.tcl -notrace
INFO: Dispatch client connection id - 39923
create_project: Time (s): cpu = 00:00:05 ; elapsed = 00:00:05 . Memory (MB): peak = 2680.102 ; gain = 0.023 ; free physical = 57826 ; free virtual = 190901
INFO: [IP_Flow 19-234] Refreshing IP repositories
INFO: [IP_Flow 19-1700] Loaded user IP repository '/home/xcarril/pqc_codesign/dilithium-update/ML-DSA/verification/xout/hw.5/.temps/link/int/xo/ip_repo/xilinx_com_hls_k_verify_0_0'.
INFO: [IP_Flow 19-1700] Loaded user IP repository '/home/xcarril/pqc_codesign/dilithium-update/ML-DSA/verification/xout/hw.5/.temps/link/vivado/vpl/.local/hw_platform/iprepo'.
INFO: [IP_Flow 19-1700] Loaded user IP repository '/opt/Xilinx/Vitis/2021.2/data/cache/xilinx'.
INFO: [IP_Flow 19-1700] Loaded user IP repository '/home/xcarril/pqc_codesign/dilithium-update/ML-DSA/verification/xout/hw.5/.temps/link/vivado/vpl/.local/hw_platform/ipcache'.
INFO: [IP_Flow 19-1700] Loaded user IP repository '/opt/Xilinx/Vitis/2021.2/data/ip'.
INFO: [IP_Flow 19-2313] Loaded Vivado IP repository '/opt/Xilinx/Vivado/2021.2/data/ip'.
Command: synth_design -top pfm_dynamic_psreset_gate_pr_kernel2_1 -part xcu280-fsvh2892-2L-e -mode out_of_context
Starting synth_design
Attempting to get a license for feature 'Synthesis' and/or device 'xcu280'
INFO: [Common 17-349] Got license for feature 'Synthesis' and/or device 'xcu280'
INFO: [Device 21-403] Loading part xcu280-fsvh2892-2L-e
INFO: [Synth 8-7079] Multithreading enabled for synth_design using a maximum of 1 processes.
INFO: [Synth 8-7078] Launching helper process for spawning children vivado processes
INFO: [Synth 8-7075] Helper process launched with PID 3031067
---------------------------------------------------------------------------------
Starting RTL Elaboration : Time (s): cpu = 00:00:04 ; elapsed = 00:00:08 . Memory (MB): peak = 3445.227 ; gain = 285.766 ; free physical = 58206 ; free virtual = 192036
---------------------------------------------------------------------------------
INFO: [Synth 8-638] synthesizing module 'pfm_dynamic_psreset_gate_pr_kernel2_1' [/home/xcarril/pqc_codesign/dilithium-update/ML-DSA/verification/xout/hw.5/.temps/link/vivado/vpl/prj/prj.gen/my_rm/bd/bd/ip/pfm_dynamic_psreset_gate_pr_kernel2_1/synth/pfm_dynamic_psreset_gate_pr_kernel2_1.vhd:74]
	Parameter C_FAMILY bound to: virtexuplusHBM - type: string 
	Parameter C_EXT_RST_WIDTH bound to: 1 - type: integer 
	Parameter C_AUX_RST_WIDTH bound to: 1 - type: integer 
	Parameter C_EXT_RESET_HIGH bound to: 1'b0 
	Parameter C_AUX_RESET_HIGH bound to: 1'b0 
	Parameter C_NUM_BUS_RST bound to: 1 - type: integer 
	Parameter C_NUM_PERP_RST bound to: 1 - type: integer 
	Parameter C_NUM_INTERCONNECT_ARESETN bound to: 1 - type: integer 
	Parameter C_NUM_PERP_ARESETN bound to: 1 - type: integer 
INFO: [Synth 8-3491] module 'proc_sys_reset' declared at '/home/xcarril/pqc_codesign/dilithium-update/ML-DSA/verification/xout/hw.5/.temps/link/vivado/vpl/prj/prj.gen/my_rm/bd/bd/ipshared/8842/hdl/proc_sys_reset_v5_0_vh_rfs.vhd:1264' bound to instance 'U0' of component 'proc_sys_reset' [/home/xcarril/pqc_codesign/dilithium-update/ML-DSA/verification/xout/hw.5/.temps/link/vivado/vpl/prj/prj.gen/my_rm/bd/bd/ip/pfm_dynamic_psreset_gate_pr_kernel2_1/synth/pfm_dynamic_psreset_gate_pr_kernel2_1.vhd:129]
INFO: [Synth 8-638] synthesizing module 'proc_sys_reset' [/home/xcarril/pqc_codesign/dilithium-update/ML-DSA/verification/xout/hw.5/.temps/link/vivado/vpl/prj/prj.gen/my_rm/bd/bd/ipshared/8842/hdl/proc_sys_reset_v5_0_vh_rfs.vhd:1323]
	Parameter INIT bound to: 1'b1 
INFO: [Synth 8-113] binding component instance 'FDRE_inst' to cell 'FDRE' [/home/xcarril/pqc_codesign/dilithium-update/ML-DSA/verification/xout/hw.5/.temps/link/vivado/vpl/prj/prj.gen/my_rm/bd/bd/ipshared/8842/hdl/proc_sys_reset_v5_0_vh_rfs.vhd:1392]
	Parameter INIT bound to: 1'b1 
INFO: [Synth 8-113] binding component instance 'FDRE_BSR' to cell 'FDRE' [/home/xcarril/pqc_codesign/dilithium-update/ML-DSA/verification/xout/hw.5/.temps/link/vivado/vpl/prj/prj.gen/my_rm/bd/bd/ipshared/8842/hdl/proc_sys_reset_v5_0_vh_rfs.vhd:1408]
	Parameter INIT bound to: 1'b0 
INFO: [Synth 8-113] binding component instance 'FDRE_BSR_N' to cell 'FDRE' [/home/xcarril/pqc_codesign/dilithium-update/ML-DSA/verification/xout/hw.5/.temps/link/vivado/vpl/prj/prj.gen/my_rm/bd/bd/ipshared/8842/hdl/proc_sys_reset_v5_0_vh_rfs.vhd:1434]
	Parameter INIT bound to: 1'b1 
INFO: [Synth 8-113] binding component instance 'FDRE_PER' to cell 'FDRE' [/home/xcarril/pqc_codesign/dilithium-update/ML-DSA/verification/xout/hw.5/.temps/link/vivado/vpl/prj/prj.gen/my_rm/bd/bd/ipshared/8842/hdl/proc_sys_reset_v5_0_vh_rfs.vhd:1457]
	Parameter INIT bound to: 1'b0 
INFO: [Synth 8-113] binding component instance 'FDRE_PER_N' to cell 'FDRE' [/home/xcarril/pqc_codesign/dilithium-update/ML-DSA/verification/xout/hw.5/.temps/link/vivado/vpl/prj/prj.gen/my_rm/bd/bd/ipshared/8842/hdl/proc_sys_reset_v5_0_vh_rfs.vhd:1481]
INFO: [Synth 8-638] synthesizing module 'lpf' [/home/xcarril/pqc_codesign/dilithium-update/ML-DSA/verification/xout/hw.5/.temps/link/vivado/vpl/prj/prj.gen/my_rm/bd/bd/ipshared/8842/hdl/proc_sys_reset_v5_0_vh_rfs.vhd:816]
INFO: [Synth 8-3491] module 'SRL16' declared at '/opt/Xilinx/Vivado/2021.2/scripts/rt/data/unisim_comp.v:105983' bound to instance 'POR_SRL_I' of component 'SRL16' [/home/xcarril/pqc_codesign/dilithium-update/ML-DSA/verification/xout/hw.5/.temps/link/vivado/vpl/prj/prj.gen/my_rm/bd/bd/ipshared/8842/hdl/proc_sys_reset_v5_0_vh_rfs.vhd:868]
INFO: [Synth 8-6157] synthesizing module 'SRL16' [/opt/Xilinx/Vivado/2021.2/scripts/rt/data/unisim_comp.v:105983]
INFO: [Synth 8-6155] done synthesizing module 'SRL16' (1#1) [/opt/Xilinx/Vivado/2021.2/scripts/rt/data/unisim_comp.v:105983]
INFO: [Synth 8-638] synthesizing module 'cdc_sync' [/home/xcarril/pqc_codesign/dilithium-update/ML-DSA/verification/xout/hw.5/.temps/link/vivado/vpl/prj/prj.gen/my_rm/bd/bd/ipshared/ef1e/hdl/lib_cdc_v1_0_rfs.vhd:106]
	Parameter INIT bound to: 1'b0 
INFO: [Synth 8-113] binding component instance 'CROSS_PLEVEL_IN2SCNDRY_IN_cdc_to' to cell 'FDR' [/home/xcarril/pqc_codesign/dilithium-update/ML-DSA/verification/xout/hw.5/.temps/link/vivado/vpl/prj/prj.gen/my_rm/bd/bd/ipshared/ef1e/hdl/lib_cdc_v1_0_rfs.vhd:514]
	Parameter INIT bound to: 1'b0 
INFO: [Synth 8-113] binding component instance 'CROSS_PLEVEL_IN2SCNDRY_s_level_out_d2' to cell 'FDR' [/home/xcarril/pqc_codesign/dilithium-update/ML-DSA/verification/xout/hw.5/.temps/link/vivado/vpl/prj/prj.gen/my_rm/bd/bd/ipshared/ef1e/hdl/lib_cdc_v1_0_rfs.vhd:545]
	Parameter INIT bound to: 1'b0 
INFO: [Synth 8-113] binding component instance 'CROSS_PLEVEL_IN2SCNDRY_s_level_out_d3' to cell 'FDR' [/home/xcarril/pqc_codesign/dilithium-update/ML-DSA/verification/xout/hw.5/.temps/link/vivado/vpl/prj/prj.gen/my_rm/bd/bd/ipshared/ef1e/hdl/lib_cdc_v1_0_rfs.vhd:554]
	Parameter INIT bound to: 1'b0 
INFO: [Synth 8-113] binding component instance 'CROSS_PLEVEL_IN2SCNDRY_s_level_out_d4' to cell 'FDR' [/home/xcarril/pqc_codesign/dilithium-update/ML-DSA/verification/xout/hw.5/.temps/link/vivado/vpl/prj/prj.gen/my_rm/bd/bd/ipshared/ef1e/hdl/lib_cdc_v1_0_rfs.vhd:564]
	Parameter INIT bound to: 1'b0 
INFO: [Synth 8-113] binding component instance 'CROSS_PLEVEL_IN2SCNDRY_s_level_out_d5' to cell 'FDR' [/home/xcarril/pqc_codesign/dilithium-update/ML-DSA/verification/xout/hw.5/.temps/link/vivado/vpl/prj/prj.gen/my_rm/bd/bd/ipshared/ef1e/hdl/lib_cdc_v1_0_rfs.vhd:574]
	Parameter INIT bound to: 1'b0 
INFO: [Synth 8-113] binding component instance 'CROSS_PLEVEL_IN2SCNDRY_s_level_out_d6' to cell 'FDR' [/home/xcarril/pqc_codesign/dilithium-update/ML-DSA/verification/xout/hw.5/.temps/link/vivado/vpl/prj/prj.gen/my_rm/bd/bd/ipshared/ef1e/hdl/lib_cdc_v1_0_rfs.vhd:584]
INFO: [Synth 8-256] done synthesizing module 'cdc_sync' (2#1) [/home/xcarril/pqc_codesign/dilithium-update/ML-DSA/verification/xout/hw.5/.temps/link/vivado/vpl/prj/prj.gen/my_rm/bd/bd/ipshared/ef1e/hdl/lib_cdc_v1_0_rfs.vhd:106]
INFO: [Synth 8-256] done synthesizing module 'lpf' (3#1) [/home/xcarril/pqc_codesign/dilithium-update/ML-DSA/verification/xout/hw.5/.temps/link/vivado/vpl/prj/prj.gen/my_rm/bd/bd/ipshared/8842/hdl/proc_sys_reset_v5_0_vh_rfs.vhd:816]
INFO: [Synth 8-638] synthesizing module 'sequence_psr' [/home/xcarril/pqc_codesign/dilithium-update/ML-DSA/verification/xout/hw.5/.temps/link/vivado/vpl/prj/prj.gen/my_rm/bd/bd/ipshared/8842/hdl/proc_sys_reset_v5_0_vh_rfs.vhd:301]
INFO: [Synth 8-638] synthesizing module 'upcnt_n' [/home/xcarril/pqc_codesign/dilithium-update/ML-DSA/verification/xout/hw.5/.temps/link/vivado/vpl/prj/prj.gen/my_rm/bd/bd/ipshared/8842/hdl/proc_sys_reset_v5_0_vh_rfs.vhd:125]
INFO: [Synth 8-256] done synthesizing module 'upcnt_n' (4#1) [/home/xcarril/pqc_codesign/dilithium-update/ML-DSA/verification/xout/hw.5/.temps/link/vivado/vpl/prj/prj.gen/my_rm/bd/bd/ipshared/8842/hdl/proc_sys_reset_v5_0_vh_rfs.vhd:125]
INFO: [Synth 8-256] done synthesizing module 'sequence_psr' (5#1) [/home/xcarril/pqc_codesign/dilithium-update/ML-DSA/verification/xout/hw.5/.temps/link/vivado/vpl/prj/prj.gen/my_rm/bd/bd/ipshared/8842/hdl/proc_sys_reset_v5_0_vh_rfs.vhd:301]
INFO: [Synth 8-256] done synthesizing module 'proc_sys_reset' (6#1) [/home/xcarril/pqc_codesign/dilithium-update/ML-DSA/verification/xout/hw.5/.temps/link/vivado/vpl/prj/prj.gen/my_rm/bd/bd/ipshared/8842/hdl/proc_sys_reset_v5_0_vh_rfs.vhd:1323]
INFO: [Synth 8-256] done synthesizing module 'pfm_dynamic_psreset_gate_pr_kernel2_1' (7#1) [/home/xcarril/pqc_codesign/dilithium-update/ML-DSA/verification/xout/hw.5/.temps/link/vivado/vpl/prj/prj.gen/my_rm/bd/bd/ip/pfm_dynamic_psreset_gate_pr_kernel2_1/synth/pfm_dynamic_psreset_gate_pr_kernel2_1.vhd:74]
WARNING: [Synth 8-7129] Port prmry_aclk in module cdc_sync is either unconnected or has no load
WARNING: [Synth 8-7129] Port prmry_resetn in module cdc_sync is either unconnected or has no load
WARNING: [Synth 8-7129] Port prmry_vect_in[1] in module cdc_sync is either unconnected or has no load
WARNING: [Synth 8-7129] Port prmry_vect_in[0] in module cdc_sync is either unconnected or has no load
WARNING: [Synth 8-7129] Port scndry_resetn in module cdc_sync is either unconnected or has no load
---------------------------------------------------------------------------------
Finished RTL Elaboration : Time (s): cpu = 00:00:05 ; elapsed = 00:00:10 . Memory (MB): peak = 3496.164 ; gain = 336.703 ; free physical = 57105 ; free virtual = 190941
---------------------------------------------------------------------------------
---------------------------------------------------------------------------------
Start Handling Custom Attributes
---------------------------------------------------------------------------------
---------------------------------------------------------------------------------
Finished Handling Custom Attributes : Time (s): cpu = 00:00:06 ; elapsed = 00:00:11 . Memory (MB): peak = 3513.977 ; gain = 354.516 ; free physical = 56600 ; free virtual = 190464
---------------------------------------------------------------------------------
---------------------------------------------------------------------------------
Finished RTL Optimization Phase 1 : Time (s): cpu = 00:00:06 ; elapsed = 00:00:11 . Memory (MB): peak = 3513.977 ; gain = 354.516 ; free physical = 56607 ; free virtual = 190470
---------------------------------------------------------------------------------
Netlist sorting complete. Time (s): cpu = 00:00:00 ; elapsed = 00:00:00.01 . Memory (MB): peak = 3522.883 ; gain = 0.000 ; free physical = 56492 ; free virtual = 190357
INFO: [Netlist 29-17] Analyzing 13 Unisim elements for replacement
INFO: [Netlist 29-28] Unisim Transformation completed in 0 CPU seconds
INFO: [Project 1-570] Preparing netlist for logic optimization

Processing XDC Constraints
Initializing timing engine
Parsing XDC File [/home/xcarril/pqc_codesign/dilithium-update/ML-DSA/verification/xout/hw.5/.temps/link/vivado/vpl/prj/prj.gen/my_rm/bd/bd/ip/pfm_dynamic_psreset_gate_pr_kernel2_1/pfm_dynamic_psreset_gate_pr_kernel2_1_ooc.xdc] for cell 'U0'
create_clock: Time (s): cpu = 00:00:05 ; elapsed = 00:00:14 . Memory (MB): peak = 3642.477 ; gain = 0.000 ; free physical = 61490 ; free virtual = 195268
Finished Parsing XDC File [/home/xcarril/pqc_codesign/dilithium-update/ML-DSA/verification/xout/hw.5/.temps/link/vivado/vpl/prj/prj.gen/my_rm/bd/bd/ip/pfm_dynamic_psreset_gate_pr_kernel2_1/pfm_dynamic_psreset_gate_pr_kernel2_1_ooc.xdc] for cell 'U0'
Parsing XDC File [/home/xcarril/pqc_codesign/dilithium-update/ML-DSA/verification/xout/hw.5/.temps/link/vivado/vpl/prj/prj.gen/my_rm/bd/bd/ip/pfm_dynamic_psreset_gate_pr_kernel2_1/pfm_dynamic_psreset_gate_pr_kernel2_1_board.xdc] for cell 'U0'
Finished Parsing XDC File [/home/xcarril/pqc_codesign/dilithium-update/ML-DSA/verification/xout/hw.5/.temps/link/vivado/vpl/prj/prj.gen/my_rm/bd/bd/ip/pfm_dynamic_psreset_gate_pr_kernel2_1/pfm_dynamic_psreset_gate_pr_kernel2_1_board.xdc] for cell 'U0'
Parsing XDC File [/home/xcarril/pqc_codesign/dilithium-update/ML-DSA/verification/xout/hw.5/.temps/link/vivado/vpl/prj/prj.gen/my_rm/bd/bd/ip/pfm_dynamic_psreset_gate_pr_kernel2_1/pfm_dynamic_psreset_gate_pr_kernel2_1.xdc] for cell 'U0'
Finished Parsing XDC File [/home/xcarril/pqc_codesign/dilithium-update/ML-DSA/verification/xout/hw.5/.temps/link/vivado/vpl/prj/prj.gen/my_rm/bd/bd/ip/pfm_dynamic_psreset_gate_pr_kernel2_1/pfm_dynamic_psreset_gate_pr_kernel2_1.xdc] for cell 'U0'
Parsing XDC File [/home/xcarril/pqc_codesign/dilithium-update/ML-DSA/verification/xout/hw.5/.temps/link/vivado/vpl/prj/prj.runs/pfm_dynamic_psreset_gate_pr_kernel2_1_synth_1/dont_touch.xdc]
Finished Parsing XDC File [/home/xcarril/pqc_codesign/dilithium-update/ML-DSA/verification/xout/hw.5/.temps/link/vivado/vpl/prj/prj.runs/pfm_dynamic_psreset_gate_pr_kernel2_1_synth_1/dont_touch.xdc]
Completed Processing XDC Constraints

Netlist sorting complete. Time (s): cpu = 00:00:00 ; elapsed = 00:00:00 . Memory (MB): peak = 3642.477 ; gain = 0.000 ; free physical = 61488 ; free virtual = 195266
INFO: [Project 1-111] Unisim Transformation Summary:
  A total of 13 instances were transformed.
  FDR => FDRE: 12 instances
  SRL16 => SRL16E: 1 instance 

Constraint Validation Runtime : Time (s): cpu = 00:00:00.01 ; elapsed = 00:00:00.03 . Memory (MB): peak = 3642.477 ; gain = 0.000 ; free physical = 61487 ; free virtual = 195266
---------------------------------------------------------------------------------
Finished Constraint Validation : Time (s): cpu = 00:00:18 ; elapsed = 00:00:40 . Memory (MB): peak = 3642.477 ; gain = 483.016 ; free physical = 65388 ; free virtual = 199470
---------------------------------------------------------------------------------
---------------------------------------------------------------------------------
Start Loading Part and Timing Information
---------------------------------------------------------------------------------
Loading part: xcu280-fsvh2892-2L-e
INFO: [Synth 8-6742] Reading net delay rules and data
---------------------------------------------------------------------------------
Finished Loading Part and Timing Information : Time (s): cpu = 00:00:18 ; elapsed = 00:00:40 . Memory (MB): peak = 3642.477 ; gain = 483.016 ; free physical = 65342 ; free virtual = 199425
---------------------------------------------------------------------------------
---------------------------------------------------------------------------------
Start Applying 'set_property' XDC Constraints
---------------------------------------------------------------------------------
Applied set_property KEEP_HIERARCHY = SOFT for U0. (constraint file  /home/xcarril/pqc_codesign/dilithium-update/ML-DSA/verification/xout/hw.5/.temps/link/vivado/vpl/prj/prj.runs/pfm_dynamic_psreset_gate_pr_kernel2_1_synth_1/dont_touch.xdc, line 9).
---------------------------------------------------------------------------------
Finished applying 'set_property' XDC Constraints : Time (s): cpu = 00:00:18 ; elapsed = 00:00:40 . Memory (MB): peak = 3642.477 ; gain = 483.016 ; free physical = 65283 ; free virtual = 199369
---------------------------------------------------------------------------------
---------------------------------------------------------------------------------
Finished RTL Optimization Phase 2 : Time (s): cpu = 00:00:18 ; elapsed = 00:00:41 . Memory (MB): peak = 3642.477 ; gain = 483.016 ; free physical = 63519 ; free virtual = 197632
---------------------------------------------------------------------------------
---------------------------------------------------------------------------------
Start RTL Component Statistics 
---------------------------------------------------------------------------------
Detailed RTL Component Info : 
+---Adders : 
	   2 Input    6 Bit       Adders := 1     
+---Registers : 
	                6 Bit    Registers := 1     
	                3 Bit    Registers := 3     
	                1 Bit    Registers := 8     
+---Muxes : 
	   2 Input    6 Bit        Muxes := 1     
	   2 Input    1 Bit        Muxes := 1     
---------------------------------------------------------------------------------
Finished RTL Component Statistics 
---------------------------------------------------------------------------------
---------------------------------------------------------------------------------
Start Part Resource Summary
---------------------------------------------------------------------------------
Part Resources:
DSPs: 9024 (col length:94)
BRAMs: 4032 (col length: RAMB18 288 RAMB36 144)
---------------------------------------------------------------------------------
Finished Part Resource Summary
---------------------------------------------------------------------------------
---------------------------------------------------------------------------------
Start Cross Boundary and Area Optimization
---------------------------------------------------------------------------------
WARNING: [Synth 8-7080] Parallel synthesis criteria is not met
WARNING: [Synth 8-3332] Sequential element (EXT_LPF/ACTIVE_LOW_EXT.ACT_LO_EXT/GENERATE_LEVEL_P_S_CDC.SINGLE_BIT.CROSS_PLEVEL_IN2SCNDRY_s_level_out_d5) is unused and will be removed from module proc_sys_reset.
WARNING: [Synth 8-3332] Sequential element (EXT_LPF/ACTIVE_LOW_EXT.ACT_LO_EXT/GENERATE_LEVEL_P_S_CDC.SINGLE_BIT.CROSS_PLEVEL_IN2SCNDRY_s_level_out_d6) is unused and will be removed from module proc_sys_reset.
WARNING: [Synth 8-3332] Sequential element (EXT_LPF/ACTIVE_LOW_AUX.ACT_LO_AUX/GENERATE_LEVEL_P_S_CDC.SINGLE_BIT.CROSS_PLEVEL_IN2SCNDRY_s_level_out_d5) is unused and will be removed from module proc_sys_reset.
WARNING: [Synth 8-3332] Sequential element (EXT_LPF/ACTIVE_LOW_AUX.ACT_LO_AUX/GENERATE_LEVEL_P_S_CDC.SINGLE_BIT.CROSS_PLEVEL_IN2SCNDRY_s_level_out_d6) is unused and will be removed from module proc_sys_reset.
---------------------------------------------------------------------------------
Finished Cross Boundary and Area Optimization : Time (s): cpu = 00:00:19 ; elapsed = 00:00:45 . Memory (MB): peak = 3642.477 ; gain = 483.016 ; free physical = 61560 ; free virtual = 195777
---------------------------------------------------------------------------------
---------------------------------------------------------------------------------
Start Applying XDC Timing Constraints
---------------------------------------------------------------------------------
---------------------------------------------------------------------------------
Finished Applying XDC Timing Constraints : Time (s): cpu = 00:00:29 ; elapsed = 00:01:10 . Memory (MB): peak = 3935.828 ; gain = 776.367 ; free physical = 53929 ; free virtual = 189348
---------------------------------------------------------------------------------
---------------------------------------------------------------------------------
Start Timing Optimization
---------------------------------------------------------------------------------
---------------------------------------------------------------------------------
Finished Timing Optimization : Time (s): cpu = 00:00:29 ; elapsed = 00:01:10 . Memory (MB): peak = 3935.828 ; gain = 776.367 ; free physical = 53905 ; free virtual = 189327
---------------------------------------------------------------------------------
---------------------------------------------------------------------------------
Start Technology Mapping
---------------------------------------------------------------------------------
---------------------------------------------------------------------------------
Finished Technology Mapping : Time (s): cpu = 00:00:29 ; elapsed = 00:01:10 . Memory (MB): peak = 3963.875 ; gain = 804.414 ; free physical = 54589 ; free virtual = 190026
---------------------------------------------------------------------------------
---------------------------------------------------------------------------------
Start IO Insertion
---------------------------------------------------------------------------------
---------------------------------------------------------------------------------
Start Flattening Before IO Insertion
---------------------------------------------------------------------------------
---------------------------------------------------------------------------------
Finished Flattening Before IO Insertion
---------------------------------------------------------------------------------
---------------------------------------------------------------------------------
Start Final Netlist Cleanup
---------------------------------------------------------------------------------
---------------------------------------------------------------------------------
Finished Final Netlist Cleanup
---------------------------------------------------------------------------------
---------------------------------------------------------------------------------
Finished IO Insertion : Time (s): cpu = 00:00:33 ; elapsed = 00:01:20 . Memory (MB): peak = 3963.875 ; gain = 804.414 ; free physical = 50453 ; free virtual = 186006
---------------------------------------------------------------------------------
---------------------------------------------------------------------------------
Start Renaming Generated Instances
---------------------------------------------------------------------------------
---------------------------------------------------------------------------------
Finished Renaming Generated Instances : Time (s): cpu = 00:00:33 ; elapsed = 00:01:20 . Memory (MB): peak = 3963.875 ; gain = 804.414 ; free physical = 50449 ; free virtual = 186002
---------------------------------------------------------------------------------
---------------------------------------------------------------------------------
Start Rebuilding User Hierarchy
---------------------------------------------------------------------------------
---------------------------------------------------------------------------------
Finished Rebuilding User Hierarchy : Time (s): cpu = 00:00:33 ; elapsed = 00:01:20 . Memory (MB): peak = 3963.875 ; gain = 804.414 ; free physical = 50444 ; free virtual = 185997
---------------------------------------------------------------------------------
---------------------------------------------------------------------------------
Start Renaming Generated Ports
---------------------------------------------------------------------------------
---------------------------------------------------------------------------------
Finished Renaming Generated Ports : Time (s): cpu = 00:00:33 ; elapsed = 00:01:20 . Memory (MB): peak = 3963.875 ; gain = 804.414 ; free physical = 50436 ; free virtual = 185989
---------------------------------------------------------------------------------
---------------------------------------------------------------------------------
Start Handling Custom Attributes
---------------------------------------------------------------------------------
---------------------------------------------------------------------------------
Finished Handling Custom Attributes : Time (s): cpu = 00:00:33 ; elapsed = 00:01:20 . Memory (MB): peak = 3963.875 ; gain = 804.414 ; free physical = 50425 ; free virtual = 185978
---------------------------------------------------------------------------------
---------------------------------------------------------------------------------
Start Renaming Generated Nets
---------------------------------------------------------------------------------
---------------------------------------------------------------------------------
Finished Renaming Generated Nets : Time (s): cpu = 00:00:33 ; elapsed = 00:01:20 . Memory (MB): peak = 3963.875 ; gain = 804.414 ; free physical = 50423 ; free virtual = 185976
---------------------------------------------------------------------------------
---------------------------------------------------------------------------------
Start Writing Synthesis Report
---------------------------------------------------------------------------------

Report BlackBoxes: 
+-+--------------+----------+
| |BlackBox name |Instances |
+-+--------------+----------+
+-+--------------+----------+

Report Cell Usage: 
+------+------+------+
|      |Cell  |Count |
+------+------+------+
|1     |LUT1  |     5|
|2     |LUT2  |     9|
|3     |LUT3  |     1|
|4     |LUT4  |     6|
|5     |LUT5  |     1|
|6     |LUT6  |     1|
|7     |SRL16 |     1|
|8     |FDR   |     8|
|9     |FDRE  |    22|
|10    |FDSE  |     4|
+------+------+------+
---------------------------------------------------------------------------------
Finished Writing Synthesis Report : Time (s): cpu = 00:00:33 ; elapsed = 00:01:20 . Memory (MB): peak = 3963.875 ; gain = 804.414 ; free physical = 50421 ; free virtual = 185974
---------------------------------------------------------------------------------
Synthesis finished with 0 errors, 0 critical warnings and 5 warnings.
Synthesis Optimization Runtime : Time (s): cpu = 00:00:26 ; elapsed = 00:01:01 . Memory (MB): peak = 3963.875 ; gain = 675.914 ; free physical = 50328 ; free virtual = 185883
Synthesis Optimization Complete : Time (s): cpu = 00:00:33 ; elapsed = 00:01:20 . Memory (MB): peak = 3963.883 ; gain = 804.414 ; free physical = 50326 ; free virtual = 185882
INFO: [Project 1-571] Translating synthesized netlist
Netlist sorting complete. Time (s): cpu = 00:00:00 ; elapsed = 00:00:00 . Memory (MB): peak = 3963.883 ; gain = 0.000 ; free physical = 50318 ; free virtual = 185874
INFO: [Netlist 29-17] Analyzing 9 Unisim elements for replacement
INFO: [Netlist 29-28] Unisim Transformation completed in 0 CPU seconds
INFO: [Project 1-570] Preparing netlist for logic optimization
INFO: [Opt 31-138] Pushed 0 inverter(s) to 0 load pin(s).
Netlist sorting complete. Time (s): cpu = 00:00:00 ; elapsed = 00:00:00 . Memory (MB): peak = 4039.195 ; gain = 0.000 ; free physical = 54733 ; free virtual = 190303
INFO: [Project 1-111] Unisim Transformation Summary:
  A total of 9 instances were transformed.
  FDR => FDRE: 8 instances
  SRL16 => SRL16E: 1 instance 

Synth Design complete, checksum: 92887965
INFO: [Common 17-83] Releasing license: Synthesis
51 Infos, 10 Warnings, 0 Critical Warnings and 0 Errors encountered.
synth_design completed successfully
synth_design: Time (s): cpu = 00:00:49 ; elapsed = 00:01:48 . Memory (MB): peak = 4039.195 ; gain = 1359.094 ; free physical = 54831 ; free virtual = 190402
INFO: [Common 17-600] The following parameters have non-default value.
general.maxThreads
INFO: [Common 17-1381] The checkpoint '/home/xcarril/pqc_codesign/dilithium-update/ML-DSA/verification/xout/hw.5/.temps/link/vivado/vpl/prj/prj.runs/pfm_dynamic_psreset_gate_pr_kernel2_1_synth_1/pfm_dynamic_psreset_gate_pr_kernel2_1.dcp' has been generated.
INFO: [Coretcl 2-1174] Renamed 6 cell refs.
INFO: [Common 17-1381] The checkpoint '/home/xcarril/pqc_codesign/dilithium-update/ML-DSA/verification/xout/hw.5/.temps/link/vivado/vpl/prj/prj.runs/pfm_dynamic_psreset_gate_pr_kernel2_1_synth_1/pfm_dynamic_psreset_gate_pr_kernel2_1.dcp' has been generated.
INFO: [runtcl-4] Executing : report_utilization -file pfm_dynamic_psreset_gate_pr_kernel2_1_utilization_synth.rpt -pb pfm_dynamic_psreset_gate_pr_kernel2_1_utilization_synth.pb
INFO: [Common 17-206] Exiting Vivado at Fri Sep 15 14:12:57 2023...
