
*** Running vivado
    with args -log bd_5dca_slice3_2_0.vds -m64 -product Vivado -mode batch -messageDb vivado.pb -notrace -source bd_5dca_slice3_2_0.tcl


****** Vivado v2021.2 (64-bit)
  **** SW Build 3367213 on Tue Oct 19 02:47:39 MDT 2021
  **** IP Build 3369179 on Thu Oct 21 08:25:16 MDT 2021
    ** Copyright 1986-2021 Xilinx, Inc. All Rights Reserved.

source bd_5dca_slice3_2_0.tcl -notrace
INFO: Dispatch client connection id - 34415
create_project: Time (s): cpu = 00:00:06 ; elapsed = 00:00:07 . Memory (MB): peak = 2691.008 ; gain = 2.992 ; free physical = 78404 ; free virtual = 214532
INFO: [IP_Flow 19-234] Refreshing IP repositories
INFO: [IP_Flow 19-1700] Loaded user IP repository '/home/xcarril/pqc_codesign/dilithium-update/ML-KEM/decapsulation/xout/hw.3/.temps/link/int/xo/ip_repo/xilinx_com_hls_k_kem_dec_0_0'.
INFO: [IP_Flow 19-1700] Loaded user IP repository '/home/xcarril/pqc_codesign/dilithium-update/ML-KEM/decapsulation/xout/hw.3/.temps/link/vivado/vpl/.local/hw_platform/iprepo'.
INFO: [IP_Flow 19-1700] Loaded user IP repository '/opt/Xilinx/Vitis/2021.2/data/cache/xilinx'.
INFO: [IP_Flow 19-1700] Loaded user IP repository '/home/xcarril/pqc_codesign/dilithium-update/ML-KEM/decapsulation/xout/hw.3/.temps/link/vivado/vpl/.local/hw_platform/ipcache'.
INFO: [IP_Flow 19-1700] Loaded user IP repository '/opt/Xilinx/Vitis/2021.2/data/ip'.
INFO: [IP_Flow 19-2313] Loaded Vivado IP repository '/opt/Xilinx/Vivado/2021.2/data/ip'.
Command: synth_design -top bd_5dca_slice3_2_0 -part xcu280-fsvh2892-2L-e -mode out_of_context
Starting synth_design
Attempting to get a license for feature 'Synthesis' and/or device 'xcu280'
INFO: [Common 17-349] Got license for feature 'Synthesis' and/or device 'xcu280'
INFO: [Device 21-403] Loading part xcu280-fsvh2892-2L-e
INFO: [Synth 8-7079] Multithreading enabled for synth_design using a maximum of 1 processes.
INFO: [Synth 8-7078] Launching helper process for spawning children vivado processes
INFO: [Synth 8-7075] Helper process launched with PID 1795608
---------------------------------------------------------------------------------
Starting RTL Elaboration : Time (s): cpu = 00:00:04 ; elapsed = 00:00:07 . Memory (MB): peak = 3448.133 ; gain = 287.766 ; free physical = 65667 ; free virtual = 201726
---------------------------------------------------------------------------------
INFO: [Synth 8-6157] synthesizing module 'bd_5dca_slice3_2_0' [/home/xcarril/pqc_codesign/dilithium-update/ML-KEM/decapsulation/xout/hw.3/.temps/link/vivado/vpl/prj/prj.gen/my_rm/bd/bd/ip/pfm_dynamic_hmss_0_0/bd_0/ip/ip_10/synth/bd_5dca_slice3_2_0.v:58]
INFO: [Synth 8-6157] synthesizing module 'axi_register_slice_v2_1_25_axi_register_slice' [/home/xcarril/pqc_codesign/dilithium-update/ML-KEM/decapsulation/xout/hw.3/.temps/link/vivado/vpl/prj/prj.gen/my_rm/bd/bd/ipshared/e1e6/hdl/axi_register_slice_v2_1_vl_rfs.v:3726]
INFO: [Synth 8-6157] synthesizing module 'axi_infrastructure_v1_1_0_axi2vector' [/home/xcarril/pqc_codesign/dilithium-update/ML-KEM/decapsulation/xout/hw.3/.temps/link/vivado/vpl/prj/prj.gen/my_rm/bd/bd/ipshared/ec67/hdl/axi_infrastructure_v1_1_vl_rfs.v:60]
INFO: [Synth 8-6155] done synthesizing module 'axi_infrastructure_v1_1_0_axi2vector' (1#1) [/home/xcarril/pqc_codesign/dilithium-update/ML-KEM/decapsulation/xout/hw.3/.temps/link/vivado/vpl/prj/prj.gen/my_rm/bd/bd/ipshared/ec67/hdl/axi_infrastructure_v1_1_vl_rfs.v:60]
INFO: [Synth 8-6157] synthesizing module 'axi_infrastructure_v1_1_0_vector2axi' [/home/xcarril/pqc_codesign/dilithium-update/ML-KEM/decapsulation/xout/hw.3/.temps/link/vivado/vpl/prj/prj.gen/my_rm/bd/bd/ipshared/ec67/hdl/axi_infrastructure_v1_1_vl_rfs.v:474]
INFO: [Synth 8-6155] done synthesizing module 'axi_infrastructure_v1_1_0_vector2axi' (2#1) [/home/xcarril/pqc_codesign/dilithium-update/ML-KEM/decapsulation/xout/hw.3/.temps/link/vivado/vpl/prj/prj.gen/my_rm/bd/bd/ipshared/ec67/hdl/axi_infrastructure_v1_1_vl_rfs.v:474]
INFO: [Synth 8-6157] synthesizing module 'axi_register_slice_v2_1_25_axic_register_slice' [/home/xcarril/pqc_codesign/dilithium-update/ML-KEM/decapsulation/xout/hw.3/.temps/link/vivado/vpl/prj/prj.gen/my_rm/bd/bd/ipshared/e1e6/hdl/axi_register_slice_v2_1_vl_rfs.v:1498]
INFO: [Synth 8-6155] done synthesizing module 'axi_register_slice_v2_1_25_axic_register_slice' (3#1) [/home/xcarril/pqc_codesign/dilithium-update/ML-KEM/decapsulation/xout/hw.3/.temps/link/vivado/vpl/prj/prj.gen/my_rm/bd/bd/ipshared/e1e6/hdl/axi_register_slice_v2_1_vl_rfs.v:1498]
INFO: [Synth 8-6157] synthesizing module 'axi_register_slice_v2_1_25_axic_register_slice__parameterized0' [/home/xcarril/pqc_codesign/dilithium-update/ML-KEM/decapsulation/xout/hw.3/.temps/link/vivado/vpl/prj/prj.gen/my_rm/bd/bd/ipshared/e1e6/hdl/axi_register_slice_v2_1_vl_rfs.v:1498]
INFO: [Synth 8-6155] done synthesizing module 'axi_register_slice_v2_1_25_axic_register_slice__parameterized0' (3#1) [/home/xcarril/pqc_codesign/dilithium-update/ML-KEM/decapsulation/xout/hw.3/.temps/link/vivado/vpl/prj/prj.gen/my_rm/bd/bd/ipshared/e1e6/hdl/axi_register_slice_v2_1_vl_rfs.v:1498]
INFO: [Synth 8-6157] synthesizing module 'axi_register_slice_v2_1_25_axic_register_slice__parameterized1' [/home/xcarril/pqc_codesign/dilithium-update/ML-KEM/decapsulation/xout/hw.3/.temps/link/vivado/vpl/prj/prj.gen/my_rm/bd/bd/ipshared/e1e6/hdl/axi_register_slice_v2_1_vl_rfs.v:1498]
INFO: [Synth 8-6155] done synthesizing module 'axi_register_slice_v2_1_25_axic_register_slice__parameterized1' (3#1) [/home/xcarril/pqc_codesign/dilithium-update/ML-KEM/decapsulation/xout/hw.3/.temps/link/vivado/vpl/prj/prj.gen/my_rm/bd/bd/ipshared/e1e6/hdl/axi_register_slice_v2_1_vl_rfs.v:1498]
INFO: [Synth 8-6157] synthesizing module 'axi_register_slice_v2_1_25_axic_register_slice__parameterized2' [/home/xcarril/pqc_codesign/dilithium-update/ML-KEM/decapsulation/xout/hw.3/.temps/link/vivado/vpl/prj/prj.gen/my_rm/bd/bd/ipshared/e1e6/hdl/axi_register_slice_v2_1_vl_rfs.v:1498]
INFO: [Synth 8-6155] done synthesizing module 'axi_register_slice_v2_1_25_axic_register_slice__parameterized2' (3#1) [/home/xcarril/pqc_codesign/dilithium-update/ML-KEM/decapsulation/xout/hw.3/.temps/link/vivado/vpl/prj/prj.gen/my_rm/bd/bd/ipshared/e1e6/hdl/axi_register_slice_v2_1_vl_rfs.v:1498]
INFO: [Synth 8-6155] done synthesizing module 'axi_register_slice_v2_1_25_axi_register_slice' (4#1) [/home/xcarril/pqc_codesign/dilithium-update/ML-KEM/decapsulation/xout/hw.3/.temps/link/vivado/vpl/prj/prj.gen/my_rm/bd/bd/ipshared/e1e6/hdl/axi_register_slice_v2_1_vl_rfs.v:3726]
INFO: [Synth 8-6155] done synthesizing module 'bd_5dca_slice3_2_0' (5#1) [/home/xcarril/pqc_codesign/dilithium-update/ML-KEM/decapsulation/xout/hw.3/.temps/link/vivado/vpl/prj/prj.gen/my_rm/bd/bd/ip/pfm_dynamic_hmss_0_0/bd_0/ip/ip_10/synth/bd_5dca_slice3_2_0.v:58]
WARNING: [Synth 8-7129] Port m_axi_buser[0] in module axi_infrastructure_v1_1_0_vector2axi is either unconnected or has no load
WARNING: [Synth 8-7129] Port m_axi_ruser[0] in module axi_infrastructure_v1_1_0_vector2axi is either unconnected or has no load
WARNING: [Synth 8-7129] Port s_axi_awregion[3] in module axi_infrastructure_v1_1_0_axi2vector is either unconnected or has no load
WARNING: [Synth 8-7129] Port s_axi_awregion[2] in module axi_infrastructure_v1_1_0_axi2vector is either unconnected or has no load
WARNING: [Synth 8-7129] Port s_axi_awregion[1] in module axi_infrastructure_v1_1_0_axi2vector is either unconnected or has no load
WARNING: [Synth 8-7129] Port s_axi_awregion[0] in module axi_infrastructure_v1_1_0_axi2vector is either unconnected or has no load
WARNING: [Synth 8-7129] Port s_axi_awuser[0] in module axi_infrastructure_v1_1_0_axi2vector is either unconnected or has no load
WARNING: [Synth 8-7129] Port s_axi_wuser[0] in module axi_infrastructure_v1_1_0_axi2vector is either unconnected or has no load
WARNING: [Synth 8-7129] Port s_axi_arregion[3] in module axi_infrastructure_v1_1_0_axi2vector is either unconnected or has no load
WARNING: [Synth 8-7129] Port s_axi_arregion[2] in module axi_infrastructure_v1_1_0_axi2vector is either unconnected or has no load
WARNING: [Synth 8-7129] Port s_axi_arregion[1] in module axi_infrastructure_v1_1_0_axi2vector is either unconnected or has no load
WARNING: [Synth 8-7129] Port s_axi_arregion[0] in module axi_infrastructure_v1_1_0_axi2vector is either unconnected or has no load
WARNING: [Synth 8-7129] Port s_axi_aruser[0] in module axi_infrastructure_v1_1_0_axi2vector is either unconnected or has no load
WARNING: [Synth 8-7129] Port aclk2x in module axi_register_slice_v2_1_25_axi_register_slice is either unconnected or has no load
---------------------------------------------------------------------------------
Finished RTL Elaboration : Time (s): cpu = 00:00:05 ; elapsed = 00:00:08 . Memory (MB): peak = 3499.070 ; gain = 338.703 ; free physical = 65395 ; free virtual = 201427
---------------------------------------------------------------------------------
---------------------------------------------------------------------------------
Start Handling Custom Attributes
---------------------------------------------------------------------------------
---------------------------------------------------------------------------------
Finished Handling Custom Attributes : Time (s): cpu = 00:00:06 ; elapsed = 00:00:09 . Memory (MB): peak = 3516.883 ; gain = 356.516 ; free physical = 64826 ; free virtual = 200862
---------------------------------------------------------------------------------
---------------------------------------------------------------------------------
Finished RTL Optimization Phase 1 : Time (s): cpu = 00:00:06 ; elapsed = 00:00:09 . Memory (MB): peak = 3516.883 ; gain = 356.516 ; free physical = 64826 ; free virtual = 200862
---------------------------------------------------------------------------------
Netlist sorting complete. Time (s): cpu = 00:00:00.03 ; elapsed = 00:00:00.08 . Memory (MB): peak = 3516.883 ; gain = 0.000 ; free physical = 64458 ; free virtual = 200491
INFO: [Project 1-570] Preparing netlist for logic optimization

Processing XDC Constraints
Initializing timing engine
Parsing XDC File [/home/xcarril/pqc_codesign/dilithium-update/ML-KEM/decapsulation/xout/hw.3/.temps/link/vivado/vpl/prj/prj.gen/my_rm/bd/bd/ip/pfm_dynamic_hmss_0_0/bd_0/ip/ip_10/bd_5dca_slice3_2_0_ooc.xdc] for cell 'inst'
create_clock: Time (s): cpu = 00:00:05 ; elapsed = 00:00:12 . Memory (MB): peak = 3633.414 ; gain = 0.000 ; free physical = 60481 ; free virtual = 196534
Finished Parsing XDC File [/home/xcarril/pqc_codesign/dilithium-update/ML-KEM/decapsulation/xout/hw.3/.temps/link/vivado/vpl/prj/prj.gen/my_rm/bd/bd/ip/pfm_dynamic_hmss_0_0/bd_0/ip/ip_10/bd_5dca_slice3_2_0_ooc.xdc] for cell 'inst'
Parsing XDC File [/home/xcarril/pqc_codesign/dilithium-update/ML-KEM/decapsulation/xout/hw.3/.temps/link/vivado/vpl/prj/prj.runs/bd_5dca_slice3_2_0_synth_1/dont_touch.xdc]
Finished Parsing XDC File [/home/xcarril/pqc_codesign/dilithium-update/ML-KEM/decapsulation/xout/hw.3/.temps/link/vivado/vpl/prj/prj.runs/bd_5dca_slice3_2_0_synth_1/dont_touch.xdc]
Parsing XDC File [/home/xcarril/pqc_codesign/dilithium-update/ML-KEM/decapsulation/xout/hw.3/.temps/link/vivado/vpl/prj/prj.gen/my_rm/bd/bd/ip/pfm_dynamic_hmss_0_0/bd_0/ip/ip_10/bd_5dca_slice3_2_0_clocks.xdc] for cell 'inst'
Finished Parsing XDC File [/home/xcarril/pqc_codesign/dilithium-update/ML-KEM/decapsulation/xout/hw.3/.temps/link/vivado/vpl/prj/prj.gen/my_rm/bd/bd/ip/pfm_dynamic_hmss_0_0/bd_0/ip/ip_10/bd_5dca_slice3_2_0_clocks.xdc] for cell 'inst'
INFO: [Project 1-236] Implementation specific constraints were found while reading constraint file [/home/xcarril/pqc_codesign/dilithium-update/ML-KEM/decapsulation/xout/hw.3/.temps/link/vivado/vpl/prj/prj.gen/my_rm/bd/bd/ip/pfm_dynamic_hmss_0_0/bd_0/ip/ip_10/bd_5dca_slice3_2_0_clocks.xdc]. These constraints will be ignored for synthesis but will be used in implementation. Impacted constraints are listed in the file [.Xil/bd_5dca_slice3_2_0_propImpl.xdc].
Resolution: To avoid this warning, move constraints listed in [.Xil/bd_5dca_slice3_2_0_propImpl.xdc] to another XDC file and exclude this new file from synthesis with the used_in_synthesis property (File Properties dialog in GUI) and re-run elaboration/synthesis.
Completed Processing XDC Constraints

Netlist sorting complete. Time (s): cpu = 00:00:00 ; elapsed = 00:00:00 . Memory (MB): peak = 3633.414 ; gain = 0.000 ; free physical = 60538 ; free virtual = 196592
INFO: [Project 1-111] Unisim Transformation Summary:
No Unisim elements were transformed.

Constraint Validation Runtime : Time (s): cpu = 00:00:00.05 ; elapsed = 00:00:00.10 . Memory (MB): peak = 3633.414 ; gain = 0.000 ; free physical = 60550 ; free virtual = 196604
---------------------------------------------------------------------------------
Finished Constraint Validation : Time (s): cpu = 00:00:18 ; elapsed = 00:00:38 . Memory (MB): peak = 3633.414 ; gain = 473.047 ; free physical = 54915 ; free virtual = 191047
---------------------------------------------------------------------------------
---------------------------------------------------------------------------------
Start Loading Part and Timing Information
---------------------------------------------------------------------------------
Loading part: xcu280-fsvh2892-2L-e
INFO: [Synth 8-6742] Reading net delay rules and data
---------------------------------------------------------------------------------
Finished Loading Part and Timing Information : Time (s): cpu = 00:00:18 ; elapsed = 00:00:38 . Memory (MB): peak = 3633.414 ; gain = 473.047 ; free physical = 54911 ; free virtual = 191043
---------------------------------------------------------------------------------
---------------------------------------------------------------------------------
Start Applying 'set_property' XDC Constraints
---------------------------------------------------------------------------------
Applied set_property KEEP_HIERARCHY = SOFT for inst. (constraint file  /home/xcarril/pqc_codesign/dilithium-update/ML-KEM/decapsulation/xout/hw.3/.temps/link/vivado/vpl/prj/prj.runs/bd_5dca_slice3_2_0_synth_1/dont_touch.xdc, line 6).
---------------------------------------------------------------------------------
Finished applying 'set_property' XDC Constraints : Time (s): cpu = 00:00:18 ; elapsed = 00:00:38 . Memory (MB): peak = 3633.414 ; gain = 473.047 ; free physical = 54871 ; free virtual = 191003
---------------------------------------------------------------------------------
---------------------------------------------------------------------------------
Finished RTL Optimization Phase 2 : Time (s): cpu = 00:00:18 ; elapsed = 00:00:39 . Memory (MB): peak = 3633.414 ; gain = 473.047 ; free physical = 54586 ; free virtual = 190719
---------------------------------------------------------------------------------
---------------------------------------------------------------------------------
Start RTL Component Statistics 
---------------------------------------------------------------------------------
Detailed RTL Component Info : 
+---Registers : 
	              290 Bit    Registers := 2     
	              260 Bit    Registers := 2     
	               56 Bit    Registers := 2     
	                3 Bit    Registers := 1     
	                2 Bit    Registers := 5     
	                1 Bit    Registers := 10    
+---Muxes : 
	   2 Input  290 Bit        Muxes := 2     
	   2 Input  260 Bit        Muxes := 2     
	   2 Input    1 Bit        Muxes := 6     
---------------------------------------------------------------------------------
Finished RTL Component Statistics 
---------------------------------------------------------------------------------
---------------------------------------------------------------------------------
Start Part Resource Summary
---------------------------------------------------------------------------------
Part Resources:
DSPs: 9024 (col length:94)
BRAMs: 4032 (col length: RAMB18 288 RAMB36 144)
---------------------------------------------------------------------------------
Finished Part Resource Summary
---------------------------------------------------------------------------------
---------------------------------------------------------------------------------
Start Cross Boundary and Area Optimization
---------------------------------------------------------------------------------
WARNING: [Synth 8-7080] Parallel synthesis criteria is not met
WARNING: [Synth 8-7129] Port aclk2x in module axi_register_slice_v2_1_25_axi_register_slice is either unconnected or has no load
WARNING: [Synth 8-7129] Port s_axi_awregion[3] in module axi_register_slice_v2_1_25_axi_register_slice is either unconnected or has no load
WARNING: [Synth 8-7129] Port s_axi_awregion[2] in module axi_register_slice_v2_1_25_axi_register_slice is either unconnected or has no load
WARNING: [Synth 8-7129] Port s_axi_awregion[1] in module axi_register_slice_v2_1_25_axi_register_slice is either unconnected or has no load
WARNING: [Synth 8-7129] Port s_axi_awregion[0] in module axi_register_slice_v2_1_25_axi_register_slice is either unconnected or has no load
WARNING: [Synth 8-7129] Port s_axi_awuser[0] in module axi_register_slice_v2_1_25_axi_register_slice is either unconnected or has no load
WARNING: [Synth 8-7129] Port s_axi_wuser[0] in module axi_register_slice_v2_1_25_axi_register_slice is either unconnected or has no load
WARNING: [Synth 8-7129] Port s_axi_arregion[3] in module axi_register_slice_v2_1_25_axi_register_slice is either unconnected or has no load
WARNING: [Synth 8-7129] Port s_axi_arregion[2] in module axi_register_slice_v2_1_25_axi_register_slice is either unconnected or has no load
WARNING: [Synth 8-7129] Port s_axi_arregion[1] in module axi_register_slice_v2_1_25_axi_register_slice is either unconnected or has no load
WARNING: [Synth 8-7129] Port s_axi_arregion[0] in module axi_register_slice_v2_1_25_axi_register_slice is either unconnected or has no load
WARNING: [Synth 8-7129] Port s_axi_aruser[0] in module axi_register_slice_v2_1_25_axi_register_slice is either unconnected or has no load
WARNING: [Synth 8-7129] Port m_axi_buser[0] in module axi_register_slice_v2_1_25_axi_register_slice is either unconnected or has no load
WARNING: [Synth 8-7129] Port m_axi_ruser[0] in module axi_register_slice_v2_1_25_axi_register_slice is either unconnected or has no load
---------------------------------------------------------------------------------
Finished Cross Boundary and Area Optimization : Time (s): cpu = 00:00:21 ; elapsed = 00:00:44 . Memory (MB): peak = 3633.414 ; gain = 473.047 ; free physical = 53000 ; free virtual = 189161
---------------------------------------------------------------------------------
---------------------------------------------------------------------------------
Start Applying XDC Timing Constraints
---------------------------------------------------------------------------------
---------------------------------------------------------------------------------
Finished Applying XDC Timing Constraints : Time (s): cpu = 00:00:30 ; elapsed = 00:01:00 . Memory (MB): peak = 3943.578 ; gain = 783.211 ; free physical = 48579 ; free virtual = 184764
---------------------------------------------------------------------------------
---------------------------------------------------------------------------------
Start Timing Optimization
---------------------------------------------------------------------------------
---------------------------------------------------------------------------------
Finished Timing Optimization : Time (s): cpu = 00:00:31 ; elapsed = 00:01:01 . Memory (MB): peak = 3955.594 ; gain = 795.227 ; free physical = 48017 ; free virtual = 184198
---------------------------------------------------------------------------------
---------------------------------------------------------------------------------
Start Technology Mapping
---------------------------------------------------------------------------------
---------------------------------------------------------------------------------
Finished Technology Mapping : Time (s): cpu = 00:00:31 ; elapsed = 00:01:01 . Memory (MB): peak = 3971.609 ; gain = 811.242 ; free physical = 47130 ; free virtual = 183310
---------------------------------------------------------------------------------
---------------------------------------------------------------------------------
Start IO Insertion
---------------------------------------------------------------------------------
---------------------------------------------------------------------------------
Start Flattening Before IO Insertion
---------------------------------------------------------------------------------
---------------------------------------------------------------------------------
Finished Flattening Before IO Insertion
---------------------------------------------------------------------------------
---------------------------------------------------------------------------------
Start Final Netlist Cleanup
---------------------------------------------------------------------------------
---------------------------------------------------------------------------------
Finished Final Netlist Cleanup
---------------------------------------------------------------------------------
---------------------------------------------------------------------------------
Finished IO Insertion : Time (s): cpu = 00:00:36 ; elapsed = 00:01:11 . Memory (MB): peak = 3977.547 ; gain = 817.180 ; free physical = 53038 ; free virtual = 189301
---------------------------------------------------------------------------------
---------------------------------------------------------------------------------
Start Renaming Generated Instances
---------------------------------------------------------------------------------
---------------------------------------------------------------------------------
Finished Renaming Generated Instances : Time (s): cpu = 00:00:36 ; elapsed = 00:01:11 . Memory (MB): peak = 3977.547 ; gain = 817.180 ; free physical = 53021 ; free virtual = 189284
---------------------------------------------------------------------------------
---------------------------------------------------------------------------------
Start Rebuilding User Hierarchy
---------------------------------------------------------------------------------
---------------------------------------------------------------------------------
Finished Rebuilding User Hierarchy : Time (s): cpu = 00:00:36 ; elapsed = 00:01:11 . Memory (MB): peak = 3977.547 ; gain = 817.180 ; free physical = 52989 ; free virtual = 189237
---------------------------------------------------------------------------------
---------------------------------------------------------------------------------
Start Renaming Generated Ports
---------------------------------------------------------------------------------
---------------------------------------------------------------------------------
Finished Renaming Generated Ports : Time (s): cpu = 00:00:36 ; elapsed = 00:01:11 . Memory (MB): peak = 3977.547 ; gain = 817.180 ; free physical = 52987 ; free virtual = 189234
---------------------------------------------------------------------------------
---------------------------------------------------------------------------------
Start Handling Custom Attributes
---------------------------------------------------------------------------------
---------------------------------------------------------------------------------
Finished Handling Custom Attributes : Time (s): cpu = 00:00:36 ; elapsed = 00:01:12 . Memory (MB): peak = 3977.547 ; gain = 817.180 ; free physical = 52950 ; free virtual = 189228
---------------------------------------------------------------------------------
---------------------------------------------------------------------------------
Start Renaming Generated Nets
---------------------------------------------------------------------------------
---------------------------------------------------------------------------------
Finished Renaming Generated Nets : Time (s): cpu = 00:00:36 ; elapsed = 00:01:12 . Memory (MB): peak = 3977.547 ; gain = 817.180 ; free physical = 52943 ; free virtual = 189221
---------------------------------------------------------------------------------
---------------------------------------------------------------------------------
Start Writing Synthesis Report
---------------------------------------------------------------------------------

Report BlackBoxes: 
+-+--------------+----------+
| |BlackBox name |Instances |
+-+--------------+----------+
+-+--------------+----------+

Report Cell Usage: 
+------+-----+------+
|      |Cell |Count |
+------+-----+------+
|1     |LUT1 |     6|
|2     |LUT2 |     2|
|3     |LUT3 |   551|
|4     |LUT4 |     7|
|5     |FDRE |  1220|
+------+-----+------+
---------------------------------------------------------------------------------
Finished Writing Synthesis Report : Time (s): cpu = 00:00:36 ; elapsed = 00:01:12 . Memory (MB): peak = 3977.547 ; gain = 817.180 ; free physical = 52964 ; free virtual = 189243
---------------------------------------------------------------------------------
Synthesis finished with 0 errors, 0 critical warnings and 15 warnings.
Synthesis Optimization Runtime : Time (s): cpu = 00:00:28 ; elapsed = 00:00:54 . Memory (MB): peak = 3977.547 ; gain = 700.648 ; free physical = 52892 ; free virtual = 189152
Synthesis Optimization Complete : Time (s): cpu = 00:00:36 ; elapsed = 00:01:12 . Memory (MB): peak = 3977.555 ; gain = 817.180 ; free physical = 52896 ; free virtual = 189157
INFO: [Project 1-571] Translating synthesized netlist
Netlist sorting complete. Time (s): cpu = 00:00:00.02 ; elapsed = 00:00:00.07 . Memory (MB): peak = 3983.484 ; gain = 0.000 ; free physical = 52843 ; free virtual = 189054
INFO: [Project 1-570] Preparing netlist for logic optimization
INFO: [Opt 31-138] Pushed 0 inverter(s) to 0 load pin(s).
Netlist sorting complete. Time (s): cpu = 00:00:00 ; elapsed = 00:00:00 . Memory (MB): peak = 4052.727 ; gain = 0.000 ; free physical = 53123 ; free virtual = 189338
INFO: [Project 1-111] Unisim Transformation Summary:
No Unisim elements were transformed.

Synth Design complete, checksum: 6ac4dc63
INFO: [Common 17-83] Releasing license: Synthesis
37 Infos, 29 Warnings, 0 Critical Warnings and 0 Errors encountered.
synth_design completed successfully
synth_design: Time (s): cpu = 00:00:52 ; elapsed = 00:01:33 . Memory (MB): peak = 4052.727 ; gain = 1361.719 ; free physical = 53288 ; free virtual = 189503
INFO: [Common 17-600] The following parameters have non-default value.
general.maxThreads
INFO: [Common 17-1381] The checkpoint '/home/xcarril/pqc_codesign/dilithium-update/ML-KEM/decapsulation/xout/hw.3/.temps/link/vivado/vpl/prj/prj.runs/bd_5dca_slice3_2_0_synth_1/bd_5dca_slice3_2_0.dcp' has been generated.
INFO: [Coretcl 2-1174] Renamed 6 cell refs.
INFO: [Common 17-1381] The checkpoint '/home/xcarril/pqc_codesign/dilithium-update/ML-KEM/decapsulation/xout/hw.3/.temps/link/vivado/vpl/prj/prj.runs/bd_5dca_slice3_2_0_synth_1/bd_5dca_slice3_2_0.dcp' has been generated.
INFO: [runtcl-4] Executing : report_utilization -file bd_5dca_slice3_2_0_utilization_synth.rpt -pb bd_5dca_slice3_2_0_utilization_synth.pb
INFO: [Common 17-206] Exiting Vivado at Fri Sep 15 11:14:05 2023...
