Copyright 1986-2021 Xilinx, Inc. All Rights Reserved.
-------------------------------------------------------------------------------------------------------------------------------------------------------------------------------
| Tool Version : Vivado v.2021.2 (lin64) Build 3367213 Tue Oct 19 02:47:39 MDT 2021
| Date         : Fri Sep 15 12:29:01 2023
| Host         : picu running 64-bit Ubuntu 20.04.1 LTS
| Command      : report_accelerator_utilization -kernels { k_sign:pfm_top_i/dynamic_region/k_sign_1/inst:k_sign_1} -file kernel_util_placed.rpt -name kernel_util_placed -json
| Design       : pfm_top_wrapper
| Device       : xcu280
| Design State : Fully Placed
-------------------------------------------------------------------------------------------------------------------------------------------------------------------------------

Accelerator Utilization Design Information

Table of Contents
-----------------
1. System Utilization

1. System Utilization
---------------------

+---------------------+-------------------+------------------+-------------------+----------------+---------------+----------------+
| Name                | LUT               | LUTAsMem         | REG               | BRAM           | URAM          | DSP            |
+---------------------+-------------------+------------------+-------------------+----------------+---------------+----------------+
| Platform            |  108329 [  8.32%] |  11855 [  1.97%] |  160565 [  6.16%] |  202 [ 10.02%] |   0 [  0.00%] |    4 [  0.04%] |
| User Budget         | 1194391 [100.00%] | 588625 [100.00%] | 2446795 [100.00%] | 1814 [100.00%] | 960 [100.00%] | 9020 [100.00%] |
|    Used Resources   |  126052 [ 10.55%] |  24657 [  4.19%] |  150092 [  6.13%] |  184 [ 10.14%] |   0 [  0.00%] |  486 [  5.39%] |
|    Unused Resources | 1068339 [ 89.45%] | 563968 [ 95.81%] | 2296703 [ 93.87%] | 1630 [ 89.86%] | 960 [100.00%] | 8534 [ 94.61%] |
| k_sign              |  126052 [ 10.55%] |  24657 [  4.19%] |  150092 [  6.13%] |  184 [ 10.14%] |   0 [  0.00%] |  486 [  5.39%] |
|    k_sign_1         |  126052 [ 10.55%] |  24657 [  4.19%] |  150092 [  6.13%] |  184 [ 10.14%] |   0 [  0.00%] |  486 [  5.39%] |
+---------------------+-------------------+------------------+-------------------+----------------+---------------+----------------+


