Copyright 1986-2021 Xilinx, Inc. All Rights Reserved.
------------------------------------------------------------------------------------------
| Tool Version : Vivado v.2021.2 (lin64) Build 3367213 Tue Oct 19 02:47:39 MDT 2021
| Date         : Fri Sep 15 12:29:28 2023
| Host         : picu running 64-bit Ubuntu 20.04.1 LTS
| Command      : report_utilization -slr -file slr_util_placed.rpt -pb slr_util_placed.pb
| Design       : pfm_top_wrapper
| Device       : xcu280-fsvh2892-2L-e
| Speed File   : -2L
| Design State : Fully Placed
------------------------------------------------------------------------------------------

Utilization Design Information

Table of Contents
-----------------
1. SLR Connectivity
2. SLR Connectivity Matrix
3. SLR CLB Logic and Dedicated Block Utilization
4. SLR IO Utilization

1. SLR Connectivity
-------------------

+----------------------------------+------+-------+-----------+-------+
|                                  | Used | Fixed | Available | Util% |
+----------------------------------+------+-------+-----------+-------+
| SLR2 <-> SLR1                    | 3954 |       |     23040 | 17.16 |
|   SLR1 -> SLR2                   | 2082 |       |           |  9.04 |
|     Using TX_REG only            |    1 |     1 |           |       |
|     Using RX_REG only            |   18 |    18 |           |       |
|     Using Both TX_REG and RX_REG |  267 |     1 |           |       |
|   SLR2 -> SLR1                   | 1872 |       |           |  8.13 |
|     Using TX_REG only            |    0 |     0 |           |       |
|     Using RX_REG only            |    4 |     4 |           |       |
|     Using Both TX_REG and RX_REG |  407 |     0 |           |       |
| SLR1 <-> SLR0                    | 2554 |       |     23040 | 11.09 |
|   SLR0 -> SLR1                   | 1139 |       |           |  4.94 |
|     Using TX_REG only            |   71 |    71 |           |       |
|     Using RX_REG only            |   61 |    61 |           |       |
|     Using Both TX_REG and RX_REG |  355 |    55 |           |       |
|   SLR1 -> SLR0                   | 1415 |       |           |  6.14 |
|     Using TX_REG only            |   62 |    62 |           |       |
|     Using RX_REG only            |   72 |    71 |           |       |
|     Using Both TX_REG and RX_REG |  439 |    60 |           |       |
+----------------------------------+------+-------+-----------+-------+
| Total SLLs Used                  | 6508 |       |           |       |
+----------------------------------+------+-------+-----------+-------+


2. SLR Connectivity Matrix
--------------------------

+-----------+------+------+------+
| FROM \ TO | SLR2 | SLR1 | SLR0 |
+-----------+------+------+------+
| SLR2      |    0 | 1737 |  135 |
| SLR1      | 1981 |    0 | 1280 |
| SLR0      |  101 | 1038 |    0 |
+-----------+------+------+------+


3. SLR CLB Logic and Dedicated Block Utilization
------------------------------------------------

+----------------------------+--------+-------+-------+--------+--------+--------+
|          Site Type         |  SLR0  |  SLR1 |  SLR2 | SLR0 % | SLR1 % | SLR2 % |
+----------------------------+--------+-------+-------+--------+--------+--------+
| CLB                        |  32377 |  6813 |  7966 |  58.91 |  12.62 |  14.75 |
|   CLBL                     |  17097 |  3455 |  4085 |  58.39 |  11.80 |  13.95 |
|   CLBM                     |  15280 |  3358 |  3881 |  59.50 |  13.58 |  15.70 |
| CLB LUTs                   | 150868 | 48186 | 35326 |  34.31 |  11.15 |   8.18 |
|   LUT as Logic             | 121366 | 44182 | 32320 |  27.60 |  10.23 |   7.48 |
|     using O5 output only   |   1284 |   293 |  1008 |   0.29 |   0.07 |   0.23 |
|     using O6 output only   |  92754 | 34639 | 19476 |  21.10 |   8.02 |   4.51 |
|     using O5 and O6        |  27328 |  9250 | 11836 |   6.22 |   2.14 |   2.74 |
|   LUT as Memory            |  29502 |  4004 |  3006 |  14.36 |   2.02 |   1.52 |
|     LUT as Distributed RAM |  26238 |  3837 |  1660 |  12.77 |   1.94 |   0.84 |
|       using O5 output only |      0 |     0 |     0 |   0.00 |   0.00 |   0.00 |
|       using O6 output only |  23246 |   215 |    84 |  11.32 |   0.11 |   0.04 |
|       using O5 and O6      |   2992 |  3622 |  1576 |   1.46 |   1.83 |   0.80 |
|     LUT as Shift Register  |   3264 |   167 |  1346 |   1.59 |   0.08 |   0.68 |
|       using O5 output only |      0 |     0 |     0 |   0.00 |   0.00 |   0.00 |
|       using O6 output only |   2196 |   167 |  1216 |   1.07 |   0.08 |   0.61 |
|       using O5 and O6      |   1068 |     0 |   130 |   0.52 |   0.00 |   0.07 |
| CLB Registers              | 202964 | 46774 | 60919 |  23.08 |   5.41 |   7.05 |
| CARRY8                     |   4279 |   480 |   313 |   7.79 |   0.89 |   0.58 |
| F7 Muxes                   |   2964 |   651 |  1054 |   1.35 |   0.30 |   0.49 |
| F8 Muxes                   |    748 |   141 |    47 |   0.68 |   0.13 |   0.04 |
| F9 Muxes                   |      2 |     0 |     0 |  <0.01 |   0.00 |   0.00 |
| Block RAM Tile             |    210 |  82.5 |    94 |  31.25 |  12.28 |  13.99 |
|   RAMB36/FIFO              |    160 |    82 |    92 |  23.81 |  12.20 |  13.69 |
|     RAMB36E2 only          |    160 |    82 |    92 |  23.81 |  12.20 |  13.69 |
|   RAMB18                   |    100 |     1 |     4 |   7.44 |   0.07 |   0.30 |
|     RAMB18E2 only          |    100 |     1 |     4 |   7.44 |   0.07 |   0.30 |
| URAM                       |      0 |     0 |     0 |   0.00 |   0.00 |   0.00 |
| DSPs                       |    486 |     0 |     4 |  16.88 |   0.00 |   0.13 |
| Unique Control Sets        |   5939 |  1524 |  2723 |   5.40 |   1.41 |   2.52 |
+----------------------------+--------+-------+-------+--------+--------+--------+
* Note: Available Control Sets based on CLB Registers / 8


4. SLR IO Utilization
---------------------

+-----------+-----------+---------+------------+----------+------------+----------+-----+
| SLR Index | Used IOBs | (%)IOBs | Used IPADs | (%)IPADs | Used OPADs | (%)OPADs | GTs |
+-----------+-----------+---------+------------+----------+------------+----------+-----+
| SLR2      |        18 |    8.65 |          0 |     0.00 |          0 |     0.00 |   0 |
| SLR1      |         0 |    0.00 |          0 |     0.00 |          0 |     0.00 |   0 |
| SLR0      |         1 |    0.48 |          0 |     0.00 |          0 |     0.00 |  16 |
+-----------+-----------+---------+------------+----------+------------+----------+-----+
| Total     |        19 |         |          0 |          |          0 |          |  16 |
+-----------+-----------+---------+------------+----------+------------+----------+-----+


