Copyright 1986-2021 Xilinx, Inc. All Rights Reserved.
-------------------------------------------------------------------------------------------------------------------------------------------------------------------------------
| Tool Version : Vivado v.2021.2 (lin64) Build 3367213 Tue Oct 19 02:47:39 MDT 2021
| Date         : Tue Nov 22 12:12:10 2022
| Host         : nanu running 64-bit Ubuntu 20.04.1 LTS
| Command      : report_accelerator_utilization -kernels { k_sign:pfm_top_i/dynamic_region/k_sign_1/inst:k_sign_1} -file kernel_util_routed.rpt -name kernel_util_routed -json
| Design       : pfm_top_wrapper
| Device       : xcu280
| Design State : Routed
-------------------------------------------------------------------------------------------------------------------------------------------------------------------------------

Accelerator Utilization Design Information

Table of Contents
-----------------
1. System Utilization

1. System Utilization
---------------------

+---------------------+-------------------+------------------+-------------------+----------------+---------------+----------------+
| Name                | LUT               | LUTAsMem         | REG               | BRAM           | URAM          | DSP            |
+---------------------+-------------------+------------------+-------------------+----------------+---------------+----------------+
| Platform            |  107704 [  8.27%] |  11556 [  1.92%] |  159471 [  6.12%] |  202 [ 10.02%] |   0 [  0.00%] |    4 [  0.04%] |
| User Budget         | 1195016 [100.00%] | 588924 [100.00%] | 2447889 [100.00%] | 1814 [100.00%] | 960 [100.00%] | 9020 [100.00%] |
|    Used Resources   |  125326 [ 10.49%] |  24653 [  4.19%] |  147337 [  6.02%] |  182 [ 10.03%] |   0 [  0.00%] |  486 [  5.39%] |
|    Unused Resources | 1069690 [ 89.51%] | 564271 [ 95.81%] | 2300552 [ 93.98%] | 1632 [ 89.97%] | 960 [100.00%] | 8534 [ 94.61%] |
| k_sign              |  125326 [ 10.49%] |  24653 [  4.19%] |  147337 [  6.02%] |  182 [ 10.03%] |   0 [  0.00%] |  486 [  5.39%] |
|    k_sign_1         |  125326 [ 10.49%] |  24653 [  4.19%] |  147337 [  6.02%] |  182 [ 10.03%] |   0 [  0.00%] |  486 [  5.39%] |
+---------------------+-------------------+------------------+-------------------+----------------+---------------+----------------+


