Copyright 1986-2021 Xilinx, Inc. All Rights Reserved.
---------------------------------------------------------------------------------------------------------------------------------------------------------------------------------
| Tool Version : Vivado v.2021.2 (lin64) Build 3367213 Tue Oct 19 02:47:39 MDT 2021
| Date         : Tue Nov 22 10:41:11 2022
| Host         : nanu running 64-bit Ubuntu 20.04.1 LTS
| Command      : report_accelerator_utilization -kernels { k_sign:pfm_top_i/dynamic_region/k_sign_1/inst:k_sign_1} -file kernel_util_synthed.rpt -name kernel_util_synthed -json
| Design       : pfm_top_wrapper
| Device       : xcu280
| Design State : Synthesized
---------------------------------------------------------------------------------------------------------------------------------------------------------------------------------

Accelerator Utilization Design Information

Table of Contents
-----------------
1. System Utilization

1. System Utilization
---------------------

+---------------------+-------------------+------------------+-------------------+----------------+---------------+----------------+
| Name                | LUT               | LUTAsMem         | REG               | BRAM           | URAM          | DSP            |
+---------------------+-------------------+------------------+-------------------+----------------+---------------+----------------+
| Platform            |  123311 [  9.47%] |  13710 [  2.28%] |  166586 [  6.39%] |  202 [ 10.02%] |   0 [  0.00%] |    4 [  0.04%] |
| User Budget         | 1179409 [100.00%] | 586770 [100.00%] | 2440774 [100.00%] | 1814 [100.00%] | 960 [100.00%] | 9020 [100.00%] |
|    Used Resources   |  128108 [ 10.86%] |  25662 [  4.37%] |  147705 [  6.05%] |  182 [ 10.03%] |   0 [  0.00%] |  486 [  5.39%] |
|    Unused Resources | 1051301 [ 89.14%] | 561108 [ 95.63%] | 2293069 [ 93.95%] | 1632 [ 89.97%] | 960 [100.00%] | 8534 [ 94.61%] |
| k_sign              |  128108 [ 10.86%] |  25662 [  4.37%] |  147705 [  6.05%] |  182 [ 10.03%] |   0 [  0.00%] |  486 [  5.39%] |
|    k_sign_1         |  128108 [ 10.86%] |  25662 [  4.37%] |  147705 [  6.05%] |  182 [ 10.03%] |   0 [  0.00%] |  486 [  5.39%] |
+---------------------+-------------------+------------------+-------------------+----------------+---------------+----------------+


