Copyright 1986-2021 Xilinx, Inc. All Rights Reserved.
------------------------------------------------------------------------------------------
| Tool Version : Vivado v.2021.2 (lin64) Build 3367213 Tue Oct 19 02:47:39 MDT 2021
| Date         : Tue Nov 22 11:23:43 2022
| Host         : nanu running 64-bit Ubuntu 20.04.1 LTS
| Command      : report_utilization -slr -file slr_util_placed.rpt -pb slr_util_placed.pb
| Design       : pfm_top_wrapper
| Device       : xcu280-fsvh2892-2L-e
| Speed File   : -2L
| Design State : Fully Placed
------------------------------------------------------------------------------------------

Utilization Design Information

Table of Contents
-----------------
1. SLR Connectivity
2. SLR Connectivity Matrix
3. SLR CLB Logic and Dedicated Block Utilization
4. SLR IO Utilization

1. SLR Connectivity
-------------------

+----------------------------------+------+-------+-----------+-------+
|                                  | Used | Fixed | Available | Util% |
+----------------------------------+------+-------+-----------+-------+
| SLR2 <-> SLR1                    | 3959 |       |     23040 | 17.18 |
|   SLR1 -> SLR2                   | 2089 |       |           |  9.07 |
|     Using TX_REG only            |    1 |     1 |           |       |
|     Using RX_REG only            |   18 |    18 |           |       |
|     Using Both TX_REG and RX_REG |  267 |     1 |           |       |
|   SLR2 -> SLR1                   | 1870 |       |           |  8.12 |
|     Using TX_REG only            |    0 |     0 |           |       |
|     Using RX_REG only            |    4 |     4 |           |       |
|     Using Both TX_REG and RX_REG |  407 |     0 |           |       |
| SLR1 <-> SLR0                    | 2551 |       |     23040 | 11.07 |
|   SLR0 -> SLR1                   | 1137 |       |           |  4.93 |
|     Using TX_REG only            |   71 |    71 |           |       |
|     Using RX_REG only            |   61 |    61 |           |       |
|     Using Both TX_REG and RX_REG |  355 |    55 |           |       |
|   SLR1 -> SLR0                   | 1414 |       |           |  6.14 |
|     Using TX_REG only            |   62 |    62 |           |       |
|     Using RX_REG only            |   72 |    71 |           |       |
|     Using Both TX_REG and RX_REG |  439 |    60 |           |       |
+----------------------------------+------+-------+-----------+-------+
| Total SLLs Used                  | 6510 |       |           |       |
+----------------------------------+------+-------+-----------+-------+


2. SLR Connectivity Matrix
--------------------------

+-----------+------+------+------+
| FROM \ TO | SLR2 | SLR1 | SLR0 |
+-----------+------+------+------+
| SLR2      |    0 | 1735 |  135 |
| SLR1      | 1989 |    0 | 1279 |
| SLR0      |  100 | 1037 |    0 |
+-----------+------+------+------+


3. SLR CLB Logic and Dedicated Block Utilization
------------------------------------------------

+----------------------------+--------+-------+-------+--------+--------+--------+
|          Site Type         |  SLR0  |  SLR1 |  SLR2 | SLR0 % | SLR1 % | SLR2 % |
+----------------------------+--------+-------+-------+--------+--------+--------+
| CLB                        |  30726 |  6840 |  7931 |  55.91 |  12.67 |  14.69 |
|   CLBL                     |  16280 |  3467 |  4073 |  55.60 |  11.84 |  13.91 |
|   CLBM                     |  14446 |  3373 |  3858 |  56.25 |  13.64 |  15.61 |
| CLB LUTs                   | 149529 | 48286 | 35214 |  34.01 |  11.18 |   8.15 |
|   LUT as Logic             | 120330 | 44249 | 32241 |  27.37 |  10.24 |   7.46 |
|     using O5 output only   |   1259 |   293 |  1010 |   0.29 |   0.07 |   0.23 |
|     using O6 output only   |  92086 | 34693 | 19423 |  20.94 |   8.03 |   4.50 |
|     using O5 and O6        |  26985 |  9263 | 11808 |   6.14 |   2.14 |   2.73 |
|   LUT as Memory            |  29199 |  4037 |  2973 |  14.21 |   2.04 |   1.50 |
|     LUT as Distributed RAM |  25922 |  3837 |  1660 |  12.62 |   1.94 |   0.84 |
|       using O5 output only |      0 |     0 |     0 |   0.00 |   0.00 |   0.00 |
|       using O6 output only |  23226 |   215 |    84 |  11.31 |   0.11 |   0.04 |
|       using O5 and O6      |   2696 |  3622 |  1576 |   1.31 |   1.83 |   0.80 |
|     LUT as Shift Register  |   3277 |   200 |  1313 |   1.60 |   0.10 |   0.66 |
|       using O5 output only |      0 |     0 |     0 |   0.00 |   0.00 |   0.00 |
|       using O6 output only |   2209 |   200 |  1183 |   1.08 |   0.10 |   0.60 |
|       using O5 and O6      |   1068 |     0 |   130 |   0.52 |   0.00 |   0.07 |
| CLB Registers              | 199117 | 47295 | 60396 |  22.64 |   5.47 |   6.99 |
| CARRY8                     |   4278 |   480 |   313 |   7.78 |   0.89 |   0.58 |
| F7 Muxes                   |   2923 |   651 |  1054 |   1.33 |   0.30 |   0.49 |
| F8 Muxes                   |    684 |   141 |    47 |   0.62 |   0.13 |   0.04 |
| F9 Muxes                   |      2 |     0 |     0 |  <0.01 |   0.00 |   0.00 |
| Block RAM Tile             |    208 |  82.5 |    94 |  30.95 |  12.28 |  13.99 |
|   RAMB36/FIFO              |    159 |    82 |    92 |  23.66 |  12.20 |  13.69 |
|     RAMB36E2 only          |    159 |    82 |    92 |  23.66 |  12.20 |  13.69 |
|   RAMB18                   |     98 |     1 |     4 |   7.29 |   0.07 |   0.30 |
|     RAMB18E2 only          |     98 |     1 |     4 |   7.29 |   0.07 |   0.30 |
| URAM                       |      0 |     0 |     0 |   0.00 |   0.00 |   0.00 |
| DSPs                       |    486 |     0 |     4 |  16.88 |   0.00 |   0.13 |
| Unique Control Sets        |   5931 |  1531 |  2714 |   5.40 |   1.42 |   2.51 |
+----------------------------+--------+-------+-------+--------+--------+--------+
* Note: Available Control Sets based on CLB Registers / 8


4. SLR IO Utilization
---------------------

+-----------+-----------+---------+------------+----------+------------+----------+-----+
| SLR Index | Used IOBs | (%)IOBs | Used IPADs | (%)IPADs | Used OPADs | (%)OPADs | GTs |
+-----------+-----------+---------+------------+----------+------------+----------+-----+
| SLR2      |        18 |    8.65 |          0 |     0.00 |          0 |     0.00 |   0 |
| SLR1      |         0 |    0.00 |          0 |     0.00 |          0 |     0.00 |   0 |
| SLR0      |         1 |    0.48 |          0 |     0.00 |          0 |     0.00 |  16 |
+-----------+-----------+---------+------------+----------+------------+----------+-----+
| Total     |        19 |         |          0 |          |          0 |          |  16 |
+-----------+-----------+---------+------------+----------+------------+----------+-----+


