INFO: [v++ 60-1306] Additional information associated with this v++ link can be found at:
	Reports: /home/xcarril/pqc_codesign/dilithium-update/ML-DSA/verification/xout/hw.2/.temps/reports/link
	Log files: /home/xcarril/pqc_codesign/dilithium-update/ML-DSA/verification/xout/hw.2/.temps/logs/link
INFO: [v++ 60-1548] Creating build summary session with primary output /home/xcarril/pqc_codesign/dilithium-update/ML-DSA/verification/xout/hw.2/xclbin/k_verify.hw.2.xclbin.link_summary, at Fri Sep 15 14:01:44 2023
INFO: [v++ 60-1316] Initiating connection to rulecheck server, at Fri Sep 15 14:01:44 2023
INFO: [v++ 60-1315] Creating rulecheck session with output '/home/xcarril/pqc_codesign/dilithium-update/ML-DSA/verification/xout/hw.2/.temps/reports/link/v++_link_k_verify.hw.2_guidance.html', at Fri Sep 15 14:01:45 2023
INFO: [v++ 60-895]   Target platform: /opt/xilinx/platforms/xilinx_u280_xdma_201920_3/xilinx_u280_xdma_201920_3.xpfm
INFO: [v++ 60-1578]   This platform contains Xilinx Shell Archive '/opt/xilinx/platforms/xilinx_u280_xdma_201920_3/hw/xilinx_u280_xdma_201920_3.xsa'
INFO: [v++ 74-78] Compiler Version string: 2021.2
INFO: [v++ 60-1302] Platform 'xilinx_u280_xdma_201920_3.xpfm' has been explicitly enabled for this release.
INFO: [v++ 60-629] Linking for hardware target
INFO: [v++ 60-423]   Target device: xilinx_u280_xdma_201920_3
INFO: [v++ 60-1332] Run 'run_link' status: Not started
INFO: [v++ 60-1443] [14:01:57] Run run_link: Step system_link: Started
INFO: [v++ 60-1453] Command Line: system_link --xo /home/xcarril/pqc_codesign/dilithium-update/ML-DSA/verification/xout/hw.2/xobj/k_verify.hw.2.xo --config /home/xcarril/pqc_codesign/dilithium-update/ML-DSA/verification/xout/hw.2/.temps/link/int/syslinkConfig.ini --xpfm /opt/xilinx/platforms/xilinx_u280_xdma_201920_3/xilinx_u280_xdma_201920_3.xpfm --target hw --output_dir /home/xcarril/pqc_codesign/dilithium-update/ML-DSA/verification/xout/hw.2/.temps/link/int --temp_dir /home/xcarril/pqc_codesign/dilithium-update/ML-DSA/verification/xout/hw.2/.temps/link/sys_link
INFO: [v++ 60-1454] Run Directory: /home/xcarril/pqc_codesign/dilithium-update/ML-DSA/verification/xout/hw.2/.temps/link/run_link
INFO: [SYSTEM_LINK 60-1316] Initiating connection to rulecheck server, at Fri Sep 15 14:01:59 2023
INFO: [SYSTEM_LINK 82-70] Extracting xo v3 file /home/xcarril/pqc_codesign/dilithium-update/ML-DSA/verification/xout/hw.2/xobj/k_verify.hw.2.xo
INFO: [SYSTEM_LINK 82-53] Creating IP database /home/xcarril/pqc_codesign/dilithium-update/ML-DSA/verification/xout/hw.2/.temps/link/sys_link/_sysl/.cdb/xd_ip_db.xml
INFO: [SYSTEM_LINK 82-38] [14:02:05] build_xd_ip_db started: /opt/Xilinx/Vitis/2021.2/bin/build_xd_ip_db -ip_search 0  -sds-pf /home/xcarril/pqc_codesign/dilithium-update/ML-DSA/verification/xout/hw.2/.temps/link/sys_link/xilinx_u280_xdma_201920_3.hpfm -clkid 0 -ip /home/xcarril/pqc_codesign/dilithium-update/ML-DSA/verification/xout/hw.2/.temps/link/sys_link/iprepo/xilinx_com_hls_k_verify_0_0,k_verify -o /home/xcarril/pqc_codesign/dilithium-update/ML-DSA/verification/xout/hw.2/.temps/link/sys_link/_sysl/.cdb/xd_ip_db.xml
INFO: [SYSTEM_LINK 82-37] [14:02:08] build_xd_ip_db finished successfully
Time (s): cpu = 00:00:03 ; elapsed = 00:00:04 . Memory (MB): peak = 2167.438 ; gain = 0.000 ; free physical = 98711 ; free virtual = 224921
INFO: [SYSTEM_LINK 82-51] Create system connectivity graph
INFO: [SYSTEM_LINK 82-102] Applying explicit connections to the system connectivity graph: /home/xcarril/pqc_codesign/dilithium-update/ML-DSA/verification/xout/hw.2/.temps/link/sys_link/cfgraph/cfgen_cfgraph.xml
INFO: [SYSTEM_LINK 82-38] [14:02:08] cfgen started: /opt/Xilinx/Vitis/2021.2/bin/cfgen  -sp k_verify_1.m_axi_gmemver:HBM[0] -sp k_verify_1.m_axi_gmemsig:HBM[1] -sp k_verify_1.m_axi_gmemm:HBM[3] -sp k_verify_1.m_axi_gmempk:HBM[2] -dmclkid 0 -r /home/xcarril/pqc_codesign/dilithium-update/ML-DSA/verification/xout/hw.2/.temps/link/sys_link/_sysl/.cdb/xd_ip_db.xml -o /home/xcarril/pqc_codesign/dilithium-update/ML-DSA/verification/xout/hw.2/.temps/link/sys_link/cfgraph/cfgen_cfgraph.xml
INFO: [CFGEN 83-0] Kernel Specs: 
INFO: [CFGEN 83-0]   kernel: k_verify, num: 1  {k_verify_1}
INFO: [CFGEN 83-0] Port Specs: 
INFO: [CFGEN 83-0]   kernel: k_verify_1, k_port: m_axi_gmemver, sptag: HBM[0]
INFO: [CFGEN 83-0]   kernel: k_verify_1, k_port: m_axi_gmemsig, sptag: HBM[1]
INFO: [CFGEN 83-0]   kernel: k_verify_1, k_port: m_axi_gmemm, sptag: HBM[3]
INFO: [CFGEN 83-0]   kernel: k_verify_1, k_port: m_axi_gmempk, sptag: HBM[2]
INFO: [CFGEN 83-2228] Creating mapping for argument k_verify_1.ver to HBM[0] for directive k_verify_1.m_axi_gmemver:HBM[0]
INFO: [CFGEN 83-2228] Creating mapping for argument k_verify_1.sig to HBM[1] for directive k_verify_1.m_axi_gmemsig:HBM[1]
INFO: [CFGEN 83-2228] Creating mapping for argument k_verify_1.m to HBM[3] for directive k_verify_1.m_axi_gmemm:HBM[3]
INFO: [CFGEN 83-2228] Creating mapping for argument k_verify_1.pk to HBM[2] for directive k_verify_1.m_axi_gmempk:HBM[2]
INFO: [SYSTEM_LINK 82-37] [14:02:15] cfgen finished successfully
Time (s): cpu = 00:00:07 ; elapsed = 00:00:07 . Memory (MB): peak = 2167.438 ; gain = 0.000 ; free physical = 99428 ; free virtual = 225644
INFO: [SYSTEM_LINK 82-52] Create top-level block diagram
INFO: [SYSTEM_LINK 82-38] [14:02:15] cf2bd started: /opt/Xilinx/Vitis/2021.2/bin/cf2bd  --linux --trace_buffer 1024 --input_file /home/xcarril/pqc_codesign/dilithium-update/ML-DSA/verification/xout/hw.2/.temps/link/sys_link/cfgraph/cfgen_cfgraph.xml --ip_db /home/xcarril/pqc_codesign/dilithium-update/ML-DSA/verification/xout/hw.2/.temps/link/sys_link/_sysl/.cdb/xd_ip_db.xml --cf_name dr --working_dir /home/xcarril/pqc_codesign/dilithium-update/ML-DSA/verification/xout/hw.2/.temps/link/sys_link/_sysl/.xsd --temp_dir /home/xcarril/pqc_codesign/dilithium-update/ML-DSA/verification/xout/hw.2/.temps/link/sys_link --output_dir /home/xcarril/pqc_codesign/dilithium-update/ML-DSA/verification/xout/hw.2/.temps/link/int --target_bd pfm_dynamic.bd
INFO: [CF2BD 82-31] Launching cf2xd: cf2xd -linux -trace-buffer 1024 -i /home/xcarril/pqc_codesign/dilithium-update/ML-DSA/verification/xout/hw.2/.temps/link/sys_link/cfgraph/cfgen_cfgraph.xml -r /home/xcarril/pqc_codesign/dilithium-update/ML-DSA/verification/xout/hw.2/.temps/link/sys_link/_sysl/.cdb/xd_ip_db.xml -o dr.xml
INFO: [CF2BD 82-28] cf2xd finished successfully
INFO: [CF2BD 82-31] Launching cf_xsd: cf_xsd -disable-address-gen -bd pfm_dynamic.bd -dn dr -dp /home/xcarril/pqc_codesign/dilithium-update/ML-DSA/verification/xout/hw.2/.temps/link/sys_link/_sysl/.xsd
INFO: [CF2BD 82-28] cf_xsd finished successfully
INFO: [SYSTEM_LINK 82-37] [14:02:17] cf2bd finished successfully
Time (s): cpu = 00:00:02 ; elapsed = 00:00:02 . Memory (MB): peak = 2167.438 ; gain = 0.000 ; free physical = 99412 ; free virtual = 225646
INFO: [v++ 60-1441] [14:02:17] Run run_link: Step system_link: Completed
Time (s): cpu = 00:00:15 ; elapsed = 00:00:20 . Memory (MB): peak = 2062.168 ; gain = 0.000 ; free physical = 99468 ; free virtual = 225699
INFO: [v++ 60-1443] [14:02:17] Run run_link: Step cf2sw: Started
INFO: [v++ 60-1453] Command Line: cf2sw -sdsl /home/xcarril/pqc_codesign/dilithium-update/ML-DSA/verification/xout/hw.2/.temps/link/int/sdsl.dat -rtd /home/xcarril/pqc_codesign/dilithium-update/ML-DSA/verification/xout/hw.2/.temps/link/int/cf2sw.rtd -nofilter /home/xcarril/pqc_codesign/dilithium-update/ML-DSA/verification/xout/hw.2/.temps/link/int/cf2sw_full.rtd -xclbin /home/xcarril/pqc_codesign/dilithium-update/ML-DSA/verification/xout/hw.2/.temps/link/int/xclbin_orig.xml -o /home/xcarril/pqc_codesign/dilithium-update/ML-DSA/verification/xout/hw.2/.temps/link/int/xclbin_orig.1.xml
INFO: [v++ 60-1454] Run Directory: /home/xcarril/pqc_codesign/dilithium-update/ML-DSA/verification/xout/hw.2/.temps/link/run_link
INFO: [v++ 60-1441] [14:02:21] Run run_link: Step cf2sw: Completed
Time (s): cpu = 00:00:04 ; elapsed = 00:00:04 . Memory (MB): peak = 2062.168 ; gain = 0.000 ; free physical = 99374 ; free virtual = 225643
INFO: [v++ 60-1443] [14:02:21] Run run_link: Step rtd2_system_diagram: Started
INFO: [v++ 60-1453] Command Line: rtd2SystemDiagram
INFO: [v++ 60-1454] Run Directory: /home/xcarril/pqc_codesign/dilithium-update/ML-DSA/verification/xout/hw.2/.temps/link/run_link
INFO: [v++ 60-1441] [14:02:22] Run run_link: Step rtd2_system_diagram: Completed
Time (s): cpu = 00:00:00 ; elapsed = 00:00:00.65 . Memory (MB): peak = 2062.168 ; gain = 0.000 ; free physical = 99356 ; free virtual = 225625
INFO: [v++ 60-1443] [14:02:22] Run run_link: Step vpl: Started
INFO: [v++ 60-1453] Command Line: vpl -t hw -f xilinx_u280_xdma_201920_3 --remote_ip_cache /home/xcarril/pqc_codesign/dilithium-update/ML-DSA/verification/.ipcache --output_dir /home/xcarril/pqc_codesign/dilithium-update/ML-DSA/verification/xout/hw.2/.temps/link/int --log_dir /home/xcarril/pqc_codesign/dilithium-update/ML-DSA/verification/xout/hw.2/.temps/logs/link --report_dir /home/xcarril/pqc_codesign/dilithium-update/ML-DSA/verification/xout/hw.2/.temps/reports/link --config /home/xcarril/pqc_codesign/dilithium-update/ML-DSA/verification/xout/hw.2/.temps/link/int/vplConfig.ini -k /home/xcarril/pqc_codesign/dilithium-update/ML-DSA/verification/xout/hw.2/.temps/link/int/kernel_info.dat --webtalk_flag Vitis --temp_dir /home/xcarril/pqc_codesign/dilithium-update/ML-DSA/verification/xout/hw.2/.temps/link --no-info --iprepo /home/xcarril/pqc_codesign/dilithium-update/ML-DSA/verification/xout/hw.2/.temps/link/int/xo/ip_repo/xilinx_com_hls_k_verify_0_0 --messageDb /home/xcarril/pqc_codesign/dilithium-update/ML-DSA/verification/xout/hw.2/.temps/link/run_link/vpl.pb /home/xcarril/pqc_codesign/dilithium-update/ML-DSA/verification/xout/hw.2/.temps/link/int/dr.bd.tcl
INFO: [v++ 60-1454] Run Directory: /home/xcarril/pqc_codesign/dilithium-update/ML-DSA/verification/xout/hw.2/.temps/link/run_link

****** vpl v2021.2 (64-bit)
  **** SW Build 3363252 on 2021-10-14-04:41:01
    ** Copyright 1986-2020 Xilinx, Inc. All Rights Reserved.

INFO: [VPL 60-839] Read in kernel information from file '/home/xcarril/pqc_codesign/dilithium-update/ML-DSA/verification/xout/hw.2/.temps/link/int/kernel_info.dat'.
INFO: [VPL 74-78] Compiler Version string: 2021.2
INFO: [VPL 60-423]   Target device: xilinx_u280_xdma_201920_3
INFO: [VPL 60-1032] Extracting hardware platform to /home/xcarril/pqc_codesign/dilithium-update/ML-DSA/verification/xout/hw.2/.temps/link/vivado/vpl/.local/hw_platform
[14:03:14] Run vpl: Step create_project: Started
Creating Vivado project.
[14:03:18] Run vpl: Step create_project: Completed
[14:03:18] Run vpl: Step create_bd: Started
[14:04:40] Run vpl: Step create_bd: RUNNING...
[14:04:53] Run vpl: Step create_bd: Completed
[14:04:53] Run vpl: Step update_bd: Started
[14:04:54] Run vpl: Step update_bd: Completed
[14:04:54] Run vpl: Step generate_target: Started
[14:05:40] Run vpl: Step generate_target: Completed
[14:05:40] Run vpl: Step config_hw_runs: Started
[14:05:54] Run vpl: Step config_hw_runs: Completed
[14:05:54] Run vpl: Step synth: Started
[14:06:31] Block-level synthesis in progress, 0 of 60 jobs complete, 8 jobs running.
[14:07:01] Block-level synthesis in progress, 0 of 60 jobs complete, 8 jobs running.
[14:07:34] Block-level synthesis in progress, 7 of 60 jobs complete, 7 jobs running.
[14:08:05] Block-level synthesis in progress, 8 of 60 jobs complete, 8 jobs running.
[14:08:37] Block-level synthesis in progress, 9 of 60 jobs complete, 7 jobs running.
[14:09:09] Block-level synthesis in progress, 11 of 60 jobs complete, 6 jobs running.
[14:09:42] Block-level synthesis in progress, 15 of 60 jobs complete, 5 jobs running.
[14:10:13] Block-level synthesis in progress, 15 of 60 jobs complete, 8 jobs running.
[14:10:47] Block-level synthesis in progress, 16 of 60 jobs complete, 8 jobs running.
[14:11:18] Block-level synthesis in progress, 18 of 60 jobs complete, 7 jobs running.
[14:11:49] Block-level synthesis in progress, 19 of 60 jobs complete, 8 jobs running.
[14:12:22] Block-level synthesis in progress, 21 of 60 jobs complete, 7 jobs running.
[14:12:53] Block-level synthesis in progress, 25 of 60 jobs complete, 5 jobs running.
[14:13:25] Block-level synthesis in progress, 28 of 60 jobs complete, 5 jobs running.
[14:13:56] Block-level synthesis in progress, 29 of 60 jobs complete, 7 jobs running.
[14:14:27] Block-level synthesis in progress, 29 of 60 jobs complete, 8 jobs running.
[14:15:01] Block-level synthesis in progress, 34 of 60 jobs complete, 4 jobs running.
[14:15:32] Block-level synthesis in progress, 37 of 60 jobs complete, 5 jobs running.
[14:16:04] Block-level synthesis in progress, 41 of 60 jobs complete, 6 jobs running.
[14:16:35] Block-level synthesis in progress, 45 of 60 jobs complete, 6 jobs running.
[14:17:06] Block-level synthesis in progress, 48 of 60 jobs complete, 6 jobs running.
[14:17:37] Block-level synthesis in progress, 50 of 60 jobs complete, 7 jobs running.
[14:18:09] Block-level synthesis in progress, 53 of 60 jobs complete, 5 jobs running.
[14:18:40] Block-level synthesis in progress, 55 of 60 jobs complete, 3 jobs running.
[14:19:12] Block-level synthesis in progress, 59 of 60 jobs complete, 1 job running.
[14:19:43] Block-level synthesis in progress, 59 of 60 jobs complete, 1 job running.
[14:20:15] Block-level synthesis in progress, 59 of 60 jobs complete, 1 job running.
[14:20:46] Block-level synthesis in progress, 59 of 60 jobs complete, 1 job running.
[14:21:18] Block-level synthesis in progress, 59 of 60 jobs complete, 1 job running.
[14:21:50] Block-level synthesis in progress, 59 of 60 jobs complete, 1 job running.
[14:22:21] Block-level synthesis in progress, 59 of 60 jobs complete, 1 job running.
[14:22:52] Block-level synthesis in progress, 59 of 60 jobs complete, 1 job running.
[14:23:23] Block-level synthesis in progress, 59 of 60 jobs complete, 1 job running.
[14:23:54] Block-level synthesis in progress, 59 of 60 jobs complete, 1 job running.
[14:24:26] Block-level synthesis in progress, 59 of 60 jobs complete, 1 job running.
[14:24:57] Block-level synthesis in progress, 59 of 60 jobs complete, 1 job running.
[14:25:28] Block-level synthesis in progress, 59 of 60 jobs complete, 1 job running.
[14:25:59] Block-level synthesis in progress, 59 of 60 jobs complete, 1 job running.
[14:26:31] Block-level synthesis in progress, 59 of 60 jobs complete, 1 job running.
[14:27:01] Block-level synthesis in progress, 59 of 60 jobs complete, 1 job running.
[14:27:32] Block-level synthesis in progress, 59 of 60 jobs complete, 1 job running.
[14:28:05] Block-level synthesis in progress, 59 of 60 jobs complete, 1 job running.
[14:28:37] Block-level synthesis in progress, 59 of 60 jobs complete, 1 job running.
[14:29:11] Block-level synthesis in progress, 59 of 60 jobs complete, 1 job running.
[14:29:43] Block-level synthesis in progress, 60 of 60 jobs complete, 0 jobs running.
[14:30:14] Top-level synthesis in progress.
[14:30:41] Run vpl: Step synth: Completed
[14:30:41] Run vpl: Step impl: Started
[14:37:00] Finished 2nd of 6 tasks (FPGA linking synthesized kernels to platform). Elapsed time: 00h 34m 36s 

[14:37:00] Starting logic optimization..
[14:38:02] Phase 1 Retarget
[14:38:33] Phase 2 Constant propagation
[14:38:33] Phase 3 Sweep
[14:39:04] Phase 4 BUFG optimization
[14:39:04] Phase 5 Shift Register Optimization
[14:39:04] Phase 6 Post Processing Netlist
[14:40:38] Finished 3rd of 6 tasks (FPGA logic optimization). Elapsed time: 00h 03m 37s 

[14:40:38] Starting logic placement..
[14:41:40] Phase 1 Placer Initialization
[14:41:40] Phase 1.1 Placer Initialization Netlist Sorting
[14:45:46] Phase 1.2 IO Placement/ Clock Placement/ Build Placer Device
[14:46:17] Phase 1.3 Build Placer Netlist Model
[14:47:50] Phase 1.4 Constrain Clocks/Macros
[14:48:21] Phase 2 Global Placement
[14:48:21] Phase 2.1 Floorplanning
[14:48:52] Phase 2.1.1 Partition Driven Placement
[14:48:52] Phase 2.1.1.1 PBP: Partition Driven Placement
[14:49:23] Phase 2.1.1.2 PBP: Clock Region Placement
[14:49:54] Phase 2.1.1.3 PBP: Compute Congestion
[14:50:25] Phase 2.1.1.4 PBP: UpdateTiming
[14:50:25] Phase 2.1.1.5 PBP: Add part constraints
[14:50:56] Phase 2.2 Physical Synthesis After Floorplan
[14:51:28] Phase 2.3 Update Timing before SLR Path Opt
[14:51:28] Phase 2.4 Post-Processing in Floorplanning
[14:51:28] Phase 2.5 Global Placement Core
[14:59:44] Phase 2.5.1 Physical Synthesis In Placer
[15:02:20] Phase 3 Detail Placement
[15:02:20] Phase 3.1 Commit Multi Column Macros
[15:02:20] Phase 3.2 Commit Most Macros & LUTRAMs
[15:03:22] Phase 3.3 Small Shape DP
[15:03:22] Phase 3.3.1 Small Shape Clustering
[15:03:22] Phase 3.3.2 Flow Legalize Slice Clusters
[15:03:22] Phase 3.3.3 Slice Area Swap
[15:04:25] Phase 3.4 Place Remaining
[15:04:25] Phase 3.5 Re-assign LUT pins
[15:04:56] Phase 3.6 Pipeline Register Optimization
[15:04:56] Phase 3.7 Fast Optimization
[15:05:58] Phase 4 Post Placement Optimization and Clean-Up
[15:05:58] Phase 4.1 Post Commit Optimization
[15:07:01] Phase 4.1.1 Post Placement Optimization
[15:07:32] Phase 4.1.1.1 BUFG Insertion
[15:07:32] Phase 1 Physical Synthesis Initialization
[15:08:03] Phase 4.1.1.2 BUFG Replication
[15:08:03] Phase 4.1.1.3 Post Placement Timing Optimization
[15:13:44] Phase 4.1.1.4 Replication
[15:14:47] Phase 4.2 Post Placement Cleanup
[15:14:47] Phase 4.3 Placer Reporting
[15:14:47] Phase 4.3.1 Print Estimated Congestion
[15:15:18] Phase 4.4 Final Placement Cleanup
[15:24:42] Finished 4th of 6 tasks (FPGA logic placement). Elapsed time: 00h 44m 04s 

[15:24:42] Starting logic routing..
[15:25:13] Phase 1 Build RT Design
[15:27:18] Phase 2 Router Initialization
[15:27:18] Phase 2.1 Fix Topology Constraints
[15:27:18] Phase 2.2 Pre Route Cleanup
[15:27:18] Phase 2.3 Global Clock Net Routing
[15:27:50] Phase 2.4 Update Timing
[15:29:56] Phase 2.5 Update Timing for Bus Skew
[15:29:56] Phase 2.5.1 Update Timing
[15:30:58] Phase 3 Initial Routing
[15:30:58] Phase 3.1 Global Routing
[15:32:01] Phase 4 Rip-up And Reroute
[15:32:01] Phase 4.1 Global Iteration 0
[15:44:02] Phase 4.2 Global Iteration 1
[15:46:07] Phase 4.3 Global Iteration 2
[15:47:10] Phase 5 Delay and Skew Optimization
[15:47:10] Phase 5.1 Delay CleanUp
[15:47:10] Phase 5.1.1 Update Timing
[15:48:13] Phase 5.1.2 Update Timing
[15:49:17] Phase 5.2 Clock Skew Optimization
[15:49:17] Phase 6 Post Hold Fix
[15:49:17] Phase 6.1 Hold Fix Iter
[15:49:17] Phase 6.1.1 Update Timing
[15:50:19] Phase 6.1.2 Lut RouteThru Assignment for hold
[15:50:51] Phase 6.2 Additional Hold Fix
[15:51:54] Phase 7 Leaf Clock Prog Delay Opt
[15:54:01] Phase 7.1 Delay CleanUp
[15:54:01] Phase 7.1.1 Update Timing
[15:54:32] Phase 7.2 Hold Fix Iter
[15:54:32] Phase 7.2.1 Update Timing
[15:55:36] Phase 7.2.2 Lut RouteThru Assignment for hold
[15:56:13] Phase 7.3 Additional Hold Fix
[15:58:19] Phase 7.4 Global Iteration for Hold
[15:58:19] Phase 7.4.1 Update Timing
[16:00:24] Phase 8 Route finalize
[16:00:24] Phase 9 Verifying routed nets
[16:00:24] Phase 10 Depositing Routes
[16:01:27] Phase 11 Resolve XTalk
[16:01:27] Phase 12 Post Router Timing
[16:01:27] Finished 5th of 6 tasks (FPGA routing). Elapsed time: 00h 36m 44s 

[16:01:27] Starting bitstream generation..
[16:11:27] Creating bitmap...
[16:17:44] Run vpl: Step impl: Completed
[16:17:45] Writing bitstream ./pfm_top_i_dynamic_region_my_rm_partial.bit...
[16:17:45] Finished 6th of 6 tasks (FPGA bitstream generation). Elapsed time: 00h 16m 17s 
[16:17:46] Run vpl: FINISHED. Run Status: impl Complete!
INFO: [v++ 60-1441] [16:17:50] Run run_link: Step vpl: Completed
Time (s): cpu = 00:01:36 ; elapsed = 02:15:28 . Memory (MB): peak = 2062.168 ; gain = 0.000 ; free physical = 56740 ; free virtual = 195318
INFO: [v++ 60-1443] [16:17:50] Run run_link: Step rtdgen: Started
INFO: [v++ 60-1453] Command Line: rtdgen
INFO: [v++ 60-1454] Run Directory: /home/xcarril/pqc_codesign/dilithium-update/ML-DSA/verification/xout/hw.2/.temps/link/run_link
INFO: [v++ 60-991] clock name 'clkwiz_kernel_clk_out1' (clock ID '0') is being mapped to clock name 'DATA_CLK' in the xclbin
INFO: [v++ 60-991] clock name 'clkwiz_kernel2_clk_out1' (clock ID '1') is being mapped to clock name 'KERNEL_CLK' in the xclbin
INFO: [v++ 60-991] clock name 'clk_out1_pfm_top_clkwiz_hbm_aclk_0' (clock ID '') is being mapped to clock name 'clk_out1_pfm_top_clkwiz_hbm_aclk_0' in the xclbin
INFO: [v++ 60-1230] The compiler selected the following frequencies for the runtime controllable kernel clock(s) and scalable system clock(s): System (SYSTEM) clock: clk_out1_pfm_top_clkwiz_hbm_aclk_0 = 450, Kernel (DATA) clock: clkwiz_kernel_clk_out1 = 300, Kernel (KERNEL) clock: clkwiz_kernel2_clk_out1 = 500
INFO: [v++ 60-1453] Command Line: cf2sw -a /home/xcarril/pqc_codesign/dilithium-update/ML-DSA/verification/xout/hw.2/.temps/link/int/address_map.xml -sdsl /home/xcarril/pqc_codesign/dilithium-update/ML-DSA/verification/xout/hw.2/.temps/link/int/sdsl.dat -xclbin /home/xcarril/pqc_codesign/dilithium-update/ML-DSA/verification/xout/hw.2/.temps/link/int/xclbin_orig.xml -rtd /home/xcarril/pqc_codesign/dilithium-update/ML-DSA/verification/xout/hw.2/.temps/link/int/k_verify.hw.2.rtd -o /home/xcarril/pqc_codesign/dilithium-update/ML-DSA/verification/xout/hw.2/.temps/link/int/k_verify.hw.2.xml
INFO: [v++ 60-1652] Cf2sw returned exit code: 0
INFO: [v++ 60-1441] [16:17:55] Run run_link: Step rtdgen: Completed
Time (s): cpu = 00:00:03 ; elapsed = 00:00:05 . Memory (MB): peak = 2062.168 ; gain = 0.000 ; free physical = 56745 ; free virtual = 195323
INFO: [v++ 60-1443] [16:17:55] Run run_link: Step xclbinutil: Started
INFO: [v++ 60-1453] Command Line: xclbinutil --add-section DEBUG_IP_LAYOUT:JSON:/home/xcarril/pqc_codesign/dilithium-update/ML-DSA/verification/xout/hw.2/.temps/link/int/debug_ip_layout.rtd --add-section BITSTREAM:RAW:/home/xcarril/pqc_codesign/dilithium-update/ML-DSA/verification/xout/hw.2/.temps/link/int/partial.bit --force --target hw --key-value SYS:dfx_enable:true --add-section :JSON:/home/xcarril/pqc_codesign/dilithium-update/ML-DSA/verification/xout/hw.2/.temps/link/int/k_verify.hw.2.rtd --append-section :JSON:/home/xcarril/pqc_codesign/dilithium-update/ML-DSA/verification/xout/hw.2/.temps/link/int/appendSection.rtd --add-section CLOCK_FREQ_TOPOLOGY:JSON:/home/xcarril/pqc_codesign/dilithium-update/ML-DSA/verification/xout/hw.2/.temps/link/int/k_verify.hw.2_xml.rtd --add-section BUILD_METADATA:JSON:/home/xcarril/pqc_codesign/dilithium-update/ML-DSA/verification/xout/hw.2/.temps/link/int/k_verify.hw.2_build.rtd --add-section EMBEDDED_METADATA:RAW:/home/xcarril/pqc_codesign/dilithium-update/ML-DSA/verification/xout/hw.2/.temps/link/int/k_verify.hw.2.xml --add-section SYSTEM_METADATA:RAW:/home/xcarril/pqc_codesign/dilithium-update/ML-DSA/verification/xout/hw.2/.temps/link/int/systemDiagramModelSlrBaseAddress.json --output /home/xcarril/pqc_codesign/dilithium-update/ML-DSA/verification/xout/hw.2/xclbin/k_verify.hw.2.xclbin
INFO: [v++ 60-1454] Run Directory: /home/xcarril/pqc_codesign/dilithium-update/ML-DSA/verification/xout/hw.2/.temps/link/run_link
XRT Build Version: 2.8.0 (master)
       Build Date: 2020-10-07 18:28:36
          Hash ID: 1f714c4db4541b793423d51cf78ffa2bb4f3797c
Creating a default 'in-memory' xclbin image.

Section: 'DEBUG_IP_LAYOUT'(9) was successfully added.
Size   : 296 bytes
Format : JSON
File   : '/home/xcarril/pqc_codesign/dilithium-update/ML-DSA/verification/xout/hw.2/.temps/link/int/debug_ip_layout.rtd'

Section: 'BITSTREAM'(0) was successfully added.
Size   : 48730719 bytes
Format : RAW
File   : '/home/xcarril/pqc_codesign/dilithium-update/ML-DSA/verification/xout/hw.2/.temps/link/int/partial.bit'

Section: 'MEM_TOPOLOGY'(6) was successfully added.
Format : JSON
File   : 'mem_topology'

Section: 'IP_LAYOUT'(8) was successfully added.
Format : JSON
File   : 'ip_layout'

Section: 'CONNECTIVITY'(7) was successfully added.
Format : JSON
File   : 'connectivity'

Section: 'CLOCK_FREQ_TOPOLOGY'(11) was successfully added.
Size   : 410 bytes
Format : JSON
File   : '/home/xcarril/pqc_codesign/dilithium-update/ML-DSA/verification/xout/hw.2/.temps/link/int/k_verify.hw.2_xml.rtd'

Section: 'BUILD_METADATA'(14) was successfully added.
Size   : 3712 bytes
Format : JSON
File   : '/home/xcarril/pqc_codesign/dilithium-update/ML-DSA/verification/xout/hw.2/.temps/link/int/k_verify.hw.2_build.rtd'

Section: 'EMBEDDED_METADATA'(2) was successfully added.
Size   : 198412 bytes
Format : RAW
File   : '/home/xcarril/pqc_codesign/dilithium-update/ML-DSA/verification/xout/hw.2/.temps/link/int/k_verify.hw.2.xml'

Section: 'SYSTEM_METADATA'(22) was successfully added.
Size   : 17000 bytes
Format : RAW
File   : '/home/xcarril/pqc_codesign/dilithium-update/ML-DSA/verification/xout/hw.2/.temps/link/int/systemDiagramModelSlrBaseAddress.json'

Section: 'IP_LAYOUT'(8) was successfully appended to.
Format : JSON
File   : 'ip_layout'
Successfully wrote (48976605 bytes) to the output file: /home/xcarril/pqc_codesign/dilithium-update/ML-DSA/verification/xout/hw.2/xclbin/k_verify.hw.2.xclbin
Leaving xclbinutil.
INFO: [v++ 60-1441] [16:17:56] Run run_link: Step xclbinutil: Completed
Time (s): cpu = 00:00:00.09 ; elapsed = 00:00:01 . Memory (MB): peak = 2062.168 ; gain = 0.000 ; free physical = 56696 ; free virtual = 195320
INFO: [v++ 60-1443] [16:17:56] Run run_link: Step xclbinutilinfo: Started
INFO: [v++ 60-1453] Command Line: xclbinutil --quiet --force --info /home/xcarril/pqc_codesign/dilithium-update/ML-DSA/verification/xout/hw.2/xclbin/k_verify.hw.2.xclbin.info --input /home/xcarril/pqc_codesign/dilithium-update/ML-DSA/verification/xout/hw.2/xclbin/k_verify.hw.2.xclbin
INFO: [v++ 60-1454] Run Directory: /home/xcarril/pqc_codesign/dilithium-update/ML-DSA/verification/xout/hw.2/.temps/link/run_link
INFO: [v++ 60-1441] [16:17:56] Run run_link: Step xclbinutilinfo: Completed
Time (s): cpu = 00:00:00.57 ; elapsed = 00:00:00.72 . Memory (MB): peak = 2062.168 ; gain = 0.000 ; free physical = 56662 ; free virtual = 195287
INFO: [v++ 60-1443] [16:17:56] Run run_link: Step generate_sc_driver: Started
INFO: [v++ 60-1453] Command Line: 
INFO: [v++ 60-1454] Run Directory: /home/xcarril/pqc_codesign/dilithium-update/ML-DSA/verification/xout/hw.2/.temps/link/run_link
INFO: [v++ 60-1441] [16:17:56] Run run_link: Step generate_sc_driver: Completed
Time (s): cpu = 00:00:00.01 ; elapsed = 00:00:00 . Memory (MB): peak = 2062.168 ; gain = 0.000 ; free physical = 56662 ; free virtual = 195287
INFO: [v++ 60-244] Generating system estimate report...
INFO: [v++ 60-1092] Generated system estimate report: /home/xcarril/pqc_codesign/dilithium-update/ML-DSA/verification/xout/hw.2/.temps/reports/link/system_estimate_k_verify.hw.2.xtxt
INFO: [v++ 60-586] Created /home/xcarril/pqc_codesign/dilithium-update/ML-DSA/verification/xout/hw.2/xclbin/k_verify.hw.2.ltx
INFO: [v++ 60-586] Created xout/hw.2/xclbin/k_verify.hw.2.xclbin
INFO: [v++ 60-1307] Run completed. Additional information can be found in:
	Guidance: /home/xcarril/pqc_codesign/dilithium-update/ML-DSA/verification/xout/hw.2/.temps/reports/link/v++_link_k_verify.hw.2_guidance.html
	Timing Report: /home/xcarril/pqc_codesign/dilithium-update/ML-DSA/verification/xout/hw.2/.temps/reports/link/imp/impl_1_xilinx_u280_xdma_201920_3_bb_locked_timing_summary_routed.rpt
	Vivado Log: /home/xcarril/pqc_codesign/dilithium-update/ML-DSA/verification/xout/hw.2/.temps/logs/link/vivado.log
	Steps Log File: /home/xcarril/pqc_codesign/dilithium-update/ML-DSA/verification/xout/hw.2/.temps/logs/link/link.steps.log

INFO: [v++ 60-2343] Use the vitis_analyzer tool to visualize and navigate the relevant reports. Run the following command. 
    vitis_analyzer /home/xcarril/pqc_codesign/dilithium-update/ML-DSA/verification/xout/hw.2/xclbin/k_verify.hw.2.xclbin.link_summary 
INFO: [v++ 60-791] Total elapsed time: 2h 16m 25s
