Copyright 1986-2021 Xilinx, Inc. All Rights Reserved.
----------------------------------------------------------------------------------------------------------------------------------------------------------------------------------------
| Tool Version : Vivado v.2021.2 (lin64) Build 3367213 Tue Oct 19 02:47:39 MDT 2021
| Date         : Mon Nov 21 22:36:35 2022
| Host         : nanu running 64-bit Ubuntu 20.04.1 LTS
| Command      : report_accelerator_utilization -kernels { k_kem_enc:pfm_top_i/dynamic_region/k_kem_enc_1/inst:k_kem_enc_1} -file kernel_util_routed.rpt -name kernel_util_routed -json
| Design       : pfm_top_wrapper
| Device       : xcu280
| Design State : Routed
----------------------------------------------------------------------------------------------------------------------------------------------------------------------------------------

Accelerator Utilization Design Information

Table of Contents
-----------------
1. System Utilization

1. System Utilization
---------------------

+---------------------+-------------------+------------------+-------------------+----------------+---------------+----------------+
| Name                | LUT               | LUTAsMem         | REG               | BRAM           | URAM          | DSP            |
+---------------------+-------------------+------------------+-------------------+----------------+---------------+----------------+
| Platform            |  105355 [  8.09%] |  10536 [  1.75%] |  154523 [  5.93%] |  202 [ 10.02%] |   0 [  0.00%] |    4 [  0.04%] |
| User Budget         | 1197365 [100.00%] | 589944 [100.00%] | 2452837 [100.00%] | 1814 [100.00%] | 960 [100.00%] | 9020 [100.00%] |
|    Used Resources   |   66291 [  5.54%] |   7571 [  1.28%] |   79040 [  3.22%] |   24 [  1.32%] |   0 [  0.00%] |  121 [  1.34%] |
|    Unused Resources | 1131074 [ 94.46%] | 582373 [ 98.72%] | 2373797 [ 96.78%] | 1790 [ 98.68%] | 960 [100.00%] | 8899 [ 98.66%] |
| k_kem_enc           |   66291 [  5.54%] |   7571 [  1.28%] |   79040 [  3.22%] |   24 [  1.32%] |   0 [  0.00%] |  121 [  1.34%] |
|    k_kem_enc_1      |   66291 [  5.54%] |   7571 [  1.28%] |   79040 [  3.22%] |   24 [  1.32%] |   0 [  0.00%] |  121 [  1.34%] |
+---------------------+-------------------+------------------+-------------------+----------------+---------------+----------------+


