Copyright 1986-2021 Xilinx, Inc. All Rights Reserved.
------------------------------------------------------------------------------------------------------------------------------------------------------------------------------------------
| Tool Version : Vivado v.2021.2 (lin64) Build 3367213 Tue Oct 19 02:47:39 MDT 2021
| Date         : Mon Nov 21 21:41:08 2022
| Host         : nanu running 64-bit Ubuntu 20.04.1 LTS
| Command      : report_accelerator_utilization -kernels { k_kem_enc:pfm_top_i/dynamic_region/k_kem_enc_1/inst:k_kem_enc_1} -file kernel_util_synthed.rpt -name kernel_util_synthed -json
| Design       : pfm_top_wrapper
| Device       : xcu280
| Design State : Synthesized
------------------------------------------------------------------------------------------------------------------------------------------------------------------------------------------

Accelerator Utilization Design Information

Table of Contents
-----------------
1. System Utilization

1. System Utilization
---------------------

+---------------------+-------------------+------------------+-------------------+----------------+---------------+----------------+
| Name                | LUT               | LUTAsMem         | REG               | BRAM           | URAM          | DSP            |
+---------------------+-------------------+------------------+-------------------+----------------+---------------+----------------+
| Platform            |  120547 [  9.25%] |  12642 [  2.11%] |  161970 [  6.21%] |  202 [ 10.02%] |   0 [  0.00%] |    4 [  0.04%] |
| User Budget         | 1182173 [100.00%] | 587838 [100.00%] | 2445390 [100.00%] | 1814 [100.00%] | 960 [100.00%] | 9020 [100.00%] |
|    Used Resources   |   67337 [  5.70%] |   8121 [  1.38%] |   79061 [  3.23%] |   24 [  1.32%] |   0 [  0.00%] |  121 [  1.34%] |
|    Unused Resources | 1114836 [ 94.30%] | 579717 [ 98.62%] | 2366329 [ 96.77%] | 1790 [ 98.68%] | 960 [100.00%] | 8899 [ 98.66%] |
| k_kem_enc           |   67337 [  5.70%] |   8121 [  1.38%] |   79061 [  3.23%] |   24 [  1.32%] |   0 [  0.00%] |  121 [  1.34%] |
|    k_kem_enc_1      |   67337 [  5.70%] |   8121 [  1.38%] |   79061 [  3.23%] |   24 [  1.32%] |   0 [  0.00%] |  121 [  1.34%] |
+---------------------+-------------------+------------------+-------------------+----------------+---------------+----------------+


