Copyright 1986-2021 Xilinx, Inc. All Rights Reserved.
------------------------------------------------------------------------------------------
| Tool Version : Vivado v.2021.2 (lin64) Build 3367213 Tue Oct 19 02:47:39 MDT 2021
| Date         : Mon Nov 21 22:10:10 2022
| Host         : nanu running 64-bit Ubuntu 20.04.1 LTS
| Command      : report_utilization -slr -file slr_util_placed.rpt -pb slr_util_placed.pb
| Design       : pfm_top_wrapper
| Device       : xcu280-fsvh2892-2L-e
| Speed File   : -2L
| Design State : Fully Placed
------------------------------------------------------------------------------------------

Utilization Design Information

Table of Contents
-----------------
1. SLR Connectivity
2. SLR Connectivity Matrix
3. SLR CLB Logic and Dedicated Block Utilization
4. SLR IO Utilization

1. SLR Connectivity
-------------------

+----------------------------------+------+-------+-----------+-------+
|                                  | Used | Fixed | Available | Util% |
+----------------------------------+------+-------+-----------+-------+
| SLR2 <-> SLR1                    | 3951 |       |     23040 | 17.15 |
|   SLR1 -> SLR2                   | 2081 |       |           |  9.03 |
|     Using TX_REG only            |    1 |     1 |           |       |
|     Using RX_REG only            |   18 |    18 |           |       |
|     Using Both TX_REG and RX_REG |  287 |     1 |           |       |
|   SLR2 -> SLR1                   | 1870 |       |           |  8.12 |
|     Using TX_REG only            |    0 |     0 |           |       |
|     Using RX_REG only            |    4 |     4 |           |       |
|     Using Both TX_REG and RX_REG |  407 |     0 |           |       |
| SLR1 <-> SLR0                    | 2527 |       |     23040 | 10.97 |
|   SLR0 -> SLR1                   | 1135 |       |           |  4.93 |
|     Using TX_REG only            |   71 |    71 |           |       |
|     Using RX_REG only            |   61 |    61 |           |       |
|     Using Both TX_REG and RX_REG |  355 |    55 |           |       |
|   SLR1 -> SLR0                   | 1392 |       |           |  6.04 |
|     Using TX_REG only            |   63 |    62 |           |       |
|     Using RX_REG only            |   72 |    71 |           |       |
|     Using Both TX_REG and RX_REG |  438 |    60 |           |       |
+----------------------------------+------+-------+-----------+-------+
| Total SLLs Used                  | 6478 |       |           |       |
+----------------------------------+------+-------+-----------+-------+


2. SLR Connectivity Matrix
--------------------------

+-----------+------+------+------+
| FROM \ TO | SLR2 | SLR1 | SLR0 |
+-----------+------+------+------+
| SLR2      |    0 | 1678 |  192 |
| SLR1      | 1939 |    0 | 1200 |
| SLR0      |  142 |  993 |    0 |
+-----------+------+------+------+


3. SLR CLB Logic and Dedicated Block Utilization
------------------------------------------------

+----------------------------+--------+-------+-------+--------+--------+--------+
|          Site Type         |  SLR0  |  SLR1 |  SLR2 | SLR0 % | SLR1 % | SLR2 % |
+----------------------------+--------+-------+-------+--------+--------+--------+
| CLB                        |  21595 |  7173 |  8160 |  39.29 |  13.28 |  15.11 |
|   CLBL                     |  11227 |  3644 |  4204 |  38.34 |  12.45 |  14.36 |
|   CLBM                     |  10368 |  3529 |  3956 |  40.37 |  14.28 |  16.00 |
| CLB LUTs                   |  88690 | 47532 | 35422 |  20.17 |  11.00 |   8.20 |
|   LUT as Logic             |  77593 | 43594 | 32350 |  17.65 |  10.09 |   7.49 |
|     using O5 output only   |    906 |   287 |  1012 |   0.21 |   0.07 |   0.23 |
|     using O6 output only   |  52988 | 34197 | 19530 |  12.05 |   7.92 |   4.52 |
|     using O5 and O6        |  23699 |  9110 | 11808 |   5.39 |   2.11 |   2.73 |
|   LUT as Memory            |  11097 |  3938 |  3072 |   5.40 |   1.99 |   1.55 |
|     LUT as Distributed RAM |   7292 |  3837 |  1660 |   3.55 |   1.94 |   0.84 |
|       using O5 output only |      0 |     0 |     0 |   0.00 |   0.00 |   0.00 |
|       using O6 output only |   5164 |   215 |    84 |   2.51 |   0.11 |   0.04 |
|       using O5 and O6      |   2128 |  3622 |  1576 |   1.04 |   1.83 |   0.80 |
|     LUT as Shift Register  |   3805 |   101 |  1412 |   1.85 |   0.05 |   0.71 |
|       using O5 output only |      0 |     0 |     0 |   0.00 |   0.00 |   0.00 |
|       using O6 output only |   2473 |   101 |  1282 |   1.20 |   0.05 |   0.65 |
|       using O5 and O6      |   1332 |     0 |   130 |   0.65 |   0.00 |   0.07 |
| CLB Registers              | 126542 | 46205 | 60816 |  14.39 |   5.35 |   7.04 |
| CARRY8                     |   1240 |   473 |   313 |   2.26 |   0.88 |   0.58 |
| F7 Muxes                   |   2730 |   651 |  1054 |   1.24 |   0.30 |   0.49 |
| F8 Muxes                   |    354 |   141 |    47 |   0.32 |   0.13 |   0.04 |
| F9 Muxes                   |      0 |     0 |     0 |   0.00 |   0.00 |   0.00 |
| Block RAM Tile             |   51.5 |  80.5 |    94 |   7.66 |  11.98 |  13.99 |
|   RAMB36/FIFO              |     41 |    80 |    92 |   6.10 |  11.90 |  13.69 |
|     RAMB36E2 only          |     41 |    80 |    92 |   6.10 |  11.90 |  13.69 |
|   RAMB18                   |     21 |     1 |     4 |   1.56 |   0.07 |   0.30 |
|     RAMB18E2 only          |     21 |     1 |     4 |   1.56 |   0.07 |   0.30 |
| URAM                       |      0 |     0 |     0 |   0.00 |   0.00 |   0.00 |
| DSPs                       |    121 |     0 |     4 |   4.20 |   0.00 |   0.13 |
| Unique Control Sets        |   3397 |  1497 |  2723 |   3.09 |   1.39 |   2.52 |
+----------------------------+--------+-------+-------+--------+--------+--------+
* Note: Available Control Sets based on CLB Registers / 8


4. SLR IO Utilization
---------------------

+-----------+-----------+---------+------------+----------+------------+----------+-----+
| SLR Index | Used IOBs | (%)IOBs | Used IPADs | (%)IPADs | Used OPADs | (%)OPADs | GTs |
+-----------+-----------+---------+------------+----------+------------+----------+-----+
| SLR2      |        18 |    8.65 |          0 |     0.00 |          0 |     0.00 |   0 |
| SLR1      |         0 |    0.00 |          0 |     0.00 |          0 |     0.00 |   0 |
| SLR0      |         1 |    0.48 |          0 |     0.00 |          0 |     0.00 |  16 |
+-----------+-----------+---------+------------+----------+------------+----------+-----+
| Total     |        19 |         |          0 |          |          0 |          |  16 |
+-----------+-----------+---------+------------+----------+------------+----------+-----+


