Copyright 1986-2021 Xilinx, Inc. All Rights Reserved.
------------------------------------------------------------------------------------------
| Tool Version : Vivado v.2021.2 (lin64) Build 3367213 Tue Oct 19 02:47:39 MDT 2021
| Date         : Fri Sep 15 13:04:57 2023
| Host         : picu running 64-bit Ubuntu 20.04.1 LTS
| Command      : report_utilization -slr -file slr_util_routed.rpt -pb slr_util_routed.pb
| Design       : pfm_top_wrapper
| Device       : xcu280-fsvh2892-2L-e
| Speed File   : -2L
| Design State : Routed
------------------------------------------------------------------------------------------

Utilization Design Information

Table of Contents
-----------------
1. SLR Connectivity
2. SLR Connectivity Matrix
3. SLR CLB Logic and Dedicated Block Utilization
4. SLR IO Utilization

1. SLR Connectivity
-------------------

+----------------------------------+------+-------+-----------+-------+
|                                  | Used | Fixed | Available | Util% |
+----------------------------------+------+-------+-----------+-------+
| SLR2 <-> SLR1                    | 3958 |       |     23040 | 17.18 |
|   SLR1 -> SLR2                   | 2085 |       |           |  9.05 |
|     Using TX_REG only            |  267 |     1 |           |       |
|     Using RX_REG only            |  284 |    18 |           |       |
|     Using Both TX_REG and RX_REG |  267 |     1 |           |       |
|   SLR2 -> SLR1                   | 1873 |       |           |  8.13 |
|     Using TX_REG only            |  407 |     0 |           |       |
|     Using RX_REG only            |  412 |     4 |           |       |
|     Using Both TX_REG and RX_REG |  407 |     0 |           |       |
| SLR1 <-> SLR0                    | 2529 |       |     23040 | 10.98 |
|   SLR0 -> SLR1                   | 1135 |       |           |  4.93 |
|     Using TX_REG only            |  371 |    71 |           |       |
|     Using RX_REG only            |  361 |    61 |           |       |
|     Using Both TX_REG and RX_REG |  355 |    55 |           |       |
|   SLR1 -> SLR0                   | 1394 |       |           |  6.05 |
|     Using TX_REG only            |  441 |    62 |           |       |
|     Using RX_REG only            |  452 |    71 |           |       |
|     Using Both TX_REG and RX_REG |  439 |    60 |           |       |
+----------------------------------+------+-------+-----------+-------+
| Total SLLs Used                  | 6487 |       |           |       |
+----------------------------------+------+-------+-----------+-------+


2. SLR Connectivity Matrix
--------------------------

+-----------+------+------+------+
| FROM \ TO | SLR2 | SLR1 | SLR0 |
+-----------+------+------+------+
| SLR2      |    0 | 1679 |  194 |
| SLR1      | 1943 |    0 | 1200 |
| SLR0      |  142 |  993 |    0 |
+-----------+------+------+------+


3. SLR CLB Logic and Dedicated Block Utilization
------------------------------------------------

+----------------------------+--------+-------+-------+--------+--------+--------+
|          Site Type         |  SLR0  |  SLR1 |  SLR2 | SLR0 % | SLR1 % | SLR2 % |
+----------------------------+--------+-------+-------+--------+--------+--------+
| CLB                        |  18688 |  6906 |  8067 |  34.00 |  12.79 |  14.94 |
|   CLBL                     |   9727 |  3448 |  4165 |  33.22 |  11.78 |  14.22 |
|   CLBM                     |   8961 |  3458 |  3902 |  34.89 |  13.99 |  15.78 |
| CLB LUTs                   |  86781 | 47600 | 35422 |  19.74 |  11.02 |   8.20 |
|   LUT as Logic             |  73320 | 43630 | 32384 |  16.68 |  10.10 |   7.50 |
|     using O5 output only   |    939 |   287 |  1012 |   0.21 |   0.07 |   0.23 |
|     using O6 output only   |  48527 | 34230 | 19516 |  11.04 |   7.92 |   4.52 |
|     using O5 and O6        |  23854 |  9113 | 11856 |   5.43 |   2.11 |   2.74 |
|   LUT as Memory            |  13461 |  3970 |  3038 |   6.55 |   2.01 |   1.54 |
|     LUT as Distributed RAM |   9748 |  3837 |  1660 |   4.74 |   1.94 |   0.84 |
|       using O5 output only |      0 |     0 |     0 |   0.00 |   0.00 |   0.00 |
|       using O6 output only |   8180 |   215 |    84 |   3.98 |   0.11 |   0.04 |
|       using O5 and O6      |   1568 |  3622 |  1576 |   0.76 |   1.83 |   0.80 |
|     LUT as Shift Register  |   3713 |   133 |  1378 |   1.81 |   0.07 |   0.70 |
|       using O5 output only |      0 |     0 |     0 |   0.00 |   0.00 |   0.00 |
|       using O6 output only |   2337 |   133 |  1248 |   1.14 |   0.07 |   0.63 |
|       using O5 and O6      |   1376 |     0 |   130 |   0.67 |   0.00 |   0.07 |
| CLB Registers              | 117023 | 46265 | 61022 |  13.31 |   5.35 |   7.06 |
| CARRY8                     |   1700 |   473 |   313 |   3.09 |   0.88 |   0.58 |
| F7 Muxes                   |   2791 |   651 |  1054 |   1.27 |   0.30 |   0.49 |
| F8 Muxes                   |    680 |   141 |    47 |   0.62 |   0.13 |   0.04 |
| F9 Muxes                   |      0 |     0 |     0 |   0.00 |   0.00 |   0.00 |
| Block RAM Tile             |   72.5 |  80.5 |    94 |  10.79 |  11.98 |  13.99 |
|   RAMB36/FIFO              |     56 |    80 |    92 |   8.33 |  11.90 |  13.69 |
|     RAMB36E2 only          |     56 |    80 |    92 |   8.33 |  11.90 |  13.69 |
|   RAMB18                   |     33 |     1 |     4 |   2.46 |   0.07 |   0.30 |
|     RAMB18E2 only          |     33 |     1 |     4 |   2.46 |   0.07 |   0.30 |
| URAM                       |      0 |     0 |     0 |   0.00 |   0.00 |   0.00 |
| DSPs                       |    220 |     0 |     4 |   7.64 |   0.00 |   0.13 |
| Unique Control Sets        |   3633 |  1499 |  2730 |   3.31 |   1.39 |   2.53 |
+----------------------------+--------+-------+-------+--------+--------+--------+
* Note: Available Control Sets based on CLB Registers / 8


4. SLR IO Utilization
---------------------

+-----------+-----------+---------+------------+----------+------------+----------+-----+
| SLR Index | Used IOBs | (%)IOBs | Used IPADs | (%)IPADs | Used OPADs | (%)OPADs | GTs |
+-----------+-----------+---------+------------+----------+------------+----------+-----+
| SLR2      |        18 |    8.65 |          0 |     0.00 |          0 |     0.00 |   0 |
| SLR1      |         0 |    0.00 |          0 |     0.00 |          0 |     0.00 |   0 |
| SLR0      |         1 |    0.48 |          0 |     0.00 |          0 |     0.00 |  16 |
+-----------+-----------+---------+------------+----------+------------+----------+-----+
| Total     |        19 |         |          0 |          |          0 |          |  16 |
+-----------+-----------+---------+------------+----------+------------+----------+-----+


