Copyright 1986-2021 Xilinx, Inc. All Rights Reserved.
----------------------------------------------------------------------------------------------------------------------------------------------------------------------------------------
| Tool Version : Vivado v.2021.2 (lin64) Build 3367213 Tue Oct 19 02:47:39 MDT 2021
| Date         : Fri Sep 15 13:04:37 2023
| Host         : picu running 64-bit Ubuntu 20.04.1 LTS
| Command      : report_accelerator_utilization -kernels { k_kem_dec:pfm_top_i/dynamic_region/k_kem_dec_1/inst:k_kem_dec_1} -file kernel_util_routed.rpt -name kernel_util_routed -json
| Design       : pfm_top_wrapper
| Device       : xcu280
| Design State : Routed
----------------------------------------------------------------------------------------------------------------------------------------------------------------------------------------

Accelerator Utilization Design Information

Table of Contents
-----------------
1. System Utilization

1. System Utilization
---------------------

+---------------------+-------------------+------------------+-------------------+----------------+---------------+----------------+
| Name                | LUT               | LUTAsMem         | REG               | BRAM           | URAM          | DSP            |
+---------------------+-------------------+------------------+-------------------+----------------+---------------+----------------+
| Platform            |  104197 [  8.00%] |  10246 [  1.71%] |  152644 [  5.85%] |  202 [ 10.02%] |   0 [  0.00%] |    4 [  0.04%] |
| User Budget         | 1198523 [100.00%] | 590234 [100.00%] | 2454716 [100.00%] | 1814 [100.00%] | 960 [100.00%] | 9020 [100.00%] |
|    Used Resources   |   65607 [  5.47%] |  10223 [  1.73%] |   71666 [  2.92%] |   45 [  2.48%] |   0 [  0.00%] |  220 [  2.44%] |
|    Unused Resources | 1132916 [ 94.53%] | 580011 [ 98.27%] | 2383050 [ 97.08%] | 1769 [ 97.52%] | 960 [100.00%] | 8800 [ 97.56%] |
| k_kem_dec           |   65607 [  5.47%] |  10223 [  1.73%] |   71666 [  2.92%] |   45 [  2.48%] |   0 [  0.00%] |  220 [  2.44%] |
|    k_kem_dec_1      |   65607 [  5.47%] |  10223 [  1.73%] |   71666 [  2.92%] |   45 [  2.48%] |   0 [  0.00%] |  220 [  2.44%] |
+---------------------+-------------------+------------------+-------------------+----------------+---------------+----------------+


