Copyright 1986-2021 Xilinx, Inc. All Rights Reserved.
----------------------------------------------------------------------------------------------------------------------------------------------------------------------------------------
| Tool Version : Vivado v.2021.2 (lin64) Build 3367213 Tue Oct 19 02:47:39 MDT 2021
| Date         : Fri Sep 15 12:48:16 2023
| Host         : picu running 64-bit Ubuntu 20.04.1 LTS
| Command      : report_accelerator_utilization -kernels { k_kem_dec:pfm_top_i/dynamic_region/k_kem_dec_1/inst:k_kem_dec_1} -file kernel_util_routed.rpt -name kernel_util_routed -json
| Design       : pfm_top_wrapper
| Device       : xcu280
| Design State : Routed
----------------------------------------------------------------------------------------------------------------------------------------------------------------------------------------

Accelerator Utilization Design Information

Table of Contents
-----------------
1. System Utilization

1. System Utilization
---------------------

+---------------------+-------------------+------------------+-------------------+----------------+---------------+----------------+
| Name                | LUT               | LUTAsMem         | REG               | BRAM           | URAM          | DSP            |
+---------------------+-------------------+------------------+-------------------+----------------+---------------+----------------+
| Platform            |  104195 [  8.00%] |  10246 [  1.71%] |  152644 [  5.85%] |  202 [ 10.02%] |   0 [  0.00%] |    4 [  0.04%] |
| User Budget         | 1198525 [100.00%] | 590234 [100.00%] | 2454716 [100.00%] | 1814 [100.00%] | 960 [100.00%] | 9020 [100.00%] |
|    Used Resources   |   70335 [  5.87%] |  10091 [  1.71%] |   73210 [  2.98%] |   34 [  1.87%] |   0 [  0.00%] |  220 [  2.44%] |
|    Unused Resources | 1128190 [ 94.13%] | 580143 [ 98.29%] | 2381506 [ 97.02%] | 1780 [ 98.13%] | 960 [100.00%] | 8800 [ 97.56%] |
| k_kem_dec           |   70335 [  5.87%] |  10091 [  1.71%] |   73210 [  2.98%] |   34 [  1.87%] |   0 [  0.00%] |  220 [  2.44%] |
|    k_kem_dec_1      |   70335 [  5.87%] |  10091 [  1.71%] |   73210 [  2.98%] |   34 [  1.87%] |   0 [  0.00%] |  220 [  2.44%] |
+---------------------+-------------------+------------------+-------------------+----------------+---------------+----------------+


