Copyright 1986-2021 Xilinx, Inc. All Rights Reserved.
----------------------------------------------------------------------------------------------------------------------------------------------------------------------------------------
| Tool Version : Vivado v.2021.2 (lin64) Build 3367213 Tue Oct 19 02:47:39 MDT 2021
| Date         : Mon Sep  4 20:41:42 2023
| Host         : picu running 64-bit Ubuntu 20.04.1 LTS
| Command      : report_accelerator_utilization -kernels { k_kem_enc:pfm_top_i/dynamic_region/k_kem_enc_1/inst:k_kem_enc_1} -file kernel_util_placed.rpt -name kernel_util_placed -json
| Design       : pfm_top_wrapper
| Device       : xcu280
| Design State : Fully Placed
----------------------------------------------------------------------------------------------------------------------------------------------------------------------------------------

Accelerator Utilization Design Information

Table of Contents
-----------------
1. System Utilization

1. System Utilization
---------------------

+---------------------+-------------------+------------------+-------------------+----------------+---------------+----------------+
| Name                | LUT               | LUTAsMem         | REG               | BRAM           | URAM          | DSP            |
+---------------------+-------------------+------------------+-------------------+----------------+---------------+----------------+
| Platform            |  105365 [  8.09%] |  10536 [  1.75%] |  154529 [  5.93%] |  202 [ 10.02%] |   0 [  0.00%] |    4 [  0.04%] |
| User Budget         | 1197355 [100.00%] | 589944 [100.00%] | 2452831 [100.00%] | 1814 [100.00%] | 960 [100.00%] | 9020 [100.00%] |
|    Used Resources   |   55782 [  4.66%] |   6791 [  1.15%] |   61193 [  2.49%] |   18 [  0.99%] |   0 [  0.00%] |  121 [  1.34%] |
|    Unused Resources | 1141573 [ 95.34%] | 583153 [ 98.85%] | 2391638 [ 97.51%] | 1796 [ 99.01%] | 960 [100.00%] | 8899 [ 98.66%] |
| k_kem_enc           |   55782 [  4.66%] |   6791 [  1.15%] |   61193 [  2.49%] |   18 [  0.99%] |   0 [  0.00%] |  121 [  1.34%] |
|    k_kem_enc_1      |   55782 [  4.66%] |   6791 [  1.15%] |   61193 [  2.49%] |   18 [  0.99%] |   0 [  0.00%] |  121 [  1.34%] |
+---------------------+-------------------+------------------+-------------------+----------------+---------------+----------------+


