Copyright 1986-2021 Xilinx, Inc. All Rights Reserved.
------------------------------------------------------------------------------------------
| Tool Version : Vivado v.2021.2 (lin64) Build 3367213 Tue Oct 19 02:47:39 MDT 2021
| Date         : Fri Sep 15 15:13:34 2023
| Host         : picu running 64-bit Ubuntu 20.04.1 LTS
| Command      : report_utilization -slr -file slr_util_placed.rpt -pb slr_util_placed.pb
| Design       : pfm_top_wrapper
| Device       : xcu280-fsvh2892-2L-e
| Speed File   : -2L
| Design State : Fully Placed
------------------------------------------------------------------------------------------

Utilization Design Information

Table of Contents
-----------------
1. SLR Connectivity
2. SLR Connectivity Matrix
3. SLR CLB Logic and Dedicated Block Utilization
4. SLR IO Utilization

1. SLR Connectivity
-------------------

+----------------------------------+------+-------+-----------+-------+
|                                  | Used | Fixed | Available | Util% |
+----------------------------------+------+-------+-----------+-------+
| SLR2 <-> SLR1                    | 3948 |       |     23040 | 17.14 |
|   SLR1 -> SLR2                   | 2079 |       |           |  9.02 |
|     Using TX_REG only            |    1 |     1 |           |       |
|     Using RX_REG only            |   18 |    18 |           |       |
|     Using Both TX_REG and RX_REG |  267 |     1 |           |       |
|   SLR2 -> SLR1                   | 1869 |       |           |  8.11 |
|     Using TX_REG only            |    0 |     0 |           |       |
|     Using RX_REG only            |    4 |     4 |           |       |
|     Using Both TX_REG and RX_REG |  407 |     0 |           |       |
| SLR1 <-> SLR0                    | 2527 |       |     23040 | 10.97 |
|   SLR0 -> SLR1                   | 1135 |       |           |  4.93 |
|     Using TX_REG only            |   71 |    71 |           |       |
|     Using RX_REG only            |   61 |    61 |           |       |
|     Using Both TX_REG and RX_REG |  355 |    55 |           |       |
|   SLR1 -> SLR0                   | 1392 |       |           |  6.04 |
|     Using TX_REG only            |   62 |    62 |           |       |
|     Using RX_REG only            |   72 |    71 |           |       |
|     Using Both TX_REG and RX_REG |  439 |    60 |           |       |
+----------------------------------+------+-------+-----------+-------+
| Total SLLs Used                  | 6475 |       |           |       |
+----------------------------------+------+-------+-----------+-------+


2. SLR Connectivity Matrix
--------------------------

+-----------+------+------+------+
| FROM \ TO | SLR2 | SLR1 | SLR0 |
+-----------+------+------+------+
| SLR2      |    0 | 1677 |  192 |
| SLR1      | 1937 |    0 | 1200 |
| SLR0      |  142 |  993 |    0 |
+-----------+------+------+------+


3. SLR CLB Logic and Dedicated Block Utilization
------------------------------------------------

+----------------------------+--------+-------+-------+--------+--------+--------+
|          Site Type         |  SLR0  |  SLR1 |  SLR2 | SLR0 % | SLR1 % | SLR2 % |
+----------------------------+--------+-------+-------+--------+--------+--------+
| CLB                        |  22810 |  7204 |  8201 |  41.50 |  13.34 |  15.19 |
|   CLBL                     |  11983 |  3662 |  4239 |  40.93 |  12.51 |  14.48 |
|   CLBM                     |  10827 |  3542 |  3962 |  42.16 |  14.33 |  16.03 |
| CLB LUTs                   | 111378 | 47607 | 35363 |  25.33 |  11.02 |   8.19 |
|   LUT as Logic             |  93663 | 43635 | 32325 |  21.30 |  10.10 |   7.48 |
|     using O5 output only   |    923 |   288 |  1012 |   0.21 |   0.07 |   0.23 |
|     using O6 output only   |  70326 | 34238 | 19519 |  15.99 |   7.93 |   4.52 |
|     using O5 and O6        |  22414 |  9109 | 11794 |   5.10 |   2.11 |   2.73 |
|   LUT as Memory            |  17715 |  3972 |  3038 |   8.62 |   2.01 |   1.54 |
|     LUT as Distributed RAM |  12904 |  3837 |  1660 |   6.28 |   1.94 |   0.84 |
|       using O5 output only |      0 |     0 |     0 |   0.00 |   0.00 |   0.00 |
|       using O6 output only |  11048 |   215 |    84 |   5.38 |   0.11 |   0.04 |
|       using O5 and O6      |   1856 |  3622 |  1576 |   0.90 |   1.83 |   0.80 |
|     LUT as Shift Register  |   4811 |   135 |  1378 |   2.34 |   0.07 |   0.70 |
|       using O5 output only |      0 |     0 |     0 |   0.00 |   0.00 |   0.00 |
|       using O6 output only |   2459 |   135 |  1248 |   1.20 |   0.07 |   0.63 |
|       using O5 and O6      |   2352 |     0 |   130 |   1.14 |   0.00 |   0.07 |
| CLB Registers              | 142534 | 46233 | 60829 |  16.21 |   5.35 |   7.04 |
| CARRY8                     |   2262 |   473 |   313 |   4.12 |   0.88 |   0.58 |
| F7 Muxes                   |   2835 |   651 |  1054 |   1.29 |   0.30 |   0.49 |
| F8 Muxes                   |    426 |   141 |    47 |   0.39 |   0.13 |   0.04 |
| F9 Muxes                   |      0 |     0 |     0 |   0.00 |   0.00 |   0.00 |
| Block RAM Tile             |    191 |  80.5 |    94 |  28.42 |  11.98 |  13.99 |
|   RAMB36/FIFO              |    161 |    80 |    92 |  23.96 |  11.90 |  13.69 |
|     RAMB36E2 only          |    161 |    80 |    92 |  23.96 |  11.90 |  13.69 |
|   RAMB18                   |     60 |     1 |     4 |   4.46 |   0.07 |   0.30 |
|     RAMB18E2 only          |     60 |     1 |     4 |   4.46 |   0.07 |   0.30 |
| URAM                       |      0 |     0 |     0 |   0.00 |   0.00 |   0.00 |
| DSPs                       |    220 |     0 |     4 |   7.64 |   0.00 |   0.13 |
| Unique Control Sets        |   3769 |  1498 |  2722 |   3.43 |   1.39 |   2.52 |
+----------------------------+--------+-------+-------+--------+--------+--------+
* Note: Available Control Sets based on CLB Registers / 8


4. SLR IO Utilization
---------------------

+-----------+-----------+---------+------------+----------+------------+----------+-----+
| SLR Index | Used IOBs | (%)IOBs | Used IPADs | (%)IPADs | Used OPADs | (%)OPADs | GTs |
+-----------+-----------+---------+------------+----------+------------+----------+-----+
| SLR2      |        18 |    8.65 |          0 |     0.00 |          0 |     0.00 |   0 |
| SLR1      |         0 |    0.00 |          0 |     0.00 |          0 |     0.00 |   0 |
| SLR0      |         1 |    0.48 |          0 |     0.00 |          0 |     0.00 |  16 |
+-----------+-----------+---------+------------+----------+------------+----------+-----+
| Total     |        19 |         |          0 |          |          0 |          |  16 |
+-----------+-----------+---------+------------+----------+------------+----------+-----+


