Copyright 1986-2021 Xilinx, Inc. All Rights Reserved.
-------------------------------------------------------------------------------------------------------------------------------------------------------------------------------------
| Tool Version : Vivado v.2021.2 (lin64) Build 3367213 Tue Oct 19 02:47:39 MDT 2021
| Date         : Fri Sep 15 15:13:13 2023
| Host         : picu running 64-bit Ubuntu 20.04.1 LTS
| Command      : report_accelerator_utilization -kernels { k_verify:pfm_top_i/dynamic_region/k_verify_1/inst:k_verify_1} -file kernel_util_placed.rpt -name kernel_util_placed -json
| Design       : pfm_top_wrapper
| Device       : xcu280
| Design State : Fully Placed
-------------------------------------------------------------------------------------------------------------------------------------------------------------------------------------

Accelerator Utilization Design Information

Table of Contents
-----------------
1. System Utilization

1. System Utilization
---------------------

+---------------------+-------------------+------------------+-------------------+----------------+---------------+----------------+
| Name                | LUT               | LUTAsMem         | REG               | BRAM           | URAM          | DSP            |
+---------------------+-------------------+------------------+-------------------+----------------+---------------+----------------+
| Platform            |  105558 [  8.10%] |  10682 [  1.78%] |  154999 [  5.94%] |  202 [ 10.02%] |   0 [  0.00%] |    4 [  0.04%] |
| User Budget         | 1197162 [100.00%] | 589798 [100.00%] | 2452361 [100.00%] | 1814 [100.00%] | 960 [100.00%] | 9020 [100.00%] |
|    Used Resources   |   88791 [  7.42%] |  14043 [  2.38%] |   94597 [  3.86%] |  163 [  8.99%] |   0 [  0.00%] |  220 [  2.44%] |
|    Unused Resources | 1108371 [ 92.58%] | 575755 [ 97.62%] | 2357764 [ 96.14%] | 1651 [ 91.01%] | 960 [100.00%] | 8800 [ 97.56%] |
| k_verify            |   88791 [  7.42%] |  14043 [  2.38%] |   94597 [  3.86%] |  163 [  8.99%] |   0 [  0.00%] |  220 [  2.44%] |
|    k_verify_1       |   88791 [  7.42%] |  14043 [  2.38%] |   94597 [  3.86%] |  163 [  8.99%] |   0 [  0.00%] |  220 [  2.44%] |
+---------------------+-------------------+------------------+-------------------+----------------+---------------+----------------+


