Copyright 1986-2021 Xilinx, Inc. All Rights Reserved.
-------------------------------------------------------------------------------------------------------------------------------------------------------------------------------------
| Tool Version : Vivado v.2021.2 (lin64) Build 3367213 Tue Oct 19 02:47:39 MDT 2021
| Date         : Wed Nov 23 00:10:51 2022
| Host         : nanu running 64-bit Ubuntu 20.04.1 LTS
| Command      : report_accelerator_utilization -kernels { k_verify:pfm_top_i/dynamic_region/k_verify_1/inst:k_verify_1} -file kernel_util_placed.rpt -name kernel_util_placed -json
| Design       : pfm_top_wrapper
| Device       : xcu280
| Design State : Fully Placed
-------------------------------------------------------------------------------------------------------------------------------------------------------------------------------------

Accelerator Utilization Design Information

Table of Contents
-----------------
1. System Utilization

1. System Utilization
---------------------

+---------------------+-------------------+------------------+-------------------+----------------+---------------+----------------+
| Name                | LUT               | LUTAsMem         | REG               | BRAM           | URAM          | DSP            |
+---------------------+-------------------+------------------+-------------------+----------------+---------------+----------------+
| Platform            |  105545 [  8.10%] |  10682 [  1.78%] |  155000 [  5.94%] |  202 [ 10.02%] |   0 [  0.00%] |    4 [  0.04%] |
| User Budget         | 1197175 [100.00%] | 589798 [100.00%] | 2452360 [100.00%] | 1814 [100.00%] | 960 [100.00%] | 9020 [100.00%] |
|    Used Resources   |   81952 [  6.85%] |  14291 [  2.42%] |   86048 [  3.51%] |  135 [  7.44%] |   0 [  0.00%] |  222 [  2.46%] |
|    Unused Resources | 1115223 [ 93.15%] | 575507 [ 97.58%] | 2366312 [ 96.49%] | 1679 [ 92.56%] | 960 [100.00%] | 8798 [ 97.54%] |
| k_verify            |   81952 [  6.85%] |  14291 [  2.42%] |   86048 [  3.51%] |  135 [  7.44%] |   0 [  0.00%] |  222 [  2.46%] |
|    k_verify_1       |   81952 [  6.85%] |  14291 [  2.42%] |   86048 [  3.51%] |  135 [  7.44%] |   0 [  0.00%] |  222 [  2.46%] |
+---------------------+-------------------+------------------+-------------------+----------------+---------------+----------------+


