
*** Running vivado
    with args -log pfm_dynamic_hmss_0_0.vds -m64 -product Vivado -mode batch -messageDb vivado.pb -notrace -source pfm_dynamic_hmss_0_0.tcl


****** Vivado v2021.2 (64-bit)
  **** SW Build 3367213 on Tue Oct 19 02:47:39 MDT 2021
  **** IP Build 3369179 on Thu Oct 21 08:25:16 MDT 2021
    ** Copyright 1986-2021 Xilinx, Inc. All Rights Reserved.

source pfm_dynamic_hmss_0_0.tcl -notrace
INFO: Dispatch client connection id - 40157
create_project: Time (s): cpu = 00:00:05 ; elapsed = 00:00:08 . Memory (MB): peak = 2693.008 ; gain = 5.961 ; free physical = 63432 ; free virtual = 200465
INFO: [IP_Flow 19-234] Refreshing IP repositories
INFO: [IP_Flow 19-1700] Loaded user IP repository '/home/xcarril/pqc_codesign/dilithium-update/ML-KEM/decapsulation/xout/hw.4/.temps/link/int/xo/ip_repo/xilinx_com_hls_k_kem_dec_0_0'.
INFO: [IP_Flow 19-1700] Loaded user IP repository '/home/xcarril/pqc_codesign/dilithium-update/ML-KEM/decapsulation/xout/hw.4/.temps/link/vivado/vpl/.local/hw_platform/iprepo'.
INFO: [IP_Flow 19-1700] Loaded user IP repository '/opt/Xilinx/Vitis/2021.2/data/cache/xilinx'.
INFO: [IP_Flow 19-1700] Loaded user IP repository '/home/xcarril/pqc_codesign/dilithium-update/ML-KEM/decapsulation/xout/hw.4/.temps/link/vivado/vpl/.local/hw_platform/ipcache'.
INFO: [IP_Flow 19-1700] Loaded user IP repository '/opt/Xilinx/Vitis/2021.2/data/ip'.
INFO: [IP_Flow 19-2313] Loaded Vivado IP repository '/opt/Xilinx/Vivado/2021.2/data/ip'.
Command: synth_design -top pfm_dynamic_hmss_0_0 -part xcu280-fsvh2892-2L-e -mode out_of_context
Starting synth_design
Attempting to get a license for feature 'Synthesis' and/or device 'xcu280'
INFO: [Common 17-349] Got license for feature 'Synthesis' and/or device 'xcu280'
INFO: [Device 21-403] Loading part xcu280-fsvh2892-2L-e
INFO: [Synth 8-7079] Multithreading enabled for synth_design using a maximum of 1 processes.
INFO: [Synth 8-7078] Launching helper process for spawning children vivado processes
INFO: [Synth 8-7075] Helper process launched with PID 1802136
---------------------------------------------------------------------------------
Starting RTL Elaboration : Time (s): cpu = 00:00:04 ; elapsed = 00:00:11 . Memory (MB): peak = 3508.133 ; gain = 287.766 ; free physical = 56484 ; free virtual = 193307
---------------------------------------------------------------------------------
INFO: [Synth 8-6157] synthesizing module 'pfm_dynamic_hmss_0_0' [/home/xcarril/pqc_codesign/dilithium-update/ML-KEM/decapsulation/xout/hw.4/.temps/link/vivado/vpl/prj/prj.gen/my_rm/bd/bd/ip/pfm_dynamic_hmss_0_0/synth/pfm_dynamic_hmss_0_0.v:83]
INFO: [Synth 8-6157] synthesizing module 'bd_5dca' [/home/xcarril/pqc_codesign/dilithium-update/ML-KEM/decapsulation/xout/hw.4/.temps/link/vivado/vpl/prj/prj.gen/my_rm/bd/bd/ip/pfm_dynamic_hmss_0_0/bd_0/synth/bd_5dca.v:10]
INFO: [Synth 8-6157] synthesizing module 'bd_5dca_axi_apb_bridge_inst_0' [/home/xcarril/pqc_codesign/dilithium-update/ML-KEM/decapsulation/xout/hw.4/.temps/link/vivado/vpl/prj/prj.runs/pfm_dynamic_hmss_0_0_synth_1/.Xil/Vivado-1800829-picu/realtime/bd_5dca_axi_apb_bridge_inst_0_stub.v:6]
INFO: [Synth 8-6155] done synthesizing module 'bd_5dca_axi_apb_bridge_inst_0' (1#1) [/home/xcarril/pqc_codesign/dilithium-update/ML-KEM/decapsulation/xout/hw.4/.temps/link/vivado/vpl/prj/prj.runs/pfm_dynamic_hmss_0_0_synth_1/.Xil/Vivado-1800829-picu/realtime/bd_5dca_axi_apb_bridge_inst_0_stub.v:6]
INFO: [Synth 8-6157] synthesizing module 'bd_5dca_hbm_inst_0' [/home/xcarril/pqc_codesign/dilithium-update/ML-KEM/decapsulation/xout/hw.4/.temps/link/vivado/vpl/prj/prj.runs/pfm_dynamic_hmss_0_0_synth_1/.Xil/Vivado-1800829-picu/realtime/bd_5dca_hbm_inst_0_stub.v:6]
INFO: [Synth 8-6155] done synthesizing module 'bd_5dca_hbm_inst_0' (2#1) [/home/xcarril/pqc_codesign/dilithium-update/ML-KEM/decapsulation/xout/hw.4/.temps/link/vivado/vpl/prj/prj.runs/pfm_dynamic_hmss_0_0_synth_1/.Xil/Vivado-1800829-picu/realtime/bd_5dca_hbm_inst_0_stub.v:6]
WARNING: [Synth 8-7071] port 'AXI_00_RDATA_PARITY' of module 'bd_5dca_hbm_inst_0' is unconnected for instance 'hbm_inst' [/home/xcarril/pqc_codesign/dilithium-update/ML-KEM/decapsulation/xout/hw.4/.temps/link/vivado/vpl/prj/prj.gen/my_rm/bd/bd/ip/pfm_dynamic_hmss_0_0/bd_0/synth/bd_5dca.v:926]
WARNING: [Synth 8-7071] port 'AXI_00_RID' of module 'bd_5dca_hbm_inst_0' is unconnected for instance 'hbm_inst' [/home/xcarril/pqc_codesign/dilithium-update/ML-KEM/decapsulation/xout/hw.4/.temps/link/vivado/vpl/prj/prj.gen/my_rm/bd/bd/ip/pfm_dynamic_hmss_0_0/bd_0/synth/bd_5dca.v:926]
WARNING: [Synth 8-7071] port 'AXI_00_BID' of module 'bd_5dca_hbm_inst_0' is unconnected for instance 'hbm_inst' [/home/xcarril/pqc_codesign/dilithium-update/ML-KEM/decapsulation/xout/hw.4/.temps/link/vivado/vpl/prj/prj.gen/my_rm/bd/bd/ip/pfm_dynamic_hmss_0_0/bd_0/synth/bd_5dca.v:926]
WARNING: [Synth 8-7071] port 'AXI_01_RDATA_PARITY' of module 'bd_5dca_hbm_inst_0' is unconnected for instance 'hbm_inst' [/home/xcarril/pqc_codesign/dilithium-update/ML-KEM/decapsulation/xout/hw.4/.temps/link/vivado/vpl/prj/prj.gen/my_rm/bd/bd/ip/pfm_dynamic_hmss_0_0/bd_0/synth/bd_5dca.v:926]
WARNING: [Synth 8-7071] port 'AXI_01_RID' of module 'bd_5dca_hbm_inst_0' is unconnected for instance 'hbm_inst' [/home/xcarril/pqc_codesign/dilithium-update/ML-KEM/decapsulation/xout/hw.4/.temps/link/vivado/vpl/prj/prj.gen/my_rm/bd/bd/ip/pfm_dynamic_hmss_0_0/bd_0/synth/bd_5dca.v:926]
WARNING: [Synth 8-7071] port 'AXI_01_BID' of module 'bd_5dca_hbm_inst_0' is unconnected for instance 'hbm_inst' [/home/xcarril/pqc_codesign/dilithium-update/ML-KEM/decapsulation/xout/hw.4/.temps/link/vivado/vpl/prj/prj.gen/my_rm/bd/bd/ip/pfm_dynamic_hmss_0_0/bd_0/synth/bd_5dca.v:926]
WARNING: [Synth 8-7071] port 'AXI_02_RDATA_PARITY' of module 'bd_5dca_hbm_inst_0' is unconnected for instance 'hbm_inst' [/home/xcarril/pqc_codesign/dilithium-update/ML-KEM/decapsulation/xout/hw.4/.temps/link/vivado/vpl/prj/prj.gen/my_rm/bd/bd/ip/pfm_dynamic_hmss_0_0/bd_0/synth/bd_5dca.v:926]
WARNING: [Synth 8-7071] port 'AXI_02_RID' of module 'bd_5dca_hbm_inst_0' is unconnected for instance 'hbm_inst' [/home/xcarril/pqc_codesign/dilithium-update/ML-KEM/decapsulation/xout/hw.4/.temps/link/vivado/vpl/prj/prj.gen/my_rm/bd/bd/ip/pfm_dynamic_hmss_0_0/bd_0/synth/bd_5dca.v:926]
WARNING: [Synth 8-7071] port 'AXI_02_BID' of module 'bd_5dca_hbm_inst_0' is unconnected for instance 'hbm_inst' [/home/xcarril/pqc_codesign/dilithium-update/ML-KEM/decapsulation/xout/hw.4/.temps/link/vivado/vpl/prj/prj.gen/my_rm/bd/bd/ip/pfm_dynamic_hmss_0_0/bd_0/synth/bd_5dca.v:926]
WARNING: [Synth 8-7071] port 'AXI_03_RDATA_PARITY' of module 'bd_5dca_hbm_inst_0' is unconnected for instance 'hbm_inst' [/home/xcarril/pqc_codesign/dilithium-update/ML-KEM/decapsulation/xout/hw.4/.temps/link/vivado/vpl/prj/prj.gen/my_rm/bd/bd/ip/pfm_dynamic_hmss_0_0/bd_0/synth/bd_5dca.v:926]
WARNING: [Synth 8-7071] port 'AXI_03_RID' of module 'bd_5dca_hbm_inst_0' is unconnected for instance 'hbm_inst' [/home/xcarril/pqc_codesign/dilithium-update/ML-KEM/decapsulation/xout/hw.4/.temps/link/vivado/vpl/prj/prj.gen/my_rm/bd/bd/ip/pfm_dynamic_hmss_0_0/bd_0/synth/bd_5dca.v:926]
WARNING: [Synth 8-7071] port 'AXI_03_BID' of module 'bd_5dca_hbm_inst_0' is unconnected for instance 'hbm_inst' [/home/xcarril/pqc_codesign/dilithium-update/ML-KEM/decapsulation/xout/hw.4/.temps/link/vivado/vpl/prj/prj.gen/my_rm/bd/bd/ip/pfm_dynamic_hmss_0_0/bd_0/synth/bd_5dca.v:926]
WARNING: [Synth 8-7023] instance 'hbm_inst' of module 'bd_5dca_hbm_inst_0' has 146 connections declared, but only 134 given [/home/xcarril/pqc_codesign/dilithium-update/ML-KEM/decapsulation/xout/hw.4/.temps/link/vivado/vpl/prj/prj.gen/my_rm/bd/bd/ip/pfm_dynamic_hmss_0_0/bd_0/synth/bd_5dca.v:926]
INFO: [Synth 8-6157] synthesizing module 'bd_5dca_hbm_reset_sync_SLR0_0' [/home/xcarril/pqc_codesign/dilithium-update/ML-KEM/decapsulation/xout/hw.4/.temps/link/vivado/vpl/prj/prj.runs/pfm_dynamic_hmss_0_0_synth_1/.Xil/Vivado-1800829-picu/realtime/bd_5dca_hbm_reset_sync_SLR0_0_stub.v:6]
INFO: [Synth 8-6155] done synthesizing module 'bd_5dca_hbm_reset_sync_SLR0_0' (3#1) [/home/xcarril/pqc_codesign/dilithium-update/ML-KEM/decapsulation/xout/hw.4/.temps/link/vivado/vpl/prj/prj.runs/pfm_dynamic_hmss_0_0_synth_1/.Xil/Vivado-1800829-picu/realtime/bd_5dca_hbm_reset_sync_SLR0_0_stub.v:6]
WARNING: [Synth 8-7071] port 'mb_reset' of module 'bd_5dca_hbm_reset_sync_SLR0_0' is unconnected for instance 'hbm_reset_sync_SLR0' [/home/xcarril/pqc_codesign/dilithium-update/ML-KEM/decapsulation/xout/hw.4/.temps/link/vivado/vpl/prj/prj.gen/my_rm/bd/bd/ip/pfm_dynamic_hmss_0_0/bd_0/synth/bd_5dca.v:1061]
WARNING: [Synth 8-7071] port 'bus_struct_reset' of module 'bd_5dca_hbm_reset_sync_SLR0_0' is unconnected for instance 'hbm_reset_sync_SLR0' [/home/xcarril/pqc_codesign/dilithium-update/ML-KEM/decapsulation/xout/hw.4/.temps/link/vivado/vpl/prj/prj.gen/my_rm/bd/bd/ip/pfm_dynamic_hmss_0_0/bd_0/synth/bd_5dca.v:1061]
WARNING: [Synth 8-7071] port 'peripheral_reset' of module 'bd_5dca_hbm_reset_sync_SLR0_0' is unconnected for instance 'hbm_reset_sync_SLR0' [/home/xcarril/pqc_codesign/dilithium-update/ML-KEM/decapsulation/xout/hw.4/.temps/link/vivado/vpl/prj/prj.gen/my_rm/bd/bd/ip/pfm_dynamic_hmss_0_0/bd_0/synth/bd_5dca.v:1061]
WARNING: [Synth 8-7071] port 'peripheral_aresetn' of module 'bd_5dca_hbm_reset_sync_SLR0_0' is unconnected for instance 'hbm_reset_sync_SLR0' [/home/xcarril/pqc_codesign/dilithium-update/ML-KEM/decapsulation/xout/hw.4/.temps/link/vivado/vpl/prj/prj.gen/my_rm/bd/bd/ip/pfm_dynamic_hmss_0_0/bd_0/synth/bd_5dca.v:1061]
WARNING: [Synth 8-7023] instance 'hbm_reset_sync_SLR0' of module 'bd_5dca_hbm_reset_sync_SLR0_0' has 10 connections declared, but only 6 given [/home/xcarril/pqc_codesign/dilithium-update/ML-KEM/decapsulation/xout/hw.4/.temps/link/vivado/vpl/prj/prj.gen/my_rm/bd/bd/ip/pfm_dynamic_hmss_0_0/bd_0/synth/bd_5dca.v:1061]
INFO: [Synth 8-6157] synthesizing module 'bd_5dca_hbm_reset_sync_SLR2_0' [/home/xcarril/pqc_codesign/dilithium-update/ML-KEM/decapsulation/xout/hw.4/.temps/link/vivado/vpl/prj/prj.runs/pfm_dynamic_hmss_0_0_synth_1/.Xil/Vivado-1800829-picu/realtime/bd_5dca_hbm_reset_sync_SLR2_0_stub.v:6]
INFO: [Synth 8-6155] done synthesizing module 'bd_5dca_hbm_reset_sync_SLR2_0' (4#1) [/home/xcarril/pqc_codesign/dilithium-update/ML-KEM/decapsulation/xout/hw.4/.temps/link/vivado/vpl/prj/prj.runs/pfm_dynamic_hmss_0_0_synth_1/.Xil/Vivado-1800829-picu/realtime/bd_5dca_hbm_reset_sync_SLR2_0_stub.v:6]
WARNING: [Synth 8-7071] port 'mb_reset' of module 'bd_5dca_hbm_reset_sync_SLR2_0' is unconnected for instance 'hbm_reset_sync_SLR2' [/home/xcarril/pqc_codesign/dilithium-update/ML-KEM/decapsulation/xout/hw.4/.temps/link/vivado/vpl/prj/prj.gen/my_rm/bd/bd/ip/pfm_dynamic_hmss_0_0/bd_0/synth/bd_5dca.v:1068]
WARNING: [Synth 8-7071] port 'bus_struct_reset' of module 'bd_5dca_hbm_reset_sync_SLR2_0' is unconnected for instance 'hbm_reset_sync_SLR2' [/home/xcarril/pqc_codesign/dilithium-update/ML-KEM/decapsulation/xout/hw.4/.temps/link/vivado/vpl/prj/prj.gen/my_rm/bd/bd/ip/pfm_dynamic_hmss_0_0/bd_0/synth/bd_5dca.v:1068]
WARNING: [Synth 8-7071] port 'peripheral_reset' of module 'bd_5dca_hbm_reset_sync_SLR2_0' is unconnected for instance 'hbm_reset_sync_SLR2' [/home/xcarril/pqc_codesign/dilithium-update/ML-KEM/decapsulation/xout/hw.4/.temps/link/vivado/vpl/prj/prj.gen/my_rm/bd/bd/ip/pfm_dynamic_hmss_0_0/bd_0/synth/bd_5dca.v:1068]
WARNING: [Synth 8-7071] port 'peripheral_aresetn' of module 'bd_5dca_hbm_reset_sync_SLR2_0' is unconnected for instance 'hbm_reset_sync_SLR2' [/home/xcarril/pqc_codesign/dilithium-update/ML-KEM/decapsulation/xout/hw.4/.temps/link/vivado/vpl/prj/prj.gen/my_rm/bd/bd/ip/pfm_dynamic_hmss_0_0/bd_0/synth/bd_5dca.v:1068]
WARNING: [Synth 8-7023] instance 'hbm_reset_sync_SLR2' of module 'bd_5dca_hbm_reset_sync_SLR2_0' has 10 connections declared, but only 6 given [/home/xcarril/pqc_codesign/dilithium-update/ML-KEM/decapsulation/xout/hw.4/.temps/link/vivado/vpl/prj/prj.gen/my_rm/bd/bd/ip/pfm_dynamic_hmss_0_0/bd_0/synth/bd_5dca.v:1068]
INFO: [Synth 8-6157] synthesizing module 'init_logic_imp_156LN22' [/home/xcarril/pqc_codesign/dilithium-update/ML-KEM/decapsulation/xout/hw.4/.temps/link/vivado/vpl/prj/prj.gen/my_rm/bd/bd/ip/pfm_dynamic_hmss_0_0/bd_0/synth/bd_5dca.v:1588]
INFO: [Synth 8-6157] synthesizing module 'bd_5dca_init_concat_0' [/home/xcarril/pqc_codesign/dilithium-update/ML-KEM/decapsulation/xout/hw.4/.temps/link/vivado/vpl/prj/prj.gen/my_rm/bd/bd/ip/pfm_dynamic_hmss_0_0/bd_0/ip/ip_16/synth/bd_5dca_init_concat_0.v:60]
INFO: [Synth 8-6157] synthesizing module 'xlconcat_v2_1_4_xlconcat' [/home/xcarril/pqc_codesign/dilithium-update/ML-KEM/decapsulation/xout/hw.4/.temps/link/vivado/vpl/prj/prj.gen/my_rm/bd/bd/ipshared/4b67/hdl/xlconcat_v2_1_vl_rfs.v:14]
INFO: [Synth 8-6155] done synthesizing module 'xlconcat_v2_1_4_xlconcat' (5#1) [/home/xcarril/pqc_codesign/dilithium-update/ML-KEM/decapsulation/xout/hw.4/.temps/link/vivado/vpl/prj/prj.gen/my_rm/bd/bd/ipshared/4b67/hdl/xlconcat_v2_1_vl_rfs.v:14]
INFO: [Synth 8-6155] done synthesizing module 'bd_5dca_init_concat_0' (6#1) [/home/xcarril/pqc_codesign/dilithium-update/ML-KEM/decapsulation/xout/hw.4/.temps/link/vivado/vpl/prj/prj.gen/my_rm/bd/bd/ip/pfm_dynamic_hmss_0_0/bd_0/ip/ip_16/synth/bd_5dca_init_concat_0.v:60]
INFO: [Synth 8-6157] synthesizing module 'bd_5dca_init_reduce_0' [/home/xcarril/pqc_codesign/dilithium-update/ML-KEM/decapsulation/xout/hw.4/.temps/link/vivado/vpl/prj/prj.runs/pfm_dynamic_hmss_0_0_synth_1/.Xil/Vivado-1800829-picu/realtime/bd_5dca_init_reduce_0_stub.v:6]
INFO: [Synth 8-6155] done synthesizing module 'bd_5dca_init_reduce_0' (7#1) [/home/xcarril/pqc_codesign/dilithium-update/ML-KEM/decapsulation/xout/hw.4/.temps/link/vivado/vpl/prj/prj.runs/pfm_dynamic_hmss_0_0_synth_1/.Xil/Vivado-1800829-picu/realtime/bd_5dca_init_reduce_0_stub.v:6]
INFO: [Synth 8-6155] done synthesizing module 'init_logic_imp_156LN22' (8#1) [/home/xcarril/pqc_codesign/dilithium-update/ML-KEM/decapsulation/xout/hw.4/.temps/link/vivado/vpl/prj/prj.gen/my_rm/bd/bd/ip/pfm_dynamic_hmss_0_0/bd_0/synth/bd_5dca.v:1588]
INFO: [Synth 8-6157] synthesizing module 'path_0_imp_D0DQII' [/home/xcarril/pqc_codesign/dilithium-update/ML-KEM/decapsulation/xout/hw.4/.temps/link/vivado/vpl/prj/prj.gen/my_rm/bd/bd/ip/pfm_dynamic_hmss_0_0/bd_0/synth/bd_5dca.v:1608]
INFO: [Synth 8-6157] synthesizing module 'bd_5dca_interconnect1_0_0' [/home/xcarril/pqc_codesign/dilithium-update/ML-KEM/decapsulation/xout/hw.4/.temps/link/vivado/vpl/prj/prj.runs/pfm_dynamic_hmss_0_0_synth_1/.Xil/Vivado-1800829-picu/realtime/bd_5dca_interconnect1_0_0_stub.v:6]
INFO: [Synth 8-6155] done synthesizing module 'bd_5dca_interconnect1_0_0' (9#1) [/home/xcarril/pqc_codesign/dilithium-update/ML-KEM/decapsulation/xout/hw.4/.temps/link/vivado/vpl/prj/prj.runs/pfm_dynamic_hmss_0_0_synth_1/.Xil/Vivado-1800829-picu/realtime/bd_5dca_interconnect1_0_0_stub.v:6]
INFO: [Synth 8-6157] synthesizing module 'bd_5dca_slice1_0_0' [/home/xcarril/pqc_codesign/dilithium-update/ML-KEM/decapsulation/xout/hw.4/.temps/link/vivado/vpl/prj/prj.runs/pfm_dynamic_hmss_0_0_synth_1/.Xil/Vivado-1800829-picu/realtime/bd_5dca_slice1_0_0_stub.v:6]
INFO: [Synth 8-6155] done synthesizing module 'bd_5dca_slice1_0_0' (10#1) [/home/xcarril/pqc_codesign/dilithium-update/ML-KEM/decapsulation/xout/hw.4/.temps/link/vivado/vpl/prj/prj.runs/pfm_dynamic_hmss_0_0_synth_1/.Xil/Vivado-1800829-picu/realtime/bd_5dca_slice1_0_0_stub.v:6]
WARNING: [Synth 8-7071] port 'm_axi_awsize' of module 'bd_5dca_slice1_0_0' is unconnected for instance 'slice1_0' [/home/xcarril/pqc_codesign/dilithium-update/ML-KEM/decapsulation/xout/hw.4/.temps/link/vivado/vpl/prj/prj.gen/my_rm/bd/bd/ip/pfm_dynamic_hmss_0_0/bd_0/synth/bd_5dca.v:1986]
WARNING: [Synth 8-7071] port 'm_axi_arsize' of module 'bd_5dca_slice1_0_0' is unconnected for instance 'slice1_0' [/home/xcarril/pqc_codesign/dilithium-update/ML-KEM/decapsulation/xout/hw.4/.temps/link/vivado/vpl/prj/prj.gen/my_rm/bd/bd/ip/pfm_dynamic_hmss_0_0/bd_0/synth/bd_5dca.v:1986]
WARNING: [Synth 8-7023] instance 'slice1_0' of module 'bd_5dca_slice1_0_0' has 68 connections declared, but only 66 given [/home/xcarril/pqc_codesign/dilithium-update/ML-KEM/decapsulation/xout/hw.4/.temps/link/vivado/vpl/prj/prj.gen/my_rm/bd/bd/ip/pfm_dynamic_hmss_0_0/bd_0/synth/bd_5dca.v:1986]
INFO: [Synth 8-6155] done synthesizing module 'path_0_imp_D0DQII' (11#1) [/home/xcarril/pqc_codesign/dilithium-update/ML-KEM/decapsulation/xout/hw.4/.temps/link/vivado/vpl/prj/prj.gen/my_rm/bd/bd/ip/pfm_dynamic_hmss_0_0/bd_0/synth/bd_5dca.v:1608]
INFO: [Synth 8-6157] synthesizing module 'path_1_imp_1QSHYAS' [/home/xcarril/pqc_codesign/dilithium-update/ML-KEM/decapsulation/xout/hw.4/.temps/link/vivado/vpl/prj/prj.gen/my_rm/bd/bd/ip/pfm_dynamic_hmss_0_0/bd_0/synth/bd_5dca.v:2055]
INFO: [Synth 8-6157] synthesizing module 'bd_5dca_interconnect2_1_0' [/home/xcarril/pqc_codesign/dilithium-update/ML-KEM/decapsulation/xout/hw.4/.temps/link/vivado/vpl/prj/prj.runs/pfm_dynamic_hmss_0_0_synth_1/.Xil/Vivado-1800829-picu/realtime/bd_5dca_interconnect2_1_0_stub.v:6]
INFO: [Synth 8-6155] done synthesizing module 'bd_5dca_interconnect2_1_0' (12#1) [/home/xcarril/pqc_codesign/dilithium-update/ML-KEM/decapsulation/xout/hw.4/.temps/link/vivado/vpl/prj/prj.runs/pfm_dynamic_hmss_0_0_synth_1/.Xil/Vivado-1800829-picu/realtime/bd_5dca_interconnect2_1_0_stub.v:6]
INFO: [Synth 8-6157] synthesizing module 'bd_5dca_slice2_1_0' [/home/xcarril/pqc_codesign/dilithium-update/ML-KEM/decapsulation/xout/hw.4/.temps/link/vivado/vpl/prj/prj.runs/pfm_dynamic_hmss_0_0_synth_1/.Xil/Vivado-1800829-picu/realtime/bd_5dca_slice2_1_0_stub.v:6]
INFO: [Synth 8-6155] done synthesizing module 'bd_5dca_slice2_1_0' (13#1) [/home/xcarril/pqc_codesign/dilithium-update/ML-KEM/decapsulation/xout/hw.4/.temps/link/vivado/vpl/prj/prj.runs/pfm_dynamic_hmss_0_0_synth_1/.Xil/Vivado-1800829-picu/realtime/bd_5dca_slice2_1_0_stub.v:6]
WARNING: [Synth 8-7071] port 'm_axi_awsize' of module 'bd_5dca_slice2_1_0' is unconnected for instance 'slice2_1' [/home/xcarril/pqc_codesign/dilithium-update/ML-KEM/decapsulation/xout/hw.4/.temps/link/vivado/vpl/prj/prj.gen/my_rm/bd/bd/ip/pfm_dynamic_hmss_0_0/bd_0/synth/bd_5dca.v:2433]
WARNING: [Synth 8-7071] port 'm_axi_arsize' of module 'bd_5dca_slice2_1_0' is unconnected for instance 'slice2_1' [/home/xcarril/pqc_codesign/dilithium-update/ML-KEM/decapsulation/xout/hw.4/.temps/link/vivado/vpl/prj/prj.gen/my_rm/bd/bd/ip/pfm_dynamic_hmss_0_0/bd_0/synth/bd_5dca.v:2433]
WARNING: [Synth 8-7023] instance 'slice2_1' of module 'bd_5dca_slice2_1_0' has 68 connections declared, but only 66 given [/home/xcarril/pqc_codesign/dilithium-update/ML-KEM/decapsulation/xout/hw.4/.temps/link/vivado/vpl/prj/prj.gen/my_rm/bd/bd/ip/pfm_dynamic_hmss_0_0/bd_0/synth/bd_5dca.v:2433]
INFO: [Synth 8-6155] done synthesizing module 'path_1_imp_1QSHYAS' (14#1) [/home/xcarril/pqc_codesign/dilithium-update/ML-KEM/decapsulation/xout/hw.4/.temps/link/vivado/vpl/prj/prj.gen/my_rm/bd/bd/ip/pfm_dynamic_hmss_0_0/bd_0/synth/bd_5dca.v:2055]
INFO: [Synth 8-6157] synthesizing module 'path_2_imp_U6BEH3' [/home/xcarril/pqc_codesign/dilithium-update/ML-KEM/decapsulation/xout/hw.4/.temps/link/vivado/vpl/prj/prj.gen/my_rm/bd/bd/ip/pfm_dynamic_hmss_0_0/bd_0/synth/bd_5dca.v:2502]
INFO: [Synth 8-6157] synthesizing module 'bd_5dca_interconnect3_2_0' [/home/xcarril/pqc_codesign/dilithium-update/ML-KEM/decapsulation/xout/hw.4/.temps/link/vivado/vpl/prj/prj.runs/pfm_dynamic_hmss_0_0_synth_1/.Xil/Vivado-1800829-picu/realtime/bd_5dca_interconnect3_2_0_stub.v:6]
INFO: [Synth 8-6155] done synthesizing module 'bd_5dca_interconnect3_2_0' (15#1) [/home/xcarril/pqc_codesign/dilithium-update/ML-KEM/decapsulation/xout/hw.4/.temps/link/vivado/vpl/prj/prj.runs/pfm_dynamic_hmss_0_0_synth_1/.Xil/Vivado-1800829-picu/realtime/bd_5dca_interconnect3_2_0_stub.v:6]
INFO: [Synth 8-6157] synthesizing module 'bd_5dca_slice3_2_0' [/home/xcarril/pqc_codesign/dilithium-update/ML-KEM/decapsulation/xout/hw.4/.temps/link/vivado/vpl/prj/prj.runs/pfm_dynamic_hmss_0_0_synth_1/.Xil/Vivado-1800829-picu/realtime/bd_5dca_slice3_2_0_stub.v:6]
INFO: [Synth 8-6155] done synthesizing module 'bd_5dca_slice3_2_0' (16#1) [/home/xcarril/pqc_codesign/dilithium-update/ML-KEM/decapsulation/xout/hw.4/.temps/link/vivado/vpl/prj/prj.runs/pfm_dynamic_hmss_0_0_synth_1/.Xil/Vivado-1800829-picu/realtime/bd_5dca_slice3_2_0_stub.v:6]
WARNING: [Synth 8-7071] port 'm_axi_awsize' of module 'bd_5dca_slice3_2_0' is unconnected for instance 'slice3_2' [/home/xcarril/pqc_codesign/dilithium-update/ML-KEM/decapsulation/xout/hw.4/.temps/link/vivado/vpl/prj/prj.gen/my_rm/bd/bd/ip/pfm_dynamic_hmss_0_0/bd_0/synth/bd_5dca.v:2880]
WARNING: [Synth 8-7071] port 'm_axi_arsize' of module 'bd_5dca_slice3_2_0' is unconnected for instance 'slice3_2' [/home/xcarril/pqc_codesign/dilithium-update/ML-KEM/decapsulation/xout/hw.4/.temps/link/vivado/vpl/prj/prj.gen/my_rm/bd/bd/ip/pfm_dynamic_hmss_0_0/bd_0/synth/bd_5dca.v:2880]
WARNING: [Synth 8-7023] instance 'slice3_2' of module 'bd_5dca_slice3_2_0' has 68 connections declared, but only 66 given [/home/xcarril/pqc_codesign/dilithium-update/ML-KEM/decapsulation/xout/hw.4/.temps/link/vivado/vpl/prj/prj.gen/my_rm/bd/bd/ip/pfm_dynamic_hmss_0_0/bd_0/synth/bd_5dca.v:2880]
INFO: [Synth 8-6155] done synthesizing module 'path_2_imp_U6BEH3' (17#1) [/home/xcarril/pqc_codesign/dilithium-update/ML-KEM/decapsulation/xout/hw.4/.temps/link/vivado/vpl/prj/prj.gen/my_rm/bd/bd/ip/pfm_dynamic_hmss_0_0/bd_0/synth/bd_5dca.v:2502]
INFO: [Synth 8-6157] synthesizing module 'path_3_imp_18IDHND' [/home/xcarril/pqc_codesign/dilithium-update/ML-KEM/decapsulation/xout/hw.4/.temps/link/vivado/vpl/prj/prj.gen/my_rm/bd/bd/ip/pfm_dynamic_hmss_0_0/bd_0/synth/bd_5dca.v:2949]
INFO: [Synth 8-6157] synthesizing module 'bd_5dca_interconnect0_3_0' [/home/xcarril/pqc_codesign/dilithium-update/ML-KEM/decapsulation/xout/hw.4/.temps/link/vivado/vpl/prj/prj.runs/pfm_dynamic_hmss_0_0_synth_1/.Xil/Vivado-1800829-picu/realtime/bd_5dca_interconnect0_3_0_stub.v:6]
INFO: [Synth 8-6155] done synthesizing module 'bd_5dca_interconnect0_3_0' (18#1) [/home/xcarril/pqc_codesign/dilithium-update/ML-KEM/decapsulation/xout/hw.4/.temps/link/vivado/vpl/prj/prj.runs/pfm_dynamic_hmss_0_0_synth_1/.Xil/Vivado-1800829-picu/realtime/bd_5dca_interconnect0_3_0_stub.v:6]
INFO: [Synth 8-6157] synthesizing module 'bd_5dca_slice0_3_0' [/home/xcarril/pqc_codesign/dilithium-update/ML-KEM/decapsulation/xout/hw.4/.temps/link/vivado/vpl/prj/prj.runs/pfm_dynamic_hmss_0_0_synth_1/.Xil/Vivado-1800829-picu/realtime/bd_5dca_slice0_3_0_stub.v:6]
INFO: [Synth 8-6155] done synthesizing module 'bd_5dca_slice0_3_0' (19#1) [/home/xcarril/pqc_codesign/dilithium-update/ML-KEM/decapsulation/xout/hw.4/.temps/link/vivado/vpl/prj/prj.runs/pfm_dynamic_hmss_0_0_synth_1/.Xil/Vivado-1800829-picu/realtime/bd_5dca_slice0_3_0_stub.v:6]
WARNING: [Synth 8-7071] port 'm_axi_awsize' of module 'bd_5dca_slice0_3_0' is unconnected for instance 'slice0_3' [/home/xcarril/pqc_codesign/dilithium-update/ML-KEM/decapsulation/xout/hw.4/.temps/link/vivado/vpl/prj/prj.gen/my_rm/bd/bd/ip/pfm_dynamic_hmss_0_0/bd_0/synth/bd_5dca.v:3347]
WARNING: [Synth 8-7071] port 'm_axi_arsize' of module 'bd_5dca_slice0_3_0' is unconnected for instance 'slice0_3' [/home/xcarril/pqc_codesign/dilithium-update/ML-KEM/decapsulation/xout/hw.4/.temps/link/vivado/vpl/prj/prj.gen/my_rm/bd/bd/ip/pfm_dynamic_hmss_0_0/bd_0/synth/bd_5dca.v:3347]
WARNING: [Synth 8-7023] instance 'slice0_3' of module 'bd_5dca_slice0_3_0' has 68 connections declared, but only 66 given [/home/xcarril/pqc_codesign/dilithium-update/ML-KEM/decapsulation/xout/hw.4/.temps/link/vivado/vpl/prj/prj.gen/my_rm/bd/bd/ip/pfm_dynamic_hmss_0_0/bd_0/synth/bd_5dca.v:3347]
INFO: [Synth 8-6155] done synthesizing module 'path_3_imp_18IDHND' (20#1) [/home/xcarril/pqc_codesign/dilithium-update/ML-KEM/decapsulation/xout/hw.4/.temps/link/vivado/vpl/prj/prj.gen/my_rm/bd/bd/ip/pfm_dynamic_hmss_0_0/bd_0/synth/bd_5dca.v:2949]
INFO: [Synth 8-6157] synthesizing module 'bd_5dca_vip_S00_0' [/home/xcarril/pqc_codesign/dilithium-update/ML-KEM/decapsulation/xout/hw.4/.temps/link/vivado/vpl/prj/prj.runs/pfm_dynamic_hmss_0_0_synth_1/.Xil/Vivado-1800829-picu/realtime/bd_5dca_vip_S00_0_stub.v:6]
INFO: [Synth 8-6155] done synthesizing module 'bd_5dca_vip_S00_0' (21#1) [/home/xcarril/pqc_codesign/dilithium-update/ML-KEM/decapsulation/xout/hw.4/.temps/link/vivado/vpl/prj/prj.runs/pfm_dynamic_hmss_0_0_synth_1/.Xil/Vivado-1800829-picu/realtime/bd_5dca_vip_S00_0_stub.v:6]
WARNING: [Synth 8-7071] port 'm_axi_awlock' of module 'bd_5dca_vip_S00_0' is unconnected for instance 'vip_S00' [/home/xcarril/pqc_codesign/dilithium-update/ML-KEM/decapsulation/xout/hw.4/.temps/link/vivado/vpl/prj/prj.gen/my_rm/bd/bd/ip/pfm_dynamic_hmss_0_0/bd_0/synth/bd_5dca.v:1358]
WARNING: [Synth 8-7071] port 'm_axi_awcache' of module 'bd_5dca_vip_S00_0' is unconnected for instance 'vip_S00' [/home/xcarril/pqc_codesign/dilithium-update/ML-KEM/decapsulation/xout/hw.4/.temps/link/vivado/vpl/prj/prj.gen/my_rm/bd/bd/ip/pfm_dynamic_hmss_0_0/bd_0/synth/bd_5dca.v:1358]
WARNING: [Synth 8-7071] port 'm_axi_awprot' of module 'bd_5dca_vip_S00_0' is unconnected for instance 'vip_S00' [/home/xcarril/pqc_codesign/dilithium-update/ML-KEM/decapsulation/xout/hw.4/.temps/link/vivado/vpl/prj/prj.gen/my_rm/bd/bd/ip/pfm_dynamic_hmss_0_0/bd_0/synth/bd_5dca.v:1358]
WARNING: [Synth 8-7071] port 'm_axi_awqos' of module 'bd_5dca_vip_S00_0' is unconnected for instance 'vip_S00' [/home/xcarril/pqc_codesign/dilithium-update/ML-KEM/decapsulation/xout/hw.4/.temps/link/vivado/vpl/prj/prj.gen/my_rm/bd/bd/ip/pfm_dynamic_hmss_0_0/bd_0/synth/bd_5dca.v:1358]
WARNING: [Synth 8-7071] port 'm_axi_arlock' of module 'bd_5dca_vip_S00_0' is unconnected for instance 'vip_S00' [/home/xcarril/pqc_codesign/dilithium-update/ML-KEM/decapsulation/xout/hw.4/.temps/link/vivado/vpl/prj/prj.gen/my_rm/bd/bd/ip/pfm_dynamic_hmss_0_0/bd_0/synth/bd_5dca.v:1358]
WARNING: [Synth 8-7071] port 'm_axi_arcache' of module 'bd_5dca_vip_S00_0' is unconnected for instance 'vip_S00' [/home/xcarril/pqc_codesign/dilithium-update/ML-KEM/decapsulation/xout/hw.4/.temps/link/vivado/vpl/prj/prj.gen/my_rm/bd/bd/ip/pfm_dynamic_hmss_0_0/bd_0/synth/bd_5dca.v:1358]
WARNING: [Synth 8-7071] port 'm_axi_arprot' of module 'bd_5dca_vip_S00_0' is unconnected for instance 'vip_S00' [/home/xcarril/pqc_codesign/dilithium-update/ML-KEM/decapsulation/xout/hw.4/.temps/link/vivado/vpl/prj/prj.gen/my_rm/bd/bd/ip/pfm_dynamic_hmss_0_0/bd_0/synth/bd_5dca.v:1358]
WARNING: [Synth 8-7071] port 'm_axi_arqos' of module 'bd_5dca_vip_S00_0' is unconnected for instance 'vip_S00' [/home/xcarril/pqc_codesign/dilithium-update/ML-KEM/decapsulation/xout/hw.4/.temps/link/vivado/vpl/prj/prj.gen/my_rm/bd/bd/ip/pfm_dynamic_hmss_0_0/bd_0/synth/bd_5dca.v:1358]
WARNING: [Synth 8-7023] instance 'vip_S00' of module 'bd_5dca_vip_S00_0' has 64 connections declared, but only 56 given [/home/xcarril/pqc_codesign/dilithium-update/ML-KEM/decapsulation/xout/hw.4/.temps/link/vivado/vpl/prj/prj.gen/my_rm/bd/bd/ip/pfm_dynamic_hmss_0_0/bd_0/synth/bd_5dca.v:1358]
INFO: [Synth 8-6157] synthesizing module 'bd_5dca_vip_S01_0' [/home/xcarril/pqc_codesign/dilithium-update/ML-KEM/decapsulation/xout/hw.4/.temps/link/vivado/vpl/prj/prj.runs/pfm_dynamic_hmss_0_0_synth_1/.Xil/Vivado-1800829-picu/realtime/bd_5dca_vip_S01_0_stub.v:6]
INFO: [Synth 8-6155] done synthesizing module 'bd_5dca_vip_S01_0' (22#1) [/home/xcarril/pqc_codesign/dilithium-update/ML-KEM/decapsulation/xout/hw.4/.temps/link/vivado/vpl/prj/prj.runs/pfm_dynamic_hmss_0_0_synth_1/.Xil/Vivado-1800829-picu/realtime/bd_5dca_vip_S01_0_stub.v:6]
WARNING: [Synth 8-7071] port 'm_axi_awlock' of module 'bd_5dca_vip_S01_0' is unconnected for instance 'vip_S01' [/home/xcarril/pqc_codesign/dilithium-update/ML-KEM/decapsulation/xout/hw.4/.temps/link/vivado/vpl/prj/prj.gen/my_rm/bd/bd/ip/pfm_dynamic_hmss_0_0/bd_0/synth/bd_5dca.v:1415]
WARNING: [Synth 8-7071] port 'm_axi_awcache' of module 'bd_5dca_vip_S01_0' is unconnected for instance 'vip_S01' [/home/xcarril/pqc_codesign/dilithium-update/ML-KEM/decapsulation/xout/hw.4/.temps/link/vivado/vpl/prj/prj.gen/my_rm/bd/bd/ip/pfm_dynamic_hmss_0_0/bd_0/synth/bd_5dca.v:1415]
WARNING: [Synth 8-7071] port 'm_axi_awprot' of module 'bd_5dca_vip_S01_0' is unconnected for instance 'vip_S01' [/home/xcarril/pqc_codesign/dilithium-update/ML-KEM/decapsulation/xout/hw.4/.temps/link/vivado/vpl/prj/prj.gen/my_rm/bd/bd/ip/pfm_dynamic_hmss_0_0/bd_0/synth/bd_5dca.v:1415]
WARNING: [Synth 8-7071] port 'm_axi_awqos' of module 'bd_5dca_vip_S01_0' is unconnected for instance 'vip_S01' [/home/xcarril/pqc_codesign/dilithium-update/ML-KEM/decapsulation/xout/hw.4/.temps/link/vivado/vpl/prj/prj.gen/my_rm/bd/bd/ip/pfm_dynamic_hmss_0_0/bd_0/synth/bd_5dca.v:1415]
WARNING: [Synth 8-7071] port 'm_axi_arlock' of module 'bd_5dca_vip_S01_0' is unconnected for instance 'vip_S01' [/home/xcarril/pqc_codesign/dilithium-update/ML-KEM/decapsulation/xout/hw.4/.temps/link/vivado/vpl/prj/prj.gen/my_rm/bd/bd/ip/pfm_dynamic_hmss_0_0/bd_0/synth/bd_5dca.v:1415]
WARNING: [Synth 8-7071] port 'm_axi_arcache' of module 'bd_5dca_vip_S01_0' is unconnected for instance 'vip_S01' [/home/xcarril/pqc_codesign/dilithium-update/ML-KEM/decapsulation/xout/hw.4/.temps/link/vivado/vpl/prj/prj.gen/my_rm/bd/bd/ip/pfm_dynamic_hmss_0_0/bd_0/synth/bd_5dca.v:1415]
WARNING: [Synth 8-7071] port 'm_axi_arprot' of module 'bd_5dca_vip_S01_0' is unconnected for instance 'vip_S01' [/home/xcarril/pqc_codesign/dilithium-update/ML-KEM/decapsulation/xout/hw.4/.temps/link/vivado/vpl/prj/prj.gen/my_rm/bd/bd/ip/pfm_dynamic_hmss_0_0/bd_0/synth/bd_5dca.v:1415]
WARNING: [Synth 8-7071] port 'm_axi_arqos' of module 'bd_5dca_vip_S01_0' is unconnected for instance 'vip_S01' [/home/xcarril/pqc_codesign/dilithium-update/ML-KEM/decapsulation/xout/hw.4/.temps/link/vivado/vpl/prj/prj.gen/my_rm/bd/bd/ip/pfm_dynamic_hmss_0_0/bd_0/synth/bd_5dca.v:1415]
WARNING: [Synth 8-7023] instance 'vip_S01' of module 'bd_5dca_vip_S01_0' has 64 connections declared, but only 56 given [/home/xcarril/pqc_codesign/dilithium-update/ML-KEM/decapsulation/xout/hw.4/.temps/link/vivado/vpl/prj/prj.gen/my_rm/bd/bd/ip/pfm_dynamic_hmss_0_0/bd_0/synth/bd_5dca.v:1415]
INFO: [Synth 8-6157] synthesizing module 'bd_5dca_vip_S02_0' [/home/xcarril/pqc_codesign/dilithium-update/ML-KEM/decapsulation/xout/hw.4/.temps/link/vivado/vpl/prj/prj.runs/pfm_dynamic_hmss_0_0_synth_1/.Xil/Vivado-1800829-picu/realtime/bd_5dca_vip_S02_0_stub.v:6]
INFO: [Synth 8-6155] done synthesizing module 'bd_5dca_vip_S02_0' (23#1) [/home/xcarril/pqc_codesign/dilithium-update/ML-KEM/decapsulation/xout/hw.4/.temps/link/vivado/vpl/prj/prj.runs/pfm_dynamic_hmss_0_0_synth_1/.Xil/Vivado-1800829-picu/realtime/bd_5dca_vip_S02_0_stub.v:6]
WARNING: [Synth 8-7071] port 'm_axi_awlock' of module 'bd_5dca_vip_S02_0' is unconnected for instance 'vip_S02' [/home/xcarril/pqc_codesign/dilithium-update/ML-KEM/decapsulation/xout/hw.4/.temps/link/vivado/vpl/prj/prj.gen/my_rm/bd/bd/ip/pfm_dynamic_hmss_0_0/bd_0/synth/bd_5dca.v:1472]
WARNING: [Synth 8-7071] port 'm_axi_awcache' of module 'bd_5dca_vip_S02_0' is unconnected for instance 'vip_S02' [/home/xcarril/pqc_codesign/dilithium-update/ML-KEM/decapsulation/xout/hw.4/.temps/link/vivado/vpl/prj/prj.gen/my_rm/bd/bd/ip/pfm_dynamic_hmss_0_0/bd_0/synth/bd_5dca.v:1472]
WARNING: [Synth 8-7071] port 'm_axi_awprot' of module 'bd_5dca_vip_S02_0' is unconnected for instance 'vip_S02' [/home/xcarril/pqc_codesign/dilithium-update/ML-KEM/decapsulation/xout/hw.4/.temps/link/vivado/vpl/prj/prj.gen/my_rm/bd/bd/ip/pfm_dynamic_hmss_0_0/bd_0/synth/bd_5dca.v:1472]
WARNING: [Synth 8-7071] port 'm_axi_awqos' of module 'bd_5dca_vip_S02_0' is unconnected for instance 'vip_S02' [/home/xcarril/pqc_codesign/dilithium-update/ML-KEM/decapsulation/xout/hw.4/.temps/link/vivado/vpl/prj/prj.gen/my_rm/bd/bd/ip/pfm_dynamic_hmss_0_0/bd_0/synth/bd_5dca.v:1472]
WARNING: [Synth 8-7071] port 'm_axi_arlock' of module 'bd_5dca_vip_S02_0' is unconnected for instance 'vip_S02' [/home/xcarril/pqc_codesign/dilithium-update/ML-KEM/decapsulation/xout/hw.4/.temps/link/vivado/vpl/prj/prj.gen/my_rm/bd/bd/ip/pfm_dynamic_hmss_0_0/bd_0/synth/bd_5dca.v:1472]
WARNING: [Synth 8-7071] port 'm_axi_arcache' of module 'bd_5dca_vip_S02_0' is unconnected for instance 'vip_S02' [/home/xcarril/pqc_codesign/dilithium-update/ML-KEM/decapsulation/xout/hw.4/.temps/link/vivado/vpl/prj/prj.gen/my_rm/bd/bd/ip/pfm_dynamic_hmss_0_0/bd_0/synth/bd_5dca.v:1472]
WARNING: [Synth 8-7071] port 'm_axi_arprot' of module 'bd_5dca_vip_S02_0' is unconnected for instance 'vip_S02' [/home/xcarril/pqc_codesign/dilithium-update/ML-KEM/decapsulation/xout/hw.4/.temps/link/vivado/vpl/prj/prj.gen/my_rm/bd/bd/ip/pfm_dynamic_hmss_0_0/bd_0/synth/bd_5dca.v:1472]
WARNING: [Synth 8-7071] port 'm_axi_arqos' of module 'bd_5dca_vip_S02_0' is unconnected for instance 'vip_S02' [/home/xcarril/pqc_codesign/dilithium-update/ML-KEM/decapsulation/xout/hw.4/.temps/link/vivado/vpl/prj/prj.gen/my_rm/bd/bd/ip/pfm_dynamic_hmss_0_0/bd_0/synth/bd_5dca.v:1472]
WARNING: [Synth 8-7023] instance 'vip_S02' of module 'bd_5dca_vip_S02_0' has 64 connections declared, but only 56 given [/home/xcarril/pqc_codesign/dilithium-update/ML-KEM/decapsulation/xout/hw.4/.temps/link/vivado/vpl/prj/prj.gen/my_rm/bd/bd/ip/pfm_dynamic_hmss_0_0/bd_0/synth/bd_5dca.v:1472]
INFO: [Synth 8-6157] synthesizing module 'bd_5dca_vip_S03_0' [/home/xcarril/pqc_codesign/dilithium-update/ML-KEM/decapsulation/xout/hw.4/.temps/link/vivado/vpl/prj/prj.runs/pfm_dynamic_hmss_0_0_synth_1/.Xil/Vivado-1800829-picu/realtime/bd_5dca_vip_S03_0_stub.v:6]
INFO: [Synth 8-6155] done synthesizing module 'bd_5dca_vip_S03_0' (24#1) [/home/xcarril/pqc_codesign/dilithium-update/ML-KEM/decapsulation/xout/hw.4/.temps/link/vivado/vpl/prj/prj.runs/pfm_dynamic_hmss_0_0_synth_1/.Xil/Vivado-1800829-picu/realtime/bd_5dca_vip_S03_0_stub.v:6]
WARNING: [Synth 8-7071] port 'm_axi_awlock' of module 'bd_5dca_vip_S03_0' is unconnected for instance 'vip_S03' [/home/xcarril/pqc_codesign/dilithium-update/ML-KEM/decapsulation/xout/hw.4/.temps/link/vivado/vpl/prj/prj.gen/my_rm/bd/bd/ip/pfm_dynamic_hmss_0_0/bd_0/synth/bd_5dca.v:1529]
WARNING: [Synth 8-7071] port 'm_axi_awcache' of module 'bd_5dca_vip_S03_0' is unconnected for instance 'vip_S03' [/home/xcarril/pqc_codesign/dilithium-update/ML-KEM/decapsulation/xout/hw.4/.temps/link/vivado/vpl/prj/prj.gen/my_rm/bd/bd/ip/pfm_dynamic_hmss_0_0/bd_0/synth/bd_5dca.v:1529]
WARNING: [Synth 8-7071] port 'm_axi_awprot' of module 'bd_5dca_vip_S03_0' is unconnected for instance 'vip_S03' [/home/xcarril/pqc_codesign/dilithium-update/ML-KEM/decapsulation/xout/hw.4/.temps/link/vivado/vpl/prj/prj.gen/my_rm/bd/bd/ip/pfm_dynamic_hmss_0_0/bd_0/synth/bd_5dca.v:1529]
WARNING: [Synth 8-7071] port 'm_axi_awqos' of module 'bd_5dca_vip_S03_0' is unconnected for instance 'vip_S03' [/home/xcarril/pqc_codesign/dilithium-update/ML-KEM/decapsulation/xout/hw.4/.temps/link/vivado/vpl/prj/prj.gen/my_rm/bd/bd/ip/pfm_dynamic_hmss_0_0/bd_0/synth/bd_5dca.v:1529]
WARNING: [Synth 8-7071] port 'm_axi_arlock' of module 'bd_5dca_vip_S03_0' is unconnected for instance 'vip_S03' [/home/xcarril/pqc_codesign/dilithium-update/ML-KEM/decapsulation/xout/hw.4/.temps/link/vivado/vpl/prj/prj.gen/my_rm/bd/bd/ip/pfm_dynamic_hmss_0_0/bd_0/synth/bd_5dca.v:1529]
WARNING: [Synth 8-7071] port 'm_axi_arcache' of module 'bd_5dca_vip_S03_0' is unconnected for instance 'vip_S03' [/home/xcarril/pqc_codesign/dilithium-update/ML-KEM/decapsulation/xout/hw.4/.temps/link/vivado/vpl/prj/prj.gen/my_rm/bd/bd/ip/pfm_dynamic_hmss_0_0/bd_0/synth/bd_5dca.v:1529]
WARNING: [Synth 8-7071] port 'm_axi_arprot' of module 'bd_5dca_vip_S03_0' is unconnected for instance 'vip_S03' [/home/xcarril/pqc_codesign/dilithium-update/ML-KEM/decapsulation/xout/hw.4/.temps/link/vivado/vpl/prj/prj.gen/my_rm/bd/bd/ip/pfm_dynamic_hmss_0_0/bd_0/synth/bd_5dca.v:1529]
WARNING: [Synth 8-7071] port 'm_axi_arqos' of module 'bd_5dca_vip_S03_0' is unconnected for instance 'vip_S03' [/home/xcarril/pqc_codesign/dilithium-update/ML-KEM/decapsulation/xout/hw.4/.temps/link/vivado/vpl/prj/prj.gen/my_rm/bd/bd/ip/pfm_dynamic_hmss_0_0/bd_0/synth/bd_5dca.v:1529]
WARNING: [Synth 8-7023] instance 'vip_S03' of module 'bd_5dca_vip_S03_0' has 64 connections declared, but only 56 given [/home/xcarril/pqc_codesign/dilithium-update/ML-KEM/decapsulation/xout/hw.4/.temps/link/vivado/vpl/prj/prj.gen/my_rm/bd/bd/ip/pfm_dynamic_hmss_0_0/bd_0/synth/bd_5dca.v:1529]
INFO: [Synth 8-6155] done synthesizing module 'bd_5dca' (25#1) [/home/xcarril/pqc_codesign/dilithium-update/ML-KEM/decapsulation/xout/hw.4/.temps/link/vivado/vpl/prj/prj.gen/my_rm/bd/bd/ip/pfm_dynamic_hmss_0_0/bd_0/synth/bd_5dca.v:10]
INFO: [Synth 8-6155] done synthesizing module 'pfm_dynamic_hmss_0_0' (26#1) [/home/xcarril/pqc_codesign/dilithium-update/ML-KEM/decapsulation/xout/hw.4/.temps/link/vivado/vpl/prj/prj.gen/my_rm/bd/bd/ip/pfm_dynamic_hmss_0_0/synth/pfm_dynamic_hmss_0_0.v:83]
WARNING: [Synth 8-7129] Port In1[0] in module xlconcat_v2_1_4_xlconcat is either unconnected or has no load
WARNING: [Synth 8-7129] Port In2[0] in module xlconcat_v2_1_4_xlconcat is either unconnected or has no load
WARNING: [Synth 8-7129] Port In3[0] in module xlconcat_v2_1_4_xlconcat is either unconnected or has no load
WARNING: [Synth 8-7129] Port In4[0] in module xlconcat_v2_1_4_xlconcat is either unconnected or has no load
WARNING: [Synth 8-7129] Port In5[0] in module xlconcat_v2_1_4_xlconcat is either unconnected or has no load
WARNING: [Synth 8-7129] Port In6[0] in module xlconcat_v2_1_4_xlconcat is either unconnected or has no load
WARNING: [Synth 8-7129] Port In7[0] in module xlconcat_v2_1_4_xlconcat is either unconnected or has no load
WARNING: [Synth 8-7129] Port In8[0] in module xlconcat_v2_1_4_xlconcat is either unconnected or has no load
WARNING: [Synth 8-7129] Port In9[0] in module xlconcat_v2_1_4_xlconcat is either unconnected or has no load
WARNING: [Synth 8-7129] Port In10[0] in module xlconcat_v2_1_4_xlconcat is either unconnected or has no load
WARNING: [Synth 8-7129] Port In11[0] in module xlconcat_v2_1_4_xlconcat is either unconnected or has no load
WARNING: [Synth 8-7129] Port In12[0] in module xlconcat_v2_1_4_xlconcat is either unconnected or has no load
WARNING: [Synth 8-7129] Port In13[0] in module xlconcat_v2_1_4_xlconcat is either unconnected or has no load
WARNING: [Synth 8-7129] Port In14[0] in module xlconcat_v2_1_4_xlconcat is either unconnected or has no load
WARNING: [Synth 8-7129] Port In15[0] in module xlconcat_v2_1_4_xlconcat is either unconnected or has no load
WARNING: [Synth 8-7129] Port In16[0] in module xlconcat_v2_1_4_xlconcat is either unconnected or has no load
WARNING: [Synth 8-7129] Port In17[0] in module xlconcat_v2_1_4_xlconcat is either unconnected or has no load
WARNING: [Synth 8-7129] Port In18[0] in module xlconcat_v2_1_4_xlconcat is either unconnected or has no load
WARNING: [Synth 8-7129] Port In19[0] in module xlconcat_v2_1_4_xlconcat is either unconnected or has no load
WARNING: [Synth 8-7129] Port In20[0] in module xlconcat_v2_1_4_xlconcat is either unconnected or has no load
WARNING: [Synth 8-7129] Port In21[0] in module xlconcat_v2_1_4_xlconcat is either unconnected or has no load
WARNING: [Synth 8-7129] Port In22[0] in module xlconcat_v2_1_4_xlconcat is either unconnected or has no load
WARNING: [Synth 8-7129] Port In23[0] in module xlconcat_v2_1_4_xlconcat is either unconnected or has no load
WARNING: [Synth 8-7129] Port In24[0] in module xlconcat_v2_1_4_xlconcat is either unconnected or has no load
WARNING: [Synth 8-7129] Port In25[0] in module xlconcat_v2_1_4_xlconcat is either unconnected or has no load
WARNING: [Synth 8-7129] Port In26[0] in module xlconcat_v2_1_4_xlconcat is either unconnected or has no load
WARNING: [Synth 8-7129] Port In27[0] in module xlconcat_v2_1_4_xlconcat is either unconnected or has no load
WARNING: [Synth 8-7129] Port In28[0] in module xlconcat_v2_1_4_xlconcat is either unconnected or has no load
WARNING: [Synth 8-7129] Port In29[0] in module xlconcat_v2_1_4_xlconcat is either unconnected or has no load
WARNING: [Synth 8-7129] Port In30[0] in module xlconcat_v2_1_4_xlconcat is either unconnected or has no load
WARNING: [Synth 8-7129] Port In31[0] in module xlconcat_v2_1_4_xlconcat is either unconnected or has no load
WARNING: [Synth 8-7129] Port In32[0] in module xlconcat_v2_1_4_xlconcat is either unconnected or has no load
WARNING: [Synth 8-7129] Port In33[0] in module xlconcat_v2_1_4_xlconcat is either unconnected or has no load
WARNING: [Synth 8-7129] Port In34[0] in module xlconcat_v2_1_4_xlconcat is either unconnected or has no load
WARNING: [Synth 8-7129] Port In35[0] in module xlconcat_v2_1_4_xlconcat is either unconnected or has no load
WARNING: [Synth 8-7129] Port In36[0] in module xlconcat_v2_1_4_xlconcat is either unconnected or has no load
WARNING: [Synth 8-7129] Port In37[0] in module xlconcat_v2_1_4_xlconcat is either unconnected or has no load
WARNING: [Synth 8-7129] Port In38[0] in module xlconcat_v2_1_4_xlconcat is either unconnected or has no load
WARNING: [Synth 8-7129] Port In39[0] in module xlconcat_v2_1_4_xlconcat is either unconnected or has no load
WARNING: [Synth 8-7129] Port In40[0] in module xlconcat_v2_1_4_xlconcat is either unconnected or has no load
WARNING: [Synth 8-7129] Port In41[0] in module xlconcat_v2_1_4_xlconcat is either unconnected or has no load
WARNING: [Synth 8-7129] Port In42[0] in module xlconcat_v2_1_4_xlconcat is either unconnected or has no load
WARNING: [Synth 8-7129] Port In43[0] in module xlconcat_v2_1_4_xlconcat is either unconnected or has no load
WARNING: [Synth 8-7129] Port In44[0] in module xlconcat_v2_1_4_xlconcat is either unconnected or has no load
WARNING: [Synth 8-7129] Port In45[0] in module xlconcat_v2_1_4_xlconcat is either unconnected or has no load
WARNING: [Synth 8-7129] Port In46[0] in module xlconcat_v2_1_4_xlconcat is either unconnected or has no load
WARNING: [Synth 8-7129] Port In47[0] in module xlconcat_v2_1_4_xlconcat is either unconnected or has no load
WARNING: [Synth 8-7129] Port In48[0] in module xlconcat_v2_1_4_xlconcat is either unconnected or has no load
WARNING: [Synth 8-7129] Port In49[0] in module xlconcat_v2_1_4_xlconcat is either unconnected or has no load
WARNING: [Synth 8-7129] Port In50[0] in module xlconcat_v2_1_4_xlconcat is either unconnected or has no load
WARNING: [Synth 8-7129] Port In51[0] in module xlconcat_v2_1_4_xlconcat is either unconnected or has no load
WARNING: [Synth 8-7129] Port In52[0] in module xlconcat_v2_1_4_xlconcat is either unconnected or has no load
WARNING: [Synth 8-7129] Port In53[0] in module xlconcat_v2_1_4_xlconcat is either unconnected or has no load
WARNING: [Synth 8-7129] Port In54[0] in module xlconcat_v2_1_4_xlconcat is either unconnected or has no load
WARNING: [Synth 8-7129] Port In55[0] in module xlconcat_v2_1_4_xlconcat is either unconnected or has no load
WARNING: [Synth 8-7129] Port In56[0] in module xlconcat_v2_1_4_xlconcat is either unconnected or has no load
WARNING: [Synth 8-7129] Port In57[0] in module xlconcat_v2_1_4_xlconcat is either unconnected or has no load
WARNING: [Synth 8-7129] Port In58[0] in module xlconcat_v2_1_4_xlconcat is either unconnected or has no load
WARNING: [Synth 8-7129] Port In59[0] in module xlconcat_v2_1_4_xlconcat is either unconnected or has no load
WARNING: [Synth 8-7129] Port In60[0] in module xlconcat_v2_1_4_xlconcat is either unconnected or has no load
WARNING: [Synth 8-7129] Port In61[0] in module xlconcat_v2_1_4_xlconcat is either unconnected or has no load
WARNING: [Synth 8-7129] Port In62[0] in module xlconcat_v2_1_4_xlconcat is either unconnected or has no load
WARNING: [Synth 8-7129] Port In63[0] in module xlconcat_v2_1_4_xlconcat is either unconnected or has no load
WARNING: [Synth 8-7129] Port In64[0] in module xlconcat_v2_1_4_xlconcat is either unconnected or has no load
WARNING: [Synth 8-7129] Port In65[0] in module xlconcat_v2_1_4_xlconcat is either unconnected or has no load
WARNING: [Synth 8-7129] Port In66[0] in module xlconcat_v2_1_4_xlconcat is either unconnected or has no load
WARNING: [Synth 8-7129] Port In67[0] in module xlconcat_v2_1_4_xlconcat is either unconnected or has no load
WARNING: [Synth 8-7129] Port In68[0] in module xlconcat_v2_1_4_xlconcat is either unconnected or has no load
WARNING: [Synth 8-7129] Port In69[0] in module xlconcat_v2_1_4_xlconcat is either unconnected or has no load
WARNING: [Synth 8-7129] Port In70[0] in module xlconcat_v2_1_4_xlconcat is either unconnected or has no load
WARNING: [Synth 8-7129] Port In71[0] in module xlconcat_v2_1_4_xlconcat is either unconnected or has no load
WARNING: [Synth 8-7129] Port In72[0] in module xlconcat_v2_1_4_xlconcat is either unconnected or has no load
WARNING: [Synth 8-7129] Port In73[0] in module xlconcat_v2_1_4_xlconcat is either unconnected or has no load
WARNING: [Synth 8-7129] Port In74[0] in module xlconcat_v2_1_4_xlconcat is either unconnected or has no load
WARNING: [Synth 8-7129] Port In75[0] in module xlconcat_v2_1_4_xlconcat is either unconnected or has no load
WARNING: [Synth 8-7129] Port In76[0] in module xlconcat_v2_1_4_xlconcat is either unconnected or has no load
WARNING: [Synth 8-7129] Port In77[0] in module xlconcat_v2_1_4_xlconcat is either unconnected or has no load
WARNING: [Synth 8-7129] Port In78[0] in module xlconcat_v2_1_4_xlconcat is either unconnected or has no load
WARNING: [Synth 8-7129] Port In79[0] in module xlconcat_v2_1_4_xlconcat is either unconnected or has no load
WARNING: [Synth 8-7129] Port In80[0] in module xlconcat_v2_1_4_xlconcat is either unconnected or has no load
WARNING: [Synth 8-7129] Port In81[0] in module xlconcat_v2_1_4_xlconcat is either unconnected or has no load
WARNING: [Synth 8-7129] Port In82[0] in module xlconcat_v2_1_4_xlconcat is either unconnected or has no load
WARNING: [Synth 8-7129] Port In83[0] in module xlconcat_v2_1_4_xlconcat is either unconnected or has no load
WARNING: [Synth 8-7129] Port In84[0] in module xlconcat_v2_1_4_xlconcat is either unconnected or has no load
WARNING: [Synth 8-7129] Port In85[0] in module xlconcat_v2_1_4_xlconcat is either unconnected or has no load
WARNING: [Synth 8-7129] Port In86[0] in module xlconcat_v2_1_4_xlconcat is either unconnected or has no load
WARNING: [Synth 8-7129] Port In87[0] in module xlconcat_v2_1_4_xlconcat is either unconnected or has no load
WARNING: [Synth 8-7129] Port In88[0] in module xlconcat_v2_1_4_xlconcat is either unconnected or has no load
WARNING: [Synth 8-7129] Port In89[0] in module xlconcat_v2_1_4_xlconcat is either unconnected or has no load
WARNING: [Synth 8-7129] Port In90[0] in module xlconcat_v2_1_4_xlconcat is either unconnected or has no load
WARNING: [Synth 8-7129] Port In91[0] in module xlconcat_v2_1_4_xlconcat is either unconnected or has no load
WARNING: [Synth 8-7129] Port In92[0] in module xlconcat_v2_1_4_xlconcat is either unconnected or has no load
WARNING: [Synth 8-7129] Port In93[0] in module xlconcat_v2_1_4_xlconcat is either unconnected or has no load
WARNING: [Synth 8-7129] Port In94[0] in module xlconcat_v2_1_4_xlconcat is either unconnected or has no load
WARNING: [Synth 8-7129] Port In95[0] in module xlconcat_v2_1_4_xlconcat is either unconnected or has no load
WARNING: [Synth 8-7129] Port In96[0] in module xlconcat_v2_1_4_xlconcat is either unconnected or has no load
WARNING: [Synth 8-7129] Port In97[0] in module xlconcat_v2_1_4_xlconcat is either unconnected or has no load
WARNING: [Synth 8-7129] Port In98[0] in module xlconcat_v2_1_4_xlconcat is either unconnected or has no load
WARNING: [Synth 8-7129] Port In99[0] in module xlconcat_v2_1_4_xlconcat is either unconnected or has no load
WARNING: [Synth 8-7129] Port In100[0] in module xlconcat_v2_1_4_xlconcat is either unconnected or has no load
INFO: [Common 17-14] Message 'Synth 8-7129' appears 100 times and further instances of the messages will be disabled. Use the Tcl command set_msg_config to change the current settings.
---------------------------------------------------------------------------------
Finished RTL Elaboration : Time (s): cpu = 00:00:06 ; elapsed = 00:00:14 . Memory (MB): peak = 3568.070 ; gain = 347.703 ; free physical = 60580 ; free virtual = 197372
---------------------------------------------------------------------------------
---------------------------------------------------------------------------------
Start Handling Custom Attributes
---------------------------------------------------------------------------------
---------------------------------------------------------------------------------
Finished Handling Custom Attributes : Time (s): cpu = 00:00:06 ; elapsed = 00:00:15 . Memory (MB): peak = 3585.883 ; gain = 365.516 ; free physical = 60899 ; free virtual = 197692
---------------------------------------------------------------------------------
---------------------------------------------------------------------------------
Finished RTL Optimization Phase 1 : Time (s): cpu = 00:00:06 ; elapsed = 00:00:15 . Memory (MB): peak = 3585.883 ; gain = 365.516 ; free physical = 60899 ; free virtual = 197692
---------------------------------------------------------------------------------
Netlist sorting complete. Time (s): cpu = 00:00:00.06 ; elapsed = 00:00:00.16 . Memory (MB): peak = 3585.883 ; gain = 0.000 ; free physical = 61817 ; free virtual = 198610
INFO: [Project 1-570] Preparing netlist for logic optimization

Processing XDC Constraints
Initializing timing engine
Parsing XDC File [/home/xcarril/pqc_codesign/dilithium-update/ML-KEM/decapsulation/xout/hw.4/.temps/link/vivado/vpl/prj/prj.gen/my_rm/bd/bd/ip/pfm_dynamic_hmss_0_0/bd_0/ip/ip_0/bd_5dca_hbm_inst_0/bd_5dca_hbm_inst_0_in_context.xdc] for cell 'inst/hbm_inst'
create_clock: Time (s): cpu = 00:00:05 ; elapsed = 00:00:12 . Memory (MB): peak = 3629.477 ; gain = 5.938 ; free physical = 62950 ; free virtual = 199740
Finished Parsing XDC File [/home/xcarril/pqc_codesign/dilithium-update/ML-KEM/decapsulation/xout/hw.4/.temps/link/vivado/vpl/prj/prj.gen/my_rm/bd/bd/ip/pfm_dynamic_hmss_0_0/bd_0/ip/ip_0/bd_5dca_hbm_inst_0/bd_5dca_hbm_inst_0_in_context.xdc] for cell 'inst/hbm_inst'
Parsing XDC File [/home/xcarril/pqc_codesign/dilithium-update/ML-KEM/decapsulation/xout/hw.4/.temps/link/vivado/vpl/prj/prj.gen/my_rm/bd/bd/ip/pfm_dynamic_hmss_0_0/bd_0/ip/ip_1/bd_5dca_hbm_reset_sync_SLR0_0/bd_5dca_hbm_reset_sync_SLR0_0_in_context.xdc] for cell 'inst/hbm_reset_sync_SLR0'
Finished Parsing XDC File [/home/xcarril/pqc_codesign/dilithium-update/ML-KEM/decapsulation/xout/hw.4/.temps/link/vivado/vpl/prj/prj.gen/my_rm/bd/bd/ip/pfm_dynamic_hmss_0_0/bd_0/ip/ip_1/bd_5dca_hbm_reset_sync_SLR0_0/bd_5dca_hbm_reset_sync_SLR0_0_in_context.xdc] for cell 'inst/hbm_reset_sync_SLR0'
Parsing XDC File [/home/xcarril/pqc_codesign/dilithium-update/ML-KEM/decapsulation/xout/hw.4/.temps/link/vivado/vpl/prj/prj.gen/my_rm/bd/bd/ip/pfm_dynamic_hmss_0_0/bd_0/ip/ip_2/bd_5dca_hbm_reset_sync_SLR2_0/bd_5dca_hbm_reset_sync_SLR0_0_in_context.xdc] for cell 'inst/hbm_reset_sync_SLR2'
Finished Parsing XDC File [/home/xcarril/pqc_codesign/dilithium-update/ML-KEM/decapsulation/xout/hw.4/.temps/link/vivado/vpl/prj/prj.gen/my_rm/bd/bd/ip/pfm_dynamic_hmss_0_0/bd_0/ip/ip_2/bd_5dca_hbm_reset_sync_SLR2_0/bd_5dca_hbm_reset_sync_SLR0_0_in_context.xdc] for cell 'inst/hbm_reset_sync_SLR2'
Parsing XDC File [/home/xcarril/pqc_codesign/dilithium-update/ML-KEM/decapsulation/xout/hw.4/.temps/link/vivado/vpl/prj/prj.gen/my_rm/bd/bd/ip/pfm_dynamic_hmss_0_0/bd_0/ip/ip_5/bd_5dca_vip_S01_0/bd_5dca_vip_S01_0_in_context.xdc] for cell 'inst/vip_S01'
Finished Parsing XDC File [/home/xcarril/pqc_codesign/dilithium-update/ML-KEM/decapsulation/xout/hw.4/.temps/link/vivado/vpl/prj/prj.gen/my_rm/bd/bd/ip/pfm_dynamic_hmss_0_0/bd_0/ip/ip_5/bd_5dca_vip_S01_0/bd_5dca_vip_S01_0_in_context.xdc] for cell 'inst/vip_S01'
Parsing XDC File [/home/xcarril/pqc_codesign/dilithium-update/ML-KEM/decapsulation/xout/hw.4/.temps/link/vivado/vpl/prj/prj.gen/my_rm/bd/bd/ip/pfm_dynamic_hmss_0_0/bd_0/ip/ip_8/bd_5dca_vip_S02_0/bd_5dca_vip_S01_0_in_context.xdc] for cell 'inst/vip_S02'
Finished Parsing XDC File [/home/xcarril/pqc_codesign/dilithium-update/ML-KEM/decapsulation/xout/hw.4/.temps/link/vivado/vpl/prj/prj.gen/my_rm/bd/bd/ip/pfm_dynamic_hmss_0_0/bd_0/ip/ip_8/bd_5dca_vip_S02_0/bd_5dca_vip_S01_0_in_context.xdc] for cell 'inst/vip_S02'
Parsing XDC File [/home/xcarril/pqc_codesign/dilithium-update/ML-KEM/decapsulation/xout/hw.4/.temps/link/vivado/vpl/prj/prj.gen/my_rm/bd/bd/ip/pfm_dynamic_hmss_0_0/bd_0/ip/ip_11/bd_5dca_vip_S03_0/bd_5dca_vip_S01_0_in_context.xdc] for cell 'inst/vip_S03'
Finished Parsing XDC File [/home/xcarril/pqc_codesign/dilithium-update/ML-KEM/decapsulation/xout/hw.4/.temps/link/vivado/vpl/prj/prj.gen/my_rm/bd/bd/ip/pfm_dynamic_hmss_0_0/bd_0/ip/ip_11/bd_5dca_vip_S03_0/bd_5dca_vip_S01_0_in_context.xdc] for cell 'inst/vip_S03'
Parsing XDC File [/home/xcarril/pqc_codesign/dilithium-update/ML-KEM/decapsulation/xout/hw.4/.temps/link/vivado/vpl/prj/prj.gen/my_rm/bd/bd/ip/pfm_dynamic_hmss_0_0/bd_0/ip/ip_14/bd_5dca_vip_S00_0/bd_5dca_vip_S01_0_in_context.xdc] for cell 'inst/vip_S00'
Finished Parsing XDC File [/home/xcarril/pqc_codesign/dilithium-update/ML-KEM/decapsulation/xout/hw.4/.temps/link/vivado/vpl/prj/prj.gen/my_rm/bd/bd/ip/pfm_dynamic_hmss_0_0/bd_0/ip/ip_14/bd_5dca_vip_S00_0/bd_5dca_vip_S01_0_in_context.xdc] for cell 'inst/vip_S00'
Parsing XDC File [/home/xcarril/pqc_codesign/dilithium-update/ML-KEM/decapsulation/xout/hw.4/.temps/link/vivado/vpl/prj/prj.gen/my_rm/bd/bd/ip/pfm_dynamic_hmss_0_0/bd_0/ip/ip_15/bd_5dca_axi_apb_bridge_inst_0/bd_5dca_axi_apb_bridge_inst_0_in_context.xdc] for cell 'inst/axi_apb_bridge_inst'
Finished Parsing XDC File [/home/xcarril/pqc_codesign/dilithium-update/ML-KEM/decapsulation/xout/hw.4/.temps/link/vivado/vpl/prj/prj.gen/my_rm/bd/bd/ip/pfm_dynamic_hmss_0_0/bd_0/ip/ip_15/bd_5dca_axi_apb_bridge_inst_0/bd_5dca_axi_apb_bridge_inst_0_in_context.xdc] for cell 'inst/axi_apb_bridge_inst'
Parsing XDC File [/home/xcarril/pqc_codesign/dilithium-update/ML-KEM/decapsulation/xout/hw.4/.temps/link/vivado/vpl/prj/prj.gen/my_rm/bd/bd/ip/pfm_dynamic_hmss_0_0/bd_0/ip/ip_3/bd_5dca_interconnect1_0_0/bd_5dca_interconnect1_0_0_in_context.xdc] for cell 'inst/path_0/interconnect1_0'
Finished Parsing XDC File [/home/xcarril/pqc_codesign/dilithium-update/ML-KEM/decapsulation/xout/hw.4/.temps/link/vivado/vpl/prj/prj.gen/my_rm/bd/bd/ip/pfm_dynamic_hmss_0_0/bd_0/ip/ip_3/bd_5dca_interconnect1_0_0/bd_5dca_interconnect1_0_0_in_context.xdc] for cell 'inst/path_0/interconnect1_0'
Parsing XDC File [/home/xcarril/pqc_codesign/dilithium-update/ML-KEM/decapsulation/xout/hw.4/.temps/link/vivado/vpl/prj/prj.gen/my_rm/bd/bd/ip/pfm_dynamic_hmss_0_0/bd_0/ip/ip_4/bd_5dca_slice1_0_0/bd_5dca_slice3_2_0_in_context.xdc] for cell 'inst/path_0/slice1_0'
Finished Parsing XDC File [/home/xcarril/pqc_codesign/dilithium-update/ML-KEM/decapsulation/xout/hw.4/.temps/link/vivado/vpl/prj/prj.gen/my_rm/bd/bd/ip/pfm_dynamic_hmss_0_0/bd_0/ip/ip_4/bd_5dca_slice1_0_0/bd_5dca_slice3_2_0_in_context.xdc] for cell 'inst/path_0/slice1_0'
Parsing XDC File [/home/xcarril/pqc_codesign/dilithium-update/ML-KEM/decapsulation/xout/hw.4/.temps/link/vivado/vpl/prj/prj.gen/my_rm/bd/bd/ip/pfm_dynamic_hmss_0_0/bd_0/ip/ip_6/bd_5dca_interconnect2_1_0/bd_5dca_interconnect2_1_0_in_context.xdc] for cell 'inst/path_1/interconnect2_1'
Finished Parsing XDC File [/home/xcarril/pqc_codesign/dilithium-update/ML-KEM/decapsulation/xout/hw.4/.temps/link/vivado/vpl/prj/prj.gen/my_rm/bd/bd/ip/pfm_dynamic_hmss_0_0/bd_0/ip/ip_6/bd_5dca_interconnect2_1_0/bd_5dca_interconnect2_1_0_in_context.xdc] for cell 'inst/path_1/interconnect2_1'
Parsing XDC File [/home/xcarril/pqc_codesign/dilithium-update/ML-KEM/decapsulation/xout/hw.4/.temps/link/vivado/vpl/prj/prj.gen/my_rm/bd/bd/ip/pfm_dynamic_hmss_0_0/bd_0/ip/ip_7/bd_5dca_slice2_1_0/bd_5dca_slice3_2_0_in_context.xdc] for cell 'inst/path_1/slice2_1'
Finished Parsing XDC File [/home/xcarril/pqc_codesign/dilithium-update/ML-KEM/decapsulation/xout/hw.4/.temps/link/vivado/vpl/prj/prj.gen/my_rm/bd/bd/ip/pfm_dynamic_hmss_0_0/bd_0/ip/ip_7/bd_5dca_slice2_1_0/bd_5dca_slice3_2_0_in_context.xdc] for cell 'inst/path_1/slice2_1'
Parsing XDC File [/home/xcarril/pqc_codesign/dilithium-update/ML-KEM/decapsulation/xout/hw.4/.temps/link/vivado/vpl/prj/prj.gen/my_rm/bd/bd/ip/pfm_dynamic_hmss_0_0/bd_0/ip/ip_9/bd_5dca_interconnect3_2_0/bd_5dca_interconnect3_2_0_in_context.xdc] for cell 'inst/path_2/interconnect3_2'
Finished Parsing XDC File [/home/xcarril/pqc_codesign/dilithium-update/ML-KEM/decapsulation/xout/hw.4/.temps/link/vivado/vpl/prj/prj.gen/my_rm/bd/bd/ip/pfm_dynamic_hmss_0_0/bd_0/ip/ip_9/bd_5dca_interconnect3_2_0/bd_5dca_interconnect3_2_0_in_context.xdc] for cell 'inst/path_2/interconnect3_2'
Parsing XDC File [/home/xcarril/pqc_codesign/dilithium-update/ML-KEM/decapsulation/xout/hw.4/.temps/link/vivado/vpl/prj/prj.gen/my_rm/bd/bd/ip/pfm_dynamic_hmss_0_0/bd_0/ip/ip_10/bd_5dca_slice3_2_0/bd_5dca_slice3_2_0_in_context.xdc] for cell 'inst/path_2/slice3_2'
Finished Parsing XDC File [/home/xcarril/pqc_codesign/dilithium-update/ML-KEM/decapsulation/xout/hw.4/.temps/link/vivado/vpl/prj/prj.gen/my_rm/bd/bd/ip/pfm_dynamic_hmss_0_0/bd_0/ip/ip_10/bd_5dca_slice3_2_0/bd_5dca_slice3_2_0_in_context.xdc] for cell 'inst/path_2/slice3_2'
Parsing XDC File [/home/xcarril/pqc_codesign/dilithium-update/ML-KEM/decapsulation/xout/hw.4/.temps/link/vivado/vpl/prj/prj.gen/my_rm/bd/bd/ip/pfm_dynamic_hmss_0_0/bd_0/ip/ip_12/bd_5dca_interconnect0_3_0/bd_5dca_interconnect0_3_0_in_context.xdc] for cell 'inst/path_3/interconnect0_3'
Finished Parsing XDC File [/home/xcarril/pqc_codesign/dilithium-update/ML-KEM/decapsulation/xout/hw.4/.temps/link/vivado/vpl/prj/prj.gen/my_rm/bd/bd/ip/pfm_dynamic_hmss_0_0/bd_0/ip/ip_12/bd_5dca_interconnect0_3_0/bd_5dca_interconnect0_3_0_in_context.xdc] for cell 'inst/path_3/interconnect0_3'
Parsing XDC File [/home/xcarril/pqc_codesign/dilithium-update/ML-KEM/decapsulation/xout/hw.4/.temps/link/vivado/vpl/prj/prj.gen/my_rm/bd/bd/ip/pfm_dynamic_hmss_0_0/bd_0/ip/ip_13/bd_5dca_slice0_3_0/bd_5dca_slice0_3_0_in_context.xdc] for cell 'inst/path_3/slice0_3'
Finished Parsing XDC File [/home/xcarril/pqc_codesign/dilithium-update/ML-KEM/decapsulation/xout/hw.4/.temps/link/vivado/vpl/prj/prj.gen/my_rm/bd/bd/ip/pfm_dynamic_hmss_0_0/bd_0/ip/ip_13/bd_5dca_slice0_3_0/bd_5dca_slice0_3_0_in_context.xdc] for cell 'inst/path_3/slice0_3'
Parsing XDC File [/home/xcarril/pqc_codesign/dilithium-update/ML-KEM/decapsulation/xout/hw.4/.temps/link/vivado/vpl/prj/prj.gen/my_rm/bd/bd/ip/pfm_dynamic_hmss_0_0/bd_0/ip/ip_17/bd_5dca_init_reduce_0/bd_5dca_init_reduce_0_in_context.xdc] for cell 'inst/init_logic/init_reduce'
Finished Parsing XDC File [/home/xcarril/pqc_codesign/dilithium-update/ML-KEM/decapsulation/xout/hw.4/.temps/link/vivado/vpl/prj/prj.gen/my_rm/bd/bd/ip/pfm_dynamic_hmss_0_0/bd_0/ip/ip_17/bd_5dca_init_reduce_0/bd_5dca_init_reduce_0_in_context.xdc] for cell 'inst/init_logic/init_reduce'
Parsing XDC File [/home/xcarril/pqc_codesign/dilithium-update/ML-KEM/decapsulation/xout/hw.4/.temps/link/vivado/vpl/prj/prj.runs/pfm_dynamic_hmss_0_0_synth_1/dont_touch.xdc]
Finished Parsing XDC File [/home/xcarril/pqc_codesign/dilithium-update/ML-KEM/decapsulation/xout/hw.4/.temps/link/vivado/vpl/prj/prj.runs/pfm_dynamic_hmss_0_0_synth_1/dont_touch.xdc]
Completed Processing XDC Constraints

Netlist sorting complete. Time (s): cpu = 00:00:00 ; elapsed = 00:00:00 . Memory (MB): peak = 3629.477 ; gain = 0.000 ; free physical = 62952 ; free virtual = 199742
INFO: [Project 1-111] Unisim Transformation Summary:
No Unisim elements were transformed.

Constraint Validation Runtime : Time (s): cpu = 00:00:00.09 ; elapsed = 00:00:00.21 . Memory (MB): peak = 3632.445 ; gain = 2.969 ; free physical = 62916 ; free virtual = 199707
---------------------------------------------------------------------------------
Finished Constraint Validation : Time (s): cpu = 00:00:19 ; elapsed = 00:00:44 . Memory (MB): peak = 3632.445 ; gain = 412.078 ; free physical = 62232 ; free virtual = 199023
---------------------------------------------------------------------------------
---------------------------------------------------------------------------------
Start Loading Part and Timing Information
---------------------------------------------------------------------------------
Loading part: xcu280-fsvh2892-2L-e
INFO: [Synth 8-6742] Reading net delay rules and data
---------------------------------------------------------------------------------
Finished Loading Part and Timing Information : Time (s): cpu = 00:00:19 ; elapsed = 00:00:44 . Memory (MB): peak = 3632.445 ; gain = 412.078 ; free physical = 62225 ; free virtual = 199016
---------------------------------------------------------------------------------
---------------------------------------------------------------------------------
Start Applying 'set_property' XDC Constraints
---------------------------------------------------------------------------------
Applied set_property KEEP_HIERARCHY = SOFT for inst. (constraint file  auto generated constraint).
Applied set_property KEEP_HIERARCHY = SOFT for inst/hbm_inst. (constraint file  auto generated constraint).
Applied set_property KEEP_HIERARCHY = SOFT for inst/hbm_reset_sync_SLR0. (constraint file  auto generated constraint).
Applied set_property KEEP_HIERARCHY = SOFT for inst/hbm_reset_sync_SLR2. (constraint file  auto generated constraint).
Applied set_property KEEP_HIERARCHY = SOFT for inst/vip_S01. (constraint file  auto generated constraint).
Applied set_property KEEP_HIERARCHY = SOFT for inst/vip_S02. (constraint file  auto generated constraint).
Applied set_property KEEP_HIERARCHY = SOFT for inst/vip_S03. (constraint file  auto generated constraint).
Applied set_property KEEP_HIERARCHY = SOFT for inst/vip_S00. (constraint file  auto generated constraint).
Applied set_property KEEP_HIERARCHY = SOFT for inst/axi_apb_bridge_inst. (constraint file  auto generated constraint).
Applied set_property KEEP_HIERARCHY = SOFT for inst/path_0/interconnect1_0. (constraint file  auto generated constraint).
Applied set_property KEEP_HIERARCHY = SOFT for inst/path_0/slice1_0. (constraint file  auto generated constraint).
Applied set_property KEEP_HIERARCHY = SOFT for inst/path_1/interconnect2_1. (constraint file  auto generated constraint).
Applied set_property KEEP_HIERARCHY = SOFT for inst/path_1/slice2_1. (constraint file  auto generated constraint).
Applied set_property KEEP_HIERARCHY = SOFT for inst/path_2/interconnect3_2. (constraint file  auto generated constraint).
Applied set_property KEEP_HIERARCHY = SOFT for inst/path_2/slice3_2. (constraint file  auto generated constraint).
Applied set_property KEEP_HIERARCHY = SOFT for inst/path_3/interconnect0_3. (constraint file  auto generated constraint).
Applied set_property KEEP_HIERARCHY = SOFT for inst/path_3/slice0_3. (constraint file  auto generated constraint).
Applied set_property KEEP_HIERARCHY = SOFT for inst/init_logic/init_concat. (constraint file  auto generated constraint).
Applied set_property KEEP_HIERARCHY = SOFT for inst/init_logic/init_reduce. (constraint file  auto generated constraint).
---------------------------------------------------------------------------------
Finished applying 'set_property' XDC Constraints : Time (s): cpu = 00:00:19 ; elapsed = 00:00:44 . Memory (MB): peak = 3632.445 ; gain = 412.078 ; free physical = 62173 ; free virtual = 198963
---------------------------------------------------------------------------------
---------------------------------------------------------------------------------
Finished RTL Optimization Phase 2 : Time (s): cpu = 00:00:19 ; elapsed = 00:00:45 . Memory (MB): peak = 3632.445 ; gain = 412.078 ; free physical = 62994 ; free virtual = 199789
---------------------------------------------------------------------------------
---------------------------------------------------------------------------------
Start RTL Component Statistics 
---------------------------------------------------------------------------------
Detailed RTL Component Info : 
---------------------------------------------------------------------------------
Finished RTL Component Statistics 
---------------------------------------------------------------------------------
---------------------------------------------------------------------------------
Start Part Resource Summary
---------------------------------------------------------------------------------
Part Resources:
DSPs: 9024 (col length:94)
BRAMs: 4032 (col length: RAMB18 288 RAMB36 144)
---------------------------------------------------------------------------------
Finished Part Resource Summary
---------------------------------------------------------------------------------
---------------------------------------------------------------------------------
Start Cross Boundary and Area Optimization
---------------------------------------------------------------------------------
WARNING: [Synth 8-7080] Parallel synthesis criteria is not met
---------------------------------------------------------------------------------
Finished Cross Boundary and Area Optimization : Time (s): cpu = 00:00:21 ; elapsed = 00:00:48 . Memory (MB): peak = 3632.445 ; gain = 412.078 ; free physical = 64855 ; free virtual = 201646
---------------------------------------------------------------------------------
---------------------------------------------------------------------------------
Start Applying XDC Timing Constraints
---------------------------------------------------------------------------------
---------------------------------------------------------------------------------
Finished Applying XDC Timing Constraints : Time (s): cpu = 00:00:31 ; elapsed = 00:01:09 . Memory (MB): peak = 4000.453 ; gain = 780.086 ; free physical = 57839 ; free virtual = 194642
---------------------------------------------------------------------------------
---------------------------------------------------------------------------------
Start Timing Optimization
---------------------------------------------------------------------------------
---------------------------------------------------------------------------------
Finished Timing Optimization : Time (s): cpu = 00:00:31 ; elapsed = 00:01:09 . Memory (MB): peak = 4001.453 ; gain = 781.086 ; free physical = 57804 ; free virtual = 194607
---------------------------------------------------------------------------------
---------------------------------------------------------------------------------
Start Technology Mapping
---------------------------------------------------------------------------------
---------------------------------------------------------------------------------
Finished Technology Mapping : Time (s): cpu = 00:00:31 ; elapsed = 00:01:10 . Memory (MB): peak = 4028.492 ; gain = 808.125 ; free physical = 57651 ; free virtual = 194460
---------------------------------------------------------------------------------
---------------------------------------------------------------------------------
Start IO Insertion
---------------------------------------------------------------------------------
---------------------------------------------------------------------------------
Start Flattening Before IO Insertion
---------------------------------------------------------------------------------
---------------------------------------------------------------------------------
Finished Flattening Before IO Insertion
---------------------------------------------------------------------------------
---------------------------------------------------------------------------------
Start Final Netlist Cleanup
---------------------------------------------------------------------------------
---------------------------------------------------------------------------------
Finished Final Netlist Cleanup
---------------------------------------------------------------------------------
---------------------------------------------------------------------------------
Finished IO Insertion : Time (s): cpu = 00:00:35 ; elapsed = 00:01:15 . Memory (MB): peak = 4028.492 ; gain = 808.125 ; free physical = 58739 ; free virtual = 195535
---------------------------------------------------------------------------------
---------------------------------------------------------------------------------
Start Renaming Generated Instances
---------------------------------------------------------------------------------
---------------------------------------------------------------------------------
Finished Renaming Generated Instances : Time (s): cpu = 00:00:35 ; elapsed = 00:01:15 . Memory (MB): peak = 4028.492 ; gain = 808.125 ; free physical = 58742 ; free virtual = 195538
---------------------------------------------------------------------------------
---------------------------------------------------------------------------------
Start Rebuilding User Hierarchy
---------------------------------------------------------------------------------
---------------------------------------------------------------------------------
Finished Rebuilding User Hierarchy : Time (s): cpu = 00:00:35 ; elapsed = 00:01:15 . Memory (MB): peak = 4028.492 ; gain = 808.125 ; free physical = 58672 ; free virtual = 195468
---------------------------------------------------------------------------------
---------------------------------------------------------------------------------
Start Renaming Generated Ports
---------------------------------------------------------------------------------
---------------------------------------------------------------------------------
Finished Renaming Generated Ports : Time (s): cpu = 00:00:35 ; elapsed = 00:01:15 . Memory (MB): peak = 4028.492 ; gain = 808.125 ; free physical = 58666 ; free virtual = 195462
---------------------------------------------------------------------------------
---------------------------------------------------------------------------------
Start Handling Custom Attributes
---------------------------------------------------------------------------------
---------------------------------------------------------------------------------
Finished Handling Custom Attributes : Time (s): cpu = 00:00:35 ; elapsed = 00:01:15 . Memory (MB): peak = 4028.492 ; gain = 808.125 ; free physical = 58652 ; free virtual = 195448
---------------------------------------------------------------------------------
---------------------------------------------------------------------------------
Start Renaming Generated Nets
---------------------------------------------------------------------------------
---------------------------------------------------------------------------------
Finished Renaming Generated Nets : Time (s): cpu = 00:00:35 ; elapsed = 00:01:16 . Memory (MB): peak = 4028.492 ; gain = 808.125 ; free physical = 58597 ; free virtual = 195393
---------------------------------------------------------------------------------
---------------------------------------------------------------------------------
Start Writing Synthesis Report
---------------------------------------------------------------------------------

Report BlackBoxes: 
+------+------------------------------+----------+
|      |BlackBox name                 |Instances |
+------+------------------------------+----------+
|1     |bd_5dca_axi_apb_bridge_inst_0 |         1|
|2     |bd_5dca_hbm_inst_0            |         1|
|3     |bd_5dca_hbm_reset_sync_SLR0_0 |         1|
|4     |bd_5dca_hbm_reset_sync_SLR2_0 |         1|
|5     |bd_5dca_vip_S00_0             |         1|
|6     |bd_5dca_vip_S01_0             |         1|
|7     |bd_5dca_vip_S02_0             |         1|
|8     |bd_5dca_vip_S03_0             |         1|
|9     |bd_5dca_init_reduce_0         |         1|
|10    |bd_5dca_interconnect1_0_0     |         1|
|11    |bd_5dca_slice1_0_0            |         1|
|12    |bd_5dca_interconnect2_1_0     |         1|
|13    |bd_5dca_slice2_1_0            |         1|
|14    |bd_5dca_interconnect3_2_0     |         1|
|15    |bd_5dca_slice3_2_0            |         1|
|16    |bd_5dca_interconnect0_3_0     |         1|
|17    |bd_5dca_slice0_3_0            |         1|
+------+------------------------------+----------+

Report Cell Usage: 
+------+----------------------------+------+
|      |Cell                        |Count |
+------+----------------------------+------+
|1     |bd_5dca_axi_apb_bridge_inst |     1|
|2     |bd_5dca_hbm_inst            |     1|
|3     |bd_5dca_hbm_reset_sync_SLR0 |     1|
|4     |bd_5dca_hbm_reset_sync_SLR2 |     1|
|5     |bd_5dca_init_reduce         |     1|
|6     |bd_5dca_interconnect0_3     |     1|
|7     |bd_5dca_interconnect1_0     |     1|
|8     |bd_5dca_interconnect2_1     |     1|
|9     |bd_5dca_interconnect3_2     |     1|
|10    |bd_5dca_slice0_3            |     1|
|11    |bd_5dca_slice1_0            |     1|
|12    |bd_5dca_slice2_1            |     1|
|13    |bd_5dca_slice3_2            |     1|
|14    |bd_5dca_vip_S00             |     1|
|15    |bd_5dca_vip_S01             |     1|
|16    |bd_5dca_vip_S02             |     1|
|17    |bd_5dca_vip_S03             |     1|
+------+----------------------------+------+
---------------------------------------------------------------------------------
Finished Writing Synthesis Report : Time (s): cpu = 00:00:35 ; elapsed = 00:01:16 . Memory (MB): peak = 4028.492 ; gain = 808.125 ; free physical = 58596 ; free virtual = 195392
---------------------------------------------------------------------------------
Synthesis finished with 0 errors, 0 critical warnings and 1 warnings.
Synthesis Optimization Runtime : Time (s): cpu = 00:00:27 ; elapsed = 00:00:55 . Memory (MB): peak = 4028.492 ; gain = 761.562 ; free physical = 58637 ; free virtual = 195433
Synthesis Optimization Complete : Time (s): cpu = 00:00:35 ; elapsed = 00:01:16 . Memory (MB): peak = 4028.500 ; gain = 808.125 ; free physical = 58639 ; free virtual = 195435
INFO: [Project 1-571] Translating synthesized netlist
Netlist sorting complete. Time (s): cpu = 00:00:00.05 ; elapsed = 00:00:00.06 . Memory (MB): peak = 4028.500 ; gain = 0.000 ; free physical = 59785 ; free virtual = 196582
INFO: [Project 1-570] Preparing netlist for logic optimization
INFO: [Opt 31-138] Pushed 0 inverter(s) to 0 load pin(s).
Netlist sorting complete. Time (s): cpu = 00:00:00 ; elapsed = 00:00:00 . Memory (MB): peak = 4116.883 ; gain = 0.000 ; free physical = 59801 ; free virtual = 196598
INFO: [Project 1-111] Unisim Transformation Summary:
No Unisim elements were transformed.

Synth Design complete, checksum: a94631dc
INFO: [Common 17-83] Releasing license: Synthesis
73 Infos, 172 Warnings, 0 Critical Warnings and 0 Errors encountered.
synth_design completed successfully
synth_design: Time (s): cpu = 00:00:52 ; elapsed = 00:01:40 . Memory (MB): peak = 4122.820 ; gain = 1429.812 ; free physical = 59722 ; free virtual = 196510
INFO: [Common 17-600] The following parameters have non-default value.
general.maxThreads
INFO: [Common 17-1381] The checkpoint '/home/xcarril/pqc_codesign/dilithium-update/ML-KEM/decapsulation/xout/hw.4/.temps/link/vivado/vpl/prj/prj.runs/pfm_dynamic_hmss_0_0_synth_1/pfm_dynamic_hmss_0_0.dcp' has been generated.
INFO: [Coretcl 2-1648] Added synthesis output to IP cache for IP pfm_dynamic_hmss_0_0, cache-ID = ee93717f0e381899
INFO: [Coretcl 2-1174] Renamed 24 cell refs.
INFO: [Common 17-1381] The checkpoint '/home/xcarril/pqc_codesign/dilithium-update/ML-KEM/decapsulation/xout/hw.4/.temps/link/vivado/vpl/prj/prj.runs/pfm_dynamic_hmss_0_0_synth_1/pfm_dynamic_hmss_0_0.dcp' has been generated.
INFO: [runtcl-4] Executing : report_utilization -file pfm_dynamic_hmss_0_0_utilization_synth.rpt -pb pfm_dynamic_hmss_0_0_utilization_synth.pb
INFO: [Common 17-206] Exiting Vivado at Fri Sep 15 11:20:15 2023...
