Copyright 1986-2021 Xilinx, Inc. All Rights Reserved.
------------------------------------------------------------------------------------------
| Tool Version : Vivado v.2021.2 (lin64) Build 3367213 Tue Oct 19 02:47:39 MDT 2021
| Date         : Wed Nov 23 02:51:56 2022
| Host         : nanu running 64-bit Ubuntu 20.04.1 LTS
| Command      : report_utilization -slr -file slr_util_routed.rpt -pb slr_util_routed.pb
| Design       : pfm_top_wrapper
| Device       : xcu280-fsvh2892-2L-e
| Speed File   : -2L
| Design State : Routed
------------------------------------------------------------------------------------------

Utilization Design Information

Table of Contents
-----------------
1. SLR Connectivity
2. SLR Connectivity Matrix
3. SLR CLB Logic and Dedicated Block Utilization
4. SLR IO Utilization

1. SLR Connectivity
-------------------

+----------------------------------+------+-------+-----------+-------+
|                                  | Used | Fixed | Available | Util% |
+----------------------------------+------+-------+-----------+-------+
| SLR2 <-> SLR1                    | 3963 |       |     23040 | 17.20 |
|   SLR1 -> SLR2                   | 2083 |       |           |  9.04 |
|     Using TX_REG only            |  267 |     1 |           |       |
|     Using RX_REG only            |  284 |    18 |           |       |
|     Using Both TX_REG and RX_REG |  267 |     1 |           |       |
|   SLR2 -> SLR1                   | 1880 |       |           |  8.16 |
|     Using TX_REG only            |  407 |     0 |           |       |
|     Using RX_REG only            |  412 |     4 |           |       |
|     Using Both TX_REG and RX_REG |  407 |     0 |           |       |
| SLR1 <-> SLR0                    | 2530 |       |     23040 | 10.98 |
|   SLR0 -> SLR1                   | 1135 |       |           |  4.93 |
|     Using TX_REG only            |  371 |    71 |           |       |
|     Using RX_REG only            |  361 |    61 |           |       |
|     Using Both TX_REG and RX_REG |  355 |    55 |           |       |
|   SLR1 -> SLR0                   | 1395 |       |           |  6.05 |
|     Using TX_REG only            |  441 |    62 |           |       |
|     Using RX_REG only            |  451 |    71 |           |       |
|     Using Both TX_REG and RX_REG |  439 |    60 |           |       |
+----------------------------------+------+-------+-----------+-------+
| Total SLLs Used                  | 6493 |       |           |       |
+----------------------------------+------+-------+-----------+-------+


2. SLR Connectivity Matrix
--------------------------

+-----------+------+------+------+
| FROM \ TO | SLR2 | SLR1 | SLR0 |
+-----------+------+------+------+
| SLR2      |    0 | 1686 |  194 |
| SLR1      | 1953 |    0 | 1201 |
| SLR0      |  130 | 1005 |    0 |
+-----------+------+------+------+


3. SLR CLB Logic and Dedicated Block Utilization
------------------------------------------------

+----------------------------+--------+-------+-------+--------+--------+--------+
|          Site Type         |  SLR0  |  SLR1 |  SLR2 | SLR0 % | SLR1 % | SLR2 % |
+----------------------------+--------+-------+-------+--------+--------+--------+
| CLB                        |  22656 |  7035 |  8123 |  41.22 |  13.03 |  15.04 |
|   CLBL                     |  11541 |  3558 |  4206 |  39.42 |  12.15 |  14.36 |
|   CLBM                     |  11115 |  3477 |  3917 |  43.28 |  14.07 |  15.85 |
| CLB LUTs                   | 103809 | 47609 | 35342 |  23.61 |  11.02 |   8.18 |
|   LUT as Logic             |  85644 | 43637 | 32304 |  19.48 |  10.10 |   7.48 |
|     using O5 output only   |    947 |   286 |  1003 |   0.22 |   0.07 |   0.23 |
|     using O6 output only   |  63275 | 34231 | 19500 |  14.39 |   7.92 |   4.51 |
|     using O5 and O6        |  21422 |  9120 | 11801 |   4.87 |   2.11 |   2.73 |
|   LUT as Memory            |  18165 |  3972 |  3038 |   8.84 |   2.01 |   1.54 |
|     LUT as Distributed RAM |  13344 |  3837 |  1660 |   6.50 |   1.94 |   0.84 |
|       using O5 output only |      0 |     0 |     0 |   0.00 |   0.00 |   0.00 |
|       using O6 output only |  11480 |   215 |    84 |   5.59 |   0.11 |   0.04 |
|       using O5 and O6      |   1864 |  3622 |  1576 |   0.91 |   1.83 |   0.80 |
|     LUT as Shift Register  |   4821 |   135 |  1378 |   2.35 |   0.07 |   0.70 |
|       using O5 output only |      0 |     0 |     0 |   0.00 |   0.00 |   0.00 |
|       using O6 output only |   2484 |   135 |  1248 |   1.21 |   0.07 |   0.63 |
|       using O5 and O6      |   2337 |     0 |   130 |   1.14 |   0.00 |   0.07 |
| CLB Registers              | 134576 | 46347 | 60716 |  15.30 |   5.36 |   7.03 |
| CARRY8                     |   2278 |   473 |   313 |   4.14 |   0.88 |   0.58 |
| F7 Muxes                   |   3114 |   651 |  1054 |   1.42 |   0.30 |   0.49 |
| F8 Muxes                   |    586 |   141 |    47 |   0.53 |   0.13 |   0.04 |
| F9 Muxes                   |      0 |     0 |     0 |   0.00 |   0.00 |   0.00 |
| Block RAM Tile             |    162 |  80.5 |    94 |  24.11 |  11.98 |  13.99 |
|   RAMB36/FIFO              |    132 |    80 |    92 |  19.64 |  11.90 |  13.69 |
|     RAMB36E2 only          |    132 |    80 |    92 |  19.64 |  11.90 |  13.69 |
|   RAMB18                   |     60 |     1 |     4 |   4.46 |   0.07 |   0.30 |
|     RAMB18E2 only          |     60 |     1 |     4 |   4.46 |   0.07 |   0.30 |
| URAM                       |      0 |     0 |     0 |   0.00 |   0.00 |   0.00 |
| DSPs                       |    220 |     0 |     4 |   7.64 |   0.00 |   0.13 |
| Unique Control Sets        |   3738 |  1501 |  2724 |   3.40 |   1.39 |   2.52 |
+----------------------------+--------+-------+-------+--------+--------+--------+
* Note: Available Control Sets based on CLB Registers / 8


4. SLR IO Utilization
---------------------

+-----------+-----------+---------+------------+----------+------------+----------+-----+
| SLR Index | Used IOBs | (%)IOBs | Used IPADs | (%)IPADs | Used OPADs | (%)OPADs | GTs |
+-----------+-----------+---------+------------+----------+------------+----------+-----+
| SLR2      |        18 |    8.65 |          0 |     0.00 |          0 |     0.00 |   0 |
| SLR1      |         0 |    0.00 |          0 |     0.00 |          0 |     0.00 |   0 |
| SLR0      |         1 |    0.48 |          0 |     0.00 |          0 |     0.00 |  16 |
+-----------+-----------+---------+------------+----------+------------+----------+-----+
| Total     |        19 |         |          0 |          |          0 |          |  16 |
+-----------+-----------+---------+------------+----------+------------+----------+-----+


