Copyright 1986-2021 Xilinx, Inc. All Rights Reserved.
------------------------------------------------------------------------------------------
| Tool Version : Vivado v.2021.2 (lin64) Build 3367213 Tue Oct 19 02:47:39 MDT 2021
| Date         : Wed Nov 23 04:32:25 2022
| Host         : nanu running 64-bit Ubuntu 20.04.1 LTS
| Command      : report_utilization -slr -file slr_util_routed.rpt -pb slr_util_routed.pb
| Design       : pfm_top_wrapper
| Device       : xcu280-fsvh2892-2L-e
| Speed File   : -2L
| Design State : Routed
------------------------------------------------------------------------------------------

Utilization Design Information

Table of Contents
-----------------
1. SLR Connectivity
2. SLR Connectivity Matrix
3. SLR CLB Logic and Dedicated Block Utilization
4. SLR IO Utilization

1. SLR Connectivity
-------------------

+----------------------------------+------+-------+-----------+-------+
|                                  | Used | Fixed | Available | Util% |
+----------------------------------+------+-------+-----------+-------+
| SLR2 <-> SLR1                    | 3963 |       |     23040 | 17.20 |
|   SLR1 -> SLR2                   | 2084 |       |           |  9.05 |
|     Using TX_REG only            |  267 |     1 |           |       |
|     Using RX_REG only            |  284 |    18 |           |       |
|     Using Both TX_REG and RX_REG |  267 |     1 |           |       |
|   SLR2 -> SLR1                   | 1879 |       |           |  8.16 |
|     Using TX_REG only            |  407 |     0 |           |       |
|     Using RX_REG only            |  412 |     4 |           |       |
|     Using Both TX_REG and RX_REG |  407 |     0 |           |       |
| SLR1 <-> SLR0                    | 2530 |       |     23040 | 10.98 |
|   SLR0 -> SLR1                   | 1135 |       |           |  4.93 |
|     Using TX_REG only            |  371 |    71 |           |       |
|     Using RX_REG only            |  361 |    61 |           |       |
|     Using Both TX_REG and RX_REG |  355 |    55 |           |       |
|   SLR1 -> SLR0                   | 1395 |       |           |  6.05 |
|     Using TX_REG only            |  441 |    62 |           |       |
|     Using RX_REG only            |  449 |    71 |           |       |
|     Using Both TX_REG and RX_REG |  437 |    60 |           |       |
+----------------------------------+------+-------+-----------+-------+
| Total SLLs Used                  | 6493 |       |           |       |
+----------------------------------+------+-------+-----------+-------+


2. SLR Connectivity Matrix
--------------------------

+-----------+------+------+------+
| FROM \ TO | SLR2 | SLR1 | SLR0 |
+-----------+------+------+------+
| SLR2      |    0 | 1685 |  194 |
| SLR1      | 1954 |    0 | 1201 |
| SLR0      |  130 | 1005 |    0 |
+-----------+------+------+------+


3. SLR CLB Logic and Dedicated Block Utilization
------------------------------------------------

+----------------------------+--------+-------+-------+--------+--------+--------+
|          Site Type         |  SLR0  |  SLR1 |  SLR2 | SLR0 % | SLR1 % | SLR2 % |
+----------------------------+--------+-------+-------+--------+--------+--------+
| CLB                        |  22163 |  6662 |  7869 |  40.33 |  12.34 |  14.57 |
|   CLBL                     |  11594 |  3352 |  4054 |  39.60 |  11.45 |  13.85 |
|   CLBM                     |  10569 |  3310 |  3815 |  41.16 |  13.39 |  15.43 |
| CLB LUTs                   | 103585 | 47612 | 35342 |  23.56 |  11.02 |   8.18 |
|   LUT as Logic             |  85311 | 43640 | 32304 |  19.40 |  10.10 |   7.48 |
|     using O5 output only   |    902 |   286 |  1007 |   0.21 |   0.07 |   0.23 |
|     using O6 output only   |  62944 | 34236 | 19496 |  14.32 |   7.93 |   4.51 |
|     using O5 and O6        |  21465 |  9118 | 11801 |   4.88 |   2.11 |   2.73 |
|   LUT as Memory            |  18274 |  3972 |  3038 |   8.90 |   2.01 |   1.54 |
|     LUT as Distributed RAM |  13456 |  3837 |  1660 |   6.55 |   1.94 |   0.84 |
|       using O5 output only |      0 |     0 |     0 |   0.00 |   0.00 |   0.00 |
|       using O6 output only |  11600 |   215 |    84 |   5.65 |   0.11 |   0.04 |
|       using O5 and O6      |   1856 |  3622 |  1576 |   0.90 |   1.83 |   0.80 |
|     LUT as Shift Register  |   4818 |   135 |  1378 |   2.35 |   0.07 |   0.70 |
|       using O5 output only |      0 |     0 |     0 |   0.00 |   0.00 |   0.00 |
|       using O6 output only |   2473 |   135 |  1248 |   1.20 |   0.07 |   0.63 |
|       using O5 and O6      |   2345 |     0 |   130 |   1.14 |   0.00 |   0.07 |
| CLB Registers              | 134482 | 46347 | 60716 |  15.29 |   5.36 |   7.03 |
| CARRY8                     |   2265 |   473 |   313 |   4.12 |   0.88 |   0.58 |
| F7 Muxes                   |   3051 |   651 |  1054 |   1.39 |   0.30 |   0.49 |
| F8 Muxes                   |    522 |   141 |    47 |   0.47 |   0.13 |   0.04 |
| F9 Muxes                   |      0 |     0 |     0 |   0.00 |   0.00 |   0.00 |
| Block RAM Tile             |  165.5 |  80.5 |    94 |  24.63 |  11.98 |  13.99 |
|   RAMB36/FIFO              |    136 |    80 |    92 |  20.24 |  11.90 |  13.69 |
|     RAMB36E2 only          |    136 |    80 |    92 |  20.24 |  11.90 |  13.69 |
|   RAMB18                   |     59 |     1 |     4 |   4.39 |   0.07 |   0.30 |
|     RAMB18E2 only          |     59 |     1 |     4 |   4.39 |   0.07 |   0.30 |
| URAM                       |      0 |     0 |     0 |   0.00 |   0.00 |   0.00 |
| DSPs                       |    220 |     0 |     4 |   7.64 |   0.00 |   0.13 |
| Unique Control Sets        |   3783 |  1501 |  2725 |   3.44 |   1.39 |   2.52 |
+----------------------------+--------+-------+-------+--------+--------+--------+
* Note: Available Control Sets based on CLB Registers / 8


4. SLR IO Utilization
---------------------

+-----------+-----------+---------+------------+----------+------------+----------+-----+
| SLR Index | Used IOBs | (%)IOBs | Used IPADs | (%)IPADs | Used OPADs | (%)OPADs | GTs |
+-----------+-----------+---------+------------+----------+------------+----------+-----+
| SLR2      |        18 |    8.65 |          0 |     0.00 |          0 |     0.00 |   0 |
| SLR1      |         0 |    0.00 |          0 |     0.00 |          0 |     0.00 |   0 |
| SLR0      |         1 |    0.48 |          0 |     0.00 |          0 |     0.00 |  16 |
+-----------+-----------+---------+------------+----------+------------+----------+-----+
| Total     |        19 |         |          0 |          |          0 |          |  16 |
+-----------+-----------+---------+------------+----------+------------+----------+-----+


