
*** Running vivado
    with args -log bd_5dca_slice0_3_0.vds -m64 -product Vivado -mode batch -messageDb vivado.pb -notrace -source bd_5dca_slice0_3_0.tcl


****** Vivado v2021.2 (64-bit)
  **** SW Build 3367213 on Tue Oct 19 02:47:39 MDT 2021
  **** IP Build 3369179 on Thu Oct 21 08:25:16 MDT 2021
    ** Copyright 1986-2021 Xilinx, Inc. All Rights Reserved.

source bd_5dca_slice0_3_0.tcl -notrace
INFO: Dispatch client connection id - 42801
INFO: [IP_Flow 19-234] Refreshing IP repositories
INFO: [IP_Flow 19-1700] Loaded user IP repository '/home/xcarril/pqc_codesign/dilithium-update/ML-KEM/decapsulation/xout/hw.2/.temps/link/int/xo/ip_repo/xilinx_com_hls_k_kem_dec_0_0'.
INFO: [IP_Flow 19-1700] Loaded user IP repository '/home/xcarril/pqc_codesign/dilithium-update/ML-KEM/decapsulation/xout/hw.2/.temps/link/vivado/vpl/.local/hw_platform/iprepo'.
INFO: [IP_Flow 19-1700] Loaded user IP repository '/opt/Xilinx/Vitis/2021.2/data/cache/xilinx'.
INFO: [IP_Flow 19-1700] Loaded user IP repository '/home/xcarril/pqc_codesign/dilithium-update/ML-KEM/decapsulation/xout/hw.2/.temps/link/vivado/vpl/.local/hw_platform/ipcache'.
INFO: [IP_Flow 19-1700] Loaded user IP repository '/opt/Xilinx/Vitis/2021.2/data/ip'.
INFO: [IP_Flow 19-2313] Loaded Vivado IP repository '/opt/Xilinx/Vivado/2021.2/data/ip'.
Command: synth_design -top bd_5dca_slice0_3_0 -part xcu280-fsvh2892-2L-e -mode out_of_context
Starting synth_design
Attempting to get a license for feature 'Synthesis' and/or device 'xcu280'
INFO: [Common 17-349] Got license for feature 'Synthesis' and/or device 'xcu280'
INFO: [Device 21-403] Loading part xcu280-fsvh2892-2L-e
INFO: [Synth 8-7079] Multithreading enabled for synth_design using a maximum of 1 processes.
INFO: [Synth 8-7078] Launching helper process for spawning children vivado processes
INFO: [Synth 8-7075] Helper process launched with PID 1793219
---------------------------------------------------------------------------------
Starting RTL Elaboration : Time (s): cpu = 00:00:04 ; elapsed = 00:00:06 . Memory (MB): peak = 3446.168 ; gain = 285.797 ; free physical = 70550 ; free virtual = 206381
---------------------------------------------------------------------------------
INFO: [Synth 8-6157] synthesizing module 'bd_5dca_slice0_3_0' [/home/xcarril/pqc_codesign/dilithium-update/ML-KEM/decapsulation/xout/hw.2/.temps/link/vivado/vpl/prj/prj.gen/my_rm/bd/bd/ip/pfm_dynamic_hmss_0_0/bd_0/ip/ip_13/synth/bd_5dca_slice0_3_0.v:58]
INFO: [Synth 8-6157] synthesizing module 'axi_register_slice_v2_1_25_axi_register_slice' [/home/xcarril/pqc_codesign/dilithium-update/ML-KEM/decapsulation/xout/hw.2/.temps/link/vivado/vpl/prj/prj.gen/my_rm/bd/bd/ipshared/e1e6/hdl/axi_register_slice_v2_1_vl_rfs.v:3726]
INFO: [Synth 8-6157] synthesizing module 'axi_infrastructure_v1_1_0_axi2vector' [/home/xcarril/pqc_codesign/dilithium-update/ML-KEM/decapsulation/xout/hw.2/.temps/link/vivado/vpl/prj/prj.gen/my_rm/bd/bd/ipshared/ec67/hdl/axi_infrastructure_v1_1_vl_rfs.v:60]
INFO: [Synth 8-6155] done synthesizing module 'axi_infrastructure_v1_1_0_axi2vector' (1#1) [/home/xcarril/pqc_codesign/dilithium-update/ML-KEM/decapsulation/xout/hw.2/.temps/link/vivado/vpl/prj/prj.gen/my_rm/bd/bd/ipshared/ec67/hdl/axi_infrastructure_v1_1_vl_rfs.v:60]
INFO: [Synth 8-6157] synthesizing module 'axi_infrastructure_v1_1_0_vector2axi' [/home/xcarril/pqc_codesign/dilithium-update/ML-KEM/decapsulation/xout/hw.2/.temps/link/vivado/vpl/prj/prj.gen/my_rm/bd/bd/ipshared/ec67/hdl/axi_infrastructure_v1_1_vl_rfs.v:474]
INFO: [Synth 8-6155] done synthesizing module 'axi_infrastructure_v1_1_0_vector2axi' (2#1) [/home/xcarril/pqc_codesign/dilithium-update/ML-KEM/decapsulation/xout/hw.2/.temps/link/vivado/vpl/prj/prj.gen/my_rm/bd/bd/ipshared/ec67/hdl/axi_infrastructure_v1_1_vl_rfs.v:474]
INFO: [Synth 8-6157] synthesizing module 'axi_register_slice_v2_1_25_multi_slr' [/home/xcarril/pqc_codesign/dilithium-update/ML-KEM/decapsulation/xout/hw.2/.temps/link/vivado/vpl/prj/prj.gen/my_rm/bd/bd/ipshared/e1e6/hdl/axi_register_slice_v2_1_vl_rfs.v:2201]
INFO: [Synth 8-6157] synthesizing module 'axi_register_slice_v2_1_25_source_region_slr' [/home/xcarril/pqc_codesign/dilithium-update/ML-KEM/decapsulation/xout/hw.2/.temps/link/vivado/vpl/prj/prj.gen/my_rm/bd/bd/ipshared/e1e6/hdl/axi_register_slice_v2_1_vl_rfs.v:2854]
INFO: [Synth 8-6157] synthesizing module 'FDCE' [/opt/Xilinx/Vivado/2021.2/scripts/rt/data/unisim_comp.v:27621]
INFO: [Synth 8-6155] done synthesizing module 'FDCE' (3#1) [/opt/Xilinx/Vivado/2021.2/scripts/rt/data/unisim_comp.v:27621]
INFO: [Synth 8-6155] done synthesizing module 'axi_register_slice_v2_1_25_source_region_slr' (4#1) [/home/xcarril/pqc_codesign/dilithium-update/ML-KEM/decapsulation/xout/hw.2/.temps/link/vivado/vpl/prj/prj.gen/my_rm/bd/bd/ipshared/e1e6/hdl/axi_register_slice_v2_1_vl_rfs.v:2854]
INFO: [Synth 8-6157] synthesizing module 'axi_register_slice_v2_1_25_middle_region_slr' [/home/xcarril/pqc_codesign/dilithium-update/ML-KEM/decapsulation/xout/hw.2/.temps/link/vivado/vpl/prj/prj.gen/my_rm/bd/bd/ipshared/e1e6/hdl/axi_register_slice_v2_1_vl_rfs.v:2713]
INFO: [Synth 8-6155] done synthesizing module 'axi_register_slice_v2_1_25_middle_region_slr' (5#1) [/home/xcarril/pqc_codesign/dilithium-update/ML-KEM/decapsulation/xout/hw.2/.temps/link/vivado/vpl/prj/prj.gen/my_rm/bd/bd/ipshared/e1e6/hdl/axi_register_slice_v2_1_vl_rfs.v:2713]
INFO: [Synth 8-6157] synthesizing module 'axi_register_slice_v2_1_25_dest_region_slr' [/home/xcarril/pqc_codesign/dilithium-update/ML-KEM/decapsulation/xout/hw.2/.temps/link/vivado/vpl/prj/prj.gen/my_rm/bd/bd/ipshared/e1e6/hdl/axi_register_slice_v2_1_vl_rfs.v:3038]
INFO: [Synth 8-6157] synthesizing module 'axi_register_slice_v2_1_25_axic_reg_srl_fifo' [/home/xcarril/pqc_codesign/dilithium-update/ML-KEM/decapsulation/xout/hw.2/.temps/link/vivado/vpl/prj/prj.gen/my_rm/bd/bd/ipshared/e1e6/hdl/axi_register_slice_v2_1_vl_rfs.v:3442]
INFO: [Synth 8-6157] synthesizing module 'axi_register_slice_v2_1_25_srl_rtl' [/home/xcarril/pqc_codesign/dilithium-update/ML-KEM/decapsulation/xout/hw.2/.temps/link/vivado/vpl/prj/prj.gen/my_rm/bd/bd/ipshared/e1e6/hdl/axi_register_slice_v2_1_vl_rfs.v:1474]
INFO: [Synth 8-6155] done synthesizing module 'axi_register_slice_v2_1_25_srl_rtl' (6#1) [/home/xcarril/pqc_codesign/dilithium-update/ML-KEM/decapsulation/xout/hw.2/.temps/link/vivado/vpl/prj/prj.gen/my_rm/bd/bd/ipshared/e1e6/hdl/axi_register_slice_v2_1_vl_rfs.v:1474]
INFO: [Synth 8-6155] done synthesizing module 'axi_register_slice_v2_1_25_axic_reg_srl_fifo' (7#1) [/home/xcarril/pqc_codesign/dilithium-update/ML-KEM/decapsulation/xout/hw.2/.temps/link/vivado/vpl/prj/prj.gen/my_rm/bd/bd/ipshared/e1e6/hdl/axi_register_slice_v2_1_vl_rfs.v:3442]
WARNING: [Synth 8-6014] Unused sequential element common.areset_dly_reg was removed.  [/home/xcarril/pqc_codesign/dilithium-update/ML-KEM/decapsulation/xout/hw.2/.temps/link/vivado/vpl/prj/prj.gen/my_rm/bd/bd/ipshared/e1e6/hdl/axi_register_slice_v2_1_vl_rfs.v:3189]
INFO: [Synth 8-6155] done synthesizing module 'axi_register_slice_v2_1_25_dest_region_slr' (8#1) [/home/xcarril/pqc_codesign/dilithium-update/ML-KEM/decapsulation/xout/hw.2/.temps/link/vivado/vpl/prj/prj.gen/my_rm/bd/bd/ipshared/e1e6/hdl/axi_register_slice_v2_1_vl_rfs.v:3038]
INFO: [Synth 8-6155] done synthesizing module 'axi_register_slice_v2_1_25_multi_slr' (9#1) [/home/xcarril/pqc_codesign/dilithium-update/ML-KEM/decapsulation/xout/hw.2/.temps/link/vivado/vpl/prj/prj.gen/my_rm/bd/bd/ipshared/e1e6/hdl/axi_register_slice_v2_1_vl_rfs.v:2201]
INFO: [Synth 8-6157] synthesizing module 'axi_register_slice_v2_1_25_multi_slr__parameterized0' [/home/xcarril/pqc_codesign/dilithium-update/ML-KEM/decapsulation/xout/hw.2/.temps/link/vivado/vpl/prj/prj.gen/my_rm/bd/bd/ipshared/e1e6/hdl/axi_register_slice_v2_1_vl_rfs.v:2201]
INFO: [Synth 8-6157] synthesizing module 'axi_register_slice_v2_1_25_source_region_slr__parameterized0' [/home/xcarril/pqc_codesign/dilithium-update/ML-KEM/decapsulation/xout/hw.2/.temps/link/vivado/vpl/prj/prj.gen/my_rm/bd/bd/ipshared/e1e6/hdl/axi_register_slice_v2_1_vl_rfs.v:2854]
INFO: [Synth 8-6155] done synthesizing module 'axi_register_slice_v2_1_25_source_region_slr__parameterized0' (9#1) [/home/xcarril/pqc_codesign/dilithium-update/ML-KEM/decapsulation/xout/hw.2/.temps/link/vivado/vpl/prj/prj.gen/my_rm/bd/bd/ipshared/e1e6/hdl/axi_register_slice_v2_1_vl_rfs.v:2854]
INFO: [Synth 8-6157] synthesizing module 'axi_register_slice_v2_1_25_middle_region_slr__parameterized0' [/home/xcarril/pqc_codesign/dilithium-update/ML-KEM/decapsulation/xout/hw.2/.temps/link/vivado/vpl/prj/prj.gen/my_rm/bd/bd/ipshared/e1e6/hdl/axi_register_slice_v2_1_vl_rfs.v:2713]
INFO: [Synth 8-6155] done synthesizing module 'axi_register_slice_v2_1_25_middle_region_slr__parameterized0' (9#1) [/home/xcarril/pqc_codesign/dilithium-update/ML-KEM/decapsulation/xout/hw.2/.temps/link/vivado/vpl/prj/prj.gen/my_rm/bd/bd/ipshared/e1e6/hdl/axi_register_slice_v2_1_vl_rfs.v:2713]
INFO: [Synth 8-6157] synthesizing module 'axi_register_slice_v2_1_25_dest_region_slr__parameterized0' [/home/xcarril/pqc_codesign/dilithium-update/ML-KEM/decapsulation/xout/hw.2/.temps/link/vivado/vpl/prj/prj.gen/my_rm/bd/bd/ipshared/e1e6/hdl/axi_register_slice_v2_1_vl_rfs.v:3038]
INFO: [Synth 8-6157] synthesizing module 'axi_register_slice_v2_1_25_axic_reg_srl_fifo__parameterized0' [/home/xcarril/pqc_codesign/dilithium-update/ML-KEM/decapsulation/xout/hw.2/.temps/link/vivado/vpl/prj/prj.gen/my_rm/bd/bd/ipshared/e1e6/hdl/axi_register_slice_v2_1_vl_rfs.v:3442]
INFO: [Synth 8-6155] done synthesizing module 'axi_register_slice_v2_1_25_axic_reg_srl_fifo__parameterized0' (9#1) [/home/xcarril/pqc_codesign/dilithium-update/ML-KEM/decapsulation/xout/hw.2/.temps/link/vivado/vpl/prj/prj.gen/my_rm/bd/bd/ipshared/e1e6/hdl/axi_register_slice_v2_1_vl_rfs.v:3442]
WARNING: [Synth 8-6014] Unused sequential element common.areset_dly_reg was removed.  [/home/xcarril/pqc_codesign/dilithium-update/ML-KEM/decapsulation/xout/hw.2/.temps/link/vivado/vpl/prj/prj.gen/my_rm/bd/bd/ipshared/e1e6/hdl/axi_register_slice_v2_1_vl_rfs.v:3189]
INFO: [Synth 8-6155] done synthesizing module 'axi_register_slice_v2_1_25_dest_region_slr__parameterized0' (9#1) [/home/xcarril/pqc_codesign/dilithium-update/ML-KEM/decapsulation/xout/hw.2/.temps/link/vivado/vpl/prj/prj.gen/my_rm/bd/bd/ipshared/e1e6/hdl/axi_register_slice_v2_1_vl_rfs.v:3038]
INFO: [Synth 8-6155] done synthesizing module 'axi_register_slice_v2_1_25_multi_slr__parameterized0' (9#1) [/home/xcarril/pqc_codesign/dilithium-update/ML-KEM/decapsulation/xout/hw.2/.temps/link/vivado/vpl/prj/prj.gen/my_rm/bd/bd/ipshared/e1e6/hdl/axi_register_slice_v2_1_vl_rfs.v:2201]
INFO: [Synth 8-6157] synthesizing module 'axi_register_slice_v2_1_25_multi_slr__parameterized1' [/home/xcarril/pqc_codesign/dilithium-update/ML-KEM/decapsulation/xout/hw.2/.temps/link/vivado/vpl/prj/prj.gen/my_rm/bd/bd/ipshared/e1e6/hdl/axi_register_slice_v2_1_vl_rfs.v:2201]
INFO: [Synth 8-6157] synthesizing module 'axi_register_slice_v2_1_25_source_region_slr__parameterized1' [/home/xcarril/pqc_codesign/dilithium-update/ML-KEM/decapsulation/xout/hw.2/.temps/link/vivado/vpl/prj/prj.gen/my_rm/bd/bd/ipshared/e1e6/hdl/axi_register_slice_v2_1_vl_rfs.v:2854]
WARNING: [Synth 8-6014] Unused sequential element common.areset_dly_reg was removed.  [/home/xcarril/pqc_codesign/dilithium-update/ML-KEM/decapsulation/xout/hw.2/.temps/link/vivado/vpl/prj/prj.gen/my_rm/bd/bd/ipshared/e1e6/hdl/axi_register_slice_v2_1_vl_rfs.v:2959]
INFO: [Synth 8-6155] done synthesizing module 'axi_register_slice_v2_1_25_source_region_slr__parameterized1' (9#1) [/home/xcarril/pqc_codesign/dilithium-update/ML-KEM/decapsulation/xout/hw.2/.temps/link/vivado/vpl/prj/prj.gen/my_rm/bd/bd/ipshared/e1e6/hdl/axi_register_slice_v2_1_vl_rfs.v:2854]
INFO: [Synth 8-6157] synthesizing module 'axi_register_slice_v2_1_25_middle_region_slr__parameterized1' [/home/xcarril/pqc_codesign/dilithium-update/ML-KEM/decapsulation/xout/hw.2/.temps/link/vivado/vpl/prj/prj.gen/my_rm/bd/bd/ipshared/e1e6/hdl/axi_register_slice_v2_1_vl_rfs.v:2713]
INFO: [Synth 8-6155] done synthesizing module 'axi_register_slice_v2_1_25_middle_region_slr__parameterized1' (9#1) [/home/xcarril/pqc_codesign/dilithium-update/ML-KEM/decapsulation/xout/hw.2/.temps/link/vivado/vpl/prj/prj.gen/my_rm/bd/bd/ipshared/e1e6/hdl/axi_register_slice_v2_1_vl_rfs.v:2713]
INFO: [Synth 8-6157] synthesizing module 'axi_register_slice_v2_1_25_dest_region_slr__parameterized1' [/home/xcarril/pqc_codesign/dilithium-update/ML-KEM/decapsulation/xout/hw.2/.temps/link/vivado/vpl/prj/prj.gen/my_rm/bd/bd/ipshared/e1e6/hdl/axi_register_slice_v2_1_vl_rfs.v:3038]
INFO: [Synth 8-6157] synthesizing module 'axi_register_slice_v2_1_25_axic_reg_srl_fifo__parameterized1' [/home/xcarril/pqc_codesign/dilithium-update/ML-KEM/decapsulation/xout/hw.2/.temps/link/vivado/vpl/prj/prj.gen/my_rm/bd/bd/ipshared/e1e6/hdl/axi_register_slice_v2_1_vl_rfs.v:3442]
INFO: [Synth 8-6155] done synthesizing module 'axi_register_slice_v2_1_25_axic_reg_srl_fifo__parameterized1' (9#1) [/home/xcarril/pqc_codesign/dilithium-update/ML-KEM/decapsulation/xout/hw.2/.temps/link/vivado/vpl/prj/prj.gen/my_rm/bd/bd/ipshared/e1e6/hdl/axi_register_slice_v2_1_vl_rfs.v:3442]
INFO: [Synth 8-6155] done synthesizing module 'axi_register_slice_v2_1_25_dest_region_slr__parameterized1' (9#1) [/home/xcarril/pqc_codesign/dilithium-update/ML-KEM/decapsulation/xout/hw.2/.temps/link/vivado/vpl/prj/prj.gen/my_rm/bd/bd/ipshared/e1e6/hdl/axi_register_slice_v2_1_vl_rfs.v:3038]
INFO: [Synth 8-6155] done synthesizing module 'axi_register_slice_v2_1_25_multi_slr__parameterized1' (9#1) [/home/xcarril/pqc_codesign/dilithium-update/ML-KEM/decapsulation/xout/hw.2/.temps/link/vivado/vpl/prj/prj.gen/my_rm/bd/bd/ipshared/e1e6/hdl/axi_register_slice_v2_1_vl_rfs.v:2201]
INFO: [Synth 8-6157] synthesizing module 'axi_register_slice_v2_1_25_multi_slr__parameterized2' [/home/xcarril/pqc_codesign/dilithium-update/ML-KEM/decapsulation/xout/hw.2/.temps/link/vivado/vpl/prj/prj.gen/my_rm/bd/bd/ipshared/e1e6/hdl/axi_register_slice_v2_1_vl_rfs.v:2201]
INFO: [Synth 8-6157] synthesizing module 'axi_register_slice_v2_1_25_source_region_slr__parameterized2' [/home/xcarril/pqc_codesign/dilithium-update/ML-KEM/decapsulation/xout/hw.2/.temps/link/vivado/vpl/prj/prj.gen/my_rm/bd/bd/ipshared/e1e6/hdl/axi_register_slice_v2_1_vl_rfs.v:2854]
WARNING: [Synth 8-6014] Unused sequential element common.areset_dly_reg was removed.  [/home/xcarril/pqc_codesign/dilithium-update/ML-KEM/decapsulation/xout/hw.2/.temps/link/vivado/vpl/prj/prj.gen/my_rm/bd/bd/ipshared/e1e6/hdl/axi_register_slice_v2_1_vl_rfs.v:2959]
INFO: [Synth 8-6155] done synthesizing module 'axi_register_slice_v2_1_25_source_region_slr__parameterized2' (9#1) [/home/xcarril/pqc_codesign/dilithium-update/ML-KEM/decapsulation/xout/hw.2/.temps/link/vivado/vpl/prj/prj.gen/my_rm/bd/bd/ipshared/e1e6/hdl/axi_register_slice_v2_1_vl_rfs.v:2854]
INFO: [Synth 8-6157] synthesizing module 'axi_register_slice_v2_1_25_middle_region_slr__parameterized2' [/home/xcarril/pqc_codesign/dilithium-update/ML-KEM/decapsulation/xout/hw.2/.temps/link/vivado/vpl/prj/prj.gen/my_rm/bd/bd/ipshared/e1e6/hdl/axi_register_slice_v2_1_vl_rfs.v:2713]
INFO: [Synth 8-6155] done synthesizing module 'axi_register_slice_v2_1_25_middle_region_slr__parameterized2' (9#1) [/home/xcarril/pqc_codesign/dilithium-update/ML-KEM/decapsulation/xout/hw.2/.temps/link/vivado/vpl/prj/prj.gen/my_rm/bd/bd/ipshared/e1e6/hdl/axi_register_slice_v2_1_vl_rfs.v:2713]
INFO: [Synth 8-6157] synthesizing module 'axi_register_slice_v2_1_25_dest_region_slr__parameterized2' [/home/xcarril/pqc_codesign/dilithium-update/ML-KEM/decapsulation/xout/hw.2/.temps/link/vivado/vpl/prj/prj.gen/my_rm/bd/bd/ipshared/e1e6/hdl/axi_register_slice_v2_1_vl_rfs.v:3038]
INFO: [Synth 8-6157] synthesizing module 'axi_register_slice_v2_1_25_axic_reg_srl_fifo__parameterized2' [/home/xcarril/pqc_codesign/dilithium-update/ML-KEM/decapsulation/xout/hw.2/.temps/link/vivado/vpl/prj/prj.gen/my_rm/bd/bd/ipshared/e1e6/hdl/axi_register_slice_v2_1_vl_rfs.v:3442]
INFO: [Synth 8-6155] done synthesizing module 'axi_register_slice_v2_1_25_axic_reg_srl_fifo__parameterized2' (9#1) [/home/xcarril/pqc_codesign/dilithium-update/ML-KEM/decapsulation/xout/hw.2/.temps/link/vivado/vpl/prj/prj.gen/my_rm/bd/bd/ipshared/e1e6/hdl/axi_register_slice_v2_1_vl_rfs.v:3442]
INFO: [Synth 8-6155] done synthesizing module 'axi_register_slice_v2_1_25_dest_region_slr__parameterized2' (9#1) [/home/xcarril/pqc_codesign/dilithium-update/ML-KEM/decapsulation/xout/hw.2/.temps/link/vivado/vpl/prj/prj.gen/my_rm/bd/bd/ipshared/e1e6/hdl/axi_register_slice_v2_1_vl_rfs.v:3038]
INFO: [Synth 8-6155] done synthesizing module 'axi_register_slice_v2_1_25_multi_slr__parameterized2' (9#1) [/home/xcarril/pqc_codesign/dilithium-update/ML-KEM/decapsulation/xout/hw.2/.temps/link/vivado/vpl/prj/prj.gen/my_rm/bd/bd/ipshared/e1e6/hdl/axi_register_slice_v2_1_vl_rfs.v:2201]
INFO: [Synth 8-6155] done synthesizing module 'axi_register_slice_v2_1_25_axi_register_slice' (10#1) [/home/xcarril/pqc_codesign/dilithium-update/ML-KEM/decapsulation/xout/hw.2/.temps/link/vivado/vpl/prj/prj.gen/my_rm/bd/bd/ipshared/e1e6/hdl/axi_register_slice_v2_1_vl_rfs.v:3726]
INFO: [Synth 8-6155] done synthesizing module 'bd_5dca_slice0_3_0' (11#1) [/home/xcarril/pqc_codesign/dilithium-update/ML-KEM/decapsulation/xout/hw.2/.temps/link/vivado/vpl/prj/prj.gen/my_rm/bd/bd/ip/pfm_dynamic_hmss_0_0/bd_0/ip/ip_13/synth/bd_5dca_slice0_3_0.v:58]
WARNING: [Synth 8-7129] Port ACLK2X in module axi_register_slice_v2_1_25_dest_region_slr__parameterized2 is either unconnected or has no load
WARNING: [Synth 8-7129] Port ACLK2X in module axi_register_slice_v2_1_25_source_region_slr__parameterized2 is either unconnected or has no load
WARNING: [Synth 8-7129] Port ACLK2X in module axi_register_slice_v2_1_25_dest_region_slr is either unconnected or has no load
WARNING: [Synth 8-7129] Port ACLK2X in module axi_register_slice_v2_1_25_source_region_slr is either unconnected or has no load
WARNING: [Synth 8-7129] Port ACLK2X in module axi_register_slice_v2_1_25_dest_region_slr__parameterized1 is either unconnected or has no load
WARNING: [Synth 8-7129] Port ACLK2X in module axi_register_slice_v2_1_25_source_region_slr__parameterized1 is either unconnected or has no load
WARNING: [Synth 8-7129] Port ACLK2X in module axi_register_slice_v2_1_25_dest_region_slr__parameterized0 is either unconnected or has no load
WARNING: [Synth 8-7129] Port ACLK2X in module axi_register_slice_v2_1_25_source_region_slr__parameterized0 is either unconnected or has no load
WARNING: [Synth 8-7129] Port m_axi_buser[0] in module axi_infrastructure_v1_1_0_vector2axi is either unconnected or has no load
WARNING: [Synth 8-7129] Port m_axi_ruser[0] in module axi_infrastructure_v1_1_0_vector2axi is either unconnected or has no load
WARNING: [Synth 8-7129] Port s_axi_awregion[3] in module axi_infrastructure_v1_1_0_axi2vector is either unconnected or has no load
WARNING: [Synth 8-7129] Port s_axi_awregion[2] in module axi_infrastructure_v1_1_0_axi2vector is either unconnected or has no load
WARNING: [Synth 8-7129] Port s_axi_awregion[1] in module axi_infrastructure_v1_1_0_axi2vector is either unconnected or has no load
WARNING: [Synth 8-7129] Port s_axi_awregion[0] in module axi_infrastructure_v1_1_0_axi2vector is either unconnected or has no load
WARNING: [Synth 8-7129] Port s_axi_awuser[0] in module axi_infrastructure_v1_1_0_axi2vector is either unconnected or has no load
WARNING: [Synth 8-7129] Port s_axi_wuser[0] in module axi_infrastructure_v1_1_0_axi2vector is either unconnected or has no load
WARNING: [Synth 8-7129] Port s_axi_arregion[3] in module axi_infrastructure_v1_1_0_axi2vector is either unconnected or has no load
WARNING: [Synth 8-7129] Port s_axi_arregion[2] in module axi_infrastructure_v1_1_0_axi2vector is either unconnected or has no load
WARNING: [Synth 8-7129] Port s_axi_arregion[1] in module axi_infrastructure_v1_1_0_axi2vector is either unconnected or has no load
WARNING: [Synth 8-7129] Port s_axi_arregion[0] in module axi_infrastructure_v1_1_0_axi2vector is either unconnected or has no load
WARNING: [Synth 8-7129] Port s_axi_aruser[0] in module axi_infrastructure_v1_1_0_axi2vector is either unconnected or has no load
WARNING: [Synth 8-7129] Port aclk2x in module axi_register_slice_v2_1_25_axi_register_slice is either unconnected or has no load
---------------------------------------------------------------------------------
Finished RTL Elaboration : Time (s): cpu = 00:00:06 ; elapsed = 00:00:08 . Memory (MB): peak = 3514.074 ; gain = 353.703 ; free physical = 72782 ; free virtual = 208605
---------------------------------------------------------------------------------
---------------------------------------------------------------------------------
Start Handling Custom Attributes
---------------------------------------------------------------------------------
---------------------------------------------------------------------------------
Finished Handling Custom Attributes : Time (s): cpu = 00:00:06 ; elapsed = 00:00:08 . Memory (MB): peak = 3531.887 ; gain = 371.516 ; free physical = 75187 ; free virtual = 210965
---------------------------------------------------------------------------------
---------------------------------------------------------------------------------
Finished RTL Optimization Phase 1 : Time (s): cpu = 00:00:06 ; elapsed = 00:00:08 . Memory (MB): peak = 3531.887 ; gain = 371.516 ; free physical = 75184 ; free virtual = 210963
---------------------------------------------------------------------------------
Netlist sorting complete. Time (s): cpu = 00:00:00.34 ; elapsed = 00:00:00.34 . Memory (MB): peak = 3537.824 ; gain = 0.000 ; free physical = 75770 ; free virtual = 211502
INFO: [Project 1-570] Preparing netlist for logic optimization

Processing XDC Constraints
Initializing timing engine
Parsing XDC File [/home/xcarril/pqc_codesign/dilithium-update/ML-KEM/decapsulation/xout/hw.2/.temps/link/vivado/vpl/prj/prj.gen/my_rm/bd/bd/ip/pfm_dynamic_hmss_0_0/bd_0/ip/ip_13/bd_5dca_slice0_3_0_ooc.xdc] for cell 'inst'
Finished Parsing XDC File [/home/xcarril/pqc_codesign/dilithium-update/ML-KEM/decapsulation/xout/hw.2/.temps/link/vivado/vpl/prj/prj.gen/my_rm/bd/bd/ip/pfm_dynamic_hmss_0_0/bd_0/ip/ip_13/bd_5dca_slice0_3_0_ooc.xdc] for cell 'inst'
Parsing XDC File [/home/xcarril/pqc_codesign/dilithium-update/ML-KEM/decapsulation/xout/hw.2/.temps/link/vivado/vpl/prj/prj.runs/bd_5dca_slice0_3_0_synth_1/dont_touch.xdc]
Finished Parsing XDC File [/home/xcarril/pqc_codesign/dilithium-update/ML-KEM/decapsulation/xout/hw.2/.temps/link/vivado/vpl/prj/prj.runs/bd_5dca_slice0_3_0_synth_1/dont_touch.xdc]
Parsing XDC File [/home/xcarril/pqc_codesign/dilithium-update/ML-KEM/decapsulation/xout/hw.2/.temps/link/vivado/vpl/prj/prj.gen/my_rm/bd/bd/ip/pfm_dynamic_hmss_0_0/bd_0/ip/ip_13/bd_5dca_slice0_3_0_clocks.xdc] for cell 'inst'
Finished Parsing XDC File [/home/xcarril/pqc_codesign/dilithium-update/ML-KEM/decapsulation/xout/hw.2/.temps/link/vivado/vpl/prj/prj.gen/my_rm/bd/bd/ip/pfm_dynamic_hmss_0_0/bd_0/ip/ip_13/bd_5dca_slice0_3_0_clocks.xdc] for cell 'inst'
INFO: [Project 1-236] Implementation specific constraints were found while reading constraint file [/home/xcarril/pqc_codesign/dilithium-update/ML-KEM/decapsulation/xout/hw.2/.temps/link/vivado/vpl/prj/prj.gen/my_rm/bd/bd/ip/pfm_dynamic_hmss_0_0/bd_0/ip/ip_13/bd_5dca_slice0_3_0_clocks.xdc]. These constraints will be ignored for synthesis but will be used in implementation. Impacted constraints are listed in the file [.Xil/bd_5dca_slice0_3_0_propImpl.xdc].
Resolution: To avoid this warning, move constraints listed in [.Xil/bd_5dca_slice0_3_0_propImpl.xdc] to another XDC file and exclude this new file from synthesis with the used_in_synthesis property (File Properties dialog in GUI) and re-run elaboration/synthesis.
Completed Processing XDC Constraints

Netlist sorting complete. Time (s): cpu = 00:00:00.01 ; elapsed = 00:00:00 . Memory (MB): peak = 3704.137 ; gain = 0.000 ; free physical = 77396 ; free virtual = 213250
INFO: [Project 1-111] Unisim Transformation Summary:
No Unisim elements were transformed.

Constraint Validation Runtime : Time (s): cpu = 00:00:00.55 ; elapsed = 00:00:00.56 . Memory (MB): peak = 3726.949 ; gain = 22.812 ; free physical = 77341 ; free virtual = 213205
---------------------------------------------------------------------------------
Finished Constraint Validation : Time (s): cpu = 00:00:22 ; elapsed = 00:00:24 . Memory (MB): peak = 3726.949 ; gain = 566.578 ; free physical = 76414 ; free virtual = 212291
---------------------------------------------------------------------------------
---------------------------------------------------------------------------------
Start Loading Part and Timing Information
---------------------------------------------------------------------------------
Loading part: xcu280-fsvh2892-2L-e
INFO: [Synth 8-6742] Reading net delay rules and data
---------------------------------------------------------------------------------
Finished Loading Part and Timing Information : Time (s): cpu = 00:00:22 ; elapsed = 00:00:24 . Memory (MB): peak = 3726.949 ; gain = 566.578 ; free physical = 76411 ; free virtual = 212288
---------------------------------------------------------------------------------
---------------------------------------------------------------------------------
Start Applying 'set_property' XDC Constraints
---------------------------------------------------------------------------------
Applied set_property KEEP_HIERARCHY = SOFT for inst. (constraint file  /home/xcarril/pqc_codesign/dilithium-update/ML-KEM/decapsulation/xout/hw.2/.temps/link/vivado/vpl/prj/prj.runs/bd_5dca_slice0_3_0_synth_1/dont_touch.xdc, line 6).
---------------------------------------------------------------------------------
Finished applying 'set_property' XDC Constraints : Time (s): cpu = 00:00:22 ; elapsed = 00:00:24 . Memory (MB): peak = 3726.949 ; gain = 566.578 ; free physical = 76401 ; free virtual = 212277
---------------------------------------------------------------------------------
---------------------------------------------------------------------------------
Finished RTL Optimization Phase 2 : Time (s): cpu = 00:00:23 ; elapsed = 00:00:26 . Memory (MB): peak = 3726.949 ; gain = 566.578 ; free physical = 75856 ; free virtual = 211739
---------------------------------------------------------------------------------
---------------------------------------------------------------------------------
Start RTL Component Statistics 
---------------------------------------------------------------------------------
Detailed RTL Component Info : 
+---Adders : 
	   2 Input    6 Bit       Adders := 5     
+---Registers : 
	              290 Bit    Registers := 17    
	              260 Bit    Registers := 17    
	               56 Bit    Registers := 34    
	               16 Bit    Registers := 5     
	                6 Bit    Registers := 5     
	                4 Bit    Registers := 15    
	                3 Bit    Registers := 17    
	                1 Bit    Registers := 95    
+---Muxes : 
	   2 Input  290 Bit        Muxes := 1     
	   2 Input  260 Bit        Muxes := 1     
	   2 Input   56 Bit        Muxes := 2     
	   2 Input    3 Bit        Muxes := 1     
	   2 Input    2 Bit        Muxes := 10    
	   4 Input    2 Bit        Muxes := 5     
	   8 Input    2 Bit        Muxes := 5     
	   4 Input    1 Bit        Muxes := 15    
	  10 Input    1 Bit        Muxes := 5     
	   2 Input    1 Bit        Muxes := 5     
	   7 Input    1 Bit        Muxes := 5     
---------------------------------------------------------------------------------
Finished RTL Component Statistics 
---------------------------------------------------------------------------------
---------------------------------------------------------------------------------
Start Part Resource Summary
---------------------------------------------------------------------------------
Part Resources:
DSPs: 9024 (col length:94)
BRAMs: 4032 (col length: RAMB18 288 RAMB36 144)
---------------------------------------------------------------------------------
Finished Part Resource Summary
---------------------------------------------------------------------------------
---------------------------------------------------------------------------------
Start Cross Boundary and Area Optimization
---------------------------------------------------------------------------------
WARNING: [Synth 8-7080] Parallel synthesis criteria is not met
WARNING: [Synth 8-7129] Port aclk2x in module axi_register_slice_v2_1_25_axi_register_slice is either unconnected or has no load
WARNING: [Synth 8-7129] Port s_axi_awregion[3] in module axi_register_slice_v2_1_25_axi_register_slice is either unconnected or has no load
WARNING: [Synth 8-7129] Port s_axi_awregion[2] in module axi_register_slice_v2_1_25_axi_register_slice is either unconnected or has no load
WARNING: [Synth 8-7129] Port s_axi_awregion[1] in module axi_register_slice_v2_1_25_axi_register_slice is either unconnected or has no load
WARNING: [Synth 8-7129] Port s_axi_awregion[0] in module axi_register_slice_v2_1_25_axi_register_slice is either unconnected or has no load
WARNING: [Synth 8-7129] Port s_axi_awuser[0] in module axi_register_slice_v2_1_25_axi_register_slice is either unconnected or has no load
WARNING: [Synth 8-7129] Port s_axi_wuser[0] in module axi_register_slice_v2_1_25_axi_register_slice is either unconnected or has no load
WARNING: [Synth 8-7129] Port s_axi_arregion[3] in module axi_register_slice_v2_1_25_axi_register_slice is either unconnected or has no load
WARNING: [Synth 8-7129] Port s_axi_arregion[2] in module axi_register_slice_v2_1_25_axi_register_slice is either unconnected or has no load
WARNING: [Synth 8-7129] Port s_axi_arregion[1] in module axi_register_slice_v2_1_25_axi_register_slice is either unconnected or has no load
WARNING: [Synth 8-7129] Port s_axi_arregion[0] in module axi_register_slice_v2_1_25_axi_register_slice is either unconnected or has no load
WARNING: [Synth 8-7129] Port s_axi_aruser[0] in module axi_register_slice_v2_1_25_axi_register_slice is either unconnected or has no load
WARNING: [Synth 8-7129] Port m_axi_buser[0] in module axi_register_slice_v2_1_25_axi_register_slice is either unconnected or has no load
WARNING: [Synth 8-7129] Port m_axi_ruser[0] in module axi_register_slice_v2_1_25_axi_register_slice is either unconnected or has no load
INFO: [Synth 8-3332] Sequential element (aw15.aw_multi/triple_slr.fwd.slr_master/common.pipe[4].payload_valid_asyncclear_inst) is unused and will be removed from module axi_register_slice_v2_1_25_axi_register_slice.
INFO: [Synth 8-3332] Sequential element (aw15.aw_multi/triple_slr.fwd.slr_middle/common.pipe[0].payload_valid_asyncclear_inst) is unused and will be removed from module axi_register_slice_v2_1_25_axi_register_slice.
INFO: [Synth 8-3332] Sequential element (aw15.aw_multi/triple_slr.fwd.slr_middle/common.pipe[5].payload_valid_asyncclear_inst) is unused and will be removed from module axi_register_slice_v2_1_25_axi_register_slice.
INFO: [Synth 8-3332] Sequential element (aw15.aw_multi/triple_slr.fwd.slr_slave/common.pipe[0].payload_valid_asyncclear_inst) is unused and will be removed from module axi_register_slice_v2_1_25_axi_register_slice.
INFO: [Synth 8-3332] Sequential element (w15.w_multi/triple_slr.fwd.slr_master/common.pipe[4].payload_valid_asyncclear_inst) is unused and will be removed from module axi_register_slice_v2_1_25_axi_register_slice.
INFO: [Synth 8-3332] Sequential element (w15.w_multi/triple_slr.fwd.slr_middle/common.pipe[0].payload_valid_asyncclear_inst) is unused and will be removed from module axi_register_slice_v2_1_25_axi_register_slice.
INFO: [Synth 8-3332] Sequential element (w15.w_multi/triple_slr.fwd.slr_middle/common.pipe[5].payload_valid_asyncclear_inst) is unused and will be removed from module axi_register_slice_v2_1_25_axi_register_slice.
INFO: [Synth 8-3332] Sequential element (w15.w_multi/triple_slr.fwd.slr_slave/common.pipe[0].payload_valid_asyncclear_inst) is unused and will be removed from module axi_register_slice_v2_1_25_axi_register_slice.
INFO: [Synth 8-3332] Sequential element (b15.b_multi/triple_slr.resp.slr_slave/common.pipe[4].payload_valid_asyncclear_inst) is unused and will be removed from module axi_register_slice_v2_1_25_axi_register_slice.
INFO: [Synth 8-3332] Sequential element (b15.b_multi/triple_slr.resp.slr_middle/common.pipe[0].payload_valid_asyncclear_inst) is unused and will be removed from module axi_register_slice_v2_1_25_axi_register_slice.
INFO: [Synth 8-3332] Sequential element (b15.b_multi/triple_slr.resp.slr_middle/common.pipe[5].payload_valid_asyncclear_inst) is unused and will be removed from module axi_register_slice_v2_1_25_axi_register_slice.
INFO: [Synth 8-3332] Sequential element (b15.b_multi/triple_slr.resp.slr_master/common.pipe[0].payload_valid_asyncclear_inst) is unused and will be removed from module axi_register_slice_v2_1_25_axi_register_slice.
INFO: [Synth 8-3332] Sequential element (ar15.ar_multi/triple_slr.fwd.slr_master/common.pipe[4].payload_valid_asyncclear_inst) is unused and will be removed from module axi_register_slice_v2_1_25_axi_register_slice.
INFO: [Synth 8-3332] Sequential element (ar15.ar_multi/triple_slr.fwd.slr_middle/common.pipe[0].payload_valid_asyncclear_inst) is unused and will be removed from module axi_register_slice_v2_1_25_axi_register_slice.
INFO: [Synth 8-3332] Sequential element (ar15.ar_multi/triple_slr.fwd.slr_middle/common.pipe[5].payload_valid_asyncclear_inst) is unused and will be removed from module axi_register_slice_v2_1_25_axi_register_slice.
INFO: [Synth 8-3332] Sequential element (ar15.ar_multi/triple_slr.fwd.slr_slave/common.pipe[0].payload_valid_asyncclear_inst) is unused and will be removed from module axi_register_slice_v2_1_25_axi_register_slice.
INFO: [Synth 8-3332] Sequential element (r15.r_multi/triple_slr.resp.slr_slave/common.pipe[4].payload_valid_asyncclear_inst) is unused and will be removed from module axi_register_slice_v2_1_25_axi_register_slice.
INFO: [Synth 8-3332] Sequential element (r15.r_multi/triple_slr.resp.slr_middle/common.pipe[0].payload_valid_asyncclear_inst) is unused and will be removed from module axi_register_slice_v2_1_25_axi_register_slice.
INFO: [Synth 8-3332] Sequential element (r15.r_multi/triple_slr.resp.slr_middle/common.pipe[5].payload_valid_asyncclear_inst) is unused and will be removed from module axi_register_slice_v2_1_25_axi_register_slice.
INFO: [Synth 8-3332] Sequential element (r15.r_multi/triple_slr.resp.slr_master/common.pipe[0].payload_valid_asyncclear_inst) is unused and will be removed from module axi_register_slice_v2_1_25_axi_register_slice.
---------------------------------------------------------------------------------
Finished Cross Boundary and Area Optimization : Time (s): cpu = 00:00:27 ; elapsed = 00:00:30 . Memory (MB): peak = 3726.949 ; gain = 566.578 ; free physical = 74565 ; free virtual = 210449
---------------------------------------------------------------------------------
---------------------------------------------------------------------------------
Start Applying XDC Timing Constraints
---------------------------------------------------------------------------------
---------------------------------------------------------------------------------
Finished Applying XDC Timing Constraints : Time (s): cpu = 00:00:36 ; elapsed = 00:00:40 . Memory (MB): peak = 3976.457 ; gain = 816.086 ; free physical = 80886 ; free virtual = 216816
---------------------------------------------------------------------------------
---------------------------------------------------------------------------------
Start Timing Optimization
---------------------------------------------------------------------------------
WARNING: [Synth 8-6779] Delay data for wire-load model not found, using default value
WARNING: [Synth 8-6779] Delay data for wire-load model not found, using default value
WARNING: [Synth 8-6779] Delay data for wire-load model not found, using default value
WARNING: [Synth 8-6779] Delay data for wire-load model not found, using default value
---------------------------------------------------------------------------------
Finished Timing Optimization : Time (s): cpu = 00:00:39 ; elapsed = 00:00:43 . Memory (MB): peak = 4059.676 ; gain = 899.305 ; free physical = 87748 ; free virtual = 223667
---------------------------------------------------------------------------------
---------------------------------------------------------------------------------
Start Technology Mapping
---------------------------------------------------------------------------------
WARNING: [Synth 8-6779] Delay data for wire-load model not found, using default value
WARNING: [Synth 8-6779] Delay data for wire-load model not found, using default value
WARNING: [Synth 8-6779] Delay data for wire-load model not found, using default value
---------------------------------------------------------------------------------
Finished Technology Mapping : Time (s): cpu = 00:00:43 ; elapsed = 00:00:52 . Memory (MB): peak = 4067.684 ; gain = 907.312 ; free physical = 86659 ; free virtual = 222601
---------------------------------------------------------------------------------
---------------------------------------------------------------------------------
Start IO Insertion
---------------------------------------------------------------------------------
---------------------------------------------------------------------------------
Start Flattening Before IO Insertion
---------------------------------------------------------------------------------
---------------------------------------------------------------------------------
Finished Flattening Before IO Insertion
---------------------------------------------------------------------------------
---------------------------------------------------------------------------------
Start Final Netlist Cleanup
---------------------------------------------------------------------------------
---------------------------------------------------------------------------------
Finished Final Netlist Cleanup
---------------------------------------------------------------------------------
---------------------------------------------------------------------------------
Finished IO Insertion : Time (s): cpu = 00:00:47 ; elapsed = 00:00:59 . Memory (MB): peak = 4067.684 ; gain = 907.312 ; free physical = 88264 ; free virtual = 224209
---------------------------------------------------------------------------------
---------------------------------------------------------------------------------
Start Renaming Generated Instances
---------------------------------------------------------------------------------
---------------------------------------------------------------------------------
Finished Renaming Generated Instances : Time (s): cpu = 00:00:48 ; elapsed = 00:00:59 . Memory (MB): peak = 4067.684 ; gain = 907.312 ; free physical = 88259 ; free virtual = 224204
---------------------------------------------------------------------------------
WARNING: [Synth 8-6779] Delay data for wire-load model not found, using default value
WARNING: [Synth 8-6779] Delay data for wire-load model not found, using default value
WARNING: [Synth 8-6779] Delay data for wire-load model not found, using default value
WARNING: [Synth 8-6779] Delay data for wire-load model not found, using default value
---------------------------------------------------------------------------------
Start Rebuilding User Hierarchy
---------------------------------------------------------------------------------
---------------------------------------------------------------------------------
Finished Rebuilding User Hierarchy : Time (s): cpu = 00:00:48 ; elapsed = 00:01:01 . Memory (MB): peak = 4067.684 ; gain = 907.312 ; free physical = 86570 ; free virtual = 222519
---------------------------------------------------------------------------------
---------------------------------------------------------------------------------
Start Renaming Generated Ports
---------------------------------------------------------------------------------
---------------------------------------------------------------------------------
Finished Renaming Generated Ports : Time (s): cpu = 00:00:49 ; elapsed = 00:01:01 . Memory (MB): peak = 4067.684 ; gain = 907.312 ; free physical = 86564 ; free virtual = 222513
---------------------------------------------------------------------------------
---------------------------------------------------------------------------------
Start Handling Custom Attributes
---------------------------------------------------------------------------------
---------------------------------------------------------------------------------
Finished Handling Custom Attributes : Time (s): cpu = 00:00:49 ; elapsed = 00:01:01 . Memory (MB): peak = 4067.684 ; gain = 907.312 ; free physical = 86704 ; free virtual = 222660
---------------------------------------------------------------------------------
---------------------------------------------------------------------------------
Start Renaming Generated Nets
---------------------------------------------------------------------------------
---------------------------------------------------------------------------------
Finished Renaming Generated Nets : Time (s): cpu = 00:00:49 ; elapsed = 00:01:01 . Memory (MB): peak = 4067.684 ; gain = 907.312 ; free physical = 86444 ; free virtual = 222399
---------------------------------------------------------------------------------
---------------------------------------------------------------------------------
Start ROM, RAM, DSP, Shift Register and Retiming Reporting
---------------------------------------------------------------------------------

Dynamic Shift Register Report:
+------------+---------------+--------+------------+--------+---------+--------+--------+--------+
|Module Name | RTL Name      | Length | Data Width | SRL16E | SRLC32E | Mux F7 | Mux F8 | Mux F9 | 
+------------+---------------+--------+------------+--------+---------+--------+--------+--------+
|dsrl        | shift_reg_reg | 64     | 1          | 0      | 2       | 1      | 0      | 0      | 
+------------+---------------+--------+------------+--------+---------+--------+--------+--------+

---------------------------------------------------------------------------------
Finished ROM, RAM, DSP, Shift Register and Retiming Reporting
---------------------------------------------------------------------------------
---------------------------------------------------------------------------------
Start Writing Synthesis Report
---------------------------------------------------------------------------------

Report BlackBoxes: 
+-+--------------+----------+
| |BlackBox name |Instances |
+-+--------------+----------+
+-+--------------+----------+

Report Cell Usage: 
+------+--------+------+
|      |Cell    |Count |
+------+--------+------+
|1     |LUT1    |    13|
|2     |LUT2    |    15|
|3     |LUT4    |   674|
|4     |LUT5    |    22|
|5     |LUT6    |    52|
|6     |MUXF7   |   665|
|7     |SRLC32E |  1330|
|8     |FDCE    |    95|
|9     |FDRE    | 11460|
|10    |FDSE    |   125|
+------+--------+------+
---------------------------------------------------------------------------------
Finished Writing Synthesis Report : Time (s): cpu = 00:00:49 ; elapsed = 00:01:01 . Memory (MB): peak = 4067.684 ; gain = 907.312 ; free physical = 86282 ; free virtual = 222238
---------------------------------------------------------------------------------
Synthesis finished with 0 errors, 0 critical warnings and 26 warnings.
Synthesis Optimization Runtime : Time (s): cpu = 00:00:37 ; elapsed = 00:00:49 . Memory (MB): peak = 4067.684 ; gain = 712.250 ; free physical = 86011 ; free virtual = 221967
Synthesis Optimization Complete : Time (s): cpu = 00:00:49 ; elapsed = 00:01:01 . Memory (MB): peak = 4067.691 ; gain = 907.312 ; free physical = 85982 ; free virtual = 221938
INFO: [Project 1-571] Translating synthesized netlist
Netlist sorting complete. Time (s): cpu = 00:00:00.16 ; elapsed = 00:00:00.16 . Memory (MB): peak = 4067.691 ; gain = 0.000 ; free physical = 82574 ; free virtual = 218521
INFO: [Netlist 29-17] Analyzing 665 Unisim elements for replacement
INFO: [Netlist 29-28] Unisim Transformation completed in 0 CPU seconds
INFO: [Project 1-570] Preparing netlist for logic optimization
INFO: [Opt 31-138] Pushed 0 inverter(s) to 0 load pin(s).
Netlist sorting complete. Time (s): cpu = 00:00:00 ; elapsed = 00:00:00.01 . Memory (MB): peak = 4110.051 ; gain = 0.000 ; free physical = 82018 ; free virtual = 218131
INFO: [Project 1-111] Unisim Transformation Summary:
No Unisim elements were transformed.

Synth Design complete, checksum: 277235fb
INFO: [Common 17-83] Releasing license: Synthesis
95 Infos, 52 Warnings, 0 Critical Warnings and 0 Errors encountered.
synth_design completed successfully
synth_design: Time (s): cpu = 00:01:07 ; elapsed = 00:01:18 . Memory (MB): peak = 4110.051 ; gain = 1419.039 ; free physical = 82055 ; free virtual = 218170
INFO: [Common 17-600] The following parameters have non-default value.
general.maxThreads
INFO: [Common 17-1381] The checkpoint '/home/xcarril/pqc_codesign/dilithium-update/ML-KEM/decapsulation/xout/hw.2/.temps/link/vivado/vpl/prj/prj.runs/bd_5dca_slice0_3_0_synth_1/bd_5dca_slice0_3_0.dcp' has been generated.
write_checkpoint: Time (s): cpu = 00:00:02 ; elapsed = 00:00:06 . Memory (MB): peak = 4110.051 ; gain = 0.000 ; free physical = 78652 ; free virtual = 214671
INFO: [Coretcl 2-1648] Added synthesis output to IP cache for IP bd_5dca_slice0_3_0, cache-ID = 72b5f33fb148ce98
INFO: [Coretcl 2-1174] Renamed 691 cell refs.
INFO: [Common 17-1381] The checkpoint '/home/xcarril/pqc_codesign/dilithium-update/ML-KEM/decapsulation/xout/hw.2/.temps/link/vivado/vpl/prj/prj.runs/bd_5dca_slice0_3_0_synth_1/bd_5dca_slice0_3_0.dcp' has been generated.
INFO: [runtcl-4] Executing : report_utilization -file bd_5dca_slice0_3_0_utilization_synth.rpt -pb bd_5dca_slice0_3_0_utilization_synth.pb
INFO: [Common 17-206] Exiting Vivado at Fri Sep 15 11:12:38 2023...
