
*** Running vivado
    with args -log pfm_dynamic_axi_vip_ctrl_mgntpf_0.vds -m64 -product Vivado -mode batch -messageDb vivado.pb -notrace -source pfm_dynamic_axi_vip_ctrl_mgntpf_0.tcl


****** Vivado v2021.2 (64-bit)
  **** SW Build 3367213 on Tue Oct 19 02:47:39 MDT 2021
  **** IP Build 3369179 on Thu Oct 21 08:25:16 MDT 2021
    ** Copyright 1986-2021 Xilinx, Inc. All Rights Reserved.

source pfm_dynamic_axi_vip_ctrl_mgntpf_0.tcl -notrace
INFO: Dispatch client connection id - 42801
create_project: Time (s): cpu = 00:00:05 ; elapsed = 00:00:05 . Memory (MB): peak = 2693.980 ; gain = 5.961 ; free physical = 91069 ; free virtual = 227295
INFO: [IP_Flow 19-234] Refreshing IP repositories
INFO: [IP_Flow 19-1700] Loaded user IP repository '/home/xcarril/pqc_codesign/dilithium-update/ML-KEM/decapsulation/xout/hw.2/.temps/link/int/xo/ip_repo/xilinx_com_hls_k_kem_dec_0_0'.
INFO: [IP_Flow 19-1700] Loaded user IP repository '/home/xcarril/pqc_codesign/dilithium-update/ML-KEM/decapsulation/xout/hw.2/.temps/link/vivado/vpl/.local/hw_platform/iprepo'.
INFO: [IP_Flow 19-1700] Loaded user IP repository '/opt/Xilinx/Vitis/2021.2/data/cache/xilinx'.
INFO: [IP_Flow 19-1700] Loaded user IP repository '/home/xcarril/pqc_codesign/dilithium-update/ML-KEM/decapsulation/xout/hw.2/.temps/link/vivado/vpl/.local/hw_platform/ipcache'.
INFO: [IP_Flow 19-1700] Loaded user IP repository '/opt/Xilinx/Vitis/2021.2/data/ip'.
INFO: [IP_Flow 19-2313] Loaded Vivado IP repository '/opt/Xilinx/Vivado/2021.2/data/ip'.
Command: synth_design -top pfm_dynamic_axi_vip_ctrl_mgntpf_0 -part xcu280-fsvh2892-2L-e -mode out_of_context
Starting synth_design
Attempting to get a license for feature 'Synthesis' and/or device 'xcu280'
INFO: [Common 17-349] Got license for feature 'Synthesis' and/or device 'xcu280'
INFO: [Device 21-403] Loading part xcu280-fsvh2892-2L-e
INFO: [Synth 8-7079] Multithreading enabled for synth_design using a maximum of 1 processes.
INFO: [Synth 8-7078] Launching helper process for spawning children vivado processes
INFO: [Synth 8-7075] Helper process launched with PID 1793147
---------------------------------------------------------------------------------
Starting RTL Elaboration : Time (s): cpu = 00:00:04 ; elapsed = 00:00:05 . Memory (MB): peak = 3447.137 ; gain = 285.797 ; free physical = 74839 ; free virtual = 210946
---------------------------------------------------------------------------------
INFO: [Synth 8-6157] synthesizing module 'pfm_dynamic_axi_vip_ctrl_mgntpf_0' [/home/xcarril/pqc_codesign/dilithium-update/ML-KEM/decapsulation/xout/hw.2/.temps/link/vivado/vpl/prj/prj.gen/my_rm/bd/bd/ip/pfm_dynamic_axi_vip_ctrl_mgntpf_0/synth/pfm_dynamic_axi_vip_ctrl_mgntpf_0.sv:58]
INFO: [Synth 8-6157] synthesizing module 'axi_vip_v1_1_11_top' [/home/xcarril/pqc_codesign/dilithium-update/ML-KEM/decapsulation/xout/hw.2/.temps/link/vivado/vpl/prj/prj.gen/my_rm/bd/bd/ipshared/63b7/hdl/axi_vip_v1_1_vlsyn_rfs.sv:61]
INFO: [Synth 8-6155] done synthesizing module 'axi_vip_v1_1_11_top' (1#1) [/home/xcarril/pqc_codesign/dilithium-update/ML-KEM/decapsulation/xout/hw.2/.temps/link/vivado/vpl/prj/prj.gen/my_rm/bd/bd/ipshared/63b7/hdl/axi_vip_v1_1_vlsyn_rfs.sv:61]
INFO: [Synth 8-6155] done synthesizing module 'pfm_dynamic_axi_vip_ctrl_mgntpf_0' (2#1) [/home/xcarril/pqc_codesign/dilithium-update/ML-KEM/decapsulation/xout/hw.2/.temps/link/vivado/vpl/prj/prj.gen/my_rm/bd/bd/ip/pfm_dynamic_axi_vip_ctrl_mgntpf_0/synth/pfm_dynamic_axi_vip_ctrl_mgntpf_0.sv:58]
WARNING: [Synth 8-7129] Port aclk in module axi_vip_v1_1_11_top is either unconnected or has no load
WARNING: [Synth 8-7129] Port aclken in module axi_vip_v1_1_11_top is either unconnected or has no load
WARNING: [Synth 8-7129] Port aresetn in module axi_vip_v1_1_11_top is either unconnected or has no load
---------------------------------------------------------------------------------
Finished RTL Elaboration : Time (s): cpu = 00:00:05 ; elapsed = 00:00:07 . Memory (MB): peak = 3498.074 ; gain = 336.734 ; free physical = 72199 ; free virtual = 208024
---------------------------------------------------------------------------------
---------------------------------------------------------------------------------
Start Handling Custom Attributes
---------------------------------------------------------------------------------
---------------------------------------------------------------------------------
Finished Handling Custom Attributes : Time (s): cpu = 00:00:06 ; elapsed = 00:00:08 . Memory (MB): peak = 3515.887 ; gain = 354.547 ; free physical = 73479 ; free virtual = 209301
---------------------------------------------------------------------------------
---------------------------------------------------------------------------------
Finished RTL Optimization Phase 1 : Time (s): cpu = 00:00:06 ; elapsed = 00:00:08 . Memory (MB): peak = 3515.887 ; gain = 354.547 ; free physical = 73492 ; free virtual = 209314
---------------------------------------------------------------------------------
Netlist sorting complete. Time (s): cpu = 00:00:00 ; elapsed = 00:00:00.01 . Memory (MB): peak = 3515.887 ; gain = 0.000 ; free physical = 73413 ; free virtual = 209235
INFO: [Project 1-570] Preparing netlist for logic optimization

Processing XDC Constraints
Initializing timing engine
Parsing XDC File [/home/xcarril/pqc_codesign/dilithium-update/ML-KEM/decapsulation/xout/hw.2/.temps/link/vivado/vpl/prj/prj.gen/my_rm/bd/bd/ip/pfm_dynamic_axi_vip_ctrl_mgntpf_0/pfm_dynamic_axi_vip_ctrl_mgntpf_0_ooc.xdc] for cell 'inst'
Finished Parsing XDC File [/home/xcarril/pqc_codesign/dilithium-update/ML-KEM/decapsulation/xout/hw.2/.temps/link/vivado/vpl/prj/prj.gen/my_rm/bd/bd/ip/pfm_dynamic_axi_vip_ctrl_mgntpf_0/pfm_dynamic_axi_vip_ctrl_mgntpf_0_ooc.xdc] for cell 'inst'
Parsing XDC File [/home/xcarril/pqc_codesign/dilithium-update/ML-KEM/decapsulation/xout/hw.2/.temps/link/vivado/vpl/prj/prj.runs/pfm_dynamic_axi_vip_ctrl_mgntpf_0_synth_1/dont_touch.xdc]
Finished Parsing XDC File [/home/xcarril/pqc_codesign/dilithium-update/ML-KEM/decapsulation/xout/hw.2/.temps/link/vivado/vpl/prj/prj.runs/pfm_dynamic_axi_vip_ctrl_mgntpf_0_synth_1/dont_touch.xdc]
Completed Processing XDC Constraints

Netlist sorting complete. Time (s): cpu = 00:00:00 ; elapsed = 00:00:00 . Memory (MB): peak = 3560.449 ; gain = 0.000 ; free physical = 75251 ; free virtual = 211053
INFO: [Project 1-111] Unisim Transformation Summary:
No Unisim elements were transformed.

Constraint Validation Runtime : Time (s): cpu = 00:00:00.02 ; elapsed = 00:00:00.03 . Memory (MB): peak = 3560.449 ; gain = 0.000 ; free physical = 75300 ; free virtual = 211103
---------------------------------------------------------------------------------
Finished Constraint Validation : Time (s): cpu = 00:00:17 ; elapsed = 00:00:20 . Memory (MB): peak = 3560.449 ; gain = 399.109 ; free physical = 77399 ; free virtual = 213253
---------------------------------------------------------------------------------
---------------------------------------------------------------------------------
Start Loading Part and Timing Information
---------------------------------------------------------------------------------
Loading part: xcu280-fsvh2892-2L-e
INFO: [Synth 8-6742] Reading net delay rules and data
---------------------------------------------------------------------------------
Finished Loading Part and Timing Information : Time (s): cpu = 00:00:17 ; elapsed = 00:00:20 . Memory (MB): peak = 3560.449 ; gain = 399.109 ; free physical = 77398 ; free virtual = 213252
---------------------------------------------------------------------------------
---------------------------------------------------------------------------------
Start Applying 'set_property' XDC Constraints
---------------------------------------------------------------------------------
Applied set_property KEEP_HIERARCHY = SOFT for inst. (constraint file  /home/xcarril/pqc_codesign/dilithium-update/ML-KEM/decapsulation/xout/hw.2/.temps/link/vivado/vpl/prj/prj.runs/pfm_dynamic_axi_vip_ctrl_mgntpf_0_synth_1/dont_touch.xdc, line 9).
---------------------------------------------------------------------------------
Finished applying 'set_property' XDC Constraints : Time (s): cpu = 00:00:17 ; elapsed = 00:00:20 . Memory (MB): peak = 3560.449 ; gain = 399.109 ; free physical = 77394 ; free virtual = 213248
---------------------------------------------------------------------------------
---------------------------------------------------------------------------------
Finished RTL Optimization Phase 2 : Time (s): cpu = 00:00:17 ; elapsed = 00:00:20 . Memory (MB): peak = 3560.449 ; gain = 399.109 ; free physical = 77366 ; free virtual = 213221
---------------------------------------------------------------------------------
---------------------------------------------------------------------------------
Start RTL Component Statistics 
---------------------------------------------------------------------------------
Detailed RTL Component Info : 
---------------------------------------------------------------------------------
Finished RTL Component Statistics 
---------------------------------------------------------------------------------
---------------------------------------------------------------------------------
Start Part Resource Summary
---------------------------------------------------------------------------------
Part Resources:
DSPs: 9024 (col length:94)
BRAMs: 4032 (col length: RAMB18 288 RAMB36 144)
---------------------------------------------------------------------------------
Finished Part Resource Summary
---------------------------------------------------------------------------------
---------------------------------------------------------------------------------
Start Cross Boundary and Area Optimization
---------------------------------------------------------------------------------
WARNING: [Synth 8-7080] Parallel synthesis criteria is not met
WARNING: [Synth 8-7129] Port aclk in module axi_vip_v1_1_11_top is either unconnected or has no load
WARNING: [Synth 8-7129] Port aclken in module axi_vip_v1_1_11_top is either unconnected or has no load
WARNING: [Synth 8-7129] Port aresetn in module axi_vip_v1_1_11_top is either unconnected or has no load
---------------------------------------------------------------------------------
Finished Cross Boundary and Area Optimization : Time (s): cpu = 00:00:18 ; elapsed = 00:00:22 . Memory (MB): peak = 3560.449 ; gain = 399.109 ; free physical = 77534 ; free virtual = 213408
---------------------------------------------------------------------------------
---------------------------------------------------------------------------------
Start Applying XDC Timing Constraints
---------------------------------------------------------------------------------
---------------------------------------------------------------------------------
Finished Applying XDC Timing Constraints : Time (s): cpu = 00:00:27 ; elapsed = 00:00:31 . Memory (MB): peak = 3923.395 ; gain = 762.055 ; free physical = 74037 ; free virtual = 209942
---------------------------------------------------------------------------------
---------------------------------------------------------------------------------
Start Timing Optimization
---------------------------------------------------------------------------------
---------------------------------------------------------------------------------
Finished Timing Optimization : Time (s): cpu = 00:00:27 ; elapsed = 00:00:31 . Memory (MB): peak = 3923.395 ; gain = 762.055 ; free physical = 74034 ; free virtual = 209939
---------------------------------------------------------------------------------
---------------------------------------------------------------------------------
Start Technology Mapping
---------------------------------------------------------------------------------
---------------------------------------------------------------------------------
Finished Technology Mapping : Time (s): cpu = 00:00:27 ; elapsed = 00:00:31 . Memory (MB): peak = 3942.426 ; gain = 781.086 ; free physical = 74024 ; free virtual = 209930
---------------------------------------------------------------------------------
---------------------------------------------------------------------------------
Start IO Insertion
---------------------------------------------------------------------------------
---------------------------------------------------------------------------------
Start Flattening Before IO Insertion
---------------------------------------------------------------------------------
---------------------------------------------------------------------------------
Finished Flattening Before IO Insertion
---------------------------------------------------------------------------------
---------------------------------------------------------------------------------
Start Final Netlist Cleanup
---------------------------------------------------------------------------------
---------------------------------------------------------------------------------
Finished Final Netlist Cleanup
---------------------------------------------------------------------------------
---------------------------------------------------------------------------------
Finished IO Insertion : Time (s): cpu = 00:00:31 ; elapsed = 00:00:35 . Memory (MB): peak = 3948.363 ; gain = 787.023 ; free physical = 73821 ; free virtual = 209738
---------------------------------------------------------------------------------
---------------------------------------------------------------------------------
Start Renaming Generated Instances
---------------------------------------------------------------------------------
---------------------------------------------------------------------------------
Finished Renaming Generated Instances : Time (s): cpu = 00:00:31 ; elapsed = 00:00:35 . Memory (MB): peak = 3948.363 ; gain = 787.023 ; free physical = 73823 ; free virtual = 209741
---------------------------------------------------------------------------------
---------------------------------------------------------------------------------
Start Rebuilding User Hierarchy
---------------------------------------------------------------------------------
---------------------------------------------------------------------------------
Finished Rebuilding User Hierarchy : Time (s): cpu = 00:00:31 ; elapsed = 00:00:35 . Memory (MB): peak = 3948.363 ; gain = 787.023 ; free physical = 73825 ; free virtual = 209743
---------------------------------------------------------------------------------
---------------------------------------------------------------------------------
Start Renaming Generated Ports
---------------------------------------------------------------------------------
---------------------------------------------------------------------------------
Finished Renaming Generated Ports : Time (s): cpu = 00:00:31 ; elapsed = 00:00:35 . Memory (MB): peak = 3948.363 ; gain = 787.023 ; free physical = 73828 ; free virtual = 209746
---------------------------------------------------------------------------------
---------------------------------------------------------------------------------
Start Handling Custom Attributes
---------------------------------------------------------------------------------
---------------------------------------------------------------------------------
Finished Handling Custom Attributes : Time (s): cpu = 00:00:31 ; elapsed = 00:00:35 . Memory (MB): peak = 3948.363 ; gain = 787.023 ; free physical = 73837 ; free virtual = 209754
---------------------------------------------------------------------------------
---------------------------------------------------------------------------------
Start Renaming Generated Nets
---------------------------------------------------------------------------------
---------------------------------------------------------------------------------
Finished Renaming Generated Nets : Time (s): cpu = 00:00:31 ; elapsed = 00:00:35 . Memory (MB): peak = 3948.363 ; gain = 787.023 ; free physical = 73838 ; free virtual = 209756
---------------------------------------------------------------------------------
---------------------------------------------------------------------------------
Start Writing Synthesis Report
---------------------------------------------------------------------------------

Report BlackBoxes: 
+-+--------------+----------+
| |BlackBox name |Instances |
+-+--------------+----------+
+-+--------------+----------+

Report Cell Usage: 
+-+-----+------+
| |Cell |Count |
+-+-----+------+
+-+-----+------+
---------------------------------------------------------------------------------
Finished Writing Synthesis Report : Time (s): cpu = 00:00:31 ; elapsed = 00:00:35 . Memory (MB): peak = 3948.363 ; gain = 787.023 ; free physical = 73843 ; free virtual = 209761
---------------------------------------------------------------------------------
Synthesis finished with 0 errors, 0 critical warnings and 4 warnings.
Synthesis Optimization Runtime : Time (s): cpu = 00:00:24 ; elapsed = 00:00:28 . Memory (MB): peak = 3948.363 ; gain = 742.461 ; free physical = 73895 ; free virtual = 209813
Synthesis Optimization Complete : Time (s): cpu = 00:00:31 ; elapsed = 00:00:35 . Memory (MB): peak = 3948.371 ; gain = 787.023 ; free physical = 73895 ; free virtual = 209812
INFO: [Project 1-571] Translating synthesized netlist
Netlist sorting complete. Time (s): cpu = 00:00:00 ; elapsed = 00:00:00 . Memory (MB): peak = 3948.371 ; gain = 0.000 ; free physical = 73867 ; free virtual = 209785
INFO: [Project 1-570] Preparing netlist for logic optimization
INFO: [Opt 31-138] Pushed 0 inverter(s) to 0 load pin(s).
Netlist sorting complete. Time (s): cpu = 00:00:00 ; elapsed = 00:00:00 . Memory (MB): peak = 4027.684 ; gain = 0.000 ; free physical = 73903 ; free virtual = 209812
INFO: [Project 1-111] Unisim Transformation Summary:
No Unisim elements were transformed.

Synth Design complete, checksum: 9d854042
INFO: [Common 17-83] Releasing license: Synthesis
24 Infos, 7 Warnings, 0 Critical Warnings and 0 Errors encountered.
synth_design completed successfully
synth_design: Time (s): cpu = 00:00:46 ; elapsed = 00:00:48 . Memory (MB): peak = 4039.652 ; gain = 1345.672 ; free physical = 74062 ; free virtual = 209971
INFO: [Common 17-600] The following parameters have non-default value.
general.maxThreads
INFO: [Common 17-1381] The checkpoint '/home/xcarril/pqc_codesign/dilithium-update/ML-KEM/decapsulation/xout/hw.2/.temps/link/vivado/vpl/prj/prj.runs/pfm_dynamic_axi_vip_ctrl_mgntpf_0_synth_1/pfm_dynamic_axi_vip_ctrl_mgntpf_0.dcp' has been generated.
INFO: [Coretcl 2-1648] Added synthesis output to IP cache for IP pfm_dynamic_axi_vip_ctrl_mgntpf_0, cache-ID = 0497eaa7575ec518
INFO: [Common 17-1381] The checkpoint '/home/xcarril/pqc_codesign/dilithium-update/ML-KEM/decapsulation/xout/hw.2/.temps/link/vivado/vpl/prj/prj.runs/pfm_dynamic_axi_vip_ctrl_mgntpf_0_synth_1/pfm_dynamic_axi_vip_ctrl_mgntpf_0.dcp' has been generated.
INFO: [runtcl-4] Executing : report_utilization -file pfm_dynamic_axi_vip_ctrl_mgntpf_0_utilization_synth.rpt -pb pfm_dynamic_axi_vip_ctrl_mgntpf_0_utilization_synth.pb
INFO: [Common 17-206] Exiting Vivado at Fri Sep 15 11:11:51 2023...
