INFO: [v++ 60-1306] Additional information associated with this v++ compile can be found at:
	Reports: /home/xcarril/pqc_codesign/dilithium-update/ML-DSA/verification/xout/hw.5/.temps/reports/k_verify.hw.5
	Log files: /home/xcarril/pqc_codesign/dilithium-update/ML-DSA/verification/xout/hw.5/.temps/logs/k_verify.hw.5
INFO: [v++ 60-1548] Creating build summary session with primary output /home/xcarril/pqc_codesign/dilithium-update/ML-DSA/verification/xout/hw.5/xobj/k_verify.hw.5.xo.compile_summary, at Fri Sep 15 13:57:55 2023
INFO: [v++ 60-1316] Initiating connection to rulecheck server, at Fri Sep 15 13:57:55 2023
INFO: [v++ 60-1315] Creating rulecheck session with output '/home/xcarril/pqc_codesign/dilithium-update/ML-DSA/verification/xout/hw.5/.temps/reports/k_verify.hw.5/v++_compile_k_verify.hw.5_guidance.html', at Fri Sep 15 13:57:56 2023
INFO: [v++ 60-895]   Target platform: /opt/xilinx/platforms/xilinx_u280_xdma_201920_3/xilinx_u280_xdma_201920_3.xpfm
INFO: [v++ 60-1578]   This platform contains Xilinx Shell Archive '/opt/xilinx/platforms/xilinx_u280_xdma_201920_3/hw/xilinx_u280_xdma_201920_3.xsa'
INFO: [v++ 74-78] Compiler Version string: 2021.2
INFO: [v++ 60-1302] Platform 'xilinx_u280_xdma_201920_3.xpfm' has been explicitly enabled for this release.
INFO: [v++ 60-585] Compiling for hardware target
INFO: [v++ 60-423]   Target device: xilinx_u280_xdma_201920_3
INFO: [v++ 60-242] Creating kernel: 'k_verify'
INFO: [v++ 60-804] Imported HLS script '/home/xcarril/pqc_codesign/dilithium-update/ML-DSA/verification/tcl/k_verify.hw.5.tcl' for kernel 'k_verify'

===>The following messages were generated while  performing high-level synthesis for kernel: k_verify Log file: /home/xcarril/pqc_codesign/dilithium-update/ML-DSA/verification/xout/hw.5/.temps/k_verify.hw.5/k_verify/vitis_hls.log :
INFO: [v++ 204-61] Pipelining loop 'readmem'.
INFO: [v++ 200-1470] Pipelining result : Target II = NA, Final II = 1, Depth = 3, loop 'readmem'
INFO: [v++ 204-61] Pipelining loop 'duplicate'.
INFO: [v++ 200-1470] Pipelining result : Target II = 1, Final II = 1, Depth = 2, loop 'duplicate'
INFO: [v++ 204-61] Pipelining loop 'VITIS_LOOP_307_2'.
INFO: [v++ 200-1470] Pipelining result : Target II = 1, Final II = 1, Depth = 2, loop 'VITIS_LOOP_307_2'
INFO: [v++ 204-61] Pipelining loop 'VITIS_LOOP_311_3'.
INFO: [v++ 200-1470] Pipelining result : Target II = 5, Final II = 5, Depth = 6, loop 'VITIS_LOOP_311_3'
INFO: [v++ 204-61] Pipelining loop 'readmem'.
INFO: [v++ 200-1470] Pipelining result : Target II = NA, Final II = 1, Depth = 3, loop 'readmem'
INFO: [v++ 204-61] Pipelining loop 'VITIS_LOOP_337_2'.
INFO: [v++ 200-1470] Pipelining result : Target II = NA, Final II = 1, Depth = 2, loop 'VITIS_LOOP_337_2'
INFO: [v++ 204-61] Pipelining loop 'VITIS_LOOP_378_3'.
INFO: [v++ 200-1470] Pipelining result : Target II = NA, Final II = 5, Depth = 7, loop 'VITIS_LOOP_378_3'
INFO: [v++ 204-61] Pipelining loop 'VITIS_LOOP_401_4'.
INFO: [v++ 200-1470] Pipelining result : Target II = NA, Final II = 1, Depth = 2, loop 'VITIS_LOOP_401_4'
INFO: [v++ 204-61] Pipelining loop 'VITIS_LOOP_407_6'.
INFO: [v++ 200-1470] Pipelining result : Target II = NA, Final II = 1, Depth = 1, loop 'VITIS_LOOP_407_6'
INFO: [v++ 204-61] Pipelining loop 'VITIS_LOOP_413_7'.
INFO: [v++ 200-1470] Pipelining result : Target II = NA, Final II = 1, Depth = 3, loop 'VITIS_LOOP_413_7'
INFO: [v++ 204-61] Pipelining loop 'VITIS_LOOP_419_8'.
INFO: [v++ 200-1470] Pipelining result : Target II = NA, Final II = 1, Depth = 2, loop 'VITIS_LOOP_419_8'
INFO: [v++ 204-61] Pipelining loop 'VITIS_LOOP_424_9'.
INFO: [v++ 200-1470] Pipelining result : Target II = NA, Final II = 1, Depth = 2, loop 'VITIS_LOOP_424_9'
INFO: [v++ 204-61] Pipelining loop 'duplicate'.
INFO: [v++ 200-1470] Pipelining result : Target II = 1, Final II = 1, Depth = 2, loop 'duplicate'
INFO: [v++ 204-61] Pipelining loop 'duplicate'.
INFO: [v++ 200-1470] Pipelining result : Target II = 1, Final II = 1, Depth = 2, loop 'duplicate'
INFO: [v++ 204-61] Pipelining loop 'VITIS_LOOP_437_1_VITIS_LOOP_441_2'.
INFO: [v++ 200-1470] Pipelining result : Target II = NA, Final II = 1, Depth = 4, loop 'VITIS_LOOP_437_1_VITIS_LOOP_441_2'
INFO: [v++ 204-61] Pipelining loop 'VITIS_LOOP_466_1'.
INFO: [v++ 200-1470] Pipelining result : Target II = 1, Final II = 1, Depth = 2, loop 'VITIS_LOOP_466_1'
INFO: [v++ 204-61] Pipelining loop 'VITIS_LOOP_521_1'.
INFO: [v++ 200-1470] Pipelining result : Target II = 1, Final II = 1, Depth = 2, loop 'VITIS_LOOP_521_1'
INFO: [v++ 204-61] Pipelining loop 'readmem'.
INFO: [v++ 200-1470] Pipelining result : Target II = NA, Final II = 1, Depth = 3, loop 'readmem'
INFO: [v++ 204-61] Pipelining loop 'VITIS_LOOP_655_1'.
INFO: [v++ 200-1470] Pipelining result : Target II = 1, Final II = 1, Depth = 2, loop 'VITIS_LOOP_655_1'
INFO: [v++ 204-61] Pipelining loop 'VITIS_LOOP_659_2'.
INFO: [v++ 200-1470] Pipelining result : Target II = 1, Final II = 1, Depth = 2, loop 'VITIS_LOOP_659_2'
INFO: [v++ 204-61] Pipelining loop 'VITIS_LOOP_687_2'.
INFO: [v++ 200-1470] Pipelining result : Target II = NA, Final II = 1, Depth = 2, loop 'VITIS_LOOP_687_2'
INFO: [v++ 204-61] Pipelining loop 'VITIS_LOOP_697_4'.
INFO: [v++ 200-1470] Pipelining result : Target II = NA, Final II = 3, Depth = 4, loop 'VITIS_LOOP_697_4'
INFO: [v++ 204-61] Pipelining loop 'VITIS_LOOP_751_5'.
INFO: [v++ 200-1470] Pipelining result : Target II = 1, Final II = 1, Depth = 2, loop 'VITIS_LOOP_751_5'
INFO: [v++ 204-61] Pipelining loop 'VITIS_LOOP_764_2'.
INFO: [v++ 200-1470] Pipelining result : Target II = NA, Final II = 1, Depth = 2, loop 'VITIS_LOOP_764_2'
INFO: [v++ 204-61] Pipelining loop 'VITIS_LOOP_767_3_VITIS_LOOP_768_4_VITIS_LOOP_771_5'.
INFO: [v++ 200-1470] Pipelining result : Target II = 1, Final II = 3, Depth = 4, loop 'VITIS_LOOP_767_3_VITIS_LOOP_768_4_VITIS_LOOP_771_5'
INFO: [v++ 204-61] Pipelining loop 'VITIS_LOOP_535_1'.
INFO: [v++ 200-1470] Pipelining result : Target II = 1, Final II = 1, Depth = 2, loop 'VITIS_LOOP_535_1'
INFO: [v++ 204-61] Pipelining loop 'VITIS_LOOP_814_2'.
INFO: [v++ 200-1470] Pipelining result : Target II = 1, Final II = 1, Depth = 4, loop 'VITIS_LOOP_814_2'
INFO: [v++ 204-61] Pipelining loop 'stream_split'.
INFO: [v++ 200-1470] Pipelining result : Target II = NA, Final II = 1, Depth = 3, loop 'stream_split'
INFO: [v++ 204-61] Pipelining loop 'VITIS_LOOP_942_1'.
INFO: [v++ 200-1470] Pipelining result : Target II = NA, Final II = 2, Depth = 13, loop 'VITIS_LOOP_942_1'
INFO: [v++ 204-61] Pipelining loop 'VITIS_LOOP_942_1'.
INFO: [v++ 200-1470] Pipelining result : Target II = NA, Final II = 2, Depth = 13, loop 'VITIS_LOOP_942_1'
INFO: [v++ 204-61] Pipelining loop 'VITIS_LOOP_942_1'.
INFO: [v++ 200-1470] Pipelining result : Target II = NA, Final II = 2, Depth = 13, loop 'VITIS_LOOP_942_1'
INFO: [v++ 204-61] Pipelining loop 'VITIS_LOOP_942_1'.
INFO: [v++ 200-1470] Pipelining result : Target II = NA, Final II = 2, Depth = 13, loop 'VITIS_LOOP_942_1'
INFO: [v++ 204-61] Pipelining loop 'VITIS_LOOP_942_1'.
INFO: [v++ 200-1470] Pipelining result : Target II = NA, Final II = 2, Depth = 13, loop 'VITIS_LOOP_942_1'
INFO: [v++ 204-61] Pipelining loop 'VITIS_LOOP_942_1'.
INFO: [v++ 200-1470] Pipelining result : Target II = NA, Final II = 2, Depth = 13, loop 'VITIS_LOOP_942_1'
INFO: [v++ 204-61] Pipelining loop 'VITIS_LOOP_942_1'.
INFO: [v++ 200-1470] Pipelining result : Target II = NA, Final II = 2, Depth = 13, loop 'VITIS_LOOP_942_1'
INFO: [v++ 204-61] Pipelining loop 'VITIS_LOOP_942_1'.
INFO: [v++ 200-1470] Pipelining result : Target II = NA, Final II = 2, Depth = 13, loop 'VITIS_LOOP_942_1'
INFO: [v++ 204-61] Pipelining loop 'merge'.
INFO: [v++ 200-1470] Pipelining result : Target II = NA, Final II = 1, Depth = 4, loop 'merge'
INFO: [v++ 204-61] Pipelining loop 'VITIS_LOOP_1112_2'.
INFO: [v++ 200-1470] Pipelining result : Target II = 1, Final II = 1, Depth = 2, loop 'VITIS_LOOP_1112_2'
INFO: [v++ 204-61] Pipelining loop 'VITIS_LOOP_1117_3_VITIS_LOOP_1118_4'.
INFO: [v++ 200-1470] Pipelining result : Target II = 1, Final II = 1, Depth = 2, loop 'VITIS_LOOP_1117_3_VITIS_LOOP_1118_4'
INFO: [v++ 204-61] Pipelining loop 'VITIS_LOOP_1149_1'.
INFO: [v++ 200-1470] Pipelining result : Target II = NA, Final II = 1, Depth = 9, loop 'VITIS_LOOP_1149_1'
INFO: [v++ 204-61] Pipelining loop 'VITIS_LOOP_1158_1_VITIS_LOOP_1160_2_VITIS_LOOP_1161_3'.
INFO: [v++ 200-1470] Pipelining result : Target II = 1, Final II = 1, Depth = 4, loop 'VITIS_LOOP_1158_1_VITIS_LOOP_1160_2_VITIS_LOOP_1161_3'
INFO: [v++ 204-61] Pipelining loop 'stream_split'.
INFO: [v++ 200-1470] Pipelining result : Target II = NA, Final II = 1, Depth = 3, loop 'stream_split'
INFO: [v++ 204-61] Pipelining loop 'VITIS_LOOP_942_1'.
INFO: [v++ 200-1470] Pipelining result : Target II = NA, Final II = 2, Depth = 13, loop 'VITIS_LOOP_942_1'
INFO: [v++ 204-61] Pipelining loop 'VITIS_LOOP_942_1'.
INFO: [v++ 200-1470] Pipelining result : Target II = NA, Final II = 2, Depth = 13, loop 'VITIS_LOOP_942_1'
INFO: [v++ 204-61] Pipelining loop 'VITIS_LOOP_942_1'.
INFO: [v++ 200-1470] Pipelining result : Target II = NA, Final II = 2, Depth = 13, loop 'VITIS_LOOP_942_1'
INFO: [v++ 204-61] Pipelining loop 'VITIS_LOOP_942_1'.
INFO: [v++ 200-1470] Pipelining result : Target II = NA, Final II = 2, Depth = 13, loop 'VITIS_LOOP_942_1'
INFO: [v++ 204-61] Pipelining loop 'VITIS_LOOP_942_1'.
INFO: [v++ 200-1470] Pipelining result : Target II = NA, Final II = 2, Depth = 13, loop 'VITIS_LOOP_942_1'
INFO: [v++ 204-61] Pipelining loop 'VITIS_LOOP_942_1'.
INFO: [v++ 200-1470] Pipelining result : Target II = NA, Final II = 2, Depth = 13, loop 'VITIS_LOOP_942_1'
INFO: [v++ 204-61] Pipelining loop 'VITIS_LOOP_942_1'.
INFO: [v++ 200-1470] Pipelining result : Target II = NA, Final II = 2, Depth = 13, loop 'VITIS_LOOP_942_1'
INFO: [v++ 204-61] Pipelining loop 'VITIS_LOOP_942_1'.
INFO: [v++ 200-1470] Pipelining result : Target II = NA, Final II = 2, Depth = 13, loop 'VITIS_LOOP_942_1'
INFO: [v++ 204-61] Pipelining loop 'merge'.
INFO: [v++ 200-1470] Pipelining result : Target II = NA, Final II = 1, Depth = 4, loop 'merge'
INFO: [v++ 204-61] Pipelining loop 'VITIS_LOOP_1181_1'.
INFO: [v++ 200-1470] Pipelining result : Target II = 1, Final II = 1, Depth = 2, loop 'VITIS_LOOP_1181_1'
INFO: [v++ 204-61] Pipelining loop 'stream_split'.
INFO: [v++ 200-1470] Pipelining result : Target II = NA, Final II = 1, Depth = 3, loop 'stream_split'
INFO: [v++ 204-61] Pipelining loop 'VITIS_LOOP_942_1'.
INFO: [v++ 200-1470] Pipelining result : Target II = NA, Final II = 2, Depth = 13, loop 'VITIS_LOOP_942_1'
INFO: [v++ 204-61] Pipelining loop 'VITIS_LOOP_942_1'.
INFO: [v++ 200-1470] Pipelining result : Target II = NA, Final II = 2, Depth = 13, loop 'VITIS_LOOP_942_1'
INFO: [v++ 204-61] Pipelining loop 'VITIS_LOOP_942_1'.
INFO: [v++ 200-1470] Pipelining result : Target II = NA, Final II = 2, Depth = 13, loop 'VITIS_LOOP_942_1'
INFO: [v++ 204-61] Pipelining loop 'VITIS_LOOP_942_1'.
INFO: [v++ 200-1470] Pipelining result : Target II = NA, Final II = 2, Depth = 13, loop 'VITIS_LOOP_942_1'
INFO: [v++ 204-61] Pipelining loop 'VITIS_LOOP_942_1'.
INFO: [v++ 200-1470] Pipelining result : Target II = NA, Final II = 2, Depth = 13, loop 'VITIS_LOOP_942_1'
INFO: [v++ 204-61] Pipelining loop 'VITIS_LOOP_942_1'.
INFO: [v++ 200-1470] Pipelining result : Target II = NA, Final II = 2, Depth = 13, loop 'VITIS_LOOP_942_1'
INFO: [v++ 204-61] Pipelining loop 'VITIS_LOOP_942_1'.
INFO: [v++ 200-1470] Pipelining result : Target II = NA, Final II = 2, Depth = 13, loop 'VITIS_LOOP_942_1'
INFO: [v++ 204-61] Pipelining loop 'VITIS_LOOP_942_1'.
INFO: [v++ 200-1470] Pipelining result : Target II = NA, Final II = 2, Depth = 13, loop 'VITIS_LOOP_942_1'
INFO: [v++ 204-61] Pipelining loop 'merge'.
INFO: [v++ 200-1470] Pipelining result : Target II = NA, Final II = 1, Depth = 4, loop 'merge'
INFO: [v++ 204-61] Pipelining loop 'VITIS_LOOP_1132_2'.
INFO: [v++ 200-1470] Pipelining result : Target II = 1, Final II = 1, Depth = 2, loop 'VITIS_LOOP_1132_2'
INFO: [v++ 204-61] Pipelining loop 'VITIS_LOOP_1137_3_VITIS_LOOP_1138_4'.
INFO: [v++ 200-1470] Pipelining result : Target II = 1, Final II = 1, Depth = 2, loop 'VITIS_LOOP_1137_3_VITIS_LOOP_1138_4'
INFO: [v++ 204-61] Pipelining loop 'VITIS_LOOP_1149_1'.
INFO: [v++ 200-1470] Pipelining result : Target II = NA, Final II = 1, Depth = 9, loop 'VITIS_LOOP_1149_1'
INFO: [v++ 204-61] Pipelining loop 'VITIS_LOOP_1192_1'.
INFO: [v++ 200-1470] Pipelining result : Target II = 1, Final II = 1, Depth = 3, loop 'VITIS_LOOP_1192_1'
INFO: [v++ 204-61] Pipelining loop 'VITIS_LOOP_1212_1'.
INFO: [v++ 200-1470] Pipelining result : Target II = 1, Final II = 1, Depth = 6, loop 'VITIS_LOOP_1212_1'
INFO: [v++ 204-61] Pipelining loop 'stream_split'.
INFO: [v++ 200-1470] Pipelining result : Target II = NA, Final II = 1, Depth = 3, loop 'stream_split'
INFO: [v++ 204-61] Pipelining loop 'invntt_layer'.
INFO: [v++ 200-1470] Pipelining result : Target II = NA, Final II = 2, Depth = 12, loop 'invntt_layer'
INFO: [v++ 204-61] Pipelining loop 'invntt_layer'.
INFO: [v++ 200-1470] Pipelining result : Target II = NA, Final II = 2, Depth = 12, loop 'invntt_layer'
INFO: [v++ 204-61] Pipelining loop 'invntt_layer'.
INFO: [v++ 200-1470] Pipelining result : Target II = NA, Final II = 2, Depth = 12, loop 'invntt_layer'
INFO: [v++ 204-61] Pipelining loop 'invntt_layer'.
INFO: [v++ 200-1470] Pipelining result : Target II = NA, Final II = 2, Depth = 12, loop 'invntt_layer'
INFO: [v++ 204-61] Pipelining loop 'invntt_layer'.
INFO: [v++ 200-1470] Pipelining result : Target II = NA, Final II = 2, Depth = 12, loop 'invntt_layer'
INFO: [v++ 204-61] Pipelining loop 'invntt_layer'.
INFO: [v++ 200-1470] Pipelining result : Target II = NA, Final II = 2, Depth = 12, loop 'invntt_layer'
INFO: [v++ 204-61] Pipelining loop 'invntt_layer'.
INFO: [v++ 200-1470] Pipelining result : Target II = NA, Final II = 2, Depth = 12, loop 'invntt_layer'
INFO: [v++ 204-61] Pipelining loop 'invntt_layer'.
INFO: [v++ 200-1470] Pipelining result : Target II = NA, Final II = 2, Depth = 12, loop 'invntt_layer'
INFO: [v++ 204-61] Pipelining loop 'merge'.
INFO: [v++ 200-1470] Pipelining result : Target II = NA, Final II = 1, Depth = 4, loop 'merge'
INFO: [v++ 204-61] Pipelining loop 'VITIS_LOOP_1201_1'.
INFO: [v++ 200-1470] Pipelining result : Target II = 1, Final II = 1, Depth = 9, loop 'VITIS_LOOP_1201_1'
INFO: [v++ 204-61] Pipelining loop 'VITIS_LOOP_1227_1'.
INFO: [v++ 200-1470] Pipelining result : Target II = 1, Final II = 1, Depth = 3, loop 'VITIS_LOOP_1227_1'
INFO: [v++ 204-61] Pipelining loop 'VITIS_LOOP_1256_1'.
INFO: [v++ 200-1470] Pipelining result : Target II = 1, Final II = 1, Depth = 6, loop 'VITIS_LOOP_1256_1'
INFO: [v++ 204-61] Pipelining loop 'VITIS_LOOP_1290_1_VITIS_LOOP_1309_2'.
INFO: [v++ 200-1470] Pipelining result : Target II = NA, Final II = 2, Depth = 5, loop 'VITIS_LOOP_1290_1_VITIS_LOOP_1309_2'
INFO: [v++ 204-61] Pipelining loop 'VITIS_LOOP_655_1'.
INFO: [v++ 200-1470] Pipelining result : Target II = 1, Final II = 1, Depth = 2, loop 'VITIS_LOOP_655_1'
INFO: [v++ 204-61] Pipelining loop 'VITIS_LOOP_659_2'.
INFO: [v++ 200-1470] Pipelining result : Target II = 1, Final II = 1, Depth = 2, loop 'VITIS_LOOP_659_2'
INFO: [v++ 204-61] Pipelining loop 'writemem'.
INFO: [v++ 200-1470] Pipelining result : Target II = NA, Final II = 1, Depth = 3, loop 'writemem'
INFO: [v++ 200-790] **** Loop Constraint Status: All loop constraints were NOT satisfied.
INFO: [v++ 200-789] **** Estimated Fmax: 286.00 MHz
INFO: [v++ 60-594] Finished kernel compilation
INFO: [v++ 60-244] Generating system estimate report...
INFO: [v++ 60-1092] Generated system estimate report: /home/xcarril/pqc_codesign/dilithium-update/ML-DSA/verification/xout/hw.5/.temps/reports/k_verify.hw.5/system_estimate_k_verify.hw.5.xtxt
INFO: [v++ 60-586] Created xout/hw.5/xobj/k_verify.hw.5.xo
INFO: [v++ 60-2343] Use the vitis_analyzer tool to visualize and navigate the relevant reports. Run the following command. 
    vitis_analyzer /home/xcarril/pqc_codesign/dilithium-update/ML-DSA/verification/xout/hw.5/xobj/k_verify.hw.5.xo.compile_summary 
INFO: [v++ 60-791] Total elapsed time: 0h 5m 25s
