Copyright 1986-2021 Xilinx, Inc. All Rights Reserved.
------------------------------------------------------------------------------------------
| Tool Version : Vivado v.2021.2 (lin64) Build 3367213 Tue Oct 19 02:47:39 MDT 2021
| Date         : Fri Sep 15 16:06:20 2023
| Host         : picu running 64-bit Ubuntu 20.04.1 LTS
| Command      : report_utilization -slr -file slr_util_routed.rpt -pb slr_util_routed.pb
| Design       : pfm_top_wrapper
| Device       : xcu280-fsvh2892-2L-e
| Speed File   : -2L
| Design State : Routed
------------------------------------------------------------------------------------------

Utilization Design Information

Table of Contents
-----------------
1. SLR Connectivity
2. SLR Connectivity Matrix
3. SLR CLB Logic and Dedicated Block Utilization
4. SLR IO Utilization

1. SLR Connectivity
-------------------

+----------------------------------+------+-------+-----------+-------+
|                                  | Used | Fixed | Available | Util% |
+----------------------------------+------+-------+-----------+-------+
| SLR2 <-> SLR1                    | 3960 |       |     23040 | 17.19 |
|   SLR1 -> SLR2                   | 2082 |       |           |  9.04 |
|     Using TX_REG only            |  267 |     1 |           |       |
|     Using RX_REG only            |  284 |    18 |           |       |
|     Using Both TX_REG and RX_REG |  267 |     1 |           |       |
|   SLR2 -> SLR1                   | 1878 |       |           |  8.15 |
|     Using TX_REG only            |  407 |     0 |           |       |
|     Using RX_REG only            |  412 |     4 |           |       |
|     Using Both TX_REG and RX_REG |  407 |     0 |           |       |
| SLR1 <-> SLR0                    | 2530 |       |     23040 | 10.98 |
|   SLR0 -> SLR1                   | 1135 |       |           |  4.93 |
|     Using TX_REG only            |  371 |    71 |           |       |
|     Using RX_REG only            |  361 |    61 |           |       |
|     Using Both TX_REG and RX_REG |  355 |    55 |           |       |
|   SLR1 -> SLR0                   | 1395 |       |           |  6.05 |
|     Using TX_REG only            |  441 |    62 |           |       |
|     Using RX_REG only            |  449 |    71 |           |       |
|     Using Both TX_REG and RX_REG |  437 |    60 |           |       |
+----------------------------------+------+-------+-----------+-------+
| Total SLLs Used                  | 6490 |       |           |       |
+----------------------------------+------+-------+-----------+-------+


2. SLR Connectivity Matrix
--------------------------

+-----------+------+------+------+
| FROM \ TO | SLR2 | SLR1 | SLR0 |
+-----------+------+------+------+
| SLR2      |    0 | 1684 |  194 |
| SLR1      | 1952 |    0 | 1201 |
| SLR0      |  130 | 1005 |    0 |
+-----------+------+------+------+


3. SLR CLB Logic and Dedicated Block Utilization
------------------------------------------------

+----------------------------+--------+-------+-------+--------+--------+--------+
|          Site Type         |  SLR0  |  SLR1 |  SLR2 | SLR0 % | SLR1 % | SLR2 % |
+----------------------------+--------+-------+-------+--------+--------+--------+
| CLB                        |  22235 |  6919 |  8018 |  40.46 |  12.81 |  14.85 |
|   CLBL                     |  11501 |  3471 |  4181 |  39.28 |  11.85 |  14.28 |
|   CLBM                     |  10734 |  3448 |  3837 |  41.80 |  13.95 |  15.52 |
| CLB LUTs                   | 103316 | 47613 | 35340 |  23.50 |  11.02 |   8.18 |
|   LUT as Logic             |  85623 | 43641 | 32302 |  19.47 |  10.10 |   7.48 |
|     using O5 output only   |    938 |   284 |  1008 |   0.21 |   0.07 |   0.23 |
|     using O6 output only   |  63167 | 34241 | 19491 |  14.37 |   7.93 |   4.51 |
|     using O5 and O6        |  21518 |  9116 | 11803 |   4.89 |   2.11 |   2.73 |
|   LUT as Memory            |  17693 |  3972 |  3038 |   8.61 |   2.01 |   1.54 |
|     LUT as Distributed RAM |  12872 |  3837 |  1660 |   6.27 |   1.94 |   0.84 |
|       using O5 output only |      0 |     0 |     0 |   0.00 |   0.00 |   0.00 |
|       using O6 output only |  11008 |   215 |    84 |   5.36 |   0.11 |   0.04 |
|       using O5 and O6      |   1864 |  3622 |  1576 |   0.91 |   1.83 |   0.80 |
|     LUT as Shift Register  |   4821 |   135 |  1378 |   2.35 |   0.07 |   0.70 |
|       using O5 output only |      0 |     0 |     0 |   0.00 |   0.00 |   0.00 |
|       using O6 output only |   2469 |   135 |  1248 |   1.20 |   0.07 |   0.63 |
|       using O5 and O6      |   2352 |     0 |   130 |   1.14 |   0.00 |   0.07 |
| CLB Registers              | 134696 | 46347 | 60716 |  15.32 |   5.36 |   7.03 |
| CARRY8                     |   2288 |   473 |   313 |   4.16 |   0.88 |   0.58 |
| F7 Muxes                   |   3114 |   651 |  1054 |   1.42 |   0.30 |   0.49 |
| F8 Muxes                   |    586 |   141 |    47 |   0.53 |   0.13 |   0.04 |
| F9 Muxes                   |      0 |     0 |     0 |   0.00 |   0.00 |   0.00 |
| Block RAM Tile             |  190.5 |  80.5 |    94 |  28.35 |  11.98 |  13.99 |
|   RAMB36/FIFO              |    160 |    80 |    92 |  23.81 |  11.90 |  13.69 |
|     RAMB36E2 only          |    160 |    80 |    92 |  23.81 |  11.90 |  13.69 |
|   RAMB18                   |     61 |     1 |     4 |   4.54 |   0.07 |   0.30 |
|     RAMB18E2 only          |     61 |     1 |     4 |   4.54 |   0.07 |   0.30 |
| URAM                       |      0 |     0 |     0 |   0.00 |   0.00 |   0.00 |
| DSPs                       |    220 |     0 |     4 |   7.64 |   0.00 |   0.13 |
| Unique Control Sets        |   3679 |  1501 |  2722 |   3.35 |   1.39 |   2.52 |
+----------------------------+--------+-------+-------+--------+--------+--------+
* Note: Available Control Sets based on CLB Registers / 8


4. SLR IO Utilization
---------------------

+-----------+-----------+---------+------------+----------+------------+----------+-----+
| SLR Index | Used IOBs | (%)IOBs | Used IPADs | (%)IPADs | Used OPADs | (%)OPADs | GTs |
+-----------+-----------+---------+------------+----------+------------+----------+-----+
| SLR2      |        18 |    8.65 |          0 |     0.00 |          0 |     0.00 |   0 |
| SLR1      |         0 |    0.00 |          0 |     0.00 |          0 |     0.00 |   0 |
| SLR0      |         1 |    0.48 |          0 |     0.00 |          0 |     0.00 |  16 |
+-----------+-----------+---------+------------+----------+------------+----------+-----+
| Total     |        19 |         |          0 |          |          0 |          |  16 |
+-----------+-----------+---------+------------+----------+------------+----------+-----+


