Copyright 1986-2021 Xilinx, Inc. All Rights Reserved.
------------------------------------------------------------------------------------------
| Tool Version : Vivado v.2021.2 (lin64) Build 3367213 Tue Oct 19 02:47:39 MDT 2021
| Date         : Mon Nov 21 18:40:00 2022
| Host         : nanu running 64-bit Ubuntu 20.04.1 LTS
| Command      : report_utilization -slr -file slr_util_routed.rpt -pb slr_util_routed.pb
| Design       : pfm_top_wrapper
| Device       : xcu280-fsvh2892-2L-e
| Speed File   : -2L
| Design State : Routed
------------------------------------------------------------------------------------------

Utilization Design Information

Table of Contents
-----------------
1. SLR Connectivity
2. SLR Connectivity Matrix
3. SLR CLB Logic and Dedicated Block Utilization
4. SLR IO Utilization

1. SLR Connectivity
-------------------

+----------------------------------+------+-------+-----------+-------+
|                                  | Used | Fixed | Available | Util% |
+----------------------------------+------+-------+-----------+-------+
| SLR2 <-> SLR1                    | 3955 |       |     23040 | 17.17 |
|   SLR1 -> SLR2                   | 2083 |       |           |  9.04 |
|     Using TX_REG only            |  267 |     1 |           |       |
|     Using RX_REG only            |  284 |    18 |           |       |
|     Using Both TX_REG and RX_REG |  267 |     1 |           |       |
|   SLR2 -> SLR1                   | 1872 |       |           |  8.13 |
|     Using TX_REG only            |  407 |     0 |           |       |
|     Using RX_REG only            |  412 |     4 |           |       |
|     Using Both TX_REG and RX_REG |  407 |     0 |           |       |
| SLR1 <-> SLR0                    | 2529 |       |     23040 | 10.98 |
|   SLR0 -> SLR1                   | 1135 |       |           |  4.93 |
|     Using TX_REG only            |  371 |    71 |           |       |
|     Using RX_REG only            |  361 |    61 |           |       |
|     Using Both TX_REG and RX_REG |  355 |    55 |           |       |
|   SLR1 -> SLR0                   | 1394 |       |           |  6.05 |
|     Using TX_REG only            |  441 |    62 |           |       |
|     Using RX_REG only            |  451 |    71 |           |       |
|     Using Both TX_REG and RX_REG |  439 |    60 |           |       |
+----------------------------------+------+-------+-----------+-------+
| Total SLLs Used                  | 6484 |       |           |       |
+----------------------------------+------+-------+-----------+-------+


2. SLR Connectivity Matrix
--------------------------

+-----------+------+------+------+
| FROM \ TO | SLR2 | SLR1 | SLR0 |
+-----------+------+------+------+
| SLR2      |    0 | 1678 |  194 |
| SLR1      | 1941 |    0 | 1200 |
| SLR0      |  142 |  993 |    0 |
+-----------+------+------+------+


3. SLR CLB Logic and Dedicated Block Utilization
------------------------------------------------

+----------------------------+--------+-------+-------+--------+--------+--------+
|          Site Type         |  SLR0  |  SLR1 |  SLR2 | SLR0 % | SLR1 % | SLR2 % |
+----------------------------+--------+-------+-------+--------+--------+--------+
| CLB                        |  19221 |  6695 |  7902 |  34.97 |  12.40 |  14.63 |
|   CLBL                     |   9964 |  3347 |  4126 |  34.03 |  11.43 |  14.09 |
|   CLBM                     |   9257 |  3348 |  3776 |  36.05 |  13.54 |  15.28 |
| CLB LUTs                   |  90456 | 47600 | 35418 |  20.57 |  11.02 |   8.20 |
|   LUT as Logic             |  76467 | 43630 | 32380 |  17.39 |  10.10 |   7.50 |
|     using O5 output only   |    941 |   286 |  1010 |   0.21 |   0.07 |   0.23 |
|     using O6 output only   |  52227 | 34231 | 19510 |  11.88 |   7.92 |   4.52 |
|     using O5 and O6        |  23299 |  9113 | 11860 |   5.30 |   2.11 |   2.75 |
|   LUT as Memory            |  13989 |  3970 |  3038 |   6.81 |   2.01 |   1.54 |
|     LUT as Distributed RAM |  10180 |  3837 |  1660 |   4.96 |   1.94 |   0.84 |
|       using O5 output only |      0 |     0 |     0 |   0.00 |   0.00 |   0.00 |
|       using O6 output only |   8316 |   215 |    84 |   4.05 |   0.11 |   0.04 |
|       using O5 and O6      |   1864 |  3622 |  1576 |   0.91 |   1.83 |   0.80 |
|     LUT as Shift Register  |   3809 |   133 |  1378 |   1.85 |   0.07 |   0.70 |
|       using O5 output only |      0 |     0 |     0 |   0.00 |   0.00 |   0.00 |
|       using O6 output only |   2433 |   133 |  1248 |   1.18 |   0.07 |   0.63 |
|       using O5 and O6      |   1376 |     0 |   130 |   0.67 |   0.00 |   0.07 |
| CLB Registers              | 124021 | 46267 | 61020 |  14.10 |   5.35 |   7.06 |
| CARRY8                     |   1710 |   473 |   313 |   3.11 |   0.88 |   0.58 |
| F7 Muxes                   |   2495 |   651 |  1054 |   1.13 |   0.30 |   0.49 |
| F8 Muxes                   |    640 |   141 |    47 |   0.58 |   0.13 |   0.04 |
| F9 Muxes                   |      0 |     0 |     0 |   0.00 |   0.00 |   0.00 |
| Block RAM Tile             |   73.5 |  80.5 |    94 |  10.94 |  11.98 |  13.99 |
|   RAMB36/FIFO              |     57 |    80 |    92 |   8.48 |  11.90 |  13.69 |
|     RAMB36E2 only          |     57 |    80 |    92 |   8.48 |  11.90 |  13.69 |
|   RAMB18                   |     33 |     1 |     4 |   2.46 |   0.07 |   0.30 |
|     RAMB18E2 only          |     33 |     1 |     4 |   2.46 |   0.07 |   0.30 |
| URAM                       |      0 |     0 |     0 |   0.00 |   0.00 |   0.00 |
| DSPs                       |    220 |     0 |     4 |   7.64 |   0.00 |   0.13 |
| Unique Control Sets        |   3762 |  1499 |  2726 |   3.42 |   1.39 |   2.52 |
+----------------------------+--------+-------+-------+--------+--------+--------+
* Note: Available Control Sets based on CLB Registers / 8


4. SLR IO Utilization
---------------------

+-----------+-----------+---------+------------+----------+------------+----------+-----+
| SLR Index | Used IOBs | (%)IOBs | Used IPADs | (%)IPADs | Used OPADs | (%)OPADs | GTs |
+-----------+-----------+---------+------------+----------+------------+----------+-----+
| SLR2      |        18 |    8.65 |          0 |     0.00 |          0 |     0.00 |   0 |
| SLR1      |         0 |    0.00 |          0 |     0.00 |          0 |     0.00 |   0 |
| SLR0      |         1 |    0.48 |          0 |     0.00 |          0 |     0.00 |  16 |
+-----------+-----------+---------+------------+----------+------------+----------+-----+
| Total     |        19 |         |          0 |          |          0 |          |  16 |
+-----------+-----------+---------+------------+----------+------------+----------+-----+


