
*** Running vivado
    with args -log bd_5dca_init_reduce_0.vds -m64 -product Vivado -mode batch -messageDb vivado.pb -notrace -source bd_5dca_init_reduce_0.tcl


****** Vivado v2021.2 (64-bit)
  **** SW Build 3367213 on Tue Oct 19 02:47:39 MDT 2021
  **** IP Build 3369179 on Thu Oct 21 08:25:16 MDT 2021
    ** Copyright 1986-2021 Xilinx, Inc. All Rights Reserved.

source bd_5dca_init_reduce_0.tcl -notrace
INFO: Dispatch client connection id - 45367
create_project: Time (s): cpu = 00:00:04 ; elapsed = 00:00:05 . Memory (MB): peak = 2688.043 ; gain = 0.023 ; free physical = 61709 ; free virtual = 195895
INFO: [IP_Flow 19-234] Refreshing IP repositories
INFO: [IP_Flow 19-1700] Loaded user IP repository '/home/xcarril/pqc_codesign/dilithium-update/ML-DSA/verification/xout/hw.3/.temps/link/int/xo/ip_repo/xilinx_com_hls_k_verify_0_0'.
INFO: [IP_Flow 19-1700] Loaded user IP repository '/home/xcarril/pqc_codesign/dilithium-update/ML-DSA/verification/xout/hw.3/.temps/link/vivado/vpl/.local/hw_platform/iprepo'.
INFO: [IP_Flow 19-1700] Loaded user IP repository '/opt/Xilinx/Vitis/2021.2/data/cache/xilinx'.
INFO: [IP_Flow 19-1700] Loaded user IP repository '/home/xcarril/pqc_codesign/dilithium-update/ML-DSA/verification/xout/hw.3/.temps/link/vivado/vpl/.local/hw_platform/ipcache'.
INFO: [IP_Flow 19-1700] Loaded user IP repository '/opt/Xilinx/Vitis/2021.2/data/ip'.
INFO: [IP_Flow 19-2313] Loaded Vivado IP repository '/opt/Xilinx/Vivado/2021.2/data/ip'.
Command: synth_design -top bd_5dca_init_reduce_0 -part xcu280-fsvh2892-2L-e -mode out_of_context
Starting synth_design
Attempting to get a license for feature 'Synthesis' and/or device 'xcu280'
INFO: [Common 17-349] Got license for feature 'Synthesis' and/or device 'xcu280'
INFO: [Device 21-403] Loading part xcu280-fsvh2892-2L-e
INFO: [Synth 8-7079] Multithreading enabled for synth_design using a maximum of 1 processes.
INFO: [Synth 8-7078] Launching helper process for spawning children vivado processes
INFO: [Synth 8-7075] Helper process launched with PID 3032136
---------------------------------------------------------------------------------
Starting RTL Elaboration : Time (s): cpu = 00:00:04 ; elapsed = 00:00:05 . Memory (MB): peak = 3446.168 ; gain = 285.766 ; free physical = 56694 ; free virtual = 191826
---------------------------------------------------------------------------------
INFO: [Synth 8-6157] synthesizing module 'bd_5dca_init_reduce_0' [/home/xcarril/pqc_codesign/dilithium-update/ML-DSA/verification/xout/hw.3/.temps/link/vivado/vpl/prj/prj.gen/my_rm/bd/bd/ip/pfm_dynamic_hmss_0_0/bd_0/ip/ip_20/synth/bd_5dca_init_reduce_0.v:57]
INFO: [Synth 8-6157] synthesizing module 'util_reduced_logic_v2_0_4_util_reduced_logic' [/home/xcarril/pqc_codesign/dilithium-update/ML-DSA/verification/xout/hw.3/.temps/link/vivado/vpl/prj/prj.gen/my_rm/bd/bd/ipshared/4c94/hdl/util_reduced_logic_v2_0_vl_rfs.v:73]
INFO: [Synth 8-6155] done synthesizing module 'util_reduced_logic_v2_0_4_util_reduced_logic' (1#1) [/home/xcarril/pqc_codesign/dilithium-update/ML-DSA/verification/xout/hw.3/.temps/link/vivado/vpl/prj/prj.gen/my_rm/bd/bd/ipshared/4c94/hdl/util_reduced_logic_v2_0_vl_rfs.v:73]
INFO: [Synth 8-6155] done synthesizing module 'bd_5dca_init_reduce_0' (2#1) [/home/xcarril/pqc_codesign/dilithium-update/ML-DSA/verification/xout/hw.3/.temps/link/vivado/vpl/prj/prj.gen/my_rm/bd/bd/ip/pfm_dynamic_hmss_0_0/bd_0/ip/ip_20/synth/bd_5dca_init_reduce_0.v:57]
---------------------------------------------------------------------------------
Finished RTL Elaboration : Time (s): cpu = 00:00:05 ; elapsed = 00:00:07 . Memory (MB): peak = 3496.105 ; gain = 335.703 ; free physical = 54224 ; free virtual = 189525
---------------------------------------------------------------------------------
---------------------------------------------------------------------------------
Start Handling Custom Attributes
---------------------------------------------------------------------------------
---------------------------------------------------------------------------------
Finished Handling Custom Attributes : Time (s): cpu = 00:00:06 ; elapsed = 00:00:09 . Memory (MB): peak = 3513.918 ; gain = 353.516 ; free physical = 54067 ; free virtual = 189429
---------------------------------------------------------------------------------
---------------------------------------------------------------------------------
Finished RTL Optimization Phase 1 : Time (s): cpu = 00:00:06 ; elapsed = 00:00:09 . Memory (MB): peak = 3513.918 ; gain = 353.516 ; free physical = 54067 ; free virtual = 189429
---------------------------------------------------------------------------------
Netlist sorting complete. Time (s): cpu = 00:00:00 ; elapsed = 00:00:00 . Memory (MB): peak = 3513.918 ; gain = 0.000 ; free physical = 54053 ; free virtual = 189417
INFO: [Project 1-570] Preparing netlist for logic optimization

Processing XDC Constraints
Initializing timing engine
Completed Processing XDC Constraints

Netlist sorting complete. Time (s): cpu = 00:00:00 ; elapsed = 00:00:00 . Memory (MB): peak = 3545.605 ; gain = 0.000 ; free physical = 53530 ; free virtual = 189091
INFO: [Project 1-111] Unisim Transformation Summary:
No Unisim elements were transformed.

Constraint Validation Runtime : Time (s): cpu = 00:00:00.01 ; elapsed = 00:00:00.02 . Memory (MB): peak = 3557.512 ; gain = 11.906 ; free physical = 53520 ; free virtual = 189081
---------------------------------------------------------------------------------
Finished Constraint Validation : Time (s): cpu = 00:00:12 ; elapsed = 00:00:20 . Memory (MB): peak = 3557.512 ; gain = 397.109 ; free physical = 50119 ; free virtual = 185681
---------------------------------------------------------------------------------
---------------------------------------------------------------------------------
Start Loading Part and Timing Information
---------------------------------------------------------------------------------
Loading part: xcu280-fsvh2892-2L-e
INFO: [Synth 8-6742] Reading net delay rules and data
---------------------------------------------------------------------------------
Finished Loading Part and Timing Information : Time (s): cpu = 00:00:12 ; elapsed = 00:00:20 . Memory (MB): peak = 3557.512 ; gain = 397.109 ; free physical = 50115 ; free virtual = 185676
---------------------------------------------------------------------------------
---------------------------------------------------------------------------------
Start Applying 'set_property' XDC Constraints
---------------------------------------------------------------------------------
---------------------------------------------------------------------------------
Finished applying 'set_property' XDC Constraints : Time (s): cpu = 00:00:12 ; elapsed = 00:00:21 . Memory (MB): peak = 3557.512 ; gain = 397.109 ; free physical = 50105 ; free virtual = 185667
---------------------------------------------------------------------------------
---------------------------------------------------------------------------------
Finished RTL Optimization Phase 2 : Time (s): cpu = 00:00:12 ; elapsed = 00:00:21 . Memory (MB): peak = 3557.512 ; gain = 397.109 ; free physical = 49913 ; free virtual = 185481
---------------------------------------------------------------------------------
---------------------------------------------------------------------------------
Start RTL Component Statistics 
---------------------------------------------------------------------------------
Detailed RTL Component Info : 
---------------------------------------------------------------------------------
Finished RTL Component Statistics 
---------------------------------------------------------------------------------
---------------------------------------------------------------------------------
Start Part Resource Summary
---------------------------------------------------------------------------------
Part Resources:
DSPs: 9024 (col length:94)
BRAMs: 4032 (col length: RAMB18 288 RAMB36 144)
---------------------------------------------------------------------------------
Finished Part Resource Summary
---------------------------------------------------------------------------------
---------------------------------------------------------------------------------
Start Cross Boundary and Area Optimization
---------------------------------------------------------------------------------
WARNING: [Synth 8-7080] Parallel synthesis criteria is not met
WARNING: [Synth 8-3330] design bd_5dca_init_reduce_0 has an empty top module
---------------------------------------------------------------------------------
Finished Cross Boundary and Area Optimization : Time (s): cpu = 00:00:13 ; elapsed = 00:00:24 . Memory (MB): peak = 3557.512 ; gain = 397.109 ; free physical = 53865 ; free virtual = 189462
---------------------------------------------------------------------------------
---------------------------------------------------------------------------------
Start Applying XDC Timing Constraints
---------------------------------------------------------------------------------
---------------------------------------------------------------------------------
Finished Applying XDC Timing Constraints : Time (s): cpu = 00:00:23 ; elapsed = 00:00:54 . Memory (MB): peak = 3921.809 ; gain = 761.406 ; free physical = 55273 ; free virtual = 191204
---------------------------------------------------------------------------------
---------------------------------------------------------------------------------
Start Timing Optimization
---------------------------------------------------------------------------------
---------------------------------------------------------------------------------
Finished Timing Optimization : Time (s): cpu = 00:00:23 ; elapsed = 00:00:54 . Memory (MB): peak = 3921.809 ; gain = 761.406 ; free physical = 55276 ; free virtual = 191208
---------------------------------------------------------------------------------
---------------------------------------------------------------------------------
Start Technology Mapping
---------------------------------------------------------------------------------
---------------------------------------------------------------------------------
Finished Technology Mapping : Time (s): cpu = 00:00:23 ; elapsed = 00:00:54 . Memory (MB): peak = 3940.840 ; gain = 780.438 ; free physical = 55253 ; free virtual = 191186
---------------------------------------------------------------------------------
---------------------------------------------------------------------------------
Start IO Insertion
---------------------------------------------------------------------------------
---------------------------------------------------------------------------------
Start Flattening Before IO Insertion
---------------------------------------------------------------------------------
---------------------------------------------------------------------------------
Finished Flattening Before IO Insertion
---------------------------------------------------------------------------------
---------------------------------------------------------------------------------
Start Final Netlist Cleanup
---------------------------------------------------------------------------------
---------------------------------------------------------------------------------
Finished Final Netlist Cleanup
---------------------------------------------------------------------------------
---------------------------------------------------------------------------------
Finished IO Insertion : Time (s): cpu = 00:00:27 ; elapsed = 00:01:07 . Memory (MB): peak = 3946.777 ; gain = 786.375 ; free physical = 55863 ; free virtual = 191933
---------------------------------------------------------------------------------
---------------------------------------------------------------------------------
Start Renaming Generated Instances
---------------------------------------------------------------------------------
---------------------------------------------------------------------------------
Finished Renaming Generated Instances : Time (s): cpu = 00:00:27 ; elapsed = 00:01:07 . Memory (MB): peak = 3946.777 ; gain = 786.375 ; free physical = 55863 ; free virtual = 191933
---------------------------------------------------------------------------------
---------------------------------------------------------------------------------
Start Rebuilding User Hierarchy
---------------------------------------------------------------------------------
---------------------------------------------------------------------------------
Finished Rebuilding User Hierarchy : Time (s): cpu = 00:00:27 ; elapsed = 00:01:07 . Memory (MB): peak = 3946.777 ; gain = 786.375 ; free physical = 55858 ; free virtual = 191928
---------------------------------------------------------------------------------
---------------------------------------------------------------------------------
Start Renaming Generated Ports
---------------------------------------------------------------------------------
---------------------------------------------------------------------------------
Finished Renaming Generated Ports : Time (s): cpu = 00:00:27 ; elapsed = 00:01:07 . Memory (MB): peak = 3946.777 ; gain = 786.375 ; free physical = 55859 ; free virtual = 191929
---------------------------------------------------------------------------------
---------------------------------------------------------------------------------
Start Handling Custom Attributes
---------------------------------------------------------------------------------
---------------------------------------------------------------------------------
Finished Handling Custom Attributes : Time (s): cpu = 00:00:27 ; elapsed = 00:01:07 . Memory (MB): peak = 3946.777 ; gain = 786.375 ; free physical = 55864 ; free virtual = 191934
---------------------------------------------------------------------------------
---------------------------------------------------------------------------------
Start Renaming Generated Nets
---------------------------------------------------------------------------------
---------------------------------------------------------------------------------
Finished Renaming Generated Nets : Time (s): cpu = 00:00:27 ; elapsed = 00:01:07 . Memory (MB): peak = 3946.777 ; gain = 786.375 ; free physical = 55859 ; free virtual = 191929
---------------------------------------------------------------------------------
---------------------------------------------------------------------------------
Start Writing Synthesis Report
---------------------------------------------------------------------------------

Report BlackBoxes: 
+-+--------------+----------+
| |BlackBox name |Instances |
+-+--------------+----------+
+-+--------------+----------+

Report Cell Usage: 
+-+-----+------+
| |Cell |Count |
+-+-----+------+
+-+-----+------+
---------------------------------------------------------------------------------
Finished Writing Synthesis Report : Time (s): cpu = 00:00:27 ; elapsed = 00:01:07 . Memory (MB): peak = 3946.777 ; gain = 786.375 ; free physical = 55853 ; free virtual = 191923
---------------------------------------------------------------------------------
Synthesis finished with 0 errors, 0 critical warnings and 2 warnings.
Synthesis Optimization Runtime : Time (s): cpu = 00:00:26 ; elapsed = 00:01:02 . Memory (MB): peak = 3946.777 ; gain = 742.781 ; free physical = 55807 ; free virtual = 191879
Synthesis Optimization Complete : Time (s): cpu = 00:00:28 ; elapsed = 00:01:07 . Memory (MB): peak = 3946.785 ; gain = 786.375 ; free physical = 55775 ; free virtual = 191847
INFO: [Project 1-571] Translating synthesized netlist
Netlist sorting complete. Time (s): cpu = 00:00:00 ; elapsed = 00:00:00 . Memory (MB): peak = 3946.785 ; gain = 0.000 ; free physical = 55748 ; free virtual = 191820
INFO: [Project 1-570] Preparing netlist for logic optimization
INFO: [Opt 31-138] Pushed 0 inverter(s) to 0 load pin(s).
Netlist sorting complete. Time (s): cpu = 00:00:00 ; elapsed = 00:00:00 . Memory (MB): peak = 4022.098 ; gain = 0.000 ; free physical = 55799 ; free virtual = 191943
INFO: [Project 1-111] Unisim Transformation Summary:
No Unisim elements were transformed.

Synth Design complete, checksum: b3ce3fcc
INFO: [Common 17-83] Releasing license: Synthesis
24 Infos, 2 Warnings, 0 Critical Warnings and 0 Errors encountered.
synth_design completed successfully
synth_design: Time (s): cpu = 00:00:43 ; elapsed = 00:01:23 . Memory (MB): peak = 4022.098 ; gain = 1334.055 ; free physical = 55970 ; free virtual = 192111
INFO: [Common 17-600] The following parameters have non-default value.
general.maxThreads
INFO: [Common 17-1381] The checkpoint '/home/xcarril/pqc_codesign/dilithium-update/ML-DSA/verification/xout/hw.3/.temps/link/vivado/vpl/prj/prj.runs/bd_5dca_init_reduce_0_synth_1/bd_5dca_init_reduce_0.dcp' has been generated.
INFO: [Common 17-1381] The checkpoint '/home/xcarril/pqc_codesign/dilithium-update/ML-DSA/verification/xout/hw.3/.temps/link/vivado/vpl/prj/prj.runs/bd_5dca_init_reduce_0_synth_1/bd_5dca_init_reduce_0.dcp' has been generated.
INFO: [runtcl-4] Executing : report_utilization -file bd_5dca_init_reduce_0_utilization_synth.rpt -pb bd_5dca_init_reduce_0_utilization_synth.pb
INFO: [Common 17-206] Exiting Vivado at Fri Sep 15 14:13:44 2023...
