Copyright 1986-2021 Xilinx, Inc. All Rights Reserved.
------------------------------------------------------------------------------------------
| Tool Version : Vivado v.2021.2 (lin64) Build 3367213 Tue Oct 19 02:47:39 MDT 2021
| Date         : Fri Sep 15 12:14:34 2023
| Host         : picu running 64-bit Ubuntu 20.04.1 LTS
| Command      : report_utilization -slr -file slr_util_placed.rpt -pb slr_util_placed.pb
| Design       : pfm_top_wrapper
| Device       : xcu280-fsvh2892-2L-e
| Speed File   : -2L
| Design State : Fully Placed
------------------------------------------------------------------------------------------

Utilization Design Information

Table of Contents
-----------------
1. SLR Connectivity
2. SLR Connectivity Matrix
3. SLR CLB Logic and Dedicated Block Utilization
4. SLR IO Utilization

1. SLR Connectivity
-------------------

+----------------------------------+------+-------+-----------+-------+
|                                  | Used | Fixed | Available | Util% |
+----------------------------------+------+-------+-----------+-------+
| SLR2 <-> SLR1                    | 3946 |       |     23040 | 17.13 |
|   SLR1 -> SLR2                   | 2080 |       |           |  9.03 |
|     Using TX_REG only            |    1 |     1 |           |       |
|     Using RX_REG only            |   18 |    18 |           |       |
|     Using Both TX_REG and RX_REG |  267 |     1 |           |       |
|   SLR2 -> SLR1                   | 1866 |       |           |  8.10 |
|     Using TX_REG only            |    0 |     0 |           |       |
|     Using RX_REG only            |    4 |     4 |           |       |
|     Using Both TX_REG and RX_REG |  407 |     0 |           |       |
| SLR1 <-> SLR0                    | 2525 |       |     23040 | 10.96 |
|   SLR0 -> SLR1                   | 1135 |       |           |  4.93 |
|     Using TX_REG only            |   71 |    71 |           |       |
|     Using RX_REG only            |   61 |    61 |           |       |
|     Using Both TX_REG and RX_REG |  355 |    55 |           |       |
|   SLR1 -> SLR0                   | 1390 |       |           |  6.03 |
|     Using TX_REG only            |   62 |    62 |           |       |
|     Using RX_REG only            |   72 |    71 |           |       |
|     Using Both TX_REG and RX_REG |  439 |    60 |           |       |
+----------------------------------+------+-------+-----------+-------+
| Total SLLs Used                  | 6471 |       |           |       |
+----------------------------------+------+-------+-----------+-------+


2. SLR Connectivity Matrix
--------------------------

+-----------+------+------+------+
| FROM \ TO | SLR2 | SLR1 | SLR0 |
+-----------+------+------+------+
| SLR2      |    0 | 1674 |  192 |
| SLR1      | 1938 |    0 | 1198 |
| SLR0      |  142 |  993 |    0 |
+-----------+------+------+------+


3. SLR CLB Logic and Dedicated Block Utilization
------------------------------------------------

+----------------------------+--------+-------+-------+--------+--------+--------+
|          Site Type         |  SLR0  |  SLR1 |  SLR2 | SLR0 % | SLR1 % | SLR2 % |
+----------------------------+--------+-------+-------+--------+--------+--------+
| CLB                        |  20183 |  7582 |  8307 |  36.72 |  14.04 |  15.38 |
|   CLBL                     |  10336 |  3826 |  4309 |  35.30 |  13.07 |  14.72 |
|   CLBM                     |   9847 |  3756 |  3998 |  38.35 |  15.19 |  16.17 |
| CLB LUTs                   |  91512 | 47601 | 35416 |  20.81 |  11.02 |   8.20 |
|   LUT as Logic             |  78183 | 43631 | 32378 |  17.78 |  10.10 |   7.49 |
|     using O5 output only   |    901 |   286 |  1002 |   0.20 |   0.07 |   0.23 |
|     using O6 output only   |  52361 | 34234 | 19514 |  11.91 |   7.92 |   4.52 |
|     using O5 and O6        |  24921 |  9111 | 11862 |   5.67 |   2.11 |   2.75 |
|   LUT as Memory            |  13329 |  3970 |  3038 |   6.49 |   2.01 |   1.54 |
|     LUT as Distributed RAM |   9588 |  3837 |  1660 |   4.67 |   1.94 |   0.84 |
|       using O5 output only |      0 |     0 |     0 |   0.00 |   0.00 |   0.00 |
|       using O6 output only |   8020 |   215 |    84 |   3.90 |   0.11 |   0.04 |
|       using O5 and O6      |   1568 |  3622 |  1576 |   0.76 |   1.83 |   0.80 |
|     LUT as Shift Register  |   3741 |   133 |  1378 |   1.82 |   0.07 |   0.70 |
|       using O5 output only |      0 |     0 |     0 |   0.00 |   0.00 |   0.00 |
|       using O6 output only |   2374 |   133 |  1248 |   1.16 |   0.07 |   0.63 |
|       using O5 and O6      |   1367 |     0 |   130 |   0.67 |   0.00 |   0.07 |
| CLB Registers              | 118568 | 46265 | 61021 |  13.48 |   5.35 |   7.06 |
| CARRY8                     |   1625 |   473 |   313 |   2.96 |   0.88 |   0.58 |
| F7 Muxes                   |   2888 |   651 |  1054 |   1.31 |   0.30 |   0.49 |
| F8 Muxes                   |    616 |   141 |    47 |   0.56 |   0.13 |   0.04 |
| F9 Muxes                   |      0 |     0 |     0 |   0.00 |   0.00 |   0.00 |
| Block RAM Tile             |   61.5 |  80.5 |    94 |   9.15 |  11.98 |  13.99 |
|   RAMB36/FIFO              |     44 |    80 |    92 |   6.55 |  11.90 |  13.69 |
|     RAMB36E2 only          |     44 |    80 |    92 |   6.55 |  11.90 |  13.69 |
|   RAMB18                   |     35 |     1 |     4 |   2.60 |   0.07 |   0.30 |
|     RAMB18E2 only          |     35 |     1 |     4 |   2.60 |   0.07 |   0.30 |
| URAM                       |      0 |     0 |     0 |   0.00 |   0.00 |   0.00 |
| DSPs                       |    220 |     0 |     4 |   7.64 |   0.00 |   0.13 |
| Unique Control Sets        |   3628 |  1499 |  2725 |   3.30 |   1.39 |   2.52 |
+----------------------------+--------+-------+-------+--------+--------+--------+
* Note: Available Control Sets based on CLB Registers / 8


4. SLR IO Utilization
---------------------

+-----------+-----------+---------+------------+----------+------------+----------+-----+
| SLR Index | Used IOBs | (%)IOBs | Used IPADs | (%)IPADs | Used OPADs | (%)OPADs | GTs |
+-----------+-----------+---------+------------+----------+------------+----------+-----+
| SLR2      |        18 |    8.65 |          0 |     0.00 |          0 |     0.00 |   0 |
| SLR1      |         0 |    0.00 |          0 |     0.00 |          0 |     0.00 |   0 |
| SLR0      |         1 |    0.48 |          0 |     0.00 |          0 |     0.00 |  16 |
+-----------+-----------+---------+------------+----------+------------+----------+-----+
| Total     |        19 |         |          0 |          |          0 |          |  16 |
+-----------+-----------+---------+------------+----------+------------+----------+-----+


