Copyright 1986-2021 Xilinx, Inc. All Rights Reserved.
------------------------------------------------------------------------------------------
| Tool Version : Vivado v.2021.2 (lin64) Build 3367213 Tue Oct 19 02:47:39 MDT 2021
| Date         : Tue Nov 22 18:34:29 2022
| Host         : nanu running 64-bit Ubuntu 20.04.1 LTS
| Command      : report_utilization -slr -file slr_util_routed.rpt -pb slr_util_routed.pb
| Design       : pfm_top_wrapper
| Device       : xcu280-fsvh2892-2L-e
| Speed File   : -2L
| Design State : Routed
------------------------------------------------------------------------------------------

Utilization Design Information

Table of Contents
-----------------
1. SLR Connectivity
2. SLR Connectivity Matrix
3. SLR CLB Logic and Dedicated Block Utilization
4. SLR IO Utilization

1. SLR Connectivity
-------------------

+----------------------------------+------+-------+-----------+-------+
|                                  | Used | Fixed | Available | Util% |
+----------------------------------+------+-------+-----------+-------+
| SLR2 <-> SLR1                    | 3965 |       |     23040 | 17.21 |
|   SLR1 -> SLR2                   | 2087 |       |           |  9.06 |
|     Using TX_REG only            |  267 |     1 |           |       |
|     Using RX_REG only            |  284 |    18 |           |       |
|     Using Both TX_REG and RX_REG |  267 |     1 |           |       |
|   SLR2 -> SLR1                   | 1878 |       |           |  8.15 |
|     Using TX_REG only            |  407 |     0 |           |       |
|     Using RX_REG only            |  412 |     4 |           |       |
|     Using Both TX_REG and RX_REG |  407 |     0 |           |       |
| SLR1 <-> SLR0                    | 2559 |       |     23040 | 11.11 |
|   SLR0 -> SLR1                   | 1139 |       |           |  4.94 |
|     Using TX_REG only            |  371 |    71 |           |       |
|     Using RX_REG only            |  361 |    61 |           |       |
|     Using Both TX_REG and RX_REG |  355 |    55 |           |       |
|   SLR1 -> SLR0                   | 1420 |       |           |  6.16 |
|     Using TX_REG only            |  441 |    62 |           |       |
|     Using RX_REG only            |  452 |    71 |           |       |
|     Using Both TX_REG and RX_REG |  439 |    60 |           |       |
+----------------------------------+------+-------+-----------+-------+
| Total SLLs Used                  | 6524 |       |           |       |
+----------------------------------+------+-------+-----------+-------+


2. SLR Connectivity Matrix
--------------------------

+-----------+------+------+------+
| FROM \ TO | SLR2 | SLR1 | SLR0 |
+-----------+------+------+------+
| SLR2      |    0 | 1741 |  137 |
| SLR1      | 1986 |    0 | 1283 |
| SLR0      |  101 | 1038 |    0 |
+-----------+------+------+------+


3. SLR CLB Logic and Dedicated Block Utilization
------------------------------------------------

+----------------------------+--------+-------+-------+--------+--------+--------+
|          Site Type         |  SLR0  |  SLR1 |  SLR2 | SLR0 % | SLR1 % | SLR2 % |
+----------------------------+--------+-------+-------+--------+--------+--------+
| CLB                        |  32044 |  6786 |  8059 |  58.30 |  12.57 |  14.92 |
|   CLBL                     |  16888 |  3421 |  4112 |  57.68 |  11.68 |  14.04 |
|   CLBM                     |  15156 |  3365 |  3947 |  59.02 |  13.61 |  15.97 |
| CLB LUTs                   | 150436 | 48156 | 35361 |  34.21 |  11.15 |   8.19 |
|   LUT as Logic             | 121235 | 44152 | 32355 |  27.57 |  10.22 |   7.49 |
|     using O5 output only   |   1180 |   293 |  1010 |   0.27 |   0.07 |   0.23 |
|     using O6 output only   |  92672 | 34646 | 19477 |  21.08 |   8.02 |   4.51 |
|     using O5 and O6        |  27383 |  9213 | 11868 |   6.23 |   2.13 |   2.75 |
|   LUT as Memory            |  29201 |  4004 |  3006 |  14.21 |   2.02 |   1.52 |
|     LUT as Distributed RAM |  25906 |  3837 |  1660 |  12.61 |   1.94 |   0.84 |
|       using O5 output only |      0 |     0 |     0 |   0.00 |   0.00 |   0.00 |
|       using O6 output only |  22914 |   215 |    84 |  11.15 |   0.11 |   0.04 |
|       using O5 and O6      |   2992 |  3622 |  1576 |   1.46 |   1.83 |   0.80 |
|     LUT as Shift Register  |   3295 |   167 |  1346 |   1.60 |   0.08 |   0.68 |
|       using O5 output only |      0 |     0 |     0 |   0.00 |   0.00 |   0.00 |
|       using O6 output only |   2221 |   167 |  1216 |   1.08 |   0.08 |   0.61 |
|       using O5 and O6      |   1074 |     0 |   130 |   0.52 |   0.00 |   0.07 |
| CLB Registers              | 202094 | 46786 | 60922 |  22.98 |   5.42 |   7.05 |
| CARRY8                     |   4305 |   480 |   313 |   7.83 |   0.89 |   0.58 |
| F7 Muxes                   |   2892 |   651 |  1054 |   1.32 |   0.30 |   0.49 |
| F8 Muxes                   |    684 |   141 |    47 |   0.62 |   0.13 |   0.04 |
| F9 Muxes                   |      2 |     0 |     0 |  <0.01 |   0.00 |   0.00 |
| Block RAM Tile             |  150.5 |  82.5 |    94 |  22.40 |  12.28 |  13.99 |
|   RAMB36/FIFO              |    102 |    82 |    92 |  15.18 |  12.20 |  13.69 |
|     RAMB36E2 only          |    102 |    82 |    92 |  15.18 |  12.20 |  13.69 |
|   RAMB18                   |     97 |     1 |     4 |   7.22 |   0.07 |   0.30 |
|     RAMB18E2 only          |     97 |     1 |     4 |   7.22 |   0.07 |   0.30 |
| URAM                       |     49 |     0 |     0 |  15.31 |   0.00 |   0.00 |
| DSPs                       |    484 |     0 |     4 |  16.81 |   0.00 |   0.13 |
| Unique Control Sets        |   5924 |  1524 |  2723 |   5.39 |   1.41 |   2.52 |
+----------------------------+--------+-------+-------+--------+--------+--------+
* Note: Available Control Sets based on CLB Registers / 8


4. SLR IO Utilization
---------------------

+-----------+-----------+---------+------------+----------+------------+----------+-----+
| SLR Index | Used IOBs | (%)IOBs | Used IPADs | (%)IPADs | Used OPADs | (%)OPADs | GTs |
+-----------+-----------+---------+------------+----------+------------+----------+-----+
| SLR2      |        18 |    8.65 |          0 |     0.00 |          0 |     0.00 |   0 |
| SLR1      |         0 |    0.00 |          0 |     0.00 |          0 |     0.00 |   0 |
| SLR0      |         1 |    0.48 |          0 |     0.00 |          0 |     0.00 |  16 |
+-----------+-----------+---------+------------+----------+------------+----------+-----+
| Total     |        19 |         |          0 |          |          0 |          |  16 |
+-----------+-----------+---------+------------+----------+------------+----------+-----+


