Copyright 1986-2021 Xilinx, Inc. All Rights Reserved.
------------------------------------------------------------------------------------------
| Tool Version : Vivado v.2021.2 (lin64) Build 3367213 Tue Oct 19 02:47:39 MDT 2021
| Date         : Fri Sep 15 18:46:31 2023
| Host         : picu running 64-bit Ubuntu 20.04.1 LTS
| Command      : report_utilization -slr -file slr_util_routed.rpt -pb slr_util_routed.pb
| Design       : pfm_top_wrapper
| Device       : xcu280-fsvh2892-2L-e
| Speed File   : -2L
| Design State : Routed
------------------------------------------------------------------------------------------

Utilization Design Information

Table of Contents
-----------------
1. SLR Connectivity
2. SLR Connectivity Matrix
3. SLR CLB Logic and Dedicated Block Utilization
4. SLR IO Utilization

1. SLR Connectivity
-------------------

+----------------------------------+------+-------+-----------+-------+
|                                  | Used | Fixed | Available | Util% |
+----------------------------------+------+-------+-----------+-------+
| SLR2 <-> SLR1                    | 3969 |       |     23040 | 17.23 |
|   SLR1 -> SLR2                   | 2087 |       |           |  9.06 |
|     Using TX_REG only            |  267 |     1 |           |       |
|     Using RX_REG only            |  284 |    18 |           |       |
|     Using Both TX_REG and RX_REG |  267 |     1 |           |       |
|   SLR2 -> SLR1                   | 1882 |       |           |  8.17 |
|     Using TX_REG only            |  407 |     0 |           |       |
|     Using RX_REG only            |  412 |     4 |           |       |
|     Using Both TX_REG and RX_REG |  407 |     0 |           |       |
| SLR1 <-> SLR0                    | 2566 |       |     23040 | 11.14 |
|   SLR0 -> SLR1                   | 1143 |       |           |  4.96 |
|     Using TX_REG only            |  371 |    71 |           |       |
|     Using RX_REG only            |  361 |    61 |           |       |
|     Using Both TX_REG and RX_REG |  355 |    55 |           |       |
|   SLR1 -> SLR0                   | 1423 |       |           |  6.18 |
|     Using TX_REG only            |  445 |    62 |           |       |
|     Using RX_REG only            |  452 |    71 |           |       |
|     Using Both TX_REG and RX_REG |  440 |    60 |           |       |
+----------------------------------+------+-------+-----------+-------+
| Total SLLs Used                  | 6535 |       |           |       |
+----------------------------------+------+-------+-----------+-------+


2. SLR Connectivity Matrix
--------------------------

+-----------+------+------+------+
| FROM \ TO | SLR2 | SLR1 | SLR0 |
+-----------+------+------+------+
| SLR2      |    0 | 1745 |  137 |
| SLR1      | 1986 |    0 | 1286 |
| SLR0      |  101 | 1042 |    0 |
+-----------+------+------+------+


3. SLR CLB Logic and Dedicated Block Utilization
------------------------------------------------

+----------------------------+--------+-------+-------+--------+--------+--------+
|          Site Type         |  SLR0  |  SLR1 |  SLR2 | SLR0 % | SLR1 % | SLR2 % |
+----------------------------+--------+-------+-------+--------+--------+--------+
| CLB                        |  32010 |  6796 |  8083 |  58.24 |  12.59 |  14.97 |
|   CLBL                     |  16799 |  3408 |  4145 |  57.37 |  11.64 |  14.16 |
|   CLBM                     |  15211 |  3388 |  3938 |  59.23 |  13.71 |  15.93 |
| CLB LUTs                   | 151506 | 48186 | 35326 |  34.46 |  11.15 |   8.18 |
|   LUT as Logic             | 122585 | 44182 | 32320 |  27.88 |  10.23 |   7.48 |
|     using O5 output only   |   1194 |   290 |  1012 |   0.27 |   0.07 |   0.23 |
|     using O6 output only   |  93554 | 34642 | 19472 |  21.28 |   8.02 |   4.51 |
|     using O5 and O6        |  27837 |  9250 | 11836 |   6.33 |   2.14 |   2.74 |
|   LUT as Memory            |  28921 |  4004 |  3006 |  14.08 |   2.02 |   1.52 |
|     LUT as Distributed RAM |  25630 |  3837 |  1660 |  12.48 |   1.94 |   0.84 |
|       using O5 output only |      0 |     0 |     0 |   0.00 |   0.00 |   0.00 |
|       using O6 output only |  22934 |   215 |    84 |  11.16 |   0.11 |   0.04 |
|       using O5 and O6      |   2696 |  3622 |  1576 |   1.31 |   1.83 |   0.80 |
|     LUT as Shift Register  |   3291 |   167 |  1346 |   1.60 |   0.08 |   0.68 |
|       using O5 output only |      0 |     0 |     0 |   0.00 |   0.00 |   0.00 |
|       using O6 output only |   2217 |   167 |  1216 |   1.08 |   0.08 |   0.61 |
|       using O5 and O6      |   1074 |     0 |   130 |   0.52 |   0.00 |   0.07 |
| CLB Registers              | 201082 | 46775 | 60918 |  22.87 |   5.41 |   7.05 |
| CARRY8                     |   4307 |   480 |   313 |   7.84 |   0.89 |   0.58 |
| F7 Muxes                   |   2810 |   651 |  1054 |   1.28 |   0.30 |   0.49 |
| F8 Muxes                   |    684 |   141 |    47 |   0.62 |   0.13 |   0.04 |
| F9 Muxes                   |      2 |     0 |     0 |  <0.01 |   0.00 |   0.00 |
| Block RAM Tile             |    147 |  82.5 |    94 |  21.88 |  12.28 |  13.99 |
|   RAMB36/FIFO              |     99 |    82 |    92 |  14.73 |  12.20 |  13.69 |
|     RAMB36E2 only          |     99 |    82 |    92 |  14.73 |  12.20 |  13.69 |
|   RAMB18                   |     96 |     1 |     4 |   7.14 |   0.07 |   0.30 |
|     RAMB18E2 only          |     96 |     1 |     4 |   7.14 |   0.07 |   0.30 |
| URAM                       |     49 |     0 |     0 |  15.31 |   0.00 |   0.00 |
| DSPs                       |    484 |     0 |     4 |  16.81 |   0.00 |   0.13 |
| Unique Control Sets        |   5924 |  1524 |  2726 |   5.39 |   1.41 |   2.52 |
+----------------------------+--------+-------+-------+--------+--------+--------+
* Note: Available Control Sets based on CLB Registers / 8


4. SLR IO Utilization
---------------------

+-----------+-----------+---------+------------+----------+------------+----------+-----+
| SLR Index | Used IOBs | (%)IOBs | Used IPADs | (%)IPADs | Used OPADs | (%)OPADs | GTs |
+-----------+-----------+---------+------------+----------+------------+----------+-----+
| SLR2      |        18 |    8.65 |          0 |     0.00 |          0 |     0.00 |   0 |
| SLR1      |         0 |    0.00 |          0 |     0.00 |          0 |     0.00 |   0 |
| SLR0      |         1 |    0.48 |          0 |     0.00 |          0 |     0.00 |  16 |
+-----------+-----------+---------+------------+----------+------------+----------+-----+
| Total     |        19 |         |          0 |          |          0 |          |  16 |
+-----------+-----------+---------+------------+----------+------------+----------+-----+


