Copyright 1986-2021 Xilinx, Inc. All Rights Reserved.
-------------------------------------------------------------------------------------------------------------------------------------------------------------------------------
| Tool Version : Vivado v.2021.2 (lin64) Build 3367213 Tue Oct 19 02:47:39 MDT 2021
| Date         : Fri Sep 15 18:46:07 2023
| Host         : picu running 64-bit Ubuntu 20.04.1 LTS
| Command      : report_accelerator_utilization -kernels { k_sign:pfm_top_i/dynamic_region/k_sign_1/inst:k_sign_1} -file kernel_util_routed.rpt -name kernel_util_routed -json
| Design       : pfm_top_wrapper
| Device       : xcu280
| Design State : Routed
-------------------------------------------------------------------------------------------------------------------------------------------------------------------------------

Accelerator Utilization Design Information

Table of Contents
-----------------
1. System Utilization

1. System Utilization
---------------------

+---------------------+-------------------+------------------+-------------------+----------------+---------------+----------------+
| Name                | LUT               | LUTAsMem         | REG               | BRAM           | URAM          | DSP            |
+---------------------+-------------------+------------------+-------------------+----------------+---------------+----------------+
| Platform            |  107714 [  8.27%] |  11556 [  1.92%] |  159473 [  6.12%] |  202 [ 10.02%] |   0 [  0.00%] |    4 [  0.04%] |
| User Budget         | 1195006 [100.00%] | 588924 [100.00%] | 2447887 [100.00%] | 1814 [100.00%] | 960 [100.00%] | 9020 [100.00%] |
|    Used Resources   |  127305 [ 10.65%] |  24375 [  4.14%] |  149302 [  6.10%] |  121 [  6.67%] |  49 [  5.10%] |  484 [  5.37%] |
|    Unused Resources | 1067701 [ 89.35%] | 564549 [ 95.86%] | 2298585 [ 93.90%] | 1693 [ 93.33%] | 911 [ 94.90%] | 8536 [ 94.63%] |
| k_sign              |  127305 [ 10.65%] |  24375 [  4.14%] |  149302 [  6.10%] |  121 [  6.67%] |  49 [  5.10%] |  484 [  5.37%] |
|    k_sign_1         |  127305 [ 10.65%] |  24375 [  4.14%] |  149302 [  6.10%] |  121 [  6.67%] |  49 [  5.10%] |  484 [  5.37%] |
+---------------------+-------------------+------------------+-------------------+----------------+---------------+----------------+


