Copyright 1986-2021 Xilinx, Inc. All Rights Reserved.
----------------------------------------------------------------------------------------------------------------------------------------------------------------------------------------
| Tool Version : Vivado v.2021.2 (lin64) Build 3367213 Tue Oct 19 02:47:39 MDT 2021
| Date         : Mon Nov 21 23:35:24 2022
| Host         : nanu running 64-bit Ubuntu 20.04.1 LTS
| Command      : report_accelerator_utilization -kernels { k_kem_enc:pfm_top_i/dynamic_region/k_kem_enc_1/inst:k_kem_enc_1} -file kernel_util_placed.rpt -name kernel_util_placed -json
| Design       : pfm_top_wrapper
| Device       : xcu280
| Design State : Fully Placed
----------------------------------------------------------------------------------------------------------------------------------------------------------------------------------------

Accelerator Utilization Design Information

Table of Contents
-----------------
1. System Utilization

1. System Utilization
---------------------

+---------------------+-------------------+------------------+-------------------+----------------+---------------+----------------+
| Name                | LUT               | LUTAsMem         | REG               | BRAM           | URAM          | DSP            |
+---------------------+-------------------+------------------+-------------------+----------------+---------------+----------------+
| Platform            |  105316 [  8.08%] |  10536 [  1.75%] |  154520 [  5.93%] |  202 [ 10.02%] |   0 [  0.00%] |    4 [  0.04%] |
| User Budget         | 1197404 [100.00%] | 589944 [100.00%] | 2452840 [100.00%] | 1814 [100.00%] | 960 [100.00%] | 9020 [100.00%] |
|    Used Resources   |   66965 [  5.59%] |   7604 [  1.29%] |   79678 [  3.25%] |   29 [  1.60%] |   0 [  0.00%] |  153 [  1.70%] |
|    Unused Resources | 1130439 [ 94.41%] | 582340 [ 98.71%] | 2373162 [ 96.75%] | 1785 [ 98.40%] | 960 [100.00%] | 8867 [ 98.30%] |
| k_kem_enc           |   66965 [  5.59%] |   7604 [  1.29%] |   79678 [  3.25%] |   29 [  1.60%] |   0 [  0.00%] |  153 [  1.70%] |
|    k_kem_enc_1      |   66965 [  5.59%] |   7604 [  1.29%] |   79678 [  3.25%] |   29 [  1.60%] |   0 [  0.00%] |  153 [  1.70%] |
+---------------------+-------------------+------------------+-------------------+----------------+---------------+----------------+


