Copyright 1986-2021 Xilinx, Inc. All Rights Reserved.
----------------------------------------------------------------------------------------------------------------------------------------------------------------------------------------
| Tool Version : Vivado v.2021.2 (lin64) Build 3367213 Tue Oct 19 02:47:39 MDT 2021
| Date         : Mon Nov 21 20:34:19 2022
| Host         : nanu running 64-bit Ubuntu 20.04.1 LTS
| Command      : report_accelerator_utilization -kernels { k_kem_dec:pfm_top_i/dynamic_region/k_kem_dec_1/inst:k_kem_dec_1} -file kernel_util_routed.rpt -name kernel_util_routed -json
| Design       : pfm_top_wrapper
| Device       : xcu280
| Design State : Routed
----------------------------------------------------------------------------------------------------------------------------------------------------------------------------------------

Accelerator Utilization Design Information

Table of Contents
-----------------
1. System Utilization

1. System Utilization
---------------------

+---------------------+-------------------+------------------+-------------------+----------------+---------------+----------------+
| Name                | LUT               | LUTAsMem         | REG               | BRAM           | URAM          | DSP            |
+---------------------+-------------------+------------------+-------------------+----------------+---------------+----------------+
| Platform            |  104207 [  8.00%] |  10246 [  1.71%] |  152644 [  5.85%] |  202 [ 10.02%] |   0 [  0.00%] |    4 [  0.04%] |
| User Budget         | 1198513 [100.00%] | 590234 [100.00%] | 2454716 [100.00%] | 1814 [100.00%] | 960 [100.00%] | 9020 [100.00%] |
|    Used Resources   |   70582 [  5.89%] |  10744 [  1.82%] |   79556 [  3.24%] |   55 [  3.03%] |   0 [  0.00%] |  262 [  2.90%] |
|    Unused Resources | 1127931 [ 94.11%] | 579490 [ 98.18%] | 2375160 [ 96.76%] | 1759 [ 96.97%] | 960 [100.00%] | 8758 [ 97.10%] |
| k_kem_dec           |   70582 [  5.89%] |  10744 [  1.82%] |   79556 [  3.24%] |   55 [  3.03%] |   0 [  0.00%] |  262 [  2.90%] |
|    k_kem_dec_1      |   70582 [  5.89%] |  10744 [  1.82%] |   79556 [  3.24%] |   55 [  3.03%] |   0 [  0.00%] |  262 [  2.90%] |
+---------------------+-------------------+------------------+-------------------+----------------+---------------+----------------+


