Copyright 1986-2021 Xilinx, Inc. All Rights Reserved.
------------------------------------------------------------------------------------------
| Tool Version : Vivado v.2021.2 (lin64) Build 3367213 Tue Oct 19 02:47:39 MDT 2021
| Date         : Mon Nov 21 20:34:38 2022
| Host         : nanu running 64-bit Ubuntu 20.04.1 LTS
| Command      : report_utilization -slr -file slr_util_routed.rpt -pb slr_util_routed.pb
| Design       : pfm_top_wrapper
| Device       : xcu280-fsvh2892-2L-e
| Speed File   : -2L
| Design State : Routed
------------------------------------------------------------------------------------------

Utilization Design Information

Table of Contents
-----------------
1. SLR Connectivity
2. SLR Connectivity Matrix
3. SLR CLB Logic and Dedicated Block Utilization
4. SLR IO Utilization

1. SLR Connectivity
-------------------

+----------------------------------+------+-------+-----------+-------+
|                                  | Used | Fixed | Available | Util% |
+----------------------------------+------+-------+-----------+-------+
| SLR2 <-> SLR1                    | 3954 |       |     23040 | 17.16 |
|   SLR1 -> SLR2                   | 2082 |       |           |  9.04 |
|     Using TX_REG only            |  267 |     1 |           |       |
|     Using RX_REG only            |  284 |    18 |           |       |
|     Using Both TX_REG and RX_REG |  267 |     1 |           |       |
|   SLR2 -> SLR1                   | 1872 |       |           |  8.13 |
|     Using TX_REG only            |  407 |     0 |           |       |
|     Using RX_REG only            |  412 |     4 |           |       |
|     Using Both TX_REG and RX_REG |  407 |     0 |           |       |
| SLR1 <-> SLR0                    | 2529 |       |     23040 | 10.98 |
|   SLR0 -> SLR1                   | 1135 |       |           |  4.93 |
|     Using TX_REG only            |  371 |    71 |           |       |
|     Using RX_REG only            |  361 |    61 |           |       |
|     Using Both TX_REG and RX_REG |  355 |    55 |           |       |
|   SLR1 -> SLR0                   | 1394 |       |           |  6.05 |
|     Using TX_REG only            |  441 |    62 |           |       |
|     Using RX_REG only            |  452 |    71 |           |       |
|     Using Both TX_REG and RX_REG |  439 |    60 |           |       |
+----------------------------------+------+-------+-----------+-------+
| Total SLLs Used                  | 6483 |       |           |       |
+----------------------------------+------+-------+-----------+-------+


2. SLR Connectivity Matrix
--------------------------

+-----------+------+------+------+
| FROM \ TO | SLR2 | SLR1 | SLR0 |
+-----------+------+------+------+
| SLR2      |    0 | 1678 |  194 |
| SLR1      | 1940 |    0 | 1200 |
| SLR0      |  142 |  993 |    0 |
+-----------+------+------+------+


3. SLR CLB Logic and Dedicated Block Utilization
------------------------------------------------

+----------------------------+--------+-------+-------+--------+--------+--------+
|          Site Type         |  SLR0  |  SLR1 |  SLR2 | SLR0 % | SLR1 % | SLR2 % |
+----------------------------+--------+-------+-------+--------+--------+--------+
| CLB                        |  22583 |  6632 |  7919 |  41.09 |  12.28 |  14.66 |
|   CLBL                     |  11605 |  3322 |  4075 |  39.63 |  11.35 |  13.92 |
|   CLBM                     |  10978 |  3310 |  3844 |  42.75 |  13.39 |  15.55 |
| CLB LUTs                   |  91765 | 47602 | 35421 |  20.87 |  11.02 |   8.20 |
|   LUT as Logic             |  77783 | 43632 | 32383 |  17.69 |  10.10 |   7.50 |
|     using O5 output only   |    960 |   287 |  1008 |   0.22 |   0.07 |   0.23 |
|     using O6 output only   |  53384 | 34234 | 19518 |  12.14 |   7.92 |   4.52 |
|     using O5 and O6        |  23439 |  9111 | 11857 |   5.33 |   2.11 |   2.74 |
|   LUT as Memory            |  13982 |  3970 |  3038 |   6.81 |   2.01 |   1.54 |
|     LUT as Distributed RAM |  10116 |  3837 |  1660 |   4.92 |   1.94 |   0.84 |
|       using O5 output only |      0 |     0 |     0 |   0.00 |   0.00 |   0.00 |
|       using O6 output only |   8252 |   215 |    84 |   4.02 |   0.11 |   0.04 |
|       using O5 and O6      |   1864 |  3622 |  1576 |   0.91 |   1.83 |   0.80 |
|     LUT as Shift Register  |   3866 |   133 |  1378 |   1.88 |   0.07 |   0.70 |
|       using O5 output only |      0 |     0 |     0 |   0.00 |   0.00 |   0.00 |
|       using O6 output only |   2492 |   133 |  1248 |   1.21 |   0.07 |   0.63 |
|       using O5 and O6      |   1374 |     0 |   130 |   0.67 |   0.00 |   0.07 |
| CLB Registers              | 124913 | 46267 | 61020 |  14.20 |   5.35 |   7.06 |
| CARRY8                     |   1722 |   473 |   313 |   3.13 |   0.88 |   0.58 |
| F7 Muxes                   |   2641 |   651 |  1054 |   1.20 |   0.30 |   0.49 |
| F8 Muxes                   |    384 |   141 |    47 |   0.35 |   0.13 |   0.04 |
| F9 Muxes                   |      0 |     0 |     0 |   0.00 |   0.00 |   0.00 |
| Block RAM Tile             |   82.5 |  80.5 |    94 |  12.28 |  11.98 |  13.99 |
|   RAMB36/FIFO              |     65 |    80 |    92 |   9.67 |  11.90 |  13.69 |
|     RAMB36E2 only          |     65 |    80 |    92 |   9.67 |  11.90 |  13.69 |
|   RAMB18                   |     35 |     1 |     4 |   2.60 |   0.07 |   0.30 |
|     RAMB18E2 only          |     35 |     1 |     4 |   2.60 |   0.07 |   0.30 |
| URAM                       |      0 |     0 |     0 |   0.00 |   0.00 |   0.00 |
| DSPs                       |    262 |     0 |     4 |   9.10 |   0.00 |   0.13 |
| Unique Control Sets        |   3790 |  1499 |  2728 |   3.45 |   1.39 |   2.53 |
+----------------------------+--------+-------+-------+--------+--------+--------+
* Note: Available Control Sets based on CLB Registers / 8


4. SLR IO Utilization
---------------------

+-----------+-----------+---------+------------+----------+------------+----------+-----+
| SLR Index | Used IOBs | (%)IOBs | Used IPADs | (%)IPADs | Used OPADs | (%)OPADs | GTs |
+-----------+-----------+---------+------------+----------+------------+----------+-----+
| SLR2      |        18 |    8.65 |          0 |     0.00 |          0 |     0.00 |   0 |
| SLR1      |         0 |    0.00 |          0 |     0.00 |          0 |     0.00 |   0 |
| SLR0      |         1 |    0.48 |          0 |     0.00 |          0 |     0.00 |  16 |
+-----------+-----------+---------+------------+----------+------------+----------+-----+
| Total     |        19 |         |          0 |          |          0 |          |  16 |
+-----------+-----------+---------+------------+----------+------------+----------+-----+


