Copyright 1986-2021 Xilinx, Inc. All Rights Reserved.
---------------------------------------------------------------------------------------------------------------------------------------------------------------------------------
| Tool Version : Vivado v.2021.2 (lin64) Build 3367213 Tue Oct 19 02:47:39 MDT 2021
| Date         : Tue Nov 22 17:08:38 2022
| Host         : nanu running 64-bit Ubuntu 20.04.1 LTS
| Command      : report_accelerator_utilization -kernels { k_sign:pfm_top_i/dynamic_region/k_sign_1/inst:k_sign_1} -file kernel_util_synthed.rpt -name kernel_util_synthed -json
| Design       : pfm_top_wrapper
| Device       : xcu280
| Design State : Synthesized
---------------------------------------------------------------------------------------------------------------------------------------------------------------------------------

Accelerator Utilization Design Information

Table of Contents
-----------------
1. System Utilization

1. System Utilization
---------------------

+---------------------+-------------------+------------------+-------------------+----------------+---------------+----------------+
| Name                | LUT               | LUTAsMem         | REG               | BRAM           | URAM          | DSP            |
+---------------------+-------------------+------------------+-------------------+----------------+---------------+----------------+
| Platform            |  123952 [  9.51%] |  14009 [  2.33%] |  167694 [  6.43%] |  202 [ 10.02%] |   0 [  0.00%] |    4 [  0.04%] |
| User Budget         | 1178768 [100.00%] | 586471 [100.00%] | 2439666 [100.00%] | 1814 [100.00%] | 960 [100.00%] | 9020 [100.00%] |
|    Used Resources   |  128426 [ 10.89%] |  25623 [  4.37%] |  149923 [  6.15%] |  125 [  6.89%] |  49 [  5.10%] |  484 [  5.37%] |
|    Unused Resources | 1050342 [ 89.11%] | 560848 [ 95.63%] | 2289743 [ 93.85%] | 1689 [ 93.11%] | 911 [ 94.90%] | 8536 [ 94.63%] |
| k_sign              |  128426 [ 10.89%] |  25623 [  4.37%] |  149923 [  6.15%] |  125 [  6.89%] |  49 [  5.10%] |  484 [  5.37%] |
|    k_sign_1         |  128426 [ 10.89%] |  25623 [  4.37%] |  149923 [  6.15%] |  125 [  6.89%] |  49 [  5.10%] |  484 [  5.37%] |
+---------------------+-------------------+------------------+-------------------+----------------+---------------+----------------+


