Copyright 1986-2021 Xilinx, Inc. All Rights Reserved.
-------------------------------------------------------------------------------------------------------------------------------------------------------------------------------
| Tool Version : Vivado v.2021.2 (lin64) Build 3367213 Tue Oct 19 02:47:39 MDT 2021
| Date         : Fri Sep 15 18:55:28 2023
| Host         : picu running 64-bit Ubuntu 20.04.1 LTS
| Command      : report_accelerator_utilization -kernels { k_sign:pfm_top_i/dynamic_region/k_sign_1/inst:k_sign_1} -file kernel_util_routed.rpt -name kernel_util_routed -json
| Design       : pfm_top_wrapper
| Device       : xcu280
| Design State : Routed
-------------------------------------------------------------------------------------------------------------------------------------------------------------------------------

Accelerator Utilization Design Information

Table of Contents
-----------------
1. System Utilization

1. System Utilization
---------------------

+---------------------+-------------------+------------------+-------------------+----------------+---------------+----------------+
| Name                | LUT               | LUTAsMem         | REG               | BRAM           | URAM          | DSP            |
+---------------------+-------------------+------------------+-------------------+----------------+---------------+----------------+
| Platform            |  108316 [  8.31%] |  11855 [  1.97%] |  160563 [  6.16%] |  202 [ 10.02%] |   0 [  0.00%] |    4 [  0.04%] |
| User Budget         | 1194404 [100.00%] | 588625 [100.00%] | 2446797 [100.00%] | 1814 [100.00%] | 960 [100.00%] | 9020 [100.00%] |
|    Used Resources   |  126783 [ 10.61%] |  24601 [  4.18%] |  150022 [  6.13%] |  158 [  8.71%] |  35 [  3.65%] |  484 [  5.37%] |
|    Unused Resources | 1067621 [ 89.39%] | 564024 [ 95.82%] | 2296775 [ 93.87%] | 1656 [ 91.29%] | 925 [ 96.35%] | 8536 [ 94.63%] |
| k_sign              |  126783 [ 10.61%] |  24601 [  4.18%] |  150022 [  6.13%] |  158 [  8.71%] |  35 [  3.65%] |  484 [  5.37%] |
|    k_sign_1         |  126783 [ 10.61%] |  24601 [  4.18%] |  150022 [  6.13%] |  158 [  8.71%] |  35 [  3.65%] |  484 [  5.37%] |
+---------------------+-------------------+------------------+-------------------+----------------+---------------+----------------+


