Copyright 1986-2021 Xilinx, Inc. All Rights Reserved.
------------------------------------------------------------------------------------------
| Tool Version : Vivado v.2021.2 (lin64) Build 3367213 Tue Oct 19 02:47:39 MDT 2021
| Date         : Fri Sep 15 17:55:54 2023
| Host         : picu running 64-bit Ubuntu 20.04.1 LTS
| Command      : report_utilization -slr -file slr_util_placed.rpt -pb slr_util_placed.pb
| Design       : pfm_top_wrapper
| Device       : xcu280-fsvh2892-2L-e
| Speed File   : -2L
| Design State : Fully Placed
------------------------------------------------------------------------------------------

Utilization Design Information

Table of Contents
-----------------
1. SLR Connectivity
2. SLR Connectivity Matrix
3. SLR CLB Logic and Dedicated Block Utilization
4. SLR IO Utilization

1. SLR Connectivity
-------------------

+----------------------------------+------+-------+-----------+-------+
|                                  | Used | Fixed | Available | Util% |
+----------------------------------+------+-------+-----------+-------+
| SLR2 <-> SLR1                    | 3959 |       |     23040 | 17.18 |
|   SLR1 -> SLR2                   | 2089 |       |           |  9.07 |
|     Using TX_REG only            |    1 |     1 |           |       |
|     Using RX_REG only            |   18 |    18 |           |       |
|     Using Both TX_REG and RX_REG |  267 |     1 |           |       |
|   SLR2 -> SLR1                   | 1870 |       |           |  8.12 |
|     Using TX_REG only            |    0 |     0 |           |       |
|     Using RX_REG only            |    4 |     4 |           |       |
|     Using Both TX_REG and RX_REG |  407 |     0 |           |       |
| SLR1 <-> SLR0                    | 2550 |       |     23040 | 11.07 |
|   SLR0 -> SLR1                   | 1137 |       |           |  4.93 |
|     Using TX_REG only            |   71 |    71 |           |       |
|     Using RX_REG only            |   61 |    61 |           |       |
|     Using Both TX_REG and RX_REG |  355 |    55 |           |       |
|   SLR1 -> SLR0                   | 1413 |       |           |  6.13 |
|     Using TX_REG only            |   62 |    62 |           |       |
|     Using RX_REG only            |   72 |    71 |           |       |
|     Using Both TX_REG and RX_REG |  439 |    60 |           |       |
+----------------------------------+------+-------+-----------+-------+
| Total SLLs Used                  | 6509 |       |           |       |
+----------------------------------+------+-------+-----------+-------+


2. SLR Connectivity Matrix
--------------------------

+-----------+------+------+------+
| FROM \ TO | SLR2 | SLR1 | SLR0 |
+-----------+------+------+------+
| SLR2      |    0 | 1735 |  135 |
| SLR1      | 1989 |    0 | 1278 |
| SLR0      |  100 | 1037 |    0 |
+-----------+------+------+------+


3. SLR CLB Logic and Dedicated Block Utilization
------------------------------------------------

+----------------------------+--------+-------+-------+--------+--------+--------+
|          Site Type         |  SLR0  |  SLR1 |  SLR2 | SLR0 % | SLR1 % | SLR2 % |
+----------------------------+--------+-------+-------+--------+--------+--------+
| CLB                        |  33004 |  6997 |  8054 |  60.05 |  12.96 |  14.91 |
|   CLBL                     |  17395 |  3495 |  4162 |  59.41 |  11.94 |  14.21 |
|   CLBM                     |  15609 |  3502 |  3892 |  60.78 |  14.17 |  15.74 |
| CLB LUTs                   | 151591 | 48284 | 35212 |  34.48 |  11.18 |   8.15 |
|   LUT as Logic             | 122145 | 44247 | 32239 |  27.78 |  10.24 |   7.46 |
|     using O5 output only   |   1309 |   295 |  1010 |   0.30 |   0.07 |   0.23 |
|     using O6 output only   |  93403 | 34694 | 19417 |  21.24 |   8.03 |   4.49 |
|     using O5 and O6        |  27433 |  9258 | 11812 |   6.24 |   2.14 |   2.73 |
|   LUT as Memory            |  29446 |  4037 |  2973 |  14.33 |   2.04 |   1.50 |
|     LUT as Distributed RAM |  26094 |  3837 |  1660 |  12.70 |   1.94 |   0.84 |
|       using O5 output only |      0 |     0 |     0 |   0.00 |   0.00 |   0.00 |
|       using O6 output only |  23102 |   215 |    84 |  11.25 |   0.11 |   0.04 |
|       using O5 and O6      |   2992 |  3622 |  1576 |   1.46 |   1.83 |   0.80 |
|     LUT as Shift Register  |   3352 |   200 |  1313 |   1.63 |   0.10 |   0.66 |
|       using O5 output only |      0 |     0 |     0 |   0.00 |   0.00 |   0.00 |
|       using O6 output only |   2276 |   200 |  1183 |   1.11 |   0.10 |   0.60 |
|       using O5 and O6      |   1076 |     0 |   130 |   0.52 |   0.00 |   0.07 |
| CLB Registers              | 202847 | 47288 | 60419 |  23.07 |   5.47 |   6.99 |
| CARRY8                     |   4350 |   480 |   313 |   7.91 |   0.89 |   0.58 |
| F7 Muxes                   |   2952 |   651 |  1054 |   1.34 |   0.30 |   0.49 |
| F8 Muxes                   |    748 |   141 |    47 |   0.68 |   0.13 |   0.04 |
| F9 Muxes                   |      2 |     0 |     0 |  <0.01 |   0.00 |   0.00 |
| Block RAM Tile             |  183.5 |  82.5 |    94 |  27.31 |  12.28 |  13.99 |
|   RAMB36/FIFO              |    134 |    82 |    92 |  19.94 |  12.20 |  13.69 |
|     RAMB36E2 only          |    134 |    82 |    92 |  19.94 |  12.20 |  13.69 |
|   RAMB18                   |     99 |     1 |     4 |   7.37 |   0.07 |   0.30 |
|     RAMB18E2 only          |     99 |     1 |     4 |   7.37 |   0.07 |   0.30 |
| URAM                       |     35 |     0 |     0 |  10.94 |   0.00 |   0.00 |
| DSPs                       |    484 |     0 |     4 |  16.81 |   0.00 |   0.13 |
| Unique Control Sets        |   5904 |  1532 |  2715 |   5.37 |   1.42 |   2.51 |
+----------------------------+--------+-------+-------+--------+--------+--------+
* Note: Available Control Sets based on CLB Registers / 8


4. SLR IO Utilization
---------------------

+-----------+-----------+---------+------------+----------+------------+----------+-----+
| SLR Index | Used IOBs | (%)IOBs | Used IPADs | (%)IPADs | Used OPADs | (%)OPADs | GTs |
+-----------+-----------+---------+------------+----------+------------+----------+-----+
| SLR2      |        18 |    8.65 |          0 |     0.00 |          0 |     0.00 |   0 |
| SLR1      |         0 |    0.00 |          0 |     0.00 |          0 |     0.00 |   0 |
| SLR0      |         1 |    0.48 |          0 |     0.00 |          0 |     0.00 |  16 |
+-----------+-----------+---------+------------+----------+------------+----------+-----+
| Total     |        19 |         |          0 |          |          0 |          |  16 |
+-----------+-----------+---------+------------+----------+------------+----------+-----+


