Copyright 1986-2021 Xilinx, Inc. All Rights Reserved.
------------------------------------------------------------------------------------------
| Tool Version : Vivado v.2021.2 (lin64) Build 3367213 Tue Oct 19 02:47:39 MDT 2021
| Date         : Mon Sep  4 21:00:57 2023
| Host         : picu running 64-bit Ubuntu 20.04.1 LTS
| Command      : report_utilization -slr -file slr_util_routed.rpt -pb slr_util_routed.pb
| Design       : pfm_top_wrapper
| Device       : xcu280-fsvh2892-2L-e
| Speed File   : -2L
| Design State : Routed
------------------------------------------------------------------------------------------

Utilization Design Information

Table of Contents
-----------------
1. SLR Connectivity
2. SLR Connectivity Matrix
3. SLR CLB Logic and Dedicated Block Utilization
4. SLR IO Utilization

1. SLR Connectivity
-------------------

+----------------------------------+------+-------+-----------+-------+
|                                  | Used | Fixed | Available | Util% |
+----------------------------------+------+-------+-----------+-------+
| SLR2 <-> SLR1                    | 3957 |       |     23040 | 17.17 |
|   SLR1 -> SLR2                   | 2083 |       |           |  9.04 |
|     Using TX_REG only            |  287 |     1 |           |       |
|     Using RX_REG only            |  304 |    18 |           |       |
|     Using Both TX_REG and RX_REG |  287 |     1 |           |       |
|   SLR2 -> SLR1                   | 1874 |       |           |  8.13 |
|     Using TX_REG only            |  407 |     0 |           |       |
|     Using RX_REG only            |  412 |     4 |           |       |
|     Using Both TX_REG and RX_REG |  407 |     0 |           |       |
| SLR1 <-> SLR0                    | 2529 |       |     23040 | 10.98 |
|   SLR0 -> SLR1                   | 1135 |       |           |  4.93 |
|     Using TX_REG only            |  371 |    71 |           |       |
|     Using RX_REG only            |  361 |    61 |           |       |
|     Using Both TX_REG and RX_REG |  355 |    55 |           |       |
|   SLR1 -> SLR0                   | 1394 |       |           |  6.05 |
|     Using TX_REG only            |  441 |    62 |           |       |
|     Using RX_REG only            |  451 |    71 |           |       |
|     Using Both TX_REG and RX_REG |  439 |    60 |           |       |
+----------------------------------+------+-------+-----------+-------+
| Total SLLs Used                  | 6486 |       |           |       |
+----------------------------------+------+-------+-----------+-------+


2. SLR Connectivity Matrix
--------------------------

+-----------+------+------+------+
| FROM \ TO | SLR2 | SLR1 | SLR0 |
+-----------+------+------+------+
| SLR2      |    0 | 1680 |  194 |
| SLR1      | 1941 |    0 | 1200 |
| SLR0      |  142 |  993 |    0 |
+-----------+------+------+------+


3. SLR CLB Logic and Dedicated Block Utilization
------------------------------------------------

+----------------------------+--------+-------+-------+--------+--------+--------+
|          Site Type         |  SLR0  |  SLR1 |  SLR2 | SLR0 % | SLR1 % | SLR2 % |
+----------------------------+--------+-------+-------+--------+--------+--------+
| CLB                        |  16969 |  6888 |  8044 |  30.88 |  12.76 |  14.90 |
|   CLBL                     |   8799 |  3477 |  4177 |  30.05 |  11.88 |  14.27 |
|   CLBM                     |   8170 |  3411 |  3867 |  31.81 |  13.80 |  15.64 |
| CLB LUTs                   |  78194 | 47531 | 35422 |  17.78 |  11.00 |   8.20 |
|   LUT as Logic             |  67877 | 43593 | 32350 |  15.44 |  10.09 |   7.49 |
|     using O5 output only   |    884 |   284 |  1004 |   0.20 |   0.07 |   0.23 |
|     using O6 output only   |  45286 | 34198 | 19538 |  10.30 |   7.92 |   4.52 |
|     using O5 and O6        |  21707 |  9111 | 11808 |   4.94 |   2.11 |   2.73 |
|   LUT as Memory            |  10317 |  3938 |  3072 |   5.02 |   1.99 |   1.55 |
|     LUT as Distributed RAM |   6680 |  3837 |  1660 |   3.25 |   1.94 |   0.84 |
|       using O5 output only |      0 |     0 |     0 |   0.00 |   0.00 |   0.00 |
|       using O6 output only |   4848 |   215 |    84 |   2.36 |   0.11 |   0.04 |
|       using O5 and O6      |   1832 |  3622 |  1576 |   0.89 |   1.83 |   0.80 |
|     LUT as Shift Register  |   3637 |   101 |  1412 |   1.77 |   0.05 |   0.71 |
|       using O5 output only |      0 |     0 |     0 |   0.00 |   0.00 |   0.00 |
|       using O6 output only |   2307 |   101 |  1282 |   1.12 |   0.05 |   0.65 |
|       using O5 and O6      |   1330 |     0 |   130 |   0.65 |   0.00 |   0.07 |
| CLB Registers              | 108701 | 46205 | 60816 |  12.36 |   5.35 |   7.04 |
| CARRY8                     |   1173 |   473 |   313 |   2.13 |   0.88 |   0.58 |
| F7 Muxes                   |   2597 |   651 |  1054 |   1.18 |   0.30 |   0.49 |
| F8 Muxes                   |    608 |   141 |    47 |   0.55 |   0.13 |   0.04 |
| F9 Muxes                   |      0 |     0 |     0 |   0.00 |   0.00 |   0.00 |
| Block RAM Tile             |   45.5 |  80.5 |    94 |   6.77 |  11.98 |  13.99 |
|   RAMB36/FIFO              |     34 |    80 |    92 |   5.06 |  11.90 |  13.69 |
|     RAMB36E2 only          |     34 |    80 |    92 |   5.06 |  11.90 |  13.69 |
|   RAMB18                   |     23 |     1 |     4 |   1.71 |   0.07 |   0.30 |
|     RAMB18E2 only          |     23 |     1 |     4 |   1.71 |   0.07 |   0.30 |
| URAM                       |      0 |     0 |     0 |   0.00 |   0.00 |   0.00 |
| DSPs                       |    121 |     0 |     4 |   4.20 |   0.00 |   0.13 |
| Unique Control Sets        |   3166 |  1497 |  2725 |   2.88 |   1.39 |   2.52 |
+----------------------------+--------+-------+-------+--------+--------+--------+
* Note: Available Control Sets based on CLB Registers / 8


4. SLR IO Utilization
---------------------

+-----------+-----------+---------+------------+----------+------------+----------+-----+
| SLR Index | Used IOBs | (%)IOBs | Used IPADs | (%)IPADs | Used OPADs | (%)OPADs | GTs |
+-----------+-----------+---------+------------+----------+------------+----------+-----+
| SLR2      |        18 |    8.65 |          0 |     0.00 |          0 |     0.00 |   0 |
| SLR1      |         0 |    0.00 |          0 |     0.00 |          0 |     0.00 |   0 |
| SLR0      |         1 |    0.48 |          0 |     0.00 |          0 |     0.00 |  16 |
+-----------+-----------+---------+------------+----------+------------+----------+-----+
| Total     |        19 |         |          0 |          |          0 |          |  16 |
+-----------+-----------+---------+------------+----------+------------+----------+-----+


