Copyright 1986-2021 Xilinx, Inc. All Rights Reserved.
------------------------------------------------------------------------------------------------------------------------------------------------------------------------------------------
| Tool Version : Vivado v.2021.2 (lin64) Build 3367213 Tue Oct 19 02:47:39 MDT 2021
| Date         : Mon Sep  4 20:16:10 2023
| Host         : picu running 64-bit Ubuntu 20.04.1 LTS
| Command      : report_accelerator_utilization -kernels { k_kem_enc:pfm_top_i/dynamic_region/k_kem_enc_1/inst:k_kem_enc_1} -file kernel_util_synthed.rpt -name kernel_util_synthed -json
| Design       : pfm_top_wrapper
| Device       : xcu280
| Design State : Synthesized
------------------------------------------------------------------------------------------------------------------------------------------------------------------------------------------

Accelerator Utilization Design Information

Table of Contents
-----------------
1. System Utilization

1. System Utilization
---------------------

+---------------------+-------------------+------------------+-------------------+----------------+---------------+----------------+
| Name                | LUT               | LUTAsMem         | REG               | BRAM           | URAM          | DSP            |
+---------------------+-------------------+------------------+-------------------+----------------+---------------+----------------+
| Platform            |  120547 [  9.25%] |  12642 [  2.11%] |  161970 [  6.21%] |  202 [ 10.02%] |   0 [  0.00%] |    4 [  0.04%] |
| User Budget         | 1182173 [100.00%] | 587838 [100.00%] | 2445390 [100.00%] | 1814 [100.00%] | 960 [100.00%] | 9020 [100.00%] |
|    Used Resources   |   58173 [  4.92%] |   7351 [  1.25%] |   61220 [  2.50%] |   18 [  0.99%] |   0 [  0.00%] |  121 [  1.34%] |
|    Unused Resources | 1124000 [ 95.08%] | 580487 [ 98.75%] | 2384170 [ 97.50%] | 1796 [ 99.01%] | 960 [100.00%] | 8899 [ 98.66%] |
| k_kem_enc           |   58173 [  4.92%] |   7351 [  1.25%] |   61220 [  2.50%] |   18 [  0.99%] |   0 [  0.00%] |  121 [  1.34%] |
|    k_kem_enc_1      |   58173 [  4.92%] |   7351 [  1.25%] |   61220 [  2.50%] |   18 [  0.99%] |   0 [  0.00%] |  121 [  1.34%] |
+---------------------+-------------------+------------------+-------------------+----------------+---------------+----------------+


