Copyright 1986-2021 Xilinx, Inc. All Rights Reserved.
------------------------------------------------------------------------------------------------------------------------------------------------------------------------------------------
| Tool Version : Vivado v.2021.2 (lin64) Build 3367213 Tue Oct 19 02:47:39 MDT 2021
| Date         : Mon Nov 21 17:27:14 2022
| Host         : nanu running 64-bit Ubuntu 20.04.1 LTS
| Command      : report_accelerator_utilization -kernels { k_kem_dec:pfm_top_i/dynamic_region/k_kem_dec_1/inst:k_kem_dec_1} -file kernel_util_synthed.rpt -name kernel_util_synthed -json
| Design       : pfm_top_wrapper
| Device       : xcu280
| Design State : Synthesized
------------------------------------------------------------------------------------------------------------------------------------------------------------------------------------------

Accelerator Utilization Design Information

Table of Contents
-----------------
1. System Utilization

1. System Utilization
---------------------

+---------------------+-------------------+------------------+-------------------+----------------+---------------+----------------+
| Name                | LUT               | LUTAsMem         | REG               | BRAM           | URAM          | DSP            |
+---------------------+-------------------+------------------+-------------------+----------------+---------------+----------------+
| Platform            |  118777 [  9.12%] |  12142 [  2.02%] |  159164 [  6.10%] |  202 [ 10.02%] |   0 [  0.00%] |    4 [  0.04%] |
| User Budget         | 1183943 [100.00%] | 588338 [100.00%] | 2448196 [100.00%] | 1814 [100.00%] | 960 [100.00%] | 9020 [100.00%] |
|    Used Resources   |   70667 [  5.97%] |  11345 [  1.93%] |   78638 [  3.21%] |   46 [  2.54%] |   0 [  0.00%] |  220 [  2.44%] |
|    Unused Resources | 1113276 [ 94.03%] | 576993 [ 98.07%] | 2369558 [ 96.79%] | 1768 [ 97.46%] | 960 [100.00%] | 8800 [ 97.56%] |
| k_kem_dec           |   70667 [  5.97%] |  11345 [  1.93%] |   78638 [  3.21%] |   46 [  2.54%] |   0 [  0.00%] |  220 [  2.44%] |
|    k_kem_dec_1      |   70667 [  5.97%] |  11345 [  1.93%] |   78638 [  3.21%] |   46 [  2.54%] |   0 [  0.00%] |  220 [  2.44%] |
+---------------------+-------------------+------------------+-------------------+----------------+---------------+----------------+


