
*** Running vivado
    with args -log pfm_dynamic_psreset_gate_pr_control_1.vds -m64 -product Vivado -mode batch -messageDb vivado.pb -notrace -source pfm_dynamic_psreset_gate_pr_control_1.tcl


****** Vivado v2021.2 (64-bit)
  **** SW Build 3367213 on Tue Oct 19 02:47:39 MDT 2021
  **** IP Build 3369179 on Thu Oct 21 08:25:16 MDT 2021
    ** Copyright 1986-2021 Xilinx, Inc. All Rights Reserved.

source pfm_dynamic_psreset_gate_pr_control_1.tcl -notrace
INFO: Dispatch client connection id - 33239
INFO: [IP_Flow 19-234] Refreshing IP repositories
INFO: [IP_Flow 19-1700] Loaded user IP repository '/home/xcarril/pqc_codesign/dilithium-update/ML-DSA/signature/xout/hw.2/.temps/link/int/xo/ip_repo/xilinx_com_hls_k_sign_0_0'.
INFO: [IP_Flow 19-1700] Loaded user IP repository '/home/xcarril/pqc_codesign/dilithium-update/ML-DSA/signature/xout/hw.2/.temps/link/vivado/vpl/.local/hw_platform/iprepo'.
INFO: [IP_Flow 19-1700] Loaded user IP repository '/opt/Xilinx/Vitis/2021.2/data/cache/xilinx'.
INFO: [IP_Flow 19-1700] Loaded user IP repository '/home/xcarril/pqc_codesign/dilithium-update/ML-DSA/signature/xout/hw.2/.temps/link/vivado/vpl/.local/hw_platform/ipcache'.
INFO: [IP_Flow 19-1700] Loaded user IP repository '/opt/Xilinx/Vitis/2021.2/data/ip'.
INFO: [IP_Flow 19-2313] Loaded Vivado IP repository '/opt/Xilinx/Vivado/2021.2/data/ip'.
Command: synth_design -top pfm_dynamic_psreset_gate_pr_control_1 -part xcu280-fsvh2892-2L-e -mode out_of_context
Starting synth_design
Attempting to get a license for feature 'Synthesis' and/or device 'xcu280'
INFO: [Common 17-349] Got license for feature 'Synthesis' and/or device 'xcu280'
INFO: [Device 21-403] Loading part xcu280-fsvh2892-2L-e
INFO: [Synth 8-7079] Multithreading enabled for synth_design using a maximum of 1 processes.
INFO: [Synth 8-7078] Launching helper process for spawning children vivado processes
INFO: [Synth 8-7075] Helper process launched with PID 1788817
---------------------------------------------------------------------------------
Starting RTL Elaboration : Time (s): cpu = 00:00:04 ; elapsed = 00:00:04 . Memory (MB): peak = 3446.133 ; gain = 285.797 ; free physical = 92535 ; free virtual = 224788
---------------------------------------------------------------------------------
INFO: [Synth 8-638] synthesizing module 'pfm_dynamic_psreset_gate_pr_control_1' [/home/xcarril/pqc_codesign/dilithium-update/ML-DSA/signature/xout/hw.2/.temps/link/vivado/vpl/prj/prj.gen/my_rm/bd/bd/ip/pfm_dynamic_psreset_gate_pr_control_1/synth/pfm_dynamic_psreset_gate_pr_control_1.vhd:74]
	Parameter C_FAMILY bound to: virtexuplusHBM - type: string 
	Parameter C_EXT_RST_WIDTH bound to: 1 - type: integer 
	Parameter C_AUX_RST_WIDTH bound to: 1 - type: integer 
	Parameter C_EXT_RESET_HIGH bound to: 1'b0 
	Parameter C_AUX_RESET_HIGH bound to: 1'b0 
	Parameter C_NUM_BUS_RST bound to: 1 - type: integer 
	Parameter C_NUM_PERP_RST bound to: 1 - type: integer 
	Parameter C_NUM_INTERCONNECT_ARESETN bound to: 1 - type: integer 
	Parameter C_NUM_PERP_ARESETN bound to: 1 - type: integer 
INFO: [Synth 8-3491] module 'proc_sys_reset' declared at '/home/xcarril/pqc_codesign/dilithium-update/ML-DSA/signature/xout/hw.2/.temps/link/vivado/vpl/prj/prj.gen/my_rm/bd/bd/ipshared/8842/hdl/proc_sys_reset_v5_0_vh_rfs.vhd:1264' bound to instance 'U0' of component 'proc_sys_reset' [/home/xcarril/pqc_codesign/dilithium-update/ML-DSA/signature/xout/hw.2/.temps/link/vivado/vpl/prj/prj.gen/my_rm/bd/bd/ip/pfm_dynamic_psreset_gate_pr_control_1/synth/pfm_dynamic_psreset_gate_pr_control_1.vhd:129]
INFO: [Synth 8-638] synthesizing module 'proc_sys_reset' [/home/xcarril/pqc_codesign/dilithium-update/ML-DSA/signature/xout/hw.2/.temps/link/vivado/vpl/prj/prj.gen/my_rm/bd/bd/ipshared/8842/hdl/proc_sys_reset_v5_0_vh_rfs.vhd:1323]
	Parameter INIT bound to: 1'b1 
INFO: [Synth 8-113] binding component instance 'FDRE_inst' to cell 'FDRE' [/home/xcarril/pqc_codesign/dilithium-update/ML-DSA/signature/xout/hw.2/.temps/link/vivado/vpl/prj/prj.gen/my_rm/bd/bd/ipshared/8842/hdl/proc_sys_reset_v5_0_vh_rfs.vhd:1392]
	Parameter INIT bound to: 1'b1 
INFO: [Synth 8-113] binding component instance 'FDRE_BSR' to cell 'FDRE' [/home/xcarril/pqc_codesign/dilithium-update/ML-DSA/signature/xout/hw.2/.temps/link/vivado/vpl/prj/prj.gen/my_rm/bd/bd/ipshared/8842/hdl/proc_sys_reset_v5_0_vh_rfs.vhd:1408]
	Parameter INIT bound to: 1'b0 
INFO: [Synth 8-113] binding component instance 'FDRE_BSR_N' to cell 'FDRE' [/home/xcarril/pqc_codesign/dilithium-update/ML-DSA/signature/xout/hw.2/.temps/link/vivado/vpl/prj/prj.gen/my_rm/bd/bd/ipshared/8842/hdl/proc_sys_reset_v5_0_vh_rfs.vhd:1434]
	Parameter INIT bound to: 1'b1 
INFO: [Synth 8-113] binding component instance 'FDRE_PER' to cell 'FDRE' [/home/xcarril/pqc_codesign/dilithium-update/ML-DSA/signature/xout/hw.2/.temps/link/vivado/vpl/prj/prj.gen/my_rm/bd/bd/ipshared/8842/hdl/proc_sys_reset_v5_0_vh_rfs.vhd:1457]
	Parameter INIT bound to: 1'b0 
INFO: [Synth 8-113] binding component instance 'FDRE_PER_N' to cell 'FDRE' [/home/xcarril/pqc_codesign/dilithium-update/ML-DSA/signature/xout/hw.2/.temps/link/vivado/vpl/prj/prj.gen/my_rm/bd/bd/ipshared/8842/hdl/proc_sys_reset_v5_0_vh_rfs.vhd:1481]
INFO: [Synth 8-638] synthesizing module 'lpf' [/home/xcarril/pqc_codesign/dilithium-update/ML-DSA/signature/xout/hw.2/.temps/link/vivado/vpl/prj/prj.gen/my_rm/bd/bd/ipshared/8842/hdl/proc_sys_reset_v5_0_vh_rfs.vhd:816]
INFO: [Synth 8-3491] module 'SRL16' declared at '/opt/Xilinx/Vivado/2021.2/scripts/rt/data/unisim_comp.v:105983' bound to instance 'POR_SRL_I' of component 'SRL16' [/home/xcarril/pqc_codesign/dilithium-update/ML-DSA/signature/xout/hw.2/.temps/link/vivado/vpl/prj/prj.gen/my_rm/bd/bd/ipshared/8842/hdl/proc_sys_reset_v5_0_vh_rfs.vhd:868]
INFO: [Synth 8-6157] synthesizing module 'SRL16' [/opt/Xilinx/Vivado/2021.2/scripts/rt/data/unisim_comp.v:105983]
INFO: [Synth 8-6155] done synthesizing module 'SRL16' (1#1) [/opt/Xilinx/Vivado/2021.2/scripts/rt/data/unisim_comp.v:105983]
INFO: [Synth 8-638] synthesizing module 'cdc_sync' [/home/xcarril/pqc_codesign/dilithium-update/ML-DSA/signature/xout/hw.2/.temps/link/vivado/vpl/prj/prj.gen/my_rm/bd/bd/ipshared/ef1e/hdl/lib_cdc_v1_0_rfs.vhd:106]
	Parameter INIT bound to: 1'b0 
INFO: [Synth 8-113] binding component instance 'CROSS_PLEVEL_IN2SCNDRY_IN_cdc_to' to cell 'FDR' [/home/xcarril/pqc_codesign/dilithium-update/ML-DSA/signature/xout/hw.2/.temps/link/vivado/vpl/prj/prj.gen/my_rm/bd/bd/ipshared/ef1e/hdl/lib_cdc_v1_0_rfs.vhd:514]
	Parameter INIT bound to: 1'b0 
INFO: [Synth 8-113] binding component instance 'CROSS_PLEVEL_IN2SCNDRY_s_level_out_d2' to cell 'FDR' [/home/xcarril/pqc_codesign/dilithium-update/ML-DSA/signature/xout/hw.2/.temps/link/vivado/vpl/prj/prj.gen/my_rm/bd/bd/ipshared/ef1e/hdl/lib_cdc_v1_0_rfs.vhd:545]
	Parameter INIT bound to: 1'b0 
INFO: [Synth 8-113] binding component instance 'CROSS_PLEVEL_IN2SCNDRY_s_level_out_d3' to cell 'FDR' [/home/xcarril/pqc_codesign/dilithium-update/ML-DSA/signature/xout/hw.2/.temps/link/vivado/vpl/prj/prj.gen/my_rm/bd/bd/ipshared/ef1e/hdl/lib_cdc_v1_0_rfs.vhd:554]
	Parameter INIT bound to: 1'b0 
INFO: [Synth 8-113] binding component instance 'CROSS_PLEVEL_IN2SCNDRY_s_level_out_d4' to cell 'FDR' [/home/xcarril/pqc_codesign/dilithium-update/ML-DSA/signature/xout/hw.2/.temps/link/vivado/vpl/prj/prj.gen/my_rm/bd/bd/ipshared/ef1e/hdl/lib_cdc_v1_0_rfs.vhd:564]
	Parameter INIT bound to: 1'b0 
INFO: [Synth 8-113] binding component instance 'CROSS_PLEVEL_IN2SCNDRY_s_level_out_d5' to cell 'FDR' [/home/xcarril/pqc_codesign/dilithium-update/ML-DSA/signature/xout/hw.2/.temps/link/vivado/vpl/prj/prj.gen/my_rm/bd/bd/ipshared/ef1e/hdl/lib_cdc_v1_0_rfs.vhd:574]
	Parameter INIT bound to: 1'b0 
INFO: [Synth 8-113] binding component instance 'CROSS_PLEVEL_IN2SCNDRY_s_level_out_d6' to cell 'FDR' [/home/xcarril/pqc_codesign/dilithium-update/ML-DSA/signature/xout/hw.2/.temps/link/vivado/vpl/prj/prj.gen/my_rm/bd/bd/ipshared/ef1e/hdl/lib_cdc_v1_0_rfs.vhd:584]
INFO: [Synth 8-256] done synthesizing module 'cdc_sync' (2#1) [/home/xcarril/pqc_codesign/dilithium-update/ML-DSA/signature/xout/hw.2/.temps/link/vivado/vpl/prj/prj.gen/my_rm/bd/bd/ipshared/ef1e/hdl/lib_cdc_v1_0_rfs.vhd:106]
INFO: [Synth 8-256] done synthesizing module 'lpf' (3#1) [/home/xcarril/pqc_codesign/dilithium-update/ML-DSA/signature/xout/hw.2/.temps/link/vivado/vpl/prj/prj.gen/my_rm/bd/bd/ipshared/8842/hdl/proc_sys_reset_v5_0_vh_rfs.vhd:816]
INFO: [Synth 8-638] synthesizing module 'sequence_psr' [/home/xcarril/pqc_codesign/dilithium-update/ML-DSA/signature/xout/hw.2/.temps/link/vivado/vpl/prj/prj.gen/my_rm/bd/bd/ipshared/8842/hdl/proc_sys_reset_v5_0_vh_rfs.vhd:301]
INFO: [Synth 8-638] synthesizing module 'upcnt_n' [/home/xcarril/pqc_codesign/dilithium-update/ML-DSA/signature/xout/hw.2/.temps/link/vivado/vpl/prj/prj.gen/my_rm/bd/bd/ipshared/8842/hdl/proc_sys_reset_v5_0_vh_rfs.vhd:125]
INFO: [Synth 8-256] done synthesizing module 'upcnt_n' (4#1) [/home/xcarril/pqc_codesign/dilithium-update/ML-DSA/signature/xout/hw.2/.temps/link/vivado/vpl/prj/prj.gen/my_rm/bd/bd/ipshared/8842/hdl/proc_sys_reset_v5_0_vh_rfs.vhd:125]
INFO: [Synth 8-256] done synthesizing module 'sequence_psr' (5#1) [/home/xcarril/pqc_codesign/dilithium-update/ML-DSA/signature/xout/hw.2/.temps/link/vivado/vpl/prj/prj.gen/my_rm/bd/bd/ipshared/8842/hdl/proc_sys_reset_v5_0_vh_rfs.vhd:301]
INFO: [Synth 8-256] done synthesizing module 'proc_sys_reset' (6#1) [/home/xcarril/pqc_codesign/dilithium-update/ML-DSA/signature/xout/hw.2/.temps/link/vivado/vpl/prj/prj.gen/my_rm/bd/bd/ipshared/8842/hdl/proc_sys_reset_v5_0_vh_rfs.vhd:1323]
INFO: [Synth 8-256] done synthesizing module 'pfm_dynamic_psreset_gate_pr_control_1' (7#1) [/home/xcarril/pqc_codesign/dilithium-update/ML-DSA/signature/xout/hw.2/.temps/link/vivado/vpl/prj/prj.gen/my_rm/bd/bd/ip/pfm_dynamic_psreset_gate_pr_control_1/synth/pfm_dynamic_psreset_gate_pr_control_1.vhd:74]
WARNING: [Synth 8-7129] Port prmry_aclk in module cdc_sync is either unconnected or has no load
WARNING: [Synth 8-7129] Port prmry_resetn in module cdc_sync is either unconnected or has no load
WARNING: [Synth 8-7129] Port prmry_vect_in[1] in module cdc_sync is either unconnected or has no load
WARNING: [Synth 8-7129] Port prmry_vect_in[0] in module cdc_sync is either unconnected or has no load
WARNING: [Synth 8-7129] Port scndry_resetn in module cdc_sync is either unconnected or has no load
---------------------------------------------------------------------------------
Finished RTL Elaboration : Time (s): cpu = 00:00:05 ; elapsed = 00:00:06 . Memory (MB): peak = 3497.039 ; gain = 336.703 ; free physical = 95616 ; free virtual = 227900
---------------------------------------------------------------------------------
---------------------------------------------------------------------------------
Start Handling Custom Attributes
---------------------------------------------------------------------------------
---------------------------------------------------------------------------------
Finished Handling Custom Attributes : Time (s): cpu = 00:00:06 ; elapsed = 00:00:06 . Memory (MB): peak = 3514.852 ; gain = 354.516 ; free physical = 94979 ; free virtual = 227284
---------------------------------------------------------------------------------
---------------------------------------------------------------------------------
Finished RTL Optimization Phase 1 : Time (s): cpu = 00:00:06 ; elapsed = 00:00:06 . Memory (MB): peak = 3514.852 ; gain = 354.516 ; free physical = 94978 ; free virtual = 227283
---------------------------------------------------------------------------------
Netlist sorting complete. Time (s): cpu = 00:00:00 ; elapsed = 00:00:00 . Memory (MB): peak = 3520.789 ; gain = 0.000 ; free physical = 94756 ; free virtual = 227078
INFO: [Netlist 29-17] Analyzing 13 Unisim elements for replacement
INFO: [Netlist 29-28] Unisim Transformation completed in 0 CPU seconds
INFO: [Project 1-570] Preparing netlist for logic optimization

Processing XDC Constraints
Initializing timing engine
Parsing XDC File [/home/xcarril/pqc_codesign/dilithium-update/ML-DSA/signature/xout/hw.2/.temps/link/vivado/vpl/prj/prj.gen/my_rm/bd/bd/ip/pfm_dynamic_psreset_gate_pr_control_1/pfm_dynamic_psreset_gate_pr_control_1_ooc.xdc] for cell 'U0'
create_clock: Time (s): cpu = 00:00:05 ; elapsed = 00:00:05 . Memory (MB): peak = 3640.383 ; gain = 0.000 ; free physical = 95374 ; free virtual = 227303
Finished Parsing XDC File [/home/xcarril/pqc_codesign/dilithium-update/ML-DSA/signature/xout/hw.2/.temps/link/vivado/vpl/prj/prj.gen/my_rm/bd/bd/ip/pfm_dynamic_psreset_gate_pr_control_1/pfm_dynamic_psreset_gate_pr_control_1_ooc.xdc] for cell 'U0'
Parsing XDC File [/home/xcarril/pqc_codesign/dilithium-update/ML-DSA/signature/xout/hw.2/.temps/link/vivado/vpl/prj/prj.gen/my_rm/bd/bd/ip/pfm_dynamic_psreset_gate_pr_control_1/pfm_dynamic_psreset_gate_pr_control_1_board.xdc] for cell 'U0'
Finished Parsing XDC File [/home/xcarril/pqc_codesign/dilithium-update/ML-DSA/signature/xout/hw.2/.temps/link/vivado/vpl/prj/prj.gen/my_rm/bd/bd/ip/pfm_dynamic_psreset_gate_pr_control_1/pfm_dynamic_psreset_gate_pr_control_1_board.xdc] for cell 'U0'
Parsing XDC File [/home/xcarril/pqc_codesign/dilithium-update/ML-DSA/signature/xout/hw.2/.temps/link/vivado/vpl/prj/prj.gen/my_rm/bd/bd/ip/pfm_dynamic_psreset_gate_pr_control_1/pfm_dynamic_psreset_gate_pr_control_1.xdc] for cell 'U0'
Finished Parsing XDC File [/home/xcarril/pqc_codesign/dilithium-update/ML-DSA/signature/xout/hw.2/.temps/link/vivado/vpl/prj/prj.gen/my_rm/bd/bd/ip/pfm_dynamic_psreset_gate_pr_control_1/pfm_dynamic_psreset_gate_pr_control_1.xdc] for cell 'U0'
Parsing XDC File [/home/xcarril/pqc_codesign/dilithium-update/ML-DSA/signature/xout/hw.2/.temps/link/vivado/vpl/prj/prj.runs/pfm_dynamic_psreset_gate_pr_control_1_synth_1/dont_touch.xdc]
Finished Parsing XDC File [/home/xcarril/pqc_codesign/dilithium-update/ML-DSA/signature/xout/hw.2/.temps/link/vivado/vpl/prj/prj.runs/pfm_dynamic_psreset_gate_pr_control_1_synth_1/dont_touch.xdc]
Completed Processing XDC Constraints

Netlist sorting complete. Time (s): cpu = 00:00:00 ; elapsed = 00:00:00 . Memory (MB): peak = 3640.383 ; gain = 0.000 ; free physical = 95373 ; free virtual = 227302
INFO: [Project 1-111] Unisim Transformation Summary:
  A total of 13 instances were transformed.
  FDR => FDRE: 12 instances
  SRL16 => SRL16E: 1 instance 

Constraint Validation Runtime : Time (s): cpu = 00:00:00.01 ; elapsed = 00:00:00.02 . Memory (MB): peak = 3640.383 ; gain = 0.000 ; free physical = 95370 ; free virtual = 227299
---------------------------------------------------------------------------------
Finished Constraint Validation : Time (s): cpu = 00:00:17 ; elapsed = 00:00:18 . Memory (MB): peak = 3640.383 ; gain = 480.047 ; free physical = 94797 ; free virtual = 226735
---------------------------------------------------------------------------------
---------------------------------------------------------------------------------
Start Loading Part and Timing Information
---------------------------------------------------------------------------------
Loading part: xcu280-fsvh2892-2L-e
INFO: [Synth 8-6742] Reading net delay rules and data
---------------------------------------------------------------------------------
Finished Loading Part and Timing Information : Time (s): cpu = 00:00:17 ; elapsed = 00:00:18 . Memory (MB): peak = 3640.383 ; gain = 480.047 ; free physical = 94792 ; free virtual = 226730
---------------------------------------------------------------------------------
---------------------------------------------------------------------------------
Start Applying 'set_property' XDC Constraints
---------------------------------------------------------------------------------
Applied set_property KEEP_HIERARCHY = SOFT for U0. (constraint file  /home/xcarril/pqc_codesign/dilithium-update/ML-DSA/signature/xout/hw.2/.temps/link/vivado/vpl/prj/prj.runs/pfm_dynamic_psreset_gate_pr_control_1_synth_1/dont_touch.xdc, line 9).
---------------------------------------------------------------------------------
Finished applying 'set_property' XDC Constraints : Time (s): cpu = 00:00:17 ; elapsed = 00:00:18 . Memory (MB): peak = 3640.383 ; gain = 480.047 ; free physical = 94782 ; free virtual = 226720
---------------------------------------------------------------------------------
---------------------------------------------------------------------------------
Finished RTL Optimization Phase 2 : Time (s): cpu = 00:00:17 ; elapsed = 00:00:18 . Memory (MB): peak = 3640.383 ; gain = 480.047 ; free physical = 94787 ; free virtual = 226730
---------------------------------------------------------------------------------
---------------------------------------------------------------------------------
Start RTL Component Statistics 
---------------------------------------------------------------------------------
Detailed RTL Component Info : 
+---Adders : 
	   2 Input    6 Bit       Adders := 1     
+---Registers : 
	                6 Bit    Registers := 1     
	                3 Bit    Registers := 3     
	                1 Bit    Registers := 8     
+---Muxes : 
	   2 Input    6 Bit        Muxes := 1     
	   2 Input    1 Bit        Muxes := 1     
---------------------------------------------------------------------------------
Finished RTL Component Statistics 
---------------------------------------------------------------------------------
---------------------------------------------------------------------------------
Start Part Resource Summary
---------------------------------------------------------------------------------
Part Resources:
DSPs: 9024 (col length:94)
BRAMs: 4032 (col length: RAMB18 288 RAMB36 144)
---------------------------------------------------------------------------------
Finished Part Resource Summary
---------------------------------------------------------------------------------
---------------------------------------------------------------------------------
Start Cross Boundary and Area Optimization
---------------------------------------------------------------------------------
WARNING: [Synth 8-7080] Parallel synthesis criteria is not met
WARNING: [Synth 8-3332] Sequential element (EXT_LPF/ACTIVE_LOW_EXT.ACT_LO_EXT/GENERATE_LEVEL_P_S_CDC.SINGLE_BIT.CROSS_PLEVEL_IN2SCNDRY_s_level_out_d5) is unused and will be removed from module proc_sys_reset.
WARNING: [Synth 8-3332] Sequential element (EXT_LPF/ACTIVE_LOW_EXT.ACT_LO_EXT/GENERATE_LEVEL_P_S_CDC.SINGLE_BIT.CROSS_PLEVEL_IN2SCNDRY_s_level_out_d6) is unused and will be removed from module proc_sys_reset.
WARNING: [Synth 8-3332] Sequential element (EXT_LPF/ACTIVE_LOW_AUX.ACT_LO_AUX/GENERATE_LEVEL_P_S_CDC.SINGLE_BIT.CROSS_PLEVEL_IN2SCNDRY_s_level_out_d5) is unused and will be removed from module proc_sys_reset.
WARNING: [Synth 8-3332] Sequential element (EXT_LPF/ACTIVE_LOW_AUX.ACT_LO_AUX/GENERATE_LEVEL_P_S_CDC.SINGLE_BIT.CROSS_PLEVEL_IN2SCNDRY_s_level_out_d6) is unused and will be removed from module proc_sys_reset.
---------------------------------------------------------------------------------
Finished Cross Boundary and Area Optimization : Time (s): cpu = 00:00:19 ; elapsed = 00:00:20 . Memory (MB): peak = 3640.383 ; gain = 480.047 ; free physical = 93855 ; free virtual = 225801
---------------------------------------------------------------------------------
---------------------------------------------------------------------------------
Start Applying XDC Timing Constraints
---------------------------------------------------------------------------------
---------------------------------------------------------------------------------
Finished Applying XDC Timing Constraints : Time (s): cpu = 00:00:27 ; elapsed = 00:00:30 . Memory (MB): peak = 3937.961 ; gain = 777.625 ; free physical = 94061 ; free virtual = 225998
---------------------------------------------------------------------------------
---------------------------------------------------------------------------------
Start Timing Optimization
---------------------------------------------------------------------------------
---------------------------------------------------------------------------------
Finished Timing Optimization : Time (s): cpu = 00:00:27 ; elapsed = 00:00:30 . Memory (MB): peak = 3937.961 ; gain = 777.625 ; free physical = 94055 ; free virtual = 225992
---------------------------------------------------------------------------------
---------------------------------------------------------------------------------
Start Technology Mapping
---------------------------------------------------------------------------------
---------------------------------------------------------------------------------
Finished Technology Mapping : Time (s): cpu = 00:00:27 ; elapsed = 00:00:30 . Memory (MB): peak = 3967.008 ; gain = 806.672 ; free physical = 94037 ; free virtual = 225975
---------------------------------------------------------------------------------
---------------------------------------------------------------------------------
Start IO Insertion
---------------------------------------------------------------------------------
---------------------------------------------------------------------------------
Start Flattening Before IO Insertion
---------------------------------------------------------------------------------
---------------------------------------------------------------------------------
Finished Flattening Before IO Insertion
---------------------------------------------------------------------------------
---------------------------------------------------------------------------------
Start Final Netlist Cleanup
---------------------------------------------------------------------------------
---------------------------------------------------------------------------------
Finished Final Netlist Cleanup
---------------------------------------------------------------------------------
---------------------------------------------------------------------------------
Finished IO Insertion : Time (s): cpu = 00:00:32 ; elapsed = 00:00:34 . Memory (MB): peak = 3967.008 ; gain = 806.672 ; free physical = 93674 ; free virtual = 225654
---------------------------------------------------------------------------------
---------------------------------------------------------------------------------
Start Renaming Generated Instances
---------------------------------------------------------------------------------
---------------------------------------------------------------------------------
Finished Renaming Generated Instances : Time (s): cpu = 00:00:32 ; elapsed = 00:00:34 . Memory (MB): peak = 3967.008 ; gain = 806.672 ; free physical = 93674 ; free virtual = 225654
---------------------------------------------------------------------------------
---------------------------------------------------------------------------------
Start Rebuilding User Hierarchy
---------------------------------------------------------------------------------
---------------------------------------------------------------------------------
Finished Rebuilding User Hierarchy : Time (s): cpu = 00:00:32 ; elapsed = 00:00:34 . Memory (MB): peak = 3967.008 ; gain = 806.672 ; free physical = 93674 ; free virtual = 225653
---------------------------------------------------------------------------------
---------------------------------------------------------------------------------
Start Renaming Generated Ports
---------------------------------------------------------------------------------
---------------------------------------------------------------------------------
Finished Renaming Generated Ports : Time (s): cpu = 00:00:32 ; elapsed = 00:00:34 . Memory (MB): peak = 3967.008 ; gain = 806.672 ; free physical = 93674 ; free virtual = 225653
---------------------------------------------------------------------------------
---------------------------------------------------------------------------------
Start Handling Custom Attributes
---------------------------------------------------------------------------------
---------------------------------------------------------------------------------
Finished Handling Custom Attributes : Time (s): cpu = 00:00:32 ; elapsed = 00:00:34 . Memory (MB): peak = 3967.008 ; gain = 806.672 ; free physical = 93673 ; free virtual = 225652
---------------------------------------------------------------------------------
---------------------------------------------------------------------------------
Start Renaming Generated Nets
---------------------------------------------------------------------------------
---------------------------------------------------------------------------------
Finished Renaming Generated Nets : Time (s): cpu = 00:00:32 ; elapsed = 00:00:34 . Memory (MB): peak = 3967.008 ; gain = 806.672 ; free physical = 93673 ; free virtual = 225652
---------------------------------------------------------------------------------
---------------------------------------------------------------------------------
Start Writing Synthesis Report
---------------------------------------------------------------------------------

Report BlackBoxes: 
+-+--------------+----------+
| |BlackBox name |Instances |
+-+--------------+----------+
+-+--------------+----------+

Report Cell Usage: 
+------+------+------+
|      |Cell  |Count |
+------+------+------+
|1     |LUT1  |     5|
|2     |LUT2  |     9|
|3     |LUT3  |     1|
|4     |LUT4  |     6|
|5     |LUT5  |     1|
|6     |LUT6  |     1|
|7     |SRL16 |     1|
|8     |FDR   |     8|
|9     |FDRE  |    22|
|10    |FDSE  |     4|
+------+------+------+
---------------------------------------------------------------------------------
Finished Writing Synthesis Report : Time (s): cpu = 00:00:32 ; elapsed = 00:00:34 . Memory (MB): peak = 3967.008 ; gain = 806.672 ; free physical = 93673 ; free virtual = 225652
---------------------------------------------------------------------------------
Synthesis finished with 0 errors, 0 critical warnings and 5 warnings.
Synthesis Optimization Runtime : Time (s): cpu = 00:00:25 ; elapsed = 00:00:27 . Memory (MB): peak = 3967.008 ; gain = 681.141 ; free physical = 93695 ; free virtual = 225674
Synthesis Optimization Complete : Time (s): cpu = 00:00:32 ; elapsed = 00:00:34 . Memory (MB): peak = 3967.016 ; gain = 806.672 ; free physical = 93699 ; free virtual = 225678
INFO: [Project 1-571] Translating synthesized netlist
Netlist sorting complete. Time (s): cpu = 00:00:00 ; elapsed = 00:00:00 . Memory (MB): peak = 3967.016 ; gain = 0.000 ; free physical = 93674 ; free virtual = 225654
INFO: [Netlist 29-17] Analyzing 9 Unisim elements for replacement
INFO: [Netlist 29-28] Unisim Transformation completed in 0 CPU seconds
INFO: [Project 1-570] Preparing netlist for logic optimization
INFO: [Opt 31-138] Pushed 0 inverter(s) to 0 load pin(s).
Netlist sorting complete. Time (s): cpu = 00:00:00 ; elapsed = 00:00:00 . Memory (MB): peak = 4038.391 ; gain = 0.000 ; free physical = 93394 ; free virtual = 225405
INFO: [Project 1-111] Unisim Transformation Summary:
  A total of 9 instances were transformed.
  FDR => FDRE: 8 instances
  SRL16 => SRL16E: 1 instance 

Synth Design complete, checksum: 2804225
INFO: [Common 17-83] Releasing license: Synthesis
51 Infos, 10 Warnings, 0 Critical Warnings and 0 Errors encountered.
synth_design completed successfully
synth_design: Time (s): cpu = 00:00:46 ; elapsed = 00:00:45 . Memory (MB): peak = 4038.391 ; gain = 1346.414 ; free physical = 93556 ; free virtual = 225567
INFO: [Common 17-600] The following parameters have non-default value.
general.maxThreads
INFO: [Common 17-1381] The checkpoint '/home/xcarril/pqc_codesign/dilithium-update/ML-DSA/signature/xout/hw.2/.temps/link/vivado/vpl/prj/prj.runs/pfm_dynamic_psreset_gate_pr_control_1_synth_1/pfm_dynamic_psreset_gate_pr_control_1.dcp' has been generated.
INFO: [Coretcl 2-1648] Added synthesis output to IP cache for IP pfm_dynamic_psreset_gate_pr_control_1, cache-ID = cf88c8a81d5e707e
INFO: [Coretcl 2-1174] Renamed 6 cell refs.
INFO: [Common 17-1381] The checkpoint '/home/xcarril/pqc_codesign/dilithium-update/ML-DSA/signature/xout/hw.2/.temps/link/vivado/vpl/prj/prj.runs/pfm_dynamic_psreset_gate_pr_control_1_synth_1/pfm_dynamic_psreset_gate_pr_control_1.dcp' has been generated.
INFO: [runtcl-4] Executing : report_utilization -file pfm_dynamic_psreset_gate_pr_control_1_utilization_synth.rpt -pb pfm_dynamic_psreset_gate_pr_control_1_utilization_synth.pb
INFO: [Common 17-206] Exiting Vivado at Fri Sep 15 11:08:15 2023...
