Copyright 1986-2021 Xilinx, Inc. All Rights Reserved.
------------------------------------------------------------------------------------------
| Tool Version : Vivado v.2021.2 (lin64) Build 3367213 Tue Oct 19 02:47:39 MDT 2021
| Date         : Fri Sep 15 12:17:20 2023
| Host         : picu running 64-bit Ubuntu 20.04.1 LTS
| Command      : report_utilization -slr -file slr_util_placed.rpt -pb slr_util_placed.pb
| Design       : pfm_top_wrapper
| Device       : xcu280-fsvh2892-2L-e
| Speed File   : -2L
| Design State : Fully Placed
------------------------------------------------------------------------------------------

Utilization Design Information

Table of Contents
-----------------
1. SLR Connectivity
2. SLR Connectivity Matrix
3. SLR CLB Logic and Dedicated Block Utilization
4. SLR IO Utilization

1. SLR Connectivity
-------------------

+----------------------------------+------+-------+-----------+-------+
|                                  | Used | Fixed | Available | Util% |
+----------------------------------+------+-------+-----------+-------+
| SLR2 <-> SLR1                    | 3946 |       |     23040 | 17.13 |
|   SLR1 -> SLR2                   | 2080 |       |           |  9.03 |
|     Using TX_REG only            |    1 |     1 |           |       |
|     Using RX_REG only            |   18 |    18 |           |       |
|     Using Both TX_REG and RX_REG |  267 |     1 |           |       |
|   SLR2 -> SLR1                   | 1866 |       |           |  8.10 |
|     Using TX_REG only            |    0 |     0 |           |       |
|     Using RX_REG only            |    4 |     4 |           |       |
|     Using Both TX_REG and RX_REG |  407 |     0 |           |       |
| SLR1 <-> SLR0                    | 2525 |       |     23040 | 10.96 |
|   SLR0 -> SLR1                   | 1135 |       |           |  4.93 |
|     Using TX_REG only            |   71 |    71 |           |       |
|     Using RX_REG only            |   61 |    61 |           |       |
|     Using Both TX_REG and RX_REG |  355 |    55 |           |       |
|   SLR1 -> SLR0                   | 1390 |       |           |  6.03 |
|     Using TX_REG only            |   62 |    62 |           |       |
|     Using RX_REG only            |   72 |    71 |           |       |
|     Using Both TX_REG and RX_REG |  439 |    60 |           |       |
+----------------------------------+------+-------+-----------+-------+
| Total SLLs Used                  | 6471 |       |           |       |
+----------------------------------+------+-------+-----------+-------+


2. SLR Connectivity Matrix
--------------------------

+-----------+------+------+------+
| FROM \ TO | SLR2 | SLR1 | SLR0 |
+-----------+------+------+------+
| SLR2      |    0 | 1674 |  192 |
| SLR1      | 1938 |    0 | 1198 |
| SLR0      |  142 |  993 |    0 |
+-----------+------+------+------+


3. SLR CLB Logic and Dedicated Block Utilization
------------------------------------------------

+----------------------------+--------+-------+-------+--------+--------+--------+
|          Site Type         |  SLR0  |  SLR1 |  SLR2 | SLR0 % | SLR1 % | SLR2 % |
+----------------------------+--------+-------+-------+--------+--------+--------+
| CLB                        |  19833 |  7100 |  8169 |  36.09 |  13.15 |  15.13 |
|   CLBL                     |  10216 |  3598 |  4229 |  34.89 |  12.29 |  14.44 |
|   CLBM                     |   9617 |  3502 |  3940 |  37.45 |  14.17 |  15.94 |
| CLB LUTs                   |  89786 | 47600 | 35417 |  20.42 |  11.02 |   8.20 |
|   LUT as Logic             |  76380 | 43630 | 32379 |  17.37 |  10.10 |   7.50 |
|     using O5 output only   |    945 |   285 |  1008 |   0.21 |   0.07 |   0.23 |
|     using O6 output only   |  52900 | 34232 | 19510 |  12.03 |   7.92 |   4.52 |
|     using O5 and O6        |  22535 |  9113 | 11861 |   5.13 |   2.11 |   2.75 |
|   LUT as Memory            |  13406 |  3970 |  3038 |   6.53 |   2.01 |   1.54 |
|     LUT as Distributed RAM |   9636 |  3837 |  1660 |   4.69 |   1.94 |   0.84 |
|       using O5 output only |      0 |     0 |     0 |   0.00 |   0.00 |   0.00 |
|       using O6 output only |   8068 |   215 |    84 |   3.93 |   0.11 |   0.04 |
|       using O5 and O6      |   1568 |  3622 |  1576 |   0.76 |   1.83 |   0.80 |
|     LUT as Shift Register  |   3770 |   133 |  1378 |   1.84 |   0.07 |   0.70 |
|       using O5 output only |      0 |     0 |     0 |   0.00 |   0.00 |   0.00 |
|       using O6 output only |   2396 |   133 |  1248 |   1.17 |   0.07 |   0.63 |
|       using O5 and O6      |   1374 |     0 |   130 |   0.67 |   0.00 |   0.07 |
| CLB Registers              | 117417 | 46265 | 61022 |  13.35 |   5.35 |   7.06 |
| CARRY8                     |   1712 |   473 |   313 |   3.11 |   0.88 |   0.58 |
| F7 Muxes                   |   2881 |   651 |  1054 |   1.31 |   0.30 |   0.49 |
| F8 Muxes                   |    424 |   141 |    47 |   0.39 |   0.13 |   0.04 |
| F9 Muxes                   |      0 |     0 |     0 |   0.00 |   0.00 |   0.00 |
| Block RAM Tile             |     82 |  80.5 |    94 |  12.20 |  11.98 |  13.99 |
|   RAMB36/FIFO              |     64 |    80 |    92 |   9.52 |  11.90 |  13.69 |
|     RAMB36E2 only          |     64 |    80 |    92 |   9.52 |  11.90 |  13.69 |
|   RAMB18                   |     36 |     1 |     4 |   2.68 |   0.07 |   0.30 |
|     RAMB18E2 only          |     36 |     1 |     4 |   2.68 |   0.07 |   0.30 |
| URAM                       |      0 |     0 |     0 |   0.00 |   0.00 |   0.00 |
| DSPs                       |    262 |     0 |     4 |   9.10 |   0.00 |   0.13 |
| Unique Control Sets        |   3673 |  1499 |  2726 |   3.34 |   1.39 |   2.52 |
+----------------------------+--------+-------+-------+--------+--------+--------+
* Note: Available Control Sets based on CLB Registers / 8


4. SLR IO Utilization
---------------------

+-----------+-----------+---------+------------+----------+------------+----------+-----+
| SLR Index | Used IOBs | (%)IOBs | Used IPADs | (%)IPADs | Used OPADs | (%)OPADs | GTs |
+-----------+-----------+---------+------------+----------+------------+----------+-----+
| SLR2      |        18 |    8.65 |          0 |     0.00 |          0 |     0.00 |   0 |
| SLR1      |         0 |    0.00 |          0 |     0.00 |          0 |     0.00 |   0 |
| SLR0      |         1 |    0.48 |          0 |     0.00 |          0 |     0.00 |  16 |
+-----------+-----------+---------+------------+----------+------------+----------+-----+
| Total     |        19 |         |          0 |          |          0 |          |  16 |
+-----------+-----------+---------+------------+----------+------------+----------+-----+


