Copyright 1986-2021 Xilinx, Inc. All Rights Reserved.
----------------------------------------------------------------------------------------------------------------------------------------------------------------------------------------
| Tool Version : Vivado v.2021.2 (lin64) Build 3367213 Tue Oct 19 02:47:39 MDT 2021
| Date         : Fri Sep 15 12:16:59 2023
| Host         : picu running 64-bit Ubuntu 20.04.1 LTS
| Command      : report_accelerator_utilization -kernels { k_kem_dec:pfm_top_i/dynamic_region/k_kem_dec_1/inst:k_kem_dec_1} -file kernel_util_placed.rpt -name kernel_util_placed -json
| Design       : pfm_top_wrapper
| Device       : xcu280
| Design State : Fully Placed
----------------------------------------------------------------------------------------------------------------------------------------------------------------------------------------

Accelerator Utilization Design Information

Table of Contents
-----------------
1. System Utilization

1. System Utilization
---------------------

+---------------------+-------------------+------------------+-------------------+----------------+---------------+----------------+
| Name                | LUT               | LUTAsMem         | REG               | BRAM           | URAM          | DSP            |
+---------------------+-------------------+------------------+-------------------+----------------+---------------+----------------+
| Platform            |  104204 [  8.00%] |  10246 [  1.71%] |  152647 [  5.85%] |  202 [ 10.02%] |   0 [  0.00%] |    4 [  0.04%] |
| User Budget         | 1198516 [100.00%] | 590234 [100.00%] | 2454713 [100.00%] | 1814 [100.00%] | 960 [100.00%] | 9020 [100.00%] |
|    Used Resources   |   68600 [  5.72%] |  10168 [  1.72%] |   72057 [  2.94%] |   54 [  2.98%] |   0 [  0.00%] |  262 [  2.90%] |
|    Unused Resources | 1129916 [ 94.28%] | 580066 [ 98.28%] | 2382656 [ 97.06%] | 1760 [ 97.02%] | 960 [100.00%] | 8758 [ 97.10%] |
| k_kem_dec           |   68600 [  5.72%] |  10168 [  1.72%] |   72057 [  2.94%] |   54 [  2.98%] |   0 [  0.00%] |  262 [  2.90%] |
|    k_kem_dec_1      |   68600 [  5.72%] |  10168 [  1.72%] |   72057 [  2.94%] |   54 [  2.98%] |   0 [  0.00%] |  262 [  2.90%] |
+---------------------+-------------------+------------------+-------------------+----------------+---------------+----------------+


