Copyright 1986-2021 Xilinx, Inc. All Rights Reserved.
---------------------------------------------------------------------------------------------------------------------------------------------------------------------------------
| Tool Version : Vivado v.2021.2 (lin64) Build 3367213 Tue Oct 19 02:47:39 MDT 2021
| Date         : Fri Sep 15 17:18:25 2023
| Host         : picu running 64-bit Ubuntu 20.04.1 LTS
| Command      : report_accelerator_utilization -kernels { k_sign:pfm_top_i/dynamic_region/k_sign_1/inst:k_sign_1} -file kernel_util_synthed.rpt -name kernel_util_synthed -json
| Design       : pfm_top_wrapper
| Device       : xcu280
| Design State : Synthesized
---------------------------------------------------------------------------------------------------------------------------------------------------------------------------------

Accelerator Utilization Design Information

Table of Contents
-----------------
1. System Utilization

1. System Utilization
---------------------

+---------------------+-------------------+------------------+-------------------+----------------+---------------+----------------+
| Name                | LUT               | LUTAsMem         | REG               | BRAM           | URAM          | DSP            |
+---------------------+-------------------+------------------+-------------------+----------------+---------------+----------------+
| Platform            |  123952 [  9.51%] |  14009 [  2.33%] |  167694 [  6.43%] |  202 [ 10.02%] |   0 [  0.00%] |    4 [  0.04%] |
| User Budget         | 1178768 [100.00%] | 586471 [100.00%] | 2439666 [100.00%] | 1814 [100.00%] | 960 [100.00%] | 9020 [100.00%] |
|    Used Resources   |  129693 [ 11.00%] |  25908 [  4.42%] |  150651 [  6.18%] |  158 [  8.71%] |  35 [  3.65%] |  484 [  5.37%] |
|    Unused Resources | 1049075 [ 89.00%] | 560563 [ 95.58%] | 2289015 [ 93.82%] | 1656 [ 91.29%] | 925 [ 96.35%] | 8536 [ 94.63%] |
| k_sign              |  129693 [ 11.00%] |  25908 [  4.42%] |  150651 [  6.18%] |  158 [  8.71%] |  35 [  3.65%] |  484 [  5.37%] |
|    k_sign_1         |  129693 [ 11.00%] |  25908 [  4.42%] |  150651 [  6.18%] |  158 [  8.71%] |  35 [  3.65%] |  484 [  5.37%] |
+---------------------+-------------------+------------------+-------------------+----------------+---------------+----------------+


