Copyright 1986-2021 Xilinx, Inc. All Rights Reserved.
------------------------------------------------------------------------------------------
| Tool Version : Vivado v.2021.2 (lin64) Build 3367213 Tue Oct 19 02:47:39 MDT 2021
| Date         : Fri Sep 15 15:15:39 2023
| Host         : picu running 64-bit Ubuntu 20.04.1 LTS
| Command      : report_utilization -slr -file slr_util_placed.rpt -pb slr_util_placed.pb
| Design       : pfm_top_wrapper
| Device       : xcu280-fsvh2892-2L-e
| Speed File   : -2L
| Design State : Fully Placed
------------------------------------------------------------------------------------------

Utilization Design Information

Table of Contents
-----------------
1. SLR Connectivity
2. SLR Connectivity Matrix
3. SLR CLB Logic and Dedicated Block Utilization
4. SLR IO Utilization

1. SLR Connectivity
-------------------

+----------------------------------+------+-------+-----------+-------+
|                                  | Used | Fixed | Available | Util% |
+----------------------------------+------+-------+-----------+-------+
| SLR2 <-> SLR1                    | 3952 |       |     23040 | 17.15 |
|   SLR1 -> SLR2                   | 2080 |       |           |  9.03 |
|     Using TX_REG only            |    1 |     1 |           |       |
|     Using RX_REG only            |   18 |    18 |           |       |
|     Using Both TX_REG and RX_REG |  267 |     1 |           |       |
|   SLR2 -> SLR1                   | 1872 |       |           |  8.13 |
|     Using TX_REG only            |    0 |     0 |           |       |
|     Using RX_REG only            |    4 |     4 |           |       |
|     Using Both TX_REG and RX_REG |  407 |     0 |           |       |
| SLR1 <-> SLR0                    | 2527 |       |     23040 | 10.97 |
|   SLR0 -> SLR1                   | 1135 |       |           |  4.93 |
|     Using TX_REG only            |   71 |    71 |           |       |
|     Using RX_REG only            |   61 |    61 |           |       |
|     Using Both TX_REG and RX_REG |  355 |    55 |           |       |
|   SLR1 -> SLR0                   | 1392 |       |           |  6.04 |
|     Using TX_REG only            |   62 |    62 |           |       |
|     Using RX_REG only            |   72 |    71 |           |       |
|     Using Both TX_REG and RX_REG |  439 |    60 |           |       |
+----------------------------------+------+-------+-----------+-------+
| Total SLLs Used                  | 6479 |       |           |       |
+----------------------------------+------+-------+-----------+-------+


2. SLR Connectivity Matrix
--------------------------

+-----------+------+------+------+
| FROM \ TO | SLR2 | SLR1 | SLR0 |
+-----------+------+------+------+
| SLR2      |    0 | 1680 |  192 |
| SLR1      | 1950 |    0 | 1200 |
| SLR0      |  130 | 1005 |    0 |
+-----------+------+------+------+


3. SLR CLB Logic and Dedicated Block Utilization
------------------------------------------------

+----------------------------+--------+-------+-------+--------+--------+--------+
|          Site Type         |  SLR0  |  SLR1 |  SLR2 | SLR0 % | SLR1 % | SLR2 % |
+----------------------------+--------+-------+-------+--------+--------+--------+
| CLB                        |  22442 |  6973 |  8086 |  40.83 |  12.91 |  14.97 |
|   CLBL                     |  11583 |  3502 |  4212 |  39.56 |  11.96 |  14.39 |
|   CLBM                     |  10859 |  3471 |  3874 |  42.29 |  14.04 |  15.67 |
| CLB LUTs                   | 104134 | 47610 | 35339 |  23.68 |  11.02 |   8.18 |
|   LUT as Logic             |  86645 | 43638 | 32301 |  19.71 |  10.10 |   7.48 |
|     using O5 output only   |    912 |   285 |  1004 |   0.21 |   0.07 |   0.23 |
|     using O6 output only   |  66387 | 34233 | 19493 |  15.10 |   7.92 |   4.51 |
|     using O5 and O6        |  19346 |  9120 | 11804 |   4.40 |   2.11 |   2.73 |
|   LUT as Memory            |  17489 |  3972 |  3038 |   8.51 |   2.01 |   1.54 |
|     LUT as Distributed RAM |  12664 |  3837 |  1660 |   6.16 |   1.94 |   0.84 |
|       using O5 output only |      0 |     0 |     0 |   0.00 |   0.00 |   0.00 |
|       using O6 output only |  10808 |   215 |    84 |   5.26 |   0.11 |   0.04 |
|       using O5 and O6      |   1856 |  3622 |  1576 |   0.90 |   1.83 |   0.80 |
|     LUT as Shift Register  |   4825 |   135 |  1378 |   2.35 |   0.07 |   0.70 |
|       using O5 output only |      0 |     0 |     0 |   0.00 |   0.00 |   0.00 |
|       using O6 output only |   2457 |   135 |  1248 |   1.20 |   0.07 |   0.63 |
|       using O5 and O6      |   2368 |     0 |   130 |   1.15 |   0.00 |   0.07 |
| CLB Registers              | 134066 | 46347 | 60716 |  15.25 |   5.36 |   7.03 |
| CARRY8                     |   2232 |   473 |   313 |   4.06 |   0.88 |   0.58 |
| F7 Muxes                   |   3176 |   651 |  1054 |   1.44 |   0.30 |   0.49 |
| F8 Muxes                   |    522 |   141 |    47 |   0.47 |   0.13 |   0.04 |
| F9 Muxes                   |      0 |     0 |     0 |   0.00 |   0.00 |   0.00 |
| Block RAM Tile             |  191.5 |  80.5 |    94 |  28.50 |  11.98 |  13.99 |
|   RAMB36/FIFO              |    161 |    80 |    92 |  23.96 |  11.90 |  13.69 |
|     RAMB36E2 only          |    161 |    80 |    92 |  23.96 |  11.90 |  13.69 |
|   RAMB18                   |     61 |     1 |     4 |   4.54 |   0.07 |   0.30 |
|     RAMB18E2 only          |     61 |     1 |     4 |   4.54 |   0.07 |   0.30 |
| URAM                       |      0 |     0 |     0 |   0.00 |   0.00 |   0.00 |
| DSPs                       |    222 |     0 |     4 |   7.71 |   0.00 |   0.13 |
| Unique Control Sets        |   3711 |  1501 |  2723 |   3.38 |   1.39 |   2.52 |
+----------------------------+--------+-------+-------+--------+--------+--------+
* Note: Available Control Sets based on CLB Registers / 8


4. SLR IO Utilization
---------------------

+-----------+-----------+---------+------------+----------+------------+----------+-----+
| SLR Index | Used IOBs | (%)IOBs | Used IPADs | (%)IPADs | Used OPADs | (%)OPADs | GTs |
+-----------+-----------+---------+------------+----------+------------+----------+-----+
| SLR2      |        18 |    8.65 |          0 |     0.00 |          0 |     0.00 |   0 |
| SLR1      |         0 |    0.00 |          0 |     0.00 |          0 |     0.00 |   0 |
| SLR0      |         1 |    0.48 |          0 |     0.00 |          0 |     0.00 |  16 |
+-----------+-----------+---------+------------+----------+------------+----------+-----+
| Total     |        19 |         |          0 |          |          0 |          |  16 |
+-----------+-----------+---------+------------+----------+------------+----------+-----+


