Copyright 1986-2021 Xilinx, Inc. All Rights Reserved.
---------------------------------------------------------------------------------------------------------------------------------------------------------------------------------
| Tool Version : Vivado v.2021.2 (lin64) Build 3367213 Tue Oct 19 02:47:39 MDT 2021
| Date         : Tue Nov 22 14:43:28 2022
| Host         : nanu running 64-bit Ubuntu 20.04.1 LTS
| Command      : report_accelerator_utilization -kernels { k_sign:pfm_top_i/dynamic_region/k_sign_1/inst:k_sign_1} -file kernel_util_synthed.rpt -name kernel_util_synthed -json
| Design       : pfm_top_wrapper
| Device       : xcu280
| Design State : Synthesized
---------------------------------------------------------------------------------------------------------------------------------------------------------------------------------

Accelerator Utilization Design Information

Table of Contents
-----------------
1. System Utilization

1. System Utilization
---------------------

+---------------------+-------------------+------------------+-------------------+----------------+---------------+----------------+
| Name                | LUT               | LUTAsMem         | REG               | BRAM           | URAM          | DSP            |
+---------------------+-------------------+------------------+-------------------+----------------+---------------+----------------+
| Platform            |  123311 [  9.47%] |  13710 [  2.28%] |  166586 [  6.39%] |  202 [ 10.02%] |   0 [  0.00%] |    4 [  0.04%] |
| User Budget         | 1179409 [100.00%] | 586770 [100.00%] | 2440774 [100.00%] | 1814 [100.00%] | 960 [100.00%] | 9020 [100.00%] |
|    Used Resources   |  128508 [ 10.90%] |  25445 [  4.34%] |  147556 [  6.05%] |  154 [  8.49%] |  35 [  3.65%] |  484 [  5.37%] |
|    Unused Resources | 1050901 [ 89.10%] | 561325 [ 95.66%] | 2293218 [ 93.95%] | 1660 [ 91.51%] | 925 [ 96.35%] | 8536 [ 94.63%] |
| k_sign              |  128508 [ 10.90%] |  25445 [  4.34%] |  147556 [  6.05%] |  154 [  8.49%] |  35 [  3.65%] |  484 [  5.37%] |
|    k_sign_1         |  128508 [ 10.90%] |  25445 [  4.34%] |  147556 [  6.05%] |  154 [  8.49%] |  35 [  3.65%] |  484 [  5.37%] |
+---------------------+-------------------+------------------+-------------------+----------------+---------------+----------------+


