Copyright 1986-2021 Xilinx, Inc. All Rights Reserved.
-------------------------------------------------------------------------------------------------------------------------------------------------------------------------------
| Tool Version : Vivado v.2021.2 (lin64) Build 3367213 Tue Oct 19 02:47:39 MDT 2021
| Date         : Tue Nov 22 15:20:45 2022
| Host         : nanu running 64-bit Ubuntu 20.04.1 LTS
| Command      : report_accelerator_utilization -kernels { k_sign:pfm_top_i/dynamic_region/k_sign_1/inst:k_sign_1} -file kernel_util_placed.rpt -name kernel_util_placed -json
| Design       : pfm_top_wrapper
| Device       : xcu280
| Design State : Fully Placed
-------------------------------------------------------------------------------------------------------------------------------------------------------------------------------

Accelerator Utilization Design Information

Table of Contents
-----------------
1. System Utilization

1. System Utilization
---------------------

+---------------------+-------------------+------------------+-------------------+----------------+---------------+----------------+
| Name                | LUT               | LUTAsMem         | REG               | BRAM           | URAM          | DSP            |
+---------------------+-------------------+------------------+-------------------+----------------+---------------+----------------+
| Platform            |  107704 [  8.27%] |  11556 [  1.92%] |  159472 [  6.12%] |  202 [ 10.02%] |   0 [  0.00%] |    4 [  0.04%] |
| User Budget         | 1195016 [100.00%] | 588924 [100.00%] | 2447888 [100.00%] | 1814 [100.00%] | 960 [100.00%] | 9020 [100.00%] |
|    Used Resources   |  125871 [ 10.53%] |  24473 [  4.16%] |  147102 [  6.01%] |  154 [  8.49%] |  35 [  3.65%] |  484 [  5.37%] |
|    Unused Resources | 1069145 [ 89.47%] | 564451 [ 95.84%] | 2300786 [ 93.99%] | 1660 [ 91.51%] | 925 [ 96.35%] | 8536 [ 94.63%] |
| k_sign              |  125871 [ 10.53%] |  24473 [  4.16%] |  147102 [  6.01%] |  154 [  8.49%] |  35 [  3.65%] |  484 [  5.37%] |
|    k_sign_1         |  125871 [ 10.53%] |  24473 [  4.16%] |  147102 [  6.01%] |  154 [  8.49%] |  35 [  3.65%] |  484 [  5.37%] |
+---------------------+-------------------+------------------+-------------------+----------------+---------------+----------------+


