Copyright 1986-2021 Xilinx, Inc. All Rights Reserved.
------------------------------------------------------------------------------------------
| Tool Version : Vivado v.2021.2 (lin64) Build 3367213 Tue Oct 19 02:47:39 MDT 2021
| Date         : Tue Sep 27 11:41:53 2022
| Host         : femu running 64-bit Ubuntu 20.04.1 LTS
| Command      : report_utilization -slr -file slr_util_placed.rpt -pb slr_util_placed.pb
| Design       : pfm_top_wrapper
| Device       : xcu280-fsvh2892-2L-e
| Speed File   : -2L
| Design State : Fully Placed
------------------------------------------------------------------------------------------

Utilization Design Information

Table of Contents
-----------------
1. SLR Connectivity
2. SLR Connectivity Matrix
3. SLR CLB Logic and Dedicated Block Utilization
4. SLR IO Utilization

1. SLR Connectivity
-------------------

+----------------------------------+------+-------+-----------+-------+
|                                  | Used | Fixed | Available | Util% |
+----------------------------------+------+-------+-----------+-------+
| SLR2 <-> SLR1                    | 3947 |       |     23040 | 17.13 |
|   SLR1 -> SLR2                   | 2080 |       |           |  9.03 |
|     Using TX_REG only            |    1 |     1 |           |       |
|     Using RX_REG only            |   18 |    18 |           |       |
|     Using Both TX_REG and RX_REG |  267 |     1 |           |       |
|   SLR2 -> SLR1                   | 1867 |       |           |  8.10 |
|     Using TX_REG only            |    0 |     0 |           |       |
|     Using RX_REG only            |    4 |     4 |           |       |
|     Using Both TX_REG and RX_REG |  407 |     0 |           |       |
| SLR1 <-> SLR0                    | 2525 |       |     23040 | 10.96 |
|   SLR0 -> SLR1                   | 1135 |       |           |  4.93 |
|     Using TX_REG only            |   71 |    71 |           |       |
|     Using RX_REG only            |   61 |    61 |           |       |
|     Using Both TX_REG and RX_REG |  355 |    55 |           |       |
|   SLR1 -> SLR0                   | 1390 |       |           |  6.03 |
|     Using TX_REG only            |   62 |    62 |           |       |
|     Using RX_REG only            |   72 |    71 |           |       |
|     Using Both TX_REG and RX_REG |  439 |    60 |           |       |
+----------------------------------+------+-------+-----------+-------+
| Total SLLs Used                  | 6472 |       |           |       |
+----------------------------------+------+-------+-----------+-------+


2. SLR Connectivity Matrix
--------------------------

+-----------+------+------+------+
| FROM \ TO | SLR2 | SLR1 | SLR0 |
+-----------+------+------+------+
| SLR2      |    0 | 1675 |  192 |
| SLR1      | 1938 |    0 | 1198 |
| SLR0      |  142 |  993 |    0 |
+-----------+------+------+------+


3. SLR CLB Logic and Dedicated Block Utilization
------------------------------------------------

+----------------------------+--------+-------+-------+--------+--------+--------+
|          Site Type         |  SLR0  |  SLR1 |  SLR2 | SLR0 % | SLR1 % | SLR2 % |
+----------------------------+--------+-------+-------+--------+--------+--------+
| CLB                        |  20180 |  7057 |  8082 |  36.72 |  13.07 |  14.97 |
|   CLBL                     |  10469 |  3561 |  4209 |  35.75 |  12.16 |  14.38 |
|   CLBM                     |   9711 |  3496 |  3873 |  37.82 |  14.14 |  15.67 |
| CLB LUTs                   |  93880 | 47602 | 35421 |  21.35 |  11.02 |   8.20 |
|   LUT as Logic             |  80006 | 43632 | 32383 |  18.20 |  10.10 |   7.50 |
|     using O5 output only   |    900 |   288 |  1013 |   0.20 |   0.07 |   0.23 |
|     using O6 output only   |  53788 | 34233 | 19513 |  12.23 |   7.92 |   4.52 |
|     using O5 and O6        |  25318 |  9111 | 11857 |   5.76 |   2.11 |   2.74 |
|   LUT as Memory            |  13874 |  3970 |  3038 |   6.75 |   2.01 |   1.54 |
|     LUT as Distributed RAM |  10052 |  3837 |  1660 |   4.89 |   1.94 |   0.84 |
|       using O5 output only |      0 |     0 |     0 |   0.00 |   0.00 |   0.00 |
|       using O6 output only |   8188 |   215 |    84 |   3.99 |   0.11 |   0.04 |
|       using O5 and O6      |   1864 |  3622 |  1576 |   0.91 |   1.83 |   0.80 |
|     LUT as Shift Register  |   3822 |   133 |  1378 |   1.86 |   0.07 |   0.70 |
|       using O5 output only |      0 |     0 |     0 |   0.00 |   0.00 |   0.00 |
|       using O6 output only |   2455 |   133 |  1248 |   1.19 |   0.07 |   0.63 |
|       using O5 and O6      |   1367 |     0 |   130 |   0.67 |   0.00 |   0.07 |
| CLB Registers              | 126181 | 46267 | 61019 |  14.35 |   5.35 |   7.06 |
| CARRY8                     |   1635 |   473 |   313 |   2.97 |   0.88 |   0.58 |
| F7 Muxes                   |   2643 |   651 |  1054 |   1.20 |   0.30 |   0.49 |
| F8 Muxes                   |    576 |   141 |    47 |   0.52 |   0.13 |   0.04 |
| F9 Muxes                   |      0 |     0 |     0 |   0.00 |   0.00 |   0.00 |
| Block RAM Tile             |   61.5 |  80.5 |    94 |   9.15 |  11.98 |  13.99 |
|   RAMB36/FIFO              |     44 |    80 |    92 |   6.55 |  11.90 |  13.69 |
|     RAMB36E2 only          |     44 |    80 |    92 |   6.55 |  11.90 |  13.69 |
|   RAMB18                   |     35 |     1 |     4 |   2.60 |   0.07 |   0.30 |
|     RAMB18E2 only          |     35 |     1 |     4 |   2.60 |   0.07 |   0.30 |
| URAM                       |      0 |     0 |     0 |   0.00 |   0.00 |   0.00 |
| DSPs                       |    220 |     0 |     4 |   7.64 |   0.00 |   0.13 |
| Unique Control Sets        |   3712 |  1499 |  2727 |   3.38 |   1.39 |   2.53 |
+----------------------------+--------+-------+-------+--------+--------+--------+
* Note: Available Control Sets based on CLB Registers / 8


4. SLR IO Utilization
---------------------

+-----------+-----------+---------+------------+----------+------------+----------+-----+
| SLR Index | Used IOBs | (%)IOBs | Used IPADs | (%)IPADs | Used OPADs | (%)OPADs | GTs |
+-----------+-----------+---------+------------+----------+------------+----------+-----+
| SLR2      |        18 |    8.65 |          0 |     0.00 |          0 |     0.00 |   0 |
| SLR1      |         0 |    0.00 |          0 |     0.00 |          0 |     0.00 |   0 |
| SLR0      |         1 |    0.48 |          0 |     0.00 |          0 |     0.00 |  16 |
+-----------+-----------+---------+------------+----------+------------+----------+-----+
| Total     |        19 |         |          0 |          |          0 |          |  16 |
+-----------+-----------+---------+------------+----------+------------+----------+-----+


