Copyright 1986-2021 Xilinx, Inc. All Rights Reserved.
------------------------------------------------------------------------------------------------------------------------------------------------------------------------------------------
| Tool Version : Vivado v.2021.2 (lin64) Build 3367213 Tue Oct 19 02:47:39 MDT 2021
| Date         : Fri Sep 15 11:41:37 2023
| Host         : picu running 64-bit Ubuntu 20.04.1 LTS
| Command      : report_accelerator_utilization -kernels { k_kem_dec:pfm_top_i/dynamic_region/k_kem_dec_1/inst:k_kem_dec_1} -file kernel_util_synthed.rpt -name kernel_util_synthed -json
| Design       : pfm_top_wrapper
| Device       : xcu280
| Design State : Synthesized
------------------------------------------------------------------------------------------------------------------------------------------------------------------------------------------

Accelerator Utilization Design Information

Table of Contents
-----------------
1. System Utilization

1. System Utilization
---------------------

+---------------------+-------------------+------------------+-------------------+----------------+---------------+----------------+
| Name                | LUT               | LUTAsMem         | REG               | BRAM           | URAM          | DSP            |
+---------------------+-------------------+------------------+-------------------+----------------+---------------+----------------+
| Platform            |  118777 [  9.12%] |  12142 [  2.02%] |  159164 [  6.10%] |  202 [ 10.02%] |   0 [  0.00%] |    4 [  0.04%] |
| User Budget         | 1183943 [100.00%] | 588338 [100.00%] | 2448196 [100.00%] | 1814 [100.00%] | 960 [100.00%] | 9020 [100.00%] |
|    Used Resources   |   66959 [  5.66%] |  10811 [  1.84%] |   71672 [  2.93%] |   45 [  2.48%] |   0 [  0.00%] |  220 [  2.44%] |
|    Unused Resources | 1116984 [ 94.34%] | 577527 [ 98.16%] | 2376524 [ 97.07%] | 1769 [ 97.52%] | 960 [100.00%] | 8800 [ 97.56%] |
| k_kem_dec           |   66959 [  5.66%] |  10811 [  1.84%] |   71672 [  2.93%] |   45 [  2.48%] |   0 [  0.00%] |  220 [  2.44%] |
|    k_kem_dec_1      |   66959 [  5.66%] |  10811 [  1.84%] |   71672 [  2.93%] |   45 [  2.48%] |   0 [  0.00%] |  220 [  2.44%] |
+---------------------+-------------------+------------------+-------------------+----------------+---------------+----------------+


