
*** Running vivado
    with args -log pfm_dynamic_logic_reset_op_0.vds -m64 -product Vivado -mode batch -messageDb vivado.pb -notrace -source pfm_dynamic_logic_reset_op_0.tcl


****** Vivado v2021.2 (64-bit)
  **** SW Build 3367213 on Tue Oct 19 02:47:39 MDT 2021
  **** IP Build 3369179 on Thu Oct 21 08:25:16 MDT 2021
    ** Copyright 1986-2021 Xilinx, Inc. All Rights Reserved.

source pfm_dynamic_logic_reset_op_0.tcl -notrace
INFO: Dispatch client connection id - 39335
create_project: Time (s): cpu = 00:00:05 ; elapsed = 00:00:13 . Memory (MB): peak = 2688.039 ; gain = 0.023 ; free physical = 55219 ; free virtual = 191153
INFO: [IP_Flow 19-234] Refreshing IP repositories
INFO: [IP_Flow 19-1700] Loaded user IP repository '/home/xcarril/pqc_codesign/dilithium-update/ML-DSA/verification/xout/hw.2/.temps/link/int/xo/ip_repo/xilinx_com_hls_k_verify_0_0'.
INFO: [IP_Flow 19-1700] Loaded user IP repository '/home/xcarril/pqc_codesign/dilithium-update/ML-DSA/verification/xout/hw.2/.temps/link/vivado/vpl/.local/hw_platform/iprepo'.
INFO: [IP_Flow 19-1700] Loaded user IP repository '/opt/Xilinx/Vitis/2021.2/data/cache/xilinx'.
INFO: [IP_Flow 19-1700] Loaded user IP repository '/home/xcarril/pqc_codesign/dilithium-update/ML-DSA/verification/xout/hw.2/.temps/link/vivado/vpl/.local/hw_platform/ipcache'.
INFO: [IP_Flow 19-1700] Loaded user IP repository '/opt/Xilinx/Vitis/2021.2/data/ip'.
INFO: [IP_Flow 19-2313] Loaded Vivado IP repository '/opt/Xilinx/Vivado/2021.2/data/ip'.
Command: synth_design -top pfm_dynamic_logic_reset_op_0 -part xcu280-fsvh2892-2L-e -mode out_of_context
Starting synth_design
Attempting to get a license for feature 'Synthesis' and/or device 'xcu280'
INFO: [Common 17-349] Got license for feature 'Synthesis' and/or device 'xcu280'
INFO: [Device 21-403] Loading part xcu280-fsvh2892-2L-e
INFO: [Synth 8-7079] Multithreading enabled for synth_design using a maximum of 1 processes.
INFO: [Synth 8-7078] Launching helper process for spawning children vivado processes
INFO: [Synth 8-7075] Helper process launched with PID 3033514
---------------------------------------------------------------------------------
Starting RTL Elaboration : Time (s): cpu = 00:00:04 ; elapsed = 00:00:08 . Memory (MB): peak = 3448.164 ; gain = 287.766 ; free physical = 55423 ; free virtual = 191541
---------------------------------------------------------------------------------
INFO: [Synth 8-6157] synthesizing module 'pfm_dynamic_logic_reset_op_0' [/home/xcarril/pqc_codesign/dilithium-update/ML-DSA/verification/xout/hw.2/.temps/link/vivado/vpl/prj/prj.gen/my_rm/bd/bd/ip/pfm_dynamic_logic_reset_op_0/synth/pfm_dynamic_logic_reset_op_0.v:57]
INFO: [Synth 8-6157] synthesizing module 'util_vector_logic_v2_0_1_util_vector_logic' [/home/xcarril/pqc_codesign/dilithium-update/ML-DSA/verification/xout/hw.2/.temps/link/vivado/vpl/prj/prj.gen/my_rm/bd/bd/ipshared/3f90/hdl/util_vector_logic_v2_0_vl_rfs.v:45]
INFO: [Synth 8-6155] done synthesizing module 'util_vector_logic_v2_0_1_util_vector_logic' (1#1) [/home/xcarril/pqc_codesign/dilithium-update/ML-DSA/verification/xout/hw.2/.temps/link/vivado/vpl/prj/prj.gen/my_rm/bd/bd/ipshared/3f90/hdl/util_vector_logic_v2_0_vl_rfs.v:45]
INFO: [Synth 8-6155] done synthesizing module 'pfm_dynamic_logic_reset_op_0' (2#1) [/home/xcarril/pqc_codesign/dilithium-update/ML-DSA/verification/xout/hw.2/.temps/link/vivado/vpl/prj/prj.gen/my_rm/bd/bd/ip/pfm_dynamic_logic_reset_op_0/synth/pfm_dynamic_logic_reset_op_0.v:57]
WARNING: [Synth 8-7129] Port Op2[0] in module util_vector_logic_v2_0_1_util_vector_logic is either unconnected or has no load
---------------------------------------------------------------------------------
Finished RTL Elaboration : Time (s): cpu = 00:00:05 ; elapsed = 00:00:12 . Memory (MB): peak = 3496.102 ; gain = 335.703 ; free physical = 54493 ; free virtual = 190580
---------------------------------------------------------------------------------
---------------------------------------------------------------------------------
Start Handling Custom Attributes
---------------------------------------------------------------------------------
---------------------------------------------------------------------------------
Finished Handling Custom Attributes : Time (s): cpu = 00:00:06 ; elapsed = 00:00:13 . Memory (MB): peak = 3513.914 ; gain = 353.516 ; free physical = 55650 ; free virtual = 191740
---------------------------------------------------------------------------------
---------------------------------------------------------------------------------
Finished RTL Optimization Phase 1 : Time (s): cpu = 00:00:06 ; elapsed = 00:00:13 . Memory (MB): peak = 3513.914 ; gain = 353.516 ; free physical = 55650 ; free virtual = 191740
---------------------------------------------------------------------------------
Netlist sorting complete. Time (s): cpu = 00:00:00 ; elapsed = 00:00:00 . Memory (MB): peak = 3513.914 ; gain = 0.000 ; free physical = 55584 ; free virtual = 191673
INFO: [Project 1-570] Preparing netlist for logic optimization

Processing XDC Constraints
Initializing timing engine
Parsing XDC File [/home/xcarril/pqc_codesign/dilithium-update/ML-DSA/verification/xout/hw.2/.temps/link/vivado/vpl/prj/prj.runs/pfm_dynamic_logic_reset_op_0_synth_1/dont_touch.xdc]
Finished Parsing XDC File [/home/xcarril/pqc_codesign/dilithium-update/ML-DSA/verification/xout/hw.2/.temps/link/vivado/vpl/prj/prj.runs/pfm_dynamic_logic_reset_op_0_synth_1/dont_touch.xdc]
Completed Processing XDC Constraints

Netlist sorting complete. Time (s): cpu = 00:00:00 ; elapsed = 00:00:00 . Memory (MB): peak = 3554.539 ; gain = 0.000 ; free physical = 57094 ; free virtual = 193210
INFO: [Project 1-111] Unisim Transformation Summary:
No Unisim elements were transformed.

Constraint Validation Runtime : Time (s): cpu = 00:00:00.01 ; elapsed = 00:00:00.03 . Memory (MB): peak = 3554.539 ; gain = 0.000 ; free physical = 57075 ; free virtual = 193191
---------------------------------------------------------------------------------
Finished Constraint Validation : Time (s): cpu = 00:00:12 ; elapsed = 00:00:31 . Memory (MB): peak = 3554.539 ; gain = 394.141 ; free physical = 58880 ; free virtual = 194563
---------------------------------------------------------------------------------
---------------------------------------------------------------------------------
Start Loading Part and Timing Information
---------------------------------------------------------------------------------
Loading part: xcu280-fsvh2892-2L-e
INFO: [Synth 8-6742] Reading net delay rules and data
---------------------------------------------------------------------------------
Finished Loading Part and Timing Information : Time (s): cpu = 00:00:12 ; elapsed = 00:00:31 . Memory (MB): peak = 3554.539 ; gain = 394.141 ; free physical = 58879 ; free virtual = 194562
---------------------------------------------------------------------------------
---------------------------------------------------------------------------------
Start Applying 'set_property' XDC Constraints
---------------------------------------------------------------------------------
Applied set_property KEEP_HIERARCHY = SOFT for inst. (constraint file  /home/xcarril/pqc_codesign/dilithium-update/ML-DSA/verification/xout/hw.2/.temps/link/vivado/vpl/prj/prj.runs/pfm_dynamic_logic_reset_op_0_synth_1/dont_touch.xdc, line 9).
---------------------------------------------------------------------------------
Finished applying 'set_property' XDC Constraints : Time (s): cpu = 00:00:12 ; elapsed = 00:00:31 . Memory (MB): peak = 3554.539 ; gain = 394.141 ; free physical = 58902 ; free virtual = 194542
---------------------------------------------------------------------------------
---------------------------------------------------------------------------------
Finished RTL Optimization Phase 2 : Time (s): cpu = 00:00:12 ; elapsed = 00:00:31 . Memory (MB): peak = 3554.539 ; gain = 394.141 ; free physical = 58691 ; free virtual = 194305
---------------------------------------------------------------------------------
---------------------------------------------------------------------------------
Start RTL Component Statistics 
---------------------------------------------------------------------------------
Detailed RTL Component Info : 
---------------------------------------------------------------------------------
Finished RTL Component Statistics 
---------------------------------------------------------------------------------
---------------------------------------------------------------------------------
Start Part Resource Summary
---------------------------------------------------------------------------------
Part Resources:
DSPs: 9024 (col length:94)
BRAMs: 4032 (col length: RAMB18 288 RAMB36 144)
---------------------------------------------------------------------------------
Finished Part Resource Summary
---------------------------------------------------------------------------------
---------------------------------------------------------------------------------
Start Cross Boundary and Area Optimization
---------------------------------------------------------------------------------
WARNING: [Synth 8-7080] Parallel synthesis criteria is not met
WARNING: [Synth 8-7129] Port Op2[0] in module util_vector_logic_v2_0_1_util_vector_logic is either unconnected or has no load
---------------------------------------------------------------------------------
Finished Cross Boundary and Area Optimization : Time (s): cpu = 00:00:14 ; elapsed = 00:00:35 . Memory (MB): peak = 3554.539 ; gain = 394.141 ; free physical = 56098 ; free virtual = 191680
---------------------------------------------------------------------------------
---------------------------------------------------------------------------------
Start Applying XDC Timing Constraints
---------------------------------------------------------------------------------
---------------------------------------------------------------------------------
Finished Applying XDC Timing Constraints : Time (s): cpu = 00:00:23 ; elapsed = 00:00:59 . Memory (MB): peak = 3933.836 ; gain = 773.438 ; free physical = 56170 ; free virtual = 191952
---------------------------------------------------------------------------------
---------------------------------------------------------------------------------
Start Timing Optimization
---------------------------------------------------------------------------------
---------------------------------------------------------------------------------
Finished Timing Optimization : Time (s): cpu = 00:00:23 ; elapsed = 00:00:59 . Memory (MB): peak = 3933.836 ; gain = 773.438 ; free physical = 56206 ; free virtual = 191988
---------------------------------------------------------------------------------
---------------------------------------------------------------------------------
Start Technology Mapping
---------------------------------------------------------------------------------
---------------------------------------------------------------------------------
Finished Technology Mapping : Time (s): cpu = 00:00:24 ; elapsed = 00:00:59 . Memory (MB): peak = 3952.867 ; gain = 792.469 ; free physical = 57220 ; free virtual = 193002
---------------------------------------------------------------------------------
---------------------------------------------------------------------------------
Start IO Insertion
---------------------------------------------------------------------------------
---------------------------------------------------------------------------------
Start Flattening Before IO Insertion
---------------------------------------------------------------------------------
---------------------------------------------------------------------------------
Finished Flattening Before IO Insertion
---------------------------------------------------------------------------------
---------------------------------------------------------------------------------
Start Final Netlist Cleanup
---------------------------------------------------------------------------------
---------------------------------------------------------------------------------
Finished Final Netlist Cleanup
---------------------------------------------------------------------------------
---------------------------------------------------------------------------------
Finished IO Insertion : Time (s): cpu = 00:00:28 ; elapsed = 00:01:08 . Memory (MB): peak = 3958.805 ; gain = 798.406 ; free physical = 58224 ; free virtual = 194124
---------------------------------------------------------------------------------
---------------------------------------------------------------------------------
Start Renaming Generated Instances
---------------------------------------------------------------------------------
---------------------------------------------------------------------------------
Finished Renaming Generated Instances : Time (s): cpu = 00:00:28 ; elapsed = 00:01:08 . Memory (MB): peak = 3958.805 ; gain = 798.406 ; free physical = 58224 ; free virtual = 194124
---------------------------------------------------------------------------------
---------------------------------------------------------------------------------
Start Rebuilding User Hierarchy
---------------------------------------------------------------------------------
---------------------------------------------------------------------------------
Finished Rebuilding User Hierarchy : Time (s): cpu = 00:00:28 ; elapsed = 00:01:08 . Memory (MB): peak = 3958.805 ; gain = 798.406 ; free physical = 58223 ; free virtual = 194123
---------------------------------------------------------------------------------
---------------------------------------------------------------------------------
Start Renaming Generated Ports
---------------------------------------------------------------------------------
---------------------------------------------------------------------------------
Finished Renaming Generated Ports : Time (s): cpu = 00:00:28 ; elapsed = 00:01:08 . Memory (MB): peak = 3958.805 ; gain = 798.406 ; free physical = 58222 ; free virtual = 194123
---------------------------------------------------------------------------------
---------------------------------------------------------------------------------
Start Handling Custom Attributes
---------------------------------------------------------------------------------
---------------------------------------------------------------------------------
Finished Handling Custom Attributes : Time (s): cpu = 00:00:28 ; elapsed = 00:01:08 . Memory (MB): peak = 3958.805 ; gain = 798.406 ; free physical = 58199 ; free virtual = 194099
---------------------------------------------------------------------------------
---------------------------------------------------------------------------------
Start Renaming Generated Nets
---------------------------------------------------------------------------------
---------------------------------------------------------------------------------
Finished Renaming Generated Nets : Time (s): cpu = 00:00:28 ; elapsed = 00:01:08 . Memory (MB): peak = 3958.805 ; gain = 798.406 ; free physical = 58198 ; free virtual = 194098
---------------------------------------------------------------------------------
---------------------------------------------------------------------------------
Start Writing Synthesis Report
---------------------------------------------------------------------------------

Report BlackBoxes: 
+-+--------------+----------+
| |BlackBox name |Instances |
+-+--------------+----------+
+-+--------------+----------+

Report Cell Usage: 
+------+-----+------+
|      |Cell |Count |
+------+-----+------+
|1     |LUT1 |     1|
+------+-----+------+
---------------------------------------------------------------------------------
Finished Writing Synthesis Report : Time (s): cpu = 00:00:28 ; elapsed = 00:01:08 . Memory (MB): peak = 3958.805 ; gain = 798.406 ; free physical = 58197 ; free virtual = 194098
---------------------------------------------------------------------------------
Synthesis finished with 0 errors, 0 critical warnings and 2 warnings.
Synthesis Optimization Runtime : Time (s): cpu = 00:00:26 ; elapsed = 00:01:03 . Memory (MB): peak = 3958.805 ; gain = 757.781 ; free physical = 58074 ; free virtual = 193976
Synthesis Optimization Complete : Time (s): cpu = 00:00:28 ; elapsed = 00:01:08 . Memory (MB): peak = 3958.812 ; gain = 798.406 ; free physical = 58073 ; free virtual = 193975
INFO: [Project 1-571] Translating synthesized netlist
Netlist sorting complete. Time (s): cpu = 00:00:00 ; elapsed = 00:00:00 . Memory (MB): peak = 3973.742 ; gain = 0.000 ; free physical = 57969 ; free virtual = 193889
INFO: [Project 1-570] Preparing netlist for logic optimization
INFO: [Opt 31-138] Pushed 0 inverter(s) to 0 load pin(s).
Netlist sorting complete. Time (s): cpu = 00:00:00 ; elapsed = 00:00:00 . Memory (MB): peak = 4033.969 ; gain = 0.000 ; free physical = 56606 ; free virtual = 192619
INFO: [Project 1-111] Unisim Transformation Summary:
No Unisim elements were transformed.

Synth Design complete, checksum: 2a19bc36
INFO: [Common 17-83] Releasing license: Synthesis
24 Infos, 3 Warnings, 0 Critical Warnings and 0 Errors encountered.
synth_design completed successfully
synth_design: Time (s): cpu = 00:00:43 ; elapsed = 00:01:26 . Memory (MB): peak = 4033.969 ; gain = 1345.930 ; free physical = 56274 ; free virtual = 192319
INFO: [Common 17-600] The following parameters have non-default value.
general.maxThreads
INFO: [Common 17-1381] The checkpoint '/home/xcarril/pqc_codesign/dilithium-update/ML-DSA/verification/xout/hw.2/.temps/link/vivado/vpl/prj/prj.runs/pfm_dynamic_logic_reset_op_0_synth_1/pfm_dynamic_logic_reset_op_0.dcp' has been generated.
INFO: [Common 17-1381] The checkpoint '/home/xcarril/pqc_codesign/dilithium-update/ML-DSA/verification/xout/hw.2/.temps/link/vivado/vpl/prj/prj.runs/pfm_dynamic_logic_reset_op_0_synth_1/pfm_dynamic_logic_reset_op_0.dcp' has been generated.
INFO: [runtcl-4] Executing : report_utilization -file pfm_dynamic_logic_reset_op_0_utilization_synth.rpt -pb pfm_dynamic_logic_reset_op_0_utilization_synth.pb
INFO: [Common 17-206] Exiting Vivado at Fri Sep 15 14:14:59 2023...
