
*** Running vivado
    with args -log pfm_dynamic_axi_vip_data_0.vds -m64 -product Vivado -mode batch -messageDb vivado.pb -notrace -source pfm_dynamic_axi_vip_data_0.tcl


****** Vivado v2021.2 (64-bit)
  **** SW Build 3367213 on Tue Oct 19 02:47:39 MDT 2021
  **** IP Build 3369179 on Thu Oct 21 08:25:16 MDT 2021
    ** Copyright 1986-2021 Xilinx, Inc. All Rights Reserved.

source pfm_dynamic_axi_vip_data_0.tcl -notrace
INFO: Dispatch client connection id - 39335
INFO: [IP_Flow 19-234] Refreshing IP repositories
INFO: [IP_Flow 19-1700] Loaded user IP repository '/home/xcarril/pqc_codesign/dilithium-update/ML-DSA/verification/xout/hw.2/.temps/link/int/xo/ip_repo/xilinx_com_hls_k_verify_0_0'.
INFO: [IP_Flow 19-1700] Loaded user IP repository '/home/xcarril/pqc_codesign/dilithium-update/ML-DSA/verification/xout/hw.2/.temps/link/vivado/vpl/.local/hw_platform/iprepo'.
INFO: [IP_Flow 19-1700] Loaded user IP repository '/opt/Xilinx/Vitis/2021.2/data/cache/xilinx'.
INFO: [IP_Flow 19-1700] Loaded user IP repository '/home/xcarril/pqc_codesign/dilithium-update/ML-DSA/verification/xout/hw.2/.temps/link/vivado/vpl/.local/hw_platform/ipcache'.
INFO: [IP_Flow 19-1700] Loaded user IP repository '/opt/Xilinx/Vitis/2021.2/data/ip'.
INFO: [IP_Flow 19-2313] Loaded Vivado IP repository '/opt/Xilinx/Vivado/2021.2/data/ip'.
Command: synth_design -top pfm_dynamic_axi_vip_data_0 -part xcu280-fsvh2892-2L-e -mode out_of_context
Starting synth_design
Attempting to get a license for feature 'Synthesis' and/or device 'xcu280'
INFO: [Common 17-349] Got license for feature 'Synthesis' and/or device 'xcu280'
INFO: [Device 21-403] Loading part xcu280-fsvh2892-2L-e
INFO: [Synth 8-7079] Multithreading enabled for synth_design using a maximum of 1 processes.
INFO: [Synth 8-7078] Launching helper process for spawning children vivado processes
INFO: [Synth 8-7075] Helper process launched with PID 3024060
---------------------------------------------------------------------------------
Starting RTL Elaboration : Time (s): cpu = 00:00:04 ; elapsed = 00:00:06 . Memory (MB): peak = 3446.164 ; gain = 285.766 ; free physical = 69990 ; free virtual = 201968
---------------------------------------------------------------------------------
INFO: [Synth 8-6157] synthesizing module 'pfm_dynamic_axi_vip_data_0' [/home/xcarril/pqc_codesign/dilithium-update/ML-DSA/verification/xout/hw.2/.temps/link/vivado/vpl/prj/prj.gen/my_rm/bd/bd/ip/pfm_dynamic_axi_vip_data_0/synth/pfm_dynamic_axi_vip_data_0.sv:58]
INFO: [Synth 8-6157] synthesizing module 'axi_vip_v1_1_11_top' [/home/xcarril/pqc_codesign/dilithium-update/ML-DSA/verification/xout/hw.2/.temps/link/vivado/vpl/prj/prj.gen/my_rm/bd/bd/ipshared/63b7/hdl/axi_vip_v1_1_vlsyn_rfs.sv:61]
INFO: [Synth 8-6155] done synthesizing module 'axi_vip_v1_1_11_top' (1#1) [/home/xcarril/pqc_codesign/dilithium-update/ML-DSA/verification/xout/hw.2/.temps/link/vivado/vpl/prj/prj.gen/my_rm/bd/bd/ipshared/63b7/hdl/axi_vip_v1_1_vlsyn_rfs.sv:61]
INFO: [Synth 8-6155] done synthesizing module 'pfm_dynamic_axi_vip_data_0' (2#1) [/home/xcarril/pqc_codesign/dilithium-update/ML-DSA/verification/xout/hw.2/.temps/link/vivado/vpl/prj/prj.gen/my_rm/bd/bd/ip/pfm_dynamic_axi_vip_data_0/synth/pfm_dynamic_axi_vip_data_0.sv:58]
WARNING: [Synth 8-7129] Port aclk in module axi_vip_v1_1_11_top is either unconnected or has no load
WARNING: [Synth 8-7129] Port aclken in module axi_vip_v1_1_11_top is either unconnected or has no load
WARNING: [Synth 8-7129] Port aresetn in module axi_vip_v1_1_11_top is either unconnected or has no load
---------------------------------------------------------------------------------
Finished RTL Elaboration : Time (s): cpu = 00:00:05 ; elapsed = 00:00:08 . Memory (MB): peak = 3497.102 ; gain = 336.703 ; free physical = 73830 ; free virtual = 205835
---------------------------------------------------------------------------------
---------------------------------------------------------------------------------
Start Handling Custom Attributes
---------------------------------------------------------------------------------
---------------------------------------------------------------------------------
Finished Handling Custom Attributes : Time (s): cpu = 00:00:06 ; elapsed = 00:00:09 . Memory (MB): peak = 3514.914 ; gain = 354.516 ; free physical = 73489 ; free virtual = 205499
---------------------------------------------------------------------------------
---------------------------------------------------------------------------------
Finished RTL Optimization Phase 1 : Time (s): cpu = 00:00:06 ; elapsed = 00:00:09 . Memory (MB): peak = 3514.914 ; gain = 354.516 ; free physical = 73489 ; free virtual = 205499
---------------------------------------------------------------------------------
Netlist sorting complete. Time (s): cpu = 00:00:00.01 ; elapsed = 00:00:00 . Memory (MB): peak = 3514.914 ; gain = 0.000 ; free physical = 73428 ; free virtual = 205438
INFO: [Project 1-570] Preparing netlist for logic optimization

Processing XDC Constraints
Initializing timing engine
Parsing XDC File [/home/xcarril/pqc_codesign/dilithium-update/ML-DSA/verification/xout/hw.2/.temps/link/vivado/vpl/prj/prj.gen/my_rm/bd/bd/ip/pfm_dynamic_axi_vip_data_0/pfm_dynamic_axi_vip_data_0_ooc.xdc] for cell 'inst'
Finished Parsing XDC File [/home/xcarril/pqc_codesign/dilithium-update/ML-DSA/verification/xout/hw.2/.temps/link/vivado/vpl/prj/prj.gen/my_rm/bd/bd/ip/pfm_dynamic_axi_vip_data_0/pfm_dynamic_axi_vip_data_0_ooc.xdc] for cell 'inst'
Parsing XDC File [/home/xcarril/pqc_codesign/dilithium-update/ML-DSA/verification/xout/hw.2/.temps/link/vivado/vpl/prj/prj.runs/pfm_dynamic_axi_vip_data_0_synth_1/dont_touch.xdc]
Finished Parsing XDC File [/home/xcarril/pqc_codesign/dilithium-update/ML-DSA/verification/xout/hw.2/.temps/link/vivado/vpl/prj/prj.runs/pfm_dynamic_axi_vip_data_0_synth_1/dont_touch.xdc]
Completed Processing XDC Constraints

Netlist sorting complete. Time (s): cpu = 00:00:00 ; elapsed = 00:00:00 . Memory (MB): peak = 3556.539 ; gain = 0.000 ; free physical = 73970 ; free virtual = 205978
INFO: [Project 1-111] Unisim Transformation Summary:
No Unisim elements were transformed.

Constraint Validation Runtime : Time (s): cpu = 00:00:00.05 ; elapsed = 00:00:00.06 . Memory (MB): peak = 3556.539 ; gain = 0.000 ; free physical = 74024 ; free virtual = 206032
---------------------------------------------------------------------------------
Finished Constraint Validation : Time (s): cpu = 00:00:16 ; elapsed = 00:00:20 . Memory (MB): peak = 3556.539 ; gain = 396.141 ; free physical = 73778 ; free virtual = 205918
---------------------------------------------------------------------------------
---------------------------------------------------------------------------------
Start Loading Part and Timing Information
---------------------------------------------------------------------------------
Loading part: xcu280-fsvh2892-2L-e
INFO: [Synth 8-6742] Reading net delay rules and data
---------------------------------------------------------------------------------
Finished Loading Part and Timing Information : Time (s): cpu = 00:00:16 ; elapsed = 00:00:20 . Memory (MB): peak = 3556.539 ; gain = 396.141 ; free physical = 73778 ; free virtual = 205918
---------------------------------------------------------------------------------
---------------------------------------------------------------------------------
Start Applying 'set_property' XDC Constraints
---------------------------------------------------------------------------------
Applied set_property KEEP_HIERARCHY = SOFT for inst. (constraint file  /home/xcarril/pqc_codesign/dilithium-update/ML-DSA/verification/xout/hw.2/.temps/link/vivado/vpl/prj/prj.runs/pfm_dynamic_axi_vip_data_0_synth_1/dont_touch.xdc, line 9).
---------------------------------------------------------------------------------
Finished applying 'set_property' XDC Constraints : Time (s): cpu = 00:00:17 ; elapsed = 00:00:20 . Memory (MB): peak = 3556.539 ; gain = 396.141 ; free physical = 73777 ; free virtual = 205917
---------------------------------------------------------------------------------
---------------------------------------------------------------------------------
Finished RTL Optimization Phase 2 : Time (s): cpu = 00:00:17 ; elapsed = 00:00:20 . Memory (MB): peak = 3556.539 ; gain = 396.141 ; free physical = 73776 ; free virtual = 205919
---------------------------------------------------------------------------------
---------------------------------------------------------------------------------
Start RTL Component Statistics 
---------------------------------------------------------------------------------
Detailed RTL Component Info : 
---------------------------------------------------------------------------------
Finished RTL Component Statistics 
---------------------------------------------------------------------------------
---------------------------------------------------------------------------------
Start Part Resource Summary
---------------------------------------------------------------------------------
Part Resources:
DSPs: 9024 (col length:94)
BRAMs: 4032 (col length: RAMB18 288 RAMB36 144)
---------------------------------------------------------------------------------
Finished Part Resource Summary
---------------------------------------------------------------------------------
---------------------------------------------------------------------------------
Start Cross Boundary and Area Optimization
---------------------------------------------------------------------------------
WARNING: [Synth 8-7080] Parallel synthesis criteria is not met
WARNING: [Synth 8-7129] Port aclk in module axi_vip_v1_1_11_top is either unconnected or has no load
WARNING: [Synth 8-7129] Port aclken in module axi_vip_v1_1_11_top is either unconnected or has no load
WARNING: [Synth 8-7129] Port aresetn in module axi_vip_v1_1_11_top is either unconnected or has no load
---------------------------------------------------------------------------------
Finished Cross Boundary and Area Optimization : Time (s): cpu = 00:00:18 ; elapsed = 00:00:22 . Memory (MB): peak = 3556.539 ; gain = 396.141 ; free physical = 73622 ; free virtual = 205781
---------------------------------------------------------------------------------
---------------------------------------------------------------------------------
Start Applying XDC Timing Constraints
---------------------------------------------------------------------------------
---------------------------------------------------------------------------------
Finished Applying XDC Timing Constraints : Time (s): cpu = 00:00:28 ; elapsed = 00:00:33 . Memory (MB): peak = 3922.805 ; gain = 762.406 ; free physical = 70766 ; free virtual = 203001
---------------------------------------------------------------------------------
---------------------------------------------------------------------------------
Start Timing Optimization
---------------------------------------------------------------------------------
---------------------------------------------------------------------------------
Finished Timing Optimization : Time (s): cpu = 00:00:28 ; elapsed = 00:00:33 . Memory (MB): peak = 3923.805 ; gain = 763.406 ; free physical = 70758 ; free virtual = 202993
---------------------------------------------------------------------------------
---------------------------------------------------------------------------------
Start Technology Mapping
---------------------------------------------------------------------------------
---------------------------------------------------------------------------------
Finished Technology Mapping : Time (s): cpu = 00:00:28 ; elapsed = 00:00:33 . Memory (MB): peak = 3942.836 ; gain = 782.438 ; free physical = 70746 ; free virtual = 202982
---------------------------------------------------------------------------------
---------------------------------------------------------------------------------
Start IO Insertion
---------------------------------------------------------------------------------
---------------------------------------------------------------------------------
Start Flattening Before IO Insertion
---------------------------------------------------------------------------------
---------------------------------------------------------------------------------
Finished Flattening Before IO Insertion
---------------------------------------------------------------------------------
---------------------------------------------------------------------------------
Start Final Netlist Cleanup
---------------------------------------------------------------------------------
---------------------------------------------------------------------------------
Finished Final Netlist Cleanup
---------------------------------------------------------------------------------
---------------------------------------------------------------------------------
Finished IO Insertion : Time (s): cpu = 00:00:32 ; elapsed = 00:00:37 . Memory (MB): peak = 3948.773 ; gain = 788.375 ; free physical = 70929 ; free virtual = 203191
---------------------------------------------------------------------------------
---------------------------------------------------------------------------------
Start Renaming Generated Instances
---------------------------------------------------------------------------------
---------------------------------------------------------------------------------
Finished Renaming Generated Instances : Time (s): cpu = 00:00:32 ; elapsed = 00:00:37 . Memory (MB): peak = 3948.773 ; gain = 788.375 ; free physical = 70930 ; free virtual = 203192
---------------------------------------------------------------------------------
---------------------------------------------------------------------------------
Start Rebuilding User Hierarchy
---------------------------------------------------------------------------------
---------------------------------------------------------------------------------
Finished Rebuilding User Hierarchy : Time (s): cpu = 00:00:32 ; elapsed = 00:00:37 . Memory (MB): peak = 3948.773 ; gain = 788.375 ; free physical = 70939 ; free virtual = 203201
---------------------------------------------------------------------------------
---------------------------------------------------------------------------------
Start Renaming Generated Ports
---------------------------------------------------------------------------------
---------------------------------------------------------------------------------
Finished Renaming Generated Ports : Time (s): cpu = 00:00:32 ; elapsed = 00:00:37 . Memory (MB): peak = 3948.773 ; gain = 788.375 ; free physical = 70938 ; free virtual = 203200
---------------------------------------------------------------------------------
---------------------------------------------------------------------------------
Start Handling Custom Attributes
---------------------------------------------------------------------------------
---------------------------------------------------------------------------------
Finished Handling Custom Attributes : Time (s): cpu = 00:00:32 ; elapsed = 00:00:37 . Memory (MB): peak = 3948.773 ; gain = 788.375 ; free physical = 70937 ; free virtual = 203199
---------------------------------------------------------------------------------
---------------------------------------------------------------------------------
Start Renaming Generated Nets
---------------------------------------------------------------------------------
---------------------------------------------------------------------------------
Finished Renaming Generated Nets : Time (s): cpu = 00:00:32 ; elapsed = 00:00:37 . Memory (MB): peak = 3948.773 ; gain = 788.375 ; free physical = 70933 ; free virtual = 203195
---------------------------------------------------------------------------------
---------------------------------------------------------------------------------
Start Writing Synthesis Report
---------------------------------------------------------------------------------

Report BlackBoxes: 
+-+--------------+----------+
| |BlackBox name |Instances |
+-+--------------+----------+
+-+--------------+----------+

Report Cell Usage: 
+-+-----+------+
| |Cell |Count |
+-+-----+------+
+-+-----+------+
---------------------------------------------------------------------------------
Finished Writing Synthesis Report : Time (s): cpu = 00:00:32 ; elapsed = 00:00:37 . Memory (MB): peak = 3948.773 ; gain = 788.375 ; free physical = 70931 ; free virtual = 203193
---------------------------------------------------------------------------------
Synthesis finished with 0 errors, 0 critical warnings and 4 warnings.
Synthesis Optimization Runtime : Time (s): cpu = 00:00:25 ; elapsed = 00:00:30 . Memory (MB): peak = 3948.773 ; gain = 746.750 ; free physical = 70937 ; free virtual = 203199
Synthesis Optimization Complete : Time (s): cpu = 00:00:32 ; elapsed = 00:00:37 . Memory (MB): peak = 3948.781 ; gain = 788.375 ; free physical = 71006 ; free virtual = 203269
INFO: [Project 1-571] Translating synthesized netlist
Netlist sorting complete. Time (s): cpu = 00:00:00.01 ; elapsed = 00:00:00.01 . Memory (MB): peak = 3948.781 ; gain = 0.000 ; free physical = 71091 ; free virtual = 203353
INFO: [Project 1-570] Preparing netlist for logic optimization
INFO: [Opt 31-138] Pushed 0 inverter(s) to 0 load pin(s).
Netlist sorting complete. Time (s): cpu = 00:00:00 ; elapsed = 00:00:00 . Memory (MB): peak = 4030.062 ; gain = 0.000 ; free physical = 71375 ; free virtual = 203623
INFO: [Project 1-111] Unisim Transformation Summary:
No Unisim elements were transformed.

Synth Design complete, checksum: 8fb49029
INFO: [Common 17-83] Releasing license: Synthesis
24 Infos, 7 Warnings, 0 Critical Warnings and 0 Errors encountered.
synth_design completed successfully
synth_design: Time (s): cpu = 00:00:47 ; elapsed = 00:00:50 . Memory (MB): peak = 4042.031 ; gain = 1353.992 ; free physical = 72005 ; free virtual = 204252
INFO: [Common 17-600] The following parameters have non-default value.
general.maxThreads
INFO: [Common 17-1381] The checkpoint '/home/xcarril/pqc_codesign/dilithium-update/ML-DSA/verification/xout/hw.2/.temps/link/vivado/vpl/prj/prj.runs/pfm_dynamic_axi_vip_data_0_synth_1/pfm_dynamic_axi_vip_data_0.dcp' has been generated.
INFO: [Coretcl 2-1648] Added synthesis output to IP cache for IP pfm_dynamic_axi_vip_data_0, cache-ID = 8aa8fe123eb3f649
INFO: [Common 17-1381] The checkpoint '/home/xcarril/pqc_codesign/dilithium-update/ML-DSA/verification/xout/hw.2/.temps/link/vivado/vpl/prj/prj.runs/pfm_dynamic_axi_vip_data_0_synth_1/pfm_dynamic_axi_vip_data_0.dcp' has been generated.
INFO: [runtcl-4] Executing : report_utilization -file pfm_dynamic_axi_vip_data_0_utilization_synth.rpt -pb pfm_dynamic_axi_vip_data_0_utilization_synth.pb
INFO: [Common 17-206] Exiting Vivado at Fri Sep 15 14:07:14 2023...
