Copyright 1986-2021 Xilinx, Inc. All Rights Reserved.
------------------------------------------------------------------------------------------
| Tool Version : Vivado v.2021.2 (lin64) Build 3367213 Tue Oct 19 02:47:39 MDT 2021
| Date         : Tue Nov 22 15:21:05 2022
| Host         : nanu running 64-bit Ubuntu 20.04.1 LTS
| Command      : report_utilization -slr -file slr_util_placed.rpt -pb slr_util_placed.pb
| Design       : pfm_top_wrapper
| Device       : xcu280-fsvh2892-2L-e
| Speed File   : -2L
| Design State : Fully Placed
------------------------------------------------------------------------------------------

Utilization Design Information

Table of Contents
-----------------
1. SLR Connectivity
2. SLR Connectivity Matrix
3. SLR CLB Logic and Dedicated Block Utilization
4. SLR IO Utilization

1. SLR Connectivity
-------------------

+----------------------------------+------+-------+-----------+-------+
|                                  | Used | Fixed | Available | Util% |
+----------------------------------+------+-------+-----------+-------+
| SLR2 <-> SLR1                    | 3959 |       |     23040 | 17.18 |
|   SLR1 -> SLR2                   | 2088 |       |           |  9.06 |
|     Using TX_REG only            |    1 |     1 |           |       |
|     Using RX_REG only            |   18 |    18 |           |       |
|     Using Both TX_REG and RX_REG |  267 |     1 |           |       |
|   SLR2 -> SLR1                   | 1871 |       |           |  8.12 |
|     Using TX_REG only            |    0 |     0 |           |       |
|     Using RX_REG only            |    4 |     4 |           |       |
|     Using Both TX_REG and RX_REG |  407 |     0 |           |       |
| SLR1 <-> SLR0                    | 2551 |       |     23040 | 11.07 |
|   SLR0 -> SLR1                   | 1137 |       |           |  4.93 |
|     Using TX_REG only            |   71 |    71 |           |       |
|     Using RX_REG only            |   61 |    61 |           |       |
|     Using Both TX_REG and RX_REG |  355 |    55 |           |       |
|   SLR1 -> SLR0                   | 1414 |       |           |  6.14 |
|     Using TX_REG only            |   62 |    62 |           |       |
|     Using RX_REG only            |   72 |    71 |           |       |
|     Using Both TX_REG and RX_REG |  439 |    60 |           |       |
+----------------------------------+------+-------+-----------+-------+
| Total SLLs Used                  | 6510 |       |           |       |
+----------------------------------+------+-------+-----------+-------+


2. SLR Connectivity Matrix
--------------------------

+-----------+------+------+------+
| FROM \ TO | SLR2 | SLR1 | SLR0 |
+-----------+------+------+------+
| SLR2      |    0 | 1736 |  135 |
| SLR1      | 1988 |    0 | 1279 |
| SLR0      |  100 | 1037 |    0 |
+-----------+------+------+------+


3. SLR CLB Logic and Dedicated Block Utilization
------------------------------------------------

+----------------------------+--------+-------+-------+--------+--------+--------+
|          Site Type         |  SLR0  |  SLR1 |  SLR2 | SLR0 % | SLR1 % | SLR2 % |
+----------------------------+--------+-------+-------+--------+--------+--------+
| CLB                        |  31942 |  6843 |  7944 |  58.12 |  12.67 |  14.71 |
|   CLBL                     |  16981 |  3444 |  4041 |  58.00 |  11.76 |  13.80 |
|   CLBM                     |  14961 |  3399 |  3903 |  58.26 |  13.75 |  15.79 |
| CLB LUTs                   | 150067 | 48295 | 35210 |  34.13 |  11.18 |   8.15 |
|   LUT as Logic             | 121048 | 44258 | 32237 |  27.53 |  10.24 |   7.46 |
|     using O5 output only   |   1277 |   294 |  1006 |   0.29 |   0.07 |   0.23 |
|     using O6 output only   |  92826 | 34697 | 19417 |  21.11 |   8.03 |   4.49 |
|     using O5 and O6        |  26945 |  9267 | 11814 |   6.13 |   2.15 |   2.73 |
|   LUT as Memory            |  29019 |  4037 |  2973 |  14.13 |   2.04 |   1.50 |
|     LUT as Distributed RAM |  25674 |  3837 |  1660 |  12.50 |   1.94 |   0.84 |
|       using O5 output only |      0 |     0 |     0 |   0.00 |   0.00 |   0.00 |
|       using O6 output only |  22978 |   215 |    84 |  11.18 |   0.11 |   0.04 |
|       using O5 and O6      |   2696 |  3622 |  1576 |   1.31 |   1.83 |   0.80 |
|     LUT as Shift Register  |   3345 |   200 |  1313 |   1.63 |   0.10 |   0.66 |
|       using O5 output only |      0 |     0 |     0 |   0.00 |   0.00 |   0.00 |
|       using O6 output only |   2269 |   200 |  1183 |   1.10 |   0.10 |   0.60 |
|       using O5 and O6      |   1076 |     0 |   130 |   0.52 |   0.00 |   0.07 |
| CLB Registers              | 198882 | 47318 | 60374 |  22.62 |   5.48 |   6.99 |
| CARRY8                     |   4340 |   480 |   313 |   7.90 |   0.89 |   0.58 |
| F7 Muxes                   |   2888 |   651 |  1054 |   1.31 |   0.30 |   0.49 |
| F8 Muxes                   |    684 |   141 |    47 |   0.62 |   0.13 |   0.04 |
| F9 Muxes                   |      2 |     0 |     0 |  <0.01 |   0.00 |   0.00 |
| Block RAM Tile             |    180 |  82.5 |    94 |  26.79 |  12.28 |  13.99 |
|   RAMB36/FIFO              |    131 |    82 |    92 |  19.49 |  12.20 |  13.69 |
|     RAMB36E2 only          |    131 |    82 |    92 |  19.49 |  12.20 |  13.69 |
|   RAMB18                   |     98 |     1 |     4 |   7.29 |   0.07 |   0.30 |
|     RAMB18E2 only          |     98 |     1 |     4 |   7.29 |   0.07 |   0.30 |
| URAM                       |     35 |     0 |     0 |  10.94 |   0.00 |   0.00 |
| DSPs                       |    484 |     0 |     4 |  16.81 |   0.00 |   0.13 |
| Unique Control Sets        |   5896 |  1531 |  2718 |   5.36 |   1.42 |   2.52 |
+----------------------------+--------+-------+-------+--------+--------+--------+
* Note: Available Control Sets based on CLB Registers / 8


4. SLR IO Utilization
---------------------

+-----------+-----------+---------+------------+----------+------------+----------+-----+
| SLR Index | Used IOBs | (%)IOBs | Used IPADs | (%)IPADs | Used OPADs | (%)OPADs | GTs |
+-----------+-----------+---------+------------+----------+------------+----------+-----+
| SLR2      |        18 |    8.65 |          0 |     0.00 |          0 |     0.00 |   0 |
| SLR1      |         0 |    0.00 |          0 |     0.00 |          0 |     0.00 |   0 |
| SLR0      |         1 |    0.48 |          0 |     0.00 |          0 |     0.00 |  16 |
+-----------+-----------+---------+------------+----------+------------+----------+-----+
| Total     |        19 |         |          0 |          |          0 |          |  16 |
+-----------+-----------+---------+------------+----------+------------+----------+-----+


