Copyright 1986-2021 Xilinx, Inc. All Rights Reserved.
----------------------------------------------------------------------------------------------------------------------------------------------------------------------------------------
| Tool Version : Vivado v.2021.2 (lin64) Build 3367213 Tue Oct 19 02:47:39 MDT 2021
| Date         : Fri Sep 15 14:14:52 2023
| Host         : picu running 64-bit Ubuntu 20.04.1 LTS
| Command      : report_accelerator_utilization -kernels { k_kem_enc:pfm_top_i/dynamic_region/k_kem_enc_1/inst:k_kem_enc_1} -file kernel_util_routed.rpt -name kernel_util_routed -json
| Design       : pfm_top_wrapper
| Device       : xcu280
| Design State : Routed
----------------------------------------------------------------------------------------------------------------------------------------------------------------------------------------

Accelerator Utilization Design Information

Table of Contents
-----------------
1. System Utilization

1. System Utilization
---------------------

+---------------------+-------------------+------------------+-------------------+----------------+---------------+----------------+
| Name                | LUT               | LUTAsMem         | REG               | BRAM           | URAM          | DSP            |
+---------------------+-------------------+------------------+-------------------+----------------+---------------+----------------+
| Platform            |  105306 [  8.08%] |  10536 [  1.75%] |  154520 [  5.93%] |  202 [ 10.02%] |   0 [  0.00%] |    4 [  0.04%] |
| User Budget         | 1197414 [100.00%] | 589944 [100.00%] | 2452840 [100.00%] | 1814 [100.00%] | 960 [100.00%] | 9020 [100.00%] |
|    Used Resources   |   52250 [  4.36%] |   6829 [  1.16%] |   59354 [  2.42%] |   24 [  1.32%] |   0 [  0.00%] |  121 [  1.34%] |
|    Unused Resources | 1145164 [ 95.64%] | 583115 [ 98.84%] | 2393486 [ 97.58%] | 1790 [ 98.68%] | 960 [100.00%] | 8899 [ 98.66%] |
| k_kem_enc           |   52250 [  4.36%] |   6829 [  1.16%] |   59354 [  2.42%] |   24 [  1.32%] |   0 [  0.00%] |  121 [  1.34%] |
|    k_kem_enc_1      |   52250 [  4.36%] |   6829 [  1.16%] |   59354 [  2.42%] |   24 [  1.32%] |   0 [  0.00%] |  121 [  1.34%] |
+---------------------+-------------------+------------------+-------------------+----------------+---------------+----------------+


