Copyright 1986-2021 Xilinx, Inc. All Rights Reserved.
------------------------------------------------------------------------------------------
| Tool Version : Vivado v.2021.2 (lin64) Build 3367213 Tue Oct 19 02:47:39 MDT 2021
| Date         : Fri Sep 15 12:04:38 2023
| Host         : picu running 64-bit Ubuntu 20.04.1 LTS
| Command      : report_utilization -slr -file slr_util_placed.rpt -pb slr_util_placed.pb
| Design       : pfm_top_wrapper
| Device       : xcu280-fsvh2892-2L-e
| Speed File   : -2L
| Design State : Fully Placed
------------------------------------------------------------------------------------------

Utilization Design Information

Table of Contents
-----------------
1. SLR Connectivity
2. SLR Connectivity Matrix
3. SLR CLB Logic and Dedicated Block Utilization
4. SLR IO Utilization

1. SLR Connectivity
-------------------

+----------------------------------+------+-------+-----------+-------+
|                                  | Used | Fixed | Available | Util% |
+----------------------------------+------+-------+-----------+-------+
| SLR2 <-> SLR1                    | 3951 |       |     23040 | 17.15 |
|   SLR1 -> SLR2                   | 2081 |       |           |  9.03 |
|     Using TX_REG only            |    1 |     1 |           |       |
|     Using RX_REG only            |   18 |    18 |           |       |
|     Using Both TX_REG and RX_REG |  287 |     1 |           |       |
|   SLR2 -> SLR1                   | 1870 |       |           |  8.12 |
|     Using TX_REG only            |    0 |     0 |           |       |
|     Using RX_REG only            |    4 |     4 |           |       |
|     Using Both TX_REG and RX_REG |  407 |     0 |           |       |
| SLR1 <-> SLR0                    | 2527 |       |     23040 | 10.97 |
|   SLR0 -> SLR1                   | 1135 |       |           |  4.93 |
|     Using TX_REG only            |   71 |    71 |           |       |
|     Using RX_REG only            |   61 |    61 |           |       |
|     Using Both TX_REG and RX_REG |  355 |    55 |           |       |
|   SLR1 -> SLR0                   | 1392 |       |           |  6.04 |
|     Using TX_REG only            |   62 |    62 |           |       |
|     Using RX_REG only            |   72 |    71 |           |       |
|     Using Both TX_REG and RX_REG |  439 |    60 |           |       |
+----------------------------------+------+-------+-----------+-------+
| Total SLLs Used                  | 6478 |       |           |       |
+----------------------------------+------+-------+-----------+-------+


2. SLR Connectivity Matrix
--------------------------

+-----------+------+------+------+
| FROM \ TO | SLR2 | SLR1 | SLR0 |
+-----------+------+------+------+
| SLR2      |    0 | 1678 |  192 |
| SLR1      | 1939 |    0 | 1200 |
| SLR0      |  142 |  993 |    0 |
+-----------+------+------+------+


3. SLR CLB Logic and Dedicated Block Utilization
------------------------------------------------

+----------------------------+--------+-------+-------+--------+--------+--------+
|          Site Type         |  SLR0  |  SLR1 |  SLR2 | SLR0 % | SLR1 % | SLR2 % |
+----------------------------+--------+-------+-------+--------+--------+--------+
| CLB                        |  16649 |  7614 |  8270 |  30.29 |  14.10 |  15.31 |
|   CLBL                     |   8575 |  3804 |  4307 |  29.29 |  12.99 |  14.71 |
|   CLBM                     |   8074 |  3810 |  3963 |  31.44 |  15.41 |  16.03 |
| CLB LUTs                   |  74838 | 47530 | 35425 |  17.02 |  11.00 |   8.20 |
|   LUT as Logic             |  64484 | 43592 | 32353 |  14.67 |  10.09 |   7.49 |
|     using O5 output only   |    852 |   286 |  1009 |   0.19 |   0.07 |   0.23 |
|     using O6 output only   |  43607 | 34194 | 19539 |   9.92 |   7.92 |   4.52 |
|     using O5 and O6        |  20025 |  9112 | 11805 |   4.55 |   2.11 |   2.73 |
|   LUT as Memory            |  10354 |  3938 |  3072 |   5.04 |   1.99 |   1.55 |
|     LUT as Distributed RAM |   6712 |  3837 |  1660 |   3.27 |   1.94 |   0.84 |
|       using O5 output only |      0 |     0 |     0 |   0.00 |   0.00 |   0.00 |
|       using O6 output only |   4880 |   215 |    84 |   2.38 |   0.11 |   0.04 |
|       using O5 and O6      |   1832 |  3622 |  1576 |   0.89 |   1.83 |   0.80 |
|     LUT as Shift Register  |   3642 |   101 |  1412 |   1.77 |   0.05 |   0.71 |
|       using O5 output only |      0 |     0 |     0 |   0.00 |   0.00 |   0.00 |
|       using O6 output only |   2310 |   101 |  1282 |   1.12 |   0.05 |   0.65 |
|       using O5 and O6      |   1332 |     0 |   130 |   0.65 |   0.00 |   0.07 |
| CLB Registers              | 106928 | 46205 | 60816 |  12.16 |   5.35 |   7.04 |
| CARRY8                     |   1237 |   473 |   313 |   2.25 |   0.88 |   0.58 |
| F7 Muxes                   |   2514 |   651 |  1054 |   1.14 |   0.30 |   0.49 |
| F8 Muxes                   |    330 |   141 |    47 |   0.30 |   0.13 |   0.04 |
| F9 Muxes                   |      0 |     0 |     0 |   0.00 |   0.00 |   0.00 |
| Block RAM Tile             |   57.5 |  80.5 |    94 |   8.56 |  11.98 |  13.99 |
|   RAMB36/FIFO              |     45 |    80 |    92 |   6.70 |  11.90 |  13.69 |
|     RAMB36E2 only          |     45 |    80 |    92 |   6.70 |  11.90 |  13.69 |
|   RAMB18                   |     25 |     1 |     4 |   1.86 |   0.07 |   0.30 |
|     RAMB18E2 only          |     25 |     1 |     4 |   1.86 |   0.07 |   0.30 |
| URAM                       |      0 |     0 |     0 |   0.00 |   0.00 |   0.00 |
| DSPs                       |    153 |     0 |     4 |   5.31 |   0.00 |   0.13 |
| Unique Control Sets        |   3197 |  1497 |  2724 |   2.91 |   1.39 |   2.52 |
+----------------------------+--------+-------+-------+--------+--------+--------+
* Note: Available Control Sets based on CLB Registers / 8


4. SLR IO Utilization
---------------------

+-----------+-----------+---------+------------+----------+------------+----------+-----+
| SLR Index | Used IOBs | (%)IOBs | Used IPADs | (%)IPADs | Used OPADs | (%)OPADs | GTs |
+-----------+-----------+---------+------------+----------+------------+----------+-----+
| SLR2      |        18 |    8.65 |          0 |     0.00 |          0 |     0.00 |   0 |
| SLR1      |         0 |    0.00 |          0 |     0.00 |          0 |     0.00 |   0 |
| SLR0      |         1 |    0.48 |          0 |     0.00 |          0 |     0.00 |  16 |
+-----------+-----------+---------+------------+----------+------------+----------+-----+
| Total     |        19 |         |          0 |          |          0 |          |  16 |
+-----------+-----------+---------+------------+----------+------------+----------+-----+


