Copyright 1986-2021 Xilinx, Inc. All Rights Reserved.
----------------------------------------------------------------------------------------------------------------------------------------------------------------------------------------
| Tool Version : Vivado v.2021.2 (lin64) Build 3367213 Tue Oct 19 02:47:39 MDT 2021
| Date         : Fri Sep 15 12:04:18 2023
| Host         : picu running 64-bit Ubuntu 20.04.1 LTS
| Command      : report_accelerator_utilization -kernels { k_kem_enc:pfm_top_i/dynamic_region/k_kem_enc_1/inst:k_kem_enc_1} -file kernel_util_placed.rpt -name kernel_util_placed -json
| Design       : pfm_top_wrapper
| Device       : xcu280
| Design State : Fully Placed
----------------------------------------------------------------------------------------------------------------------------------------------------------------------------------------

Accelerator Utilization Design Information

Table of Contents
-----------------
1. System Utilization

1. System Utilization
---------------------

+---------------------+-------------------+------------------+-------------------+----------------+---------------+----------------+
| Name                | LUT               | LUTAsMem         | REG               | BRAM           | URAM          | DSP            |
+---------------------+-------------------+------------------+-------------------+----------------+---------------+----------------+
| Platform            |  105298 [  8.08%] |  10536 [  1.75%] |  154519 [  5.93%] |  202 [ 10.02%] |   0 [  0.00%] |    4 [  0.04%] |
| User Budget         | 1197422 [100.00%] | 589944 [100.00%] | 2452841 [100.00%] | 1814 [100.00%] | 960 [100.00%] | 9020 [100.00%] |
|    Used Resources   |   52495 [  4.38%] |   6828 [  1.16%] |   59430 [  2.42%] |   30 [  1.65%] |   0 [  0.00%] |  153 [  1.70%] |
|    Unused Resources | 1144927 [ 95.62%] | 583116 [ 98.84%] | 2393411 [ 97.58%] | 1784 [ 98.35%] | 960 [100.00%] | 8867 [ 98.30%] |
| k_kem_enc           |   52495 [  4.38%] |   6828 [  1.16%] |   59430 [  2.42%] |   30 [  1.65%] |   0 [  0.00%] |  153 [  1.70%] |
|    k_kem_enc_1      |   52495 [  4.38%] |   6828 [  1.16%] |   59430 [  2.42%] |   30 [  1.65%] |   0 [  0.00%] |  153 [  1.70%] |
+---------------------+-------------------+------------------+-------------------+----------------+---------------+----------------+


