Copyright 1986-2021 Xilinx, Inc. All Rights Reserved.
----------------------------------------------------------------------------------------------------------------------------------------------------------------------------------------
| Tool Version : Vivado v.2021.2 (lin64) Build 3367213 Tue Oct 19 02:47:39 MDT 2021
| Date         : Wed Oct  5 12:06:24 2022
| Host         : femu running 64-bit Ubuntu 20.04.1 LTS
| Command      : report_accelerator_utilization -kernels { k_kem_enc:pfm_top_i/dynamic_region/k_kem_enc_1/inst:k_kem_enc_1} -file kernel_util_routed.rpt -name kernel_util_routed -json
| Design       : pfm_top_wrapper
| Device       : xcu280
| Design State : Routed
----------------------------------------------------------------------------------------------------------------------------------------------------------------------------------------

Accelerator Utilization Design Information

Table of Contents
-----------------
1. System Utilization

1. System Utilization
---------------------

+---------------------+-------------------+------------------+-------------------+----------------+---------------+----------------+
| Name                | LUT               | LUTAsMem         | REG               | BRAM           | URAM          | DSP            |
+---------------------+-------------------+------------------+-------------------+----------------+---------------+----------------+
| Platform            |  105307 [  8.08%] |  10536 [  1.75%] |  154520 [  5.93%] |  202 [ 10.02%] |   0 [  0.00%] |    4 [  0.04%] |
| User Budget         | 1197413 [100.00%] | 589944 [100.00%] | 2452840 [100.00%] | 1814 [100.00%] | 960 [100.00%] | 9020 [100.00%] |
|    Used Resources   |   70303 [  5.87%] |   7565 [  1.28%] |   81558 [  3.33%] |   18 [  0.99%] |   0 [  0.00%] |  121 [  1.34%] |
|    Unused Resources | 1127110 [ 94.13%] | 582379 [ 98.72%] | 2371282 [ 96.67%] | 1796 [ 99.01%] | 960 [100.00%] | 8899 [ 98.66%] |
| k_kem_enc           |   70303 [  5.87%] |   7565 [  1.28%] |   81558 [  3.33%] |   18 [  0.99%] |   0 [  0.00%] |  121 [  1.34%] |
|    k_kem_enc_1      |   70303 [  5.87%] |   7565 [  1.28%] |   81558 [  3.33%] |   18 [  0.99%] |   0 [  0.00%] |  121 [  1.34%] |
+---------------------+-------------------+------------------+-------------------+----------------+---------------+----------------+


